<?xml version="1.0" encoding="UTF-8"?>
<testsuite xmlns:xsi="http://www.w3.org/2001/XMLSchema-instance" xsi:noNamespaceSchemaLocation="https://maven.apache.org/surefire/maven-surefire-plugin/xsd/surefire-test-report-3.0.xsd" version="3.0" name="TestSuite" time="1086.239" tests="7" errors="0" skipped="0" failures="5">
  <properties>
    <property name="gopherProxySet" value="false"/>
    <property name="awt.toolkit" value="sun.lwawt.macosx.LWCToolkit"/>
    <property name="java.specification.version" value="11"/>
    <property name="webdriver.chrome.driver" value="/Users/kanthreddy/.cache/selenium/chromedriver/mac-arm64/116.0.5845.96/chromedriver"/>
    <property name="sun.cpu.isalist" value=""/>
    <property name="sun.jnu.encoding" value="UTF-8"/>
    <property name="sun.awt.enableExtraMouseButtons" value="true"/>
    <property name="java.class.path" value="/Users/kanthreddy/wip/Hubpay_QAAutomation/target/test-classes:/Users/kanthreddy/wip/Hubpay_QAAutomation/target/classes:/Users/kanthreddy/.m2/repository/net/datafaker/datafaker/1.9.0/datafaker-1.9.0.jar:/Users/kanthreddy/.m2/repository/org/yaml/snakeyaml/2.0/snakeyaml-2.0.jar:/Users/kanthreddy/.m2/repository/com/github/mifmif/generex/1.0.2/generex-1.0.2.jar:/Users/kanthreddy/.m2/repository/dk/brics/automaton/automaton/1.11-8/automaton-1.11-8.jar:/Users/kanthreddy/.m2/repository/org/apache/pdfbox/pdfbox/2.0.28/pdfbox-2.0.28.jar:/Users/kanthreddy/.m2/repository/org/apache/pdfbox/fontbox/2.0.28/fontbox-2.0.28.jar:/Users/kanthreddy/.m2/repository/commons-logging/commons-logging/1.2/commons-logging-1.2.jar:/Users/kanthreddy/.m2/repository/com/github/pengrad/java-telegram-bot-api/6.7.0/java-telegram-bot-api-6.7.0.jar:/Users/kanthreddy/.m2/repository/com/google/code/gson/gson/2.9.1/gson-2.9.1.jar:/Users/kanthreddy/.m2/repository/com/squareup/okhttp3/okhttp/4.10.0/okhttp-4.10.0.jar:/Users/kanthreddy/.m2/repository/com/squareup/okio/okio-jvm/3.0.0/okio-jvm-3.0.0.jar:/Users/kanthreddy/.m2/repository/org/jetbrains/kotlin/kotlin-stdlib-common/1.5.31/kotlin-stdlib-common-1.5.31.jar:/Users/kanthreddy/.m2/repository/org/jetbrains/kotlin/kotlin-stdlib/1.6.20/kotlin-stdlib-1.6.20.jar:/Users/kanthreddy/.m2/repository/org/jetbrains/annotations/13.0/annotations-13.0.jar:/Users/kanthreddy/.m2/repository/com/squareup/okhttp3/logging-interceptor/4.10.0/logging-interceptor-4.10.0.jar:/Users/kanthreddy/.m2/repository/org/jetbrains/kotlin/kotlin-stdlib-jdk8/1.6.10/kotlin-stdlib-jdk8-1.6.10.jar:/Users/kanthreddy/.m2/repository/org/jetbrains/kotlin/kotlin-stdlib-jdk7/1.6.10/kotlin-stdlib-jdk7-1.6.10.jar:/Users/kanthreddy/.m2/repository/io/cucumber/cucumber-java/7.12.1/cucumber-java-7.12.1.jar:/Users/kanthreddy/.m2/repository/io/cucumber/cucumber-core/7.12.1/cucumber-core-7.12.1.jar:/Users/kanthreddy/.m2/repository/io/cucumber/cucumber-gherkin-messages/7.12.1/cucumber-gherkin-messages-7.12.1.jar:/Users/kanthreddy/.m2/repository/io/cucumber/tag-expressions/5.0.1/tag-expressions-5.0.1.jar:/Users/kanthreddy/.m2/repository/io/cucumber/cucumber-expressions/16.1.2/cucumber-expressions-16.1.2.jar:/Users/kanthreddy/.m2/repository/io/cucumber/datatable/7.12.1/datatable-7.12.1.jar:/Users/kanthreddy/.m2/repository/io/cucumber/docstring/7.12.1/docstring-7.12.1.jar:/Users/kanthreddy/.m2/repository/io/cucumber/html-formatter/20.3.1/html-formatter-20.3.1.jar:/Users/kanthreddy/.m2/repository/io/cucumber/junit-xml-formatter/0.2.0/junit-xml-formatter-0.2.0.jar:/Users/kanthreddy/.m2/repository/io/cucumber/ci-environment/9.2.0/ci-environment-9.2.0.jar:/Users/kanthreddy/.m2/repository/org/apiguardian/apiguardian-api/1.1.2/apiguardian-api-1.1.2.jar:/Users/kanthreddy/.m2/repository/io/cucumber/cucumber-testng/7.12.1/cucumber-testng-7.12.1.jar:/Users/kanthreddy/.m2/repository/io/cucumber/cucumber-picocontainer/7.12.1/cucumber-picocontainer-7.12.1.jar:/Users/kanthreddy/.m2/repository/org/picocontainer/picocontainer/2.15/picocontainer-2.15.jar:/Users/kanthreddy/.m2/repository/io/cucumber/cucumber-gherkin/7.12.1/cucumber-gherkin-7.12.1.jar:/Users/kanthreddy/.m2/repository/io/cucumber/cucumber-plugin/7.12.1/cucumber-plugin-7.12.1.jar:/Users/kanthreddy/.m2/repository/io/cucumber/gherkin/26.2.0/gherkin-26.2.0.jar:/Users/kanthreddy/.m2/repository/io/cucumber/messages/22.0.0/messages-22.0.0.jar:/Users/kanthreddy/.m2/repository/com/aventstack/extentreports/5.0.9/extentreports-5.0.9.jar:/Users/kanthreddy/.m2/repository/io/reactivex/rxjava3/rxjava/3.0.4/rxjava-3.0.4.jar:/Users/kanthreddy/.m2/repository/org/reactivestreams/reactive-streams/1.0.3/reactive-streams-1.0.3.jar:/Users/kanthreddy/.m2/repository/org/freemarker/freemarker/2.3.30/freemarker-2.3.30.jar:/Users/kanthreddy/.m2/repository/tech/grasshopper/pdfextentreporter/1.3.2/pdfextentreporter-1.3.2.jar:/Users/kanthreddy/.m2/repository/org/knowm/xchart/xchart/3.8.0/xchart-3.8.0.jar:/Users/kanthreddy/.m2/repository/de/erichseifert/vectorgraphics2d/VectorGraphics2D/0.13/VectorGraphics2D-0.13.jar:/Users/kanthreddy/.m2/repository/de/rototor/pdfbox/graphics2d/0.30/graphics2d-0.30.jar:/Users/kanthreddy/.m2/repository/com/madgag/animated-gif-lib/1.4/animated-gif-lib-1.4.jar:/Users/kanthreddy/.m2/repository/org/jsoup/jsoup/1.14.3/jsoup-1.14.3.jar:/Users/kanthreddy/.m2/repository/tech/grasshopper/table-layout/1.5.1/table-layout-1.5.1.jar:/Users/kanthreddy/.m2/repository/tech/grasshopper/extentreports-cucumber7-adapter/1.13.0/extentreports-cucumber7-adapter-1.13.0.jar:/Users/kanthreddy/.m2/repository/com/aventstack/klov-reporter/5.0.9/klov-reporter-5.0.9.jar:/Users/kanthreddy/.m2/repository/org/mongodb/mongodb-driver/3.6.4/mongodb-driver-3.6.4.jar:/Users/kanthreddy/.m2/repository/org/mongodb/mongodb-driver-core/3.6.4/mongodb-driver-core-3.6.4.jar:/Users/kanthreddy/.m2/repository/org/mongodb/bson/3.6.4/bson-3.6.4.jar:/Users/kanthreddy/.m2/repository/org/apache/httpcomponents/httpclient/4.5.13/httpclient-4.5.13.jar:/Users/kanthreddy/.m2/repository/org/apache/httpcomponents/httpcore/4.4.13/httpcore-4.4.13.jar:/Users/kanthreddy/.m2/repository/org/apache/httpcomponents/httpmime/4.5.13/httpmime-4.5.13.jar:/Users/kanthreddy/.m2/repository/tech/grasshopper/htmlextentreporter/1.0.1/htmlextentreporter-1.0.1.jar:/Users/kanthreddy/.m2/repository/tech/grasshopper/extent-excel-report/1.3.0/extent-excel-report-1.3.0.jar:/Users/kanthreddy/.m2/repository/tech/grasshopper/extent-pdf-report/2.11.0/extent-pdf-report-2.11.0.jar:/Users/kanthreddy/.m2/repository/tech/grasshopper/cucumber-pdf-report/2.13.0/cucumber-pdf-report-2.13.0.jar:/Users/kanthreddy/.m2/repository/tech/grasshopper/rest-assured-cucumber-pdf-report/1.4.1/rest-assured-cucumber-pdf-report-1.4.1.jar:/Users/kanthreddy/.m2/repository/io/qameta/allure/allure-cucumber7-jvm/2.22.1/allure-cucumber7-jvm-2.22.1.jar:/Users/kanthreddy/.m2/repository/io/qameta/allure/allure-java-commons/2.22.1/allure-java-commons-2.22.1.jar:/Users/kanthreddy/.m2/repository/io/qameta/allure/allure-model/2.22.1/allure-model-2.22.1.jar:/Users/kanthreddy/.m2/repository/org/seleniumhq/selenium/selenium-java/4.10.0/selenium-java-4.10.0.jar:/Users/kanthreddy/.m2/repository/org/seleniumhq/selenium/selenium-api/4.10.0/selenium-api-4.10.0.jar:/Users/kanthreddy/.m2/repository/org/seleniumhq/selenium/selenium-chrome-driver/4.10.0/selenium-chrome-driver-4.10.0.jar:/Users/kanthreddy/.m2/repository/org/seleniumhq/selenium/selenium-chromium-driver/4.10.0/selenium-chromium-driver-4.10.0.jar:/Users/kanthreddy/.m2/repository/org/seleniumhq/selenium/selenium-json/4.10.0/selenium-json-4.10.0.jar:/Users/kanthreddy/.m2/repository/org/seleniumhq/selenium/selenium-manager/4.10.0/selenium-manager-4.10.0.jar:/Users/kanthreddy/.m2/repository/org/seleniumhq/selenium/selenium-devtools-v112/4.10.0/selenium-devtools-v112-4.10.0.jar:/Users/kanthreddy/.m2/repository/org/seleniumhq/selenium/selenium-devtools-v113/4.10.0/selenium-devtools-v113-4.10.0.jar:/Users/kanthreddy/.m2/repository/org/seleniumhq/selenium/selenium-devtools-v114/4.10.0/selenium-devtools-v114-4.10.0.jar:/Users/kanthreddy/.m2/repository/org/seleniumhq/selenium/selenium-devtools-v85/4.10.0/selenium-devtools-v85-4.10.0.jar:/Users/kanthreddy/.m2/repository/org/seleniumhq/selenium/selenium-edge-driver/4.10.0/selenium-edge-driver-4.10.0.jar:/Users/kanthreddy/.m2/repository/org/seleniumhq/selenium/selenium-firefox-driver/4.10.0/selenium-firefox-driver-4.10.0.jar:/Users/kanthreddy/.m2/repository/org/seleniumhq/selenium/selenium-ie-driver/4.10.0/selenium-ie-driver-4.10.0.jar:/Users/kanthreddy/.m2/repository/org/seleniumhq/selenium/selenium-remote-driver/4.10.0/selenium-remote-driver-4.10.0.jar:/Users/kanthreddy/.m2/repository/io/netty/netty-buffer/4.1.92.Final/netty-buffer-4.1.92.Final.jar:/Users/kanthreddy/.m2/repository/io/netty/netty-codec-http/4.1.92.Final/netty-codec-http-4.1.92.Final.jar:/Users/kanthreddy/.m2/repository/io/netty/netty-codec/4.1.92.Final/netty-codec-4.1.92.Final.jar:/Users/kanthreddy/.m2/repository/io/netty/netty-handler/4.1.92.Final/netty-handler-4.1.92.Final.jar:/Users/kanthreddy/.m2/repository/io/netty/netty-common/4.1.92.Final/netty-common-4.1.92.Final.jar:/Users/kanthreddy/.m2/repository/io/netty/netty-transport-classes-epoll/4.1.92.Final/netty-transport-classes-epoll-4.1.92.Final.jar:/Users/kanthreddy/.m2/repository/io/netty/netty-transport-classes-kqueue/4.1.92.Final/netty-transport-classes-kqueue-4.1.92.Final.jar:/Users/kanthreddy/.m2/repository/io/netty/netty-transport-native-epoll/4.1.92.Final/netty-transport-native-epoll-4.1.92.Final.jar:/Users/kanthreddy/.m2/repository/io/netty/netty-transport-native-kqueue/4.1.92.Final/netty-transport-native-kqueue-4.1.92.Final.jar:/Users/kanthreddy/.m2/repository/io/netty/netty-transport-native-unix-common/4.1.92.Final/netty-transport-native-unix-common-4.1.92.Final.jar:/Users/kanthreddy/.m2/repository/io/netty/netty-transport/4.1.92.Final/netty-transport-4.1.92.Final.jar:/Users/kanthreddy/.m2/repository/io/netty/netty-resolver/4.1.92.Final/netty-resolver-4.1.92.Final.jar:/Users/kanthreddy/.m2/repository/io/opentelemetry/opentelemetry-api/1.26.0/opentelemetry-api-1.26.0.jar:/Users/kanthreddy/.m2/repository/io/opentelemetry/opentelemetry-context/1.26.0/opentelemetry-context-1.26.0.jar:/Users/kanthreddy/.m2/repository/io/opentelemetry/opentelemetry-exporter-logging/1.26.0/opentelemetry-exporter-logging-1.26.0.jar:/Users/kanthreddy/.m2/repository/io/opentelemetry/opentelemetry-sdk-metrics/1.26.0/opentelemetry-sdk-metrics-1.26.0.jar:/Users/kanthreddy/.m2/repository/io/opentelemetry/opentelemetry-extension-incubator/1.26.0-alpha/opentelemetry-extension-incubator-1.26.0-alpha.jar:/Users/kanthreddy/.m2/repository/io/opentelemetry/opentelemetry-sdk-logs/1.26.0-alpha/opentelemetry-sdk-logs-1.26.0-alpha.jar:/Users/kanthreddy/.m2/repository/io/opentelemetry/opentelemetry-api-logs/1.26.0-alpha/opentelemetry-api-logs-1.26.0-alpha.jar:/Users/kanthreddy/.m2/repository/io/opentelemetry/opentelemetry-api-events/1.26.0-alpha/opentelemetry-api-events-1.26.0-alpha.jar:/Users/kanthreddy/.m2/repository/io/opentelemetry/opentelemetry-sdk-common/1.26.0/opentelemetry-sdk-common-1.26.0.jar:/Users/kanthreddy/.m2/repository/io/opentelemetry/opentelemetry-sdk-extension-autoconfigure-spi/1.26.0/opentelemetry-sdk-extension-autoconfigure-spi-1.26.0.jar:/Users/kanthreddy/.m2/repository/io/opentelemetry/opentelemetry-sdk-extension-autoconfigure/1.26.0-alpha/opentelemetry-sdk-extension-autoconfigure-1.26.0-alpha.jar:/Users/kanthreddy/.m2/repository/io/opentelemetry/opentelemetry-sdk-trace/1.26.0/opentelemetry-sdk-trace-1.26.0.jar:/Users/kanthreddy/.m2/repository/io/opentelemetry/opentelemetry-sdk/1.26.0/opentelemetry-sdk-1.26.0.jar:/Users/kanthreddy/.m2/repository/io/opentelemetry/opentelemetry-semconv/1.26.0-alpha/opentelemetry-semconv-1.26.0-alpha.jar:/Users/kanthreddy/.m2/repository/net/bytebuddy/byte-buddy/1.14.4/byte-buddy-1.14.4.jar:/Users/kanthreddy/.m2/repository/org/apache/commons/commons-exec/1.3/commons-exec-1.3.jar:/Users/kanthreddy/.m2/repository/org/asynchttpclient/async-http-client/2.12.3/async-http-client-2.12.3.jar:/Users/kanthreddy/.m2/repository/org/asynchttpclient/async-http-client-netty-utils/2.12.3/async-http-client-netty-utils-2.12.3.jar:/Users/kanthreddy/.m2/repository/io/netty/netty-codec-socks/4.1.60.Final/netty-codec-socks-4.1.60.Final.jar:/Users/kanthreddy/.m2/repository/io/netty/netty-handler-proxy/4.1.60.Final/netty-handler-proxy-4.1.60.Final.jar:/Users/kanthreddy/.m2/repository/io/netty/netty-transport-native-epoll/4.1.60.Final/netty-transport-native-epoll-4.1.60.Final-linux-x86_64.jar:/Users/kanthreddy/.m2/repository/io/netty/netty-transport-native-kqueue/4.1.60.Final/netty-transport-native-kqueue-4.1.60.Final-osx-x86_64.jar:/Users/kanthreddy/.m2/repository/com/typesafe/netty/netty-reactive-streams/2.0.4/netty-reactive-streams-2.0.4.jar:/Users/kanthreddy/.m2/repository/com/sun/activation/jakarta.activation/1.2.2/jakarta.activation-1.2.2.jar:/Users/kanthreddy/.m2/repository/org/seleniumhq/selenium/selenium-safari-driver/4.10.0/selenium-safari-driver-4.10.0.jar:/Users/kanthreddy/.m2/repository/org/seleniumhq/selenium/selenium-support/4.10.0/selenium-support-4.10.0.jar:/Users/kanthreddy/.m2/repository/org/seleniumhq/selenium/selenium-http-jdk-client/4.10.0/selenium-http-jdk-client-4.10.0.jar:/Users/kanthreddy/.m2/repository/com/google/auto/service/auto-service-annotations/1.0.1/auto-service-annotations-1.0.1.jar:/Users/kanthreddy/.m2/repository/com/google/auto/service/auto-service/1.0.1/auto-service-1.0.1.jar:/Users/kanthreddy/.m2/repository/com/google/auto/auto-common/1.2/auto-common-1.2.jar:/Users/kanthreddy/.m2/repository/org/seleniumhq/selenium/selenium-http/4.10.0/selenium-http-4.10.0.jar:/Users/kanthreddy/.m2/repository/dev/failsafe/failsafe/3.3.1/failsafe-3.3.1.jar:/Users/kanthreddy/.m2/repository/org/testng/testng/7.8.0/testng-7.8.0.jar:/Users/kanthreddy/.m2/repository/org/slf4j/slf4j-api/1.7.36/slf4j-api-1.7.36.jar:/Users/kanthreddy/.m2/repository/com/beust/jcommander/1.82/jcommander-1.82.jar:/Users/kanthreddy/.m2/repository/org/webjars/jquery/3.6.1/jquery-3.6.1.jar:/Users/kanthreddy/.m2/repository/com/fasterxml/jackson/core/jackson-databind/2.15.2/jackson-databind-2.15.2.jar:/Users/kanthreddy/.m2/repository/com/fasterxml/jackson/core/jackson-annotations/2.15.2/jackson-annotations-2.15.2.jar:/Users/kanthreddy/.m2/repository/com/fasterxml/jackson/core/jackson-core/2.15.2/jackson-core-2.15.2.jar:/Users/kanthreddy/.m2/repository/com/sun/mail/javax.mail/1.6.2/javax.mail-1.6.2.jar:/Users/kanthreddy/.m2/repository/javax/activation/activation/1.1/activation-1.1.jar:/Users/kanthreddy/.m2/repository/org/zeroturnaround/zt-zip/1.15/zt-zip-1.15.jar:/Users/kanthreddy/.m2/repository/org/apache/logging/log4j/log4j-api/2.20.0/log4j-api-2.20.0.jar:/Users/kanthreddy/.m2/repository/org/apache/logging/log4j/log4j-core/2.20.0/log4j-core-2.20.0.jar:/Users/kanthreddy/.m2/repository/org/apache/logging/log4j/log4j-slf4j-impl/2.20.0/log4j-slf4j-impl-2.20.0.jar:/Users/kanthreddy/.m2/repository/io/qameta/allure/allure-testng/2.22.1/allure-testng-2.22.1.jar:/Users/kanthreddy/.m2/repository/io/qameta/allure/allure-test-filter/2.22.1/allure-test-filter-2.22.1.jar:/Users/kanthreddy/.m2/repository/io/qameta/allure/allure-attachments/2.22.1/allure-attachments-2.22.1.jar:/Users/kanthreddy/.m2/repository/com/github/automatedowl/allure-environment-writer/1.0.0/allure-environment-writer-1.0.0.jar:/Users/kanthreddy/.m2/repository/io/github/bonigarcia/webdrivermanager/5.4.1/webdrivermanager-5.4.1.jar:/Users/kanthreddy/.m2/repository/com/github/docker-java/docker-java/3.3.2/docker-java-3.3.2.jar:/Users/kanthreddy/.m2/repository/com/github/docker-java/docker-java-core/3.3.2/docker-java-core-3.3.2.jar:/Users/kanthreddy/.m2/repository/com/github/docker-java/docker-java-api/3.3.2/docker-java-api-3.3.2.jar:/Users/kanthreddy/.m2/repository/org/bouncycastle/bcpkix-jdk15on/1.64/bcpkix-jdk15on-1.64.jar:/Users/kanthreddy/.m2/repository/org/bouncycastle/bcprov-jdk15on/1.64/bcprov-jdk15on-1.64.jar:/Users/kanthreddy/.m2/repository/org/slf4j/jcl-over-slf4j/1.7.30/jcl-over-slf4j-1.7.30.jar:/Users/kanthreddy/.m2/repository/com/github/docker-java/docker-java-transport-httpclient5/3.3.2/docker-java-transport-httpclient5-3.3.2.jar:/Users/kanthreddy/.m2/repository/com/github/docker-java/docker-java-transport/3.3.2/docker-java-transport-3.3.2.jar:/Users/kanthreddy/.m2/repository/net/java/dev/jna/jna/5.12.1/jna-5.12.1.jar:/Users/kanthreddy/.m2/repository/org/brotli/dec/0.1.2/dec-0.1.2.jar:/Users/kanthreddy/.m2/repository/org/apache/commons/commons-lang3/3.12.0/commons-lang3-3.12.0.jar:/Users/kanthreddy/.m2/repository/org/apache/httpcomponents/client5/httpclient5/5.2.1/httpclient5-5.2.1.jar:/Users/kanthreddy/.m2/repository/org/apache/httpcomponents/core5/httpcore5/5.2/httpcore5-5.2.jar:/Users/kanthreddy/.m2/repository/org/apache/httpcomponents/core5/httpcore5-h2/5.2/httpcore5-h2-5.2.jar:/Users/kanthreddy/.m2/repository/com/google/guava/guava/32.0.0-jre/guava-32.0.0-jre.jar:/Users/kanthreddy/.m2/repository/com/google/guava/failureaccess/1.0.1/failureaccess-1.0.1.jar:/Users/kanthreddy/.m2/repository/com/google/guava/listenablefuture/9999.0-empty-to-avoid-conflict-with-guava/listenablefuture-9999.0-empty-to-avoid-conflict-with-guava.jar:/Users/kanthreddy/.m2/repository/com/google/code/findbugs/jsr305/3.0.2/jsr305-3.0.2.jar:/Users/kanthreddy/.m2/repository/org/checkerframework/checker-qual/3.33.0/checker-qual-3.33.0.jar:/Users/kanthreddy/.m2/repository/com/google/errorprone/error_prone_annotations/2.18.0/error_prone_annotations-2.18.0.jar:/Users/kanthreddy/.m2/repository/com/google/j2objc/j2objc-annotations/2.8/j2objc-annotations-2.8.jar:/Users/kanthreddy/.m2/repository/org/apache/maven/plugins/maven-compiler-plugin/3.11.0/maven-compiler-plugin-3.11.0.jar:/Users/kanthreddy/.m2/repository/org/apache/maven/shared/maven-shared-utils/3.3.4/maven-shared-utils-3.3.4.jar:/Users/kanthreddy/.m2/repository/org/apache/maven/shared/maven-shared-incremental/1.1/maven-shared-incremental-1.1.jar:/Users/kanthreddy/.m2/repository/org/codehaus/plexus/plexus-component-annotations/1.5.5/plexus-component-annotations-1.5.5.jar:/Users/kanthreddy/.m2/repository/org/codehaus/plexus/plexus-java/1.1.2/plexus-java-1.1.2.jar:/Users/kanthreddy/.m2/repository/org/ow2/asm/asm/9.4/asm-9.4.jar:/Users/kanthreddy/.m2/repository/com/thoughtworks/qdox/qdox/2.0.3/qdox-2.0.3.jar:/Users/kanthreddy/.m2/repository/org/codehaus/plexus/plexus-compiler-api/2.13.0/plexus-compiler-api-2.13.0.jar:/Users/kanthreddy/.m2/repository/org/codehaus/plexus/plexus-utils/3.4.2/plexus-utils-3.4.2.jar:/Users/kanthreddy/.m2/repository/org/codehaus/plexus/plexus-compiler-manager/2.13.0/plexus-compiler-manager-2.13.0.jar:/Users/kanthreddy/.m2/repository/org/codehaus/plexus/plexus-compiler-javac/2.13.0/plexus-compiler-javac-2.13.0.jar:/Users/kanthreddy/.m2/repository/org/apache/maven/plugins/maven-surefire-plugin/3.1.2/maven-surefire-plugin-3.1.2.jar:/Users/kanthreddy/.m2/repository/org/apache/maven/surefire/maven-surefire-common/3.1.2/maven-surefire-common-3.1.2.jar:/Users/kanthreddy/.m2/repository/org/apache/maven/surefire/surefire-api/3.1.2/surefire-api-3.1.2.jar:/Users/kanthreddy/.m2/repository/org/apache/maven/surefire/surefire-logger-api/3.1.2/surefire-logger-api-3.1.2.jar:/Users/kanthreddy/.m2/repository/org/apache/maven/surefire/surefire-extensions-api/3.1.2/surefire-extensions-api-3.1.2.jar:/Users/kanthreddy/.m2/repository/org/apache/maven/surefire/surefire-booter/3.1.2/surefire-booter-3.1.2.jar:/Users/kanthreddy/.m2/repository/org/apache/maven/surefire/surefire-extensions-spi/3.1.2/surefire-extensions-spi-3.1.2.jar:/Users/kanthreddy/.m2/repository/org/eclipse/aether/aether-util/1.0.0.v20140518/aether-util-1.0.0.v20140518.jar:/Users/kanthreddy/.m2/repository/org/eclipse/aether/aether-api/1.0.0.v20140518/aether-api-1.0.0.v20140518.jar:/Users/kanthreddy/.m2/repository/org/apache/maven/shared/maven-common-artifact-filters/3.1.1/maven-common-artifact-filters-3.1.1.jar:/Users/kanthreddy/.m2/repository/org/apache/maven/maven-artifact/3.1.0/maven-artifact-3.1.0.jar:/Users/kanthreddy/.m2/repository/org/apache/maven/maven-core/3.1.0/maven-core-3.1.0.jar:/Users/kanthreddy/.m2/repository/org/apache/maven/maven-settings/3.1.0/maven-settings-3.1.0.jar:/Users/kanthreddy/.m2/repository/org/apache/maven/maven-settings-builder/3.1.0/maven-settings-builder-3.1.0.jar:/Users/kanthreddy/.m2/repository/org/apache/maven/maven-repository-metadata/3.1.0/maven-repository-metadata-3.1.0.jar:/Users/kanthreddy/.m2/repository/org/apache/maven/maven-model-builder/3.1.0/maven-model-builder-3.1.0.jar:/Users/kanthreddy/.m2/repository/org/apache/maven/maven-aether-provider/3.1.0/maven-aether-provider-3.1.0.jar:/Users/kanthreddy/.m2/repository/org/eclipse/aether/aether-spi/0.9.0.M2/aether-spi-0.9.0.M2.jar:/Users/kanthreddy/.m2/repository/org/eclipse/aether/aether-impl/0.9.0.M2/aether-impl-0.9.0.M2.jar:/Users/kanthreddy/.m2/repository/org/eclipse/sisu/org.eclipse.sisu.plexus/0.0.0.M2a/org.eclipse.sisu.plexus-0.0.0.M2a.jar:/Users/kanthreddy/.m2/repository/javax/enterprise/cdi-api/1.0/cdi-api-1.0.jar:/Users/kanthreddy/.m2/repository/javax/annotation/jsr250-api/1.0/jsr250-api-1.0.jar:/Users/kanthreddy/.m2/repository/javax/inject/javax.inject/1/javax.inject-1.jar:/Users/kanthreddy/.m2/repository/org/sonatype/sisu/sisu-guice/3.1.0/sisu-guice-3.1.0-no_aop.jar:/Users/kanthreddy/.m2/repository/aopalliance/aopalliance/1.0/aopalliance-1.0.jar:/Users/kanthreddy/.m2/repository/org/eclipse/sisu/org.eclipse.sisu.inject/0.0.0.M2a/org.eclipse.sisu.inject-0.0.0.M2a.jar:/Users/kanthreddy/.m2/repository/asm/asm/3.3.1/asm-3.3.1.jar:/Users/kanthreddy/.m2/repository/org/codehaus/plexus/plexus-interpolation/1.16/plexus-interpolation-1.16.jar:/Users/kanthreddy/.m2/repository/org/codehaus/plexus/plexus-classworlds/2.4.2/plexus-classworlds-2.4.2.jar:/Users/kanthreddy/.m2/repository/org/sonatype/plexus/plexus-sec-dispatcher/1.3/plexus-sec-dispatcher-1.3.jar:/Users/kanthreddy/.m2/repository/org/sonatype/plexus/plexus-cipher/1.4/plexus-cipher-1.4.jar:/Users/kanthreddy/.m2/repository/org/apache/maven/maven-plugin-api/3.1.0/maven-plugin-api-3.1.0.jar:/Users/kanthreddy/.m2/repository/org/apache/maven/surefire/surefire-shared-utils/3.1.2/surefire-shared-utils-3.1.2.jar:/Users/kanthreddy/.m2/repository/org/apache/poi/poi/5.2.3/poi-5.2.3.jar:/Users/kanthreddy/.m2/repository/commons-codec/commons-codec/1.15/commons-codec-1.15.jar:/Users/kanthreddy/.m2/repository/org/apache/commons/commons-collections4/4.4/commons-collections4-4.4.jar:/Users/kanthreddy/.m2/repository/org/apache/commons/commons-math3/3.6.1/commons-math3-3.6.1.jar:/Users/kanthreddy/.m2/repository/com/zaxxer/SparseBitSet/1.2/SparseBitSet-1.2.jar:/Users/kanthreddy/.m2/repository/org/apache/poi/poi-ooxml/5.2.3/poi-ooxml-5.2.3.jar:/Users/kanthreddy/.m2/repository/org/apache/poi/poi-ooxml-lite/5.2.3/poi-ooxml-lite-5.2.3.jar:/Users/kanthreddy/.m2/repository/org/apache/xmlbeans/xmlbeans/5.1.1/xmlbeans-5.1.1.jar:/Users/kanthreddy/.m2/repository/org/apache/commons/commons-compress/1.21/commons-compress-1.21.jar:/Users/kanthreddy/.m2/repository/com/github/virtuald/curvesapi/1.07/curvesapi-1.07.jar:/Users/kanthreddy/.m2/repository/commons-io/commons-io/2.13.0/commons-io-2.13.0.jar:/Users/kanthreddy/.m2/repository/com/github/stephenc/monte/monte-screen-recorder/0.7.7.0/monte-screen-recorder-0.7.7.0.jar:/Users/kanthreddy/.m2/repository/org/aeonbits/owner/owner/1.0.12/owner-1.0.12.jar:/Users/kanthreddy/.m2/repository/org/projectlombok/lombok/1.18.28/lombok-1.18.28.jar:/Users/kanthreddy/.m2/repository/com/mysql/mysql-connector-j/8.0.33/mysql-connector-j-8.0.33.jar:/Users/kanthreddy/.m2/repository/com/google/protobuf/protobuf-java/3.21.9/protobuf-java-3.21.9.jar:/Users/kanthreddy/.m2/repository/com/google/zxing/javase/3.5.1/javase-3.5.1.jar:/Users/kanthreddy/.m2/repository/com/github/jai-imageio/jai-imageio-core/1.4.0/jai-imageio-core-1.4.0.jar:/Users/kanthreddy/.m2/repository/com/google/zxing/core/3.5.1/core-3.5.1.jar:/Users/kanthreddy/.m2/repository/org/aspectj/aspectjweaver/1.9.19/aspectjweaver-1.9.19.jar:"/>
    <property name="java.vm.vendor" value="Oracle Corporation"/>
    <property name="sun.arch.data.model" value="64"/>
    <property name="sun.font.fontmanager" value="sun.font.CFontManager"/>
    <property name="java.vendor.url" value="https://openjdk.java.net/"/>
    <property name="user.timezone" value="Asia/Kolkata"/>
    <property name="java.vm.specification.version" value="11"/>
    <property name="os.name" value="Mac OS X"/>
    <property name="sun.java.launcher" value="SUN_STANDARD"/>
    <property name="user.country" value="IN"/>
    <property name="sun.boot.library.path" value="/Library/Java/JavaVirtualMachines/jdk-11.0.16.jdk/Contents/Home/lib"/>
    <property name="sun.java.command" value="/Users/kanthreddy/wip/Hubpay_QAAutomation/target/surefire/surefirebooter-20230905193624459_3.jar /Users/kanthreddy/wip/Hubpay_QAAutomation/target/surefire 2023-09-05T19-36-24_378-jvmRun1 surefire-20230905193624459_1tmp surefire_0-20230905193624459_2tmp"/>
    <property name="http.nonProxyHosts" value="local|*.local|169.254/16|*.169.254/16"/>
    <property name="jdk.debug" value="release"/>
    <property name="surefire.test.class.path" value="/Users/kanthreddy/wip/Hubpay_QAAutomation/target/test-classes:/Users/kanthreddy/wip/Hubpay_QAAutomation/target/classes:/Users/kanthreddy/.m2/repository/net/datafaker/datafaker/1.9.0/datafaker-1.9.0.jar:/Users/kanthreddy/.m2/repository/org/yaml/snakeyaml/2.0/snakeyaml-2.0.jar:/Users/kanthreddy/.m2/repository/com/github/mifmif/generex/1.0.2/generex-1.0.2.jar:/Users/kanthreddy/.m2/repository/dk/brics/automaton/automaton/1.11-8/automaton-1.11-8.jar:/Users/kanthreddy/.m2/repository/org/apache/pdfbox/pdfbox/2.0.28/pdfbox-2.0.28.jar:/Users/kanthreddy/.m2/repository/org/apache/pdfbox/fontbox/2.0.28/fontbox-2.0.28.jar:/Users/kanthreddy/.m2/repository/commons-logging/commons-logging/1.2/commons-logging-1.2.jar:/Users/kanthreddy/.m2/repository/com/github/pengrad/java-telegram-bot-api/6.7.0/java-telegram-bot-api-6.7.0.jar:/Users/kanthreddy/.m2/repository/com/google/code/gson/gson/2.9.1/gson-2.9.1.jar:/Users/kanthreddy/.m2/repository/com/squareup/okhttp3/okhttp/4.10.0/okhttp-4.10.0.jar:/Users/kanthreddy/.m2/repository/com/squareup/okio/okio-jvm/3.0.0/okio-jvm-3.0.0.jar:/Users/kanthreddy/.m2/repository/org/jetbrains/kotlin/kotlin-stdlib-common/1.5.31/kotlin-stdlib-common-1.5.31.jar:/Users/kanthreddy/.m2/repository/org/jetbrains/kotlin/kotlin-stdlib/1.6.20/kotlin-stdlib-1.6.20.jar:/Users/kanthreddy/.m2/repository/org/jetbrains/annotations/13.0/annotations-13.0.jar:/Users/kanthreddy/.m2/repository/com/squareup/okhttp3/logging-interceptor/4.10.0/logging-interceptor-4.10.0.jar:/Users/kanthreddy/.m2/repository/org/jetbrains/kotlin/kotlin-stdlib-jdk8/1.6.10/kotlin-stdlib-jdk8-1.6.10.jar:/Users/kanthreddy/.m2/repository/org/jetbrains/kotlin/kotlin-stdlib-jdk7/1.6.10/kotlin-stdlib-jdk7-1.6.10.jar:/Users/kanthreddy/.m2/repository/io/cucumber/cucumber-java/7.12.1/cucumber-java-7.12.1.jar:/Users/kanthreddy/.m2/repository/io/cucumber/cucumber-core/7.12.1/cucumber-core-7.12.1.jar:/Users/kanthreddy/.m2/repository/io/cucumber/cucumber-gherkin-messages/7.12.1/cucumber-gherkin-messages-7.12.1.jar:/Users/kanthreddy/.m2/repository/io/cucumber/tag-expressions/5.0.1/tag-expressions-5.0.1.jar:/Users/kanthreddy/.m2/repository/io/cucumber/cucumber-expressions/16.1.2/cucumber-expressions-16.1.2.jar:/Users/kanthreddy/.m2/repository/io/cucumber/datatable/7.12.1/datatable-7.12.1.jar:/Users/kanthreddy/.m2/repository/io/cucumber/docstring/7.12.1/docstring-7.12.1.jar:/Users/kanthreddy/.m2/repository/io/cucumber/html-formatter/20.3.1/html-formatter-20.3.1.jar:/Users/kanthreddy/.m2/repository/io/cucumber/junit-xml-formatter/0.2.0/junit-xml-formatter-0.2.0.jar:/Users/kanthreddy/.m2/repository/io/cucumber/ci-environment/9.2.0/ci-environment-9.2.0.jar:/Users/kanthreddy/.m2/repository/org/apiguardian/apiguardian-api/1.1.2/apiguardian-api-1.1.2.jar:/Users/kanthreddy/.m2/repository/io/cucumber/cucumber-testng/7.12.1/cucumber-testng-7.12.1.jar:/Users/kanthreddy/.m2/repository/io/cucumber/cucumber-picocontainer/7.12.1/cucumber-picocontainer-7.12.1.jar:/Users/kanthreddy/.m2/repository/org/picocontainer/picocontainer/2.15/picocontainer-2.15.jar:/Users/kanthreddy/.m2/repository/io/cucumber/cucumber-gherkin/7.12.1/cucumber-gherkin-7.12.1.jar:/Users/kanthreddy/.m2/repository/io/cucumber/cucumber-plugin/7.12.1/cucumber-plugin-7.12.1.jar:/Users/kanthreddy/.m2/repository/io/cucumber/gherkin/26.2.0/gherkin-26.2.0.jar:/Users/kanthreddy/.m2/repository/io/cucumber/messages/22.0.0/messages-22.0.0.jar:/Users/kanthreddy/.m2/repository/com/aventstack/extentreports/5.0.9/extentreports-5.0.9.jar:/Users/kanthreddy/.m2/repository/io/reactivex/rxjava3/rxjava/3.0.4/rxjava-3.0.4.jar:/Users/kanthreddy/.m2/repository/org/reactivestreams/reactive-streams/1.0.3/reactive-streams-1.0.3.jar:/Users/kanthreddy/.m2/repository/org/freemarker/freemarker/2.3.30/freemarker-2.3.30.jar:/Users/kanthreddy/.m2/repository/tech/grasshopper/pdfextentreporter/1.3.2/pdfextentreporter-1.3.2.jar:/Users/kanthreddy/.m2/repository/org/knowm/xchart/xchart/3.8.0/xchart-3.8.0.jar:/Users/kanthreddy/.m2/repository/de/erichseifert/vectorgraphics2d/VectorGraphics2D/0.13/VectorGraphics2D-0.13.jar:/Users/kanthreddy/.m2/repository/de/rototor/pdfbox/graphics2d/0.30/graphics2d-0.30.jar:/Users/kanthreddy/.m2/repository/com/madgag/animated-gif-lib/1.4/animated-gif-lib-1.4.jar:/Users/kanthreddy/.m2/repository/org/jsoup/jsoup/1.14.3/jsoup-1.14.3.jar:/Users/kanthreddy/.m2/repository/tech/grasshopper/table-layout/1.5.1/table-layout-1.5.1.jar:/Users/kanthreddy/.m2/repository/tech/grasshopper/extentreports-cucumber7-adapter/1.13.0/extentreports-cucumber7-adapter-1.13.0.jar:/Users/kanthreddy/.m2/repository/com/aventstack/klov-reporter/5.0.9/klov-reporter-5.0.9.jar:/Users/kanthreddy/.m2/repository/org/mongodb/mongodb-driver/3.6.4/mongodb-driver-3.6.4.jar:/Users/kanthreddy/.m2/repository/org/mongodb/mongodb-driver-core/3.6.4/mongodb-driver-core-3.6.4.jar:/Users/kanthreddy/.m2/repository/org/mongodb/bson/3.6.4/bson-3.6.4.jar:/Users/kanthreddy/.m2/repository/org/apache/httpcomponents/httpclient/4.5.13/httpclient-4.5.13.jar:/Users/kanthreddy/.m2/repository/org/apache/httpcomponents/httpcore/4.4.13/httpcore-4.4.13.jar:/Users/kanthreddy/.m2/repository/org/apache/httpcomponents/httpmime/4.5.13/httpmime-4.5.13.jar:/Users/kanthreddy/.m2/repository/tech/grasshopper/htmlextentreporter/1.0.1/htmlextentreporter-1.0.1.jar:/Users/kanthreddy/.m2/repository/tech/grasshopper/extent-excel-report/1.3.0/extent-excel-report-1.3.0.jar:/Users/kanthreddy/.m2/repository/tech/grasshopper/extent-pdf-report/2.11.0/extent-pdf-report-2.11.0.jar:/Users/kanthreddy/.m2/repository/tech/grasshopper/cucumber-pdf-report/2.13.0/cucumber-pdf-report-2.13.0.jar:/Users/kanthreddy/.m2/repository/tech/grasshopper/rest-assured-cucumber-pdf-report/1.4.1/rest-assured-cucumber-pdf-report-1.4.1.jar:/Users/kanthreddy/.m2/repository/io/qameta/allure/allure-cucumber7-jvm/2.22.1/allure-cucumber7-jvm-2.22.1.jar:/Users/kanthreddy/.m2/repository/io/qameta/allure/allure-java-commons/2.22.1/allure-java-commons-2.22.1.jar:/Users/kanthreddy/.m2/repository/io/qameta/allure/allure-model/2.22.1/allure-model-2.22.1.jar:/Users/kanthreddy/.m2/repository/org/seleniumhq/selenium/selenium-java/4.10.0/selenium-java-4.10.0.jar:/Users/kanthreddy/.m2/repository/org/seleniumhq/selenium/selenium-api/4.10.0/selenium-api-4.10.0.jar:/Users/kanthreddy/.m2/repository/org/seleniumhq/selenium/selenium-chrome-driver/4.10.0/selenium-chrome-driver-4.10.0.jar:/Users/kanthreddy/.m2/repository/org/seleniumhq/selenium/selenium-chromium-driver/4.10.0/selenium-chromium-driver-4.10.0.jar:/Users/kanthreddy/.m2/repository/org/seleniumhq/selenium/selenium-json/4.10.0/selenium-json-4.10.0.jar:/Users/kanthreddy/.m2/repository/org/seleniumhq/selenium/selenium-manager/4.10.0/selenium-manager-4.10.0.jar:/Users/kanthreddy/.m2/repository/org/seleniumhq/selenium/selenium-devtools-v112/4.10.0/selenium-devtools-v112-4.10.0.jar:/Users/kanthreddy/.m2/repository/org/seleniumhq/selenium/selenium-devtools-v113/4.10.0/selenium-devtools-v113-4.10.0.jar:/Users/kanthreddy/.m2/repository/org/seleniumhq/selenium/selenium-devtools-v114/4.10.0/selenium-devtools-v114-4.10.0.jar:/Users/kanthreddy/.m2/repository/org/seleniumhq/selenium/selenium-devtools-v85/4.10.0/selenium-devtools-v85-4.10.0.jar:/Users/kanthreddy/.m2/repository/org/seleniumhq/selenium/selenium-edge-driver/4.10.0/selenium-edge-driver-4.10.0.jar:/Users/kanthreddy/.m2/repository/org/seleniumhq/selenium/selenium-firefox-driver/4.10.0/selenium-firefox-driver-4.10.0.jar:/Users/kanthreddy/.m2/repository/org/seleniumhq/selenium/selenium-ie-driver/4.10.0/selenium-ie-driver-4.10.0.jar:/Users/kanthreddy/.m2/repository/org/seleniumhq/selenium/selenium-remote-driver/4.10.0/selenium-remote-driver-4.10.0.jar:/Users/kanthreddy/.m2/repository/io/netty/netty-buffer/4.1.92.Final/netty-buffer-4.1.92.Final.jar:/Users/kanthreddy/.m2/repository/io/netty/netty-codec-http/4.1.92.Final/netty-codec-http-4.1.92.Final.jar:/Users/kanthreddy/.m2/repository/io/netty/netty-codec/4.1.92.Final/netty-codec-4.1.92.Final.jar:/Users/kanthreddy/.m2/repository/io/netty/netty-handler/4.1.92.Final/netty-handler-4.1.92.Final.jar:/Users/kanthreddy/.m2/repository/io/netty/netty-common/4.1.92.Final/netty-common-4.1.92.Final.jar:/Users/kanthreddy/.m2/repository/io/netty/netty-transport-classes-epoll/4.1.92.Final/netty-transport-classes-epoll-4.1.92.Final.jar:/Users/kanthreddy/.m2/repository/io/netty/netty-transport-classes-kqueue/4.1.92.Final/netty-transport-classes-kqueue-4.1.92.Final.jar:/Users/kanthreddy/.m2/repository/io/netty/netty-transport-native-epoll/4.1.92.Final/netty-transport-native-epoll-4.1.92.Final.jar:/Users/kanthreddy/.m2/repository/io/netty/netty-transport-native-kqueue/4.1.92.Final/netty-transport-native-kqueue-4.1.92.Final.jar:/Users/kanthreddy/.m2/repository/io/netty/netty-transport-native-unix-common/4.1.92.Final/netty-transport-native-unix-common-4.1.92.Final.jar:/Users/kanthreddy/.m2/repository/io/netty/netty-transport/4.1.92.Final/netty-transport-4.1.92.Final.jar:/Users/kanthreddy/.m2/repository/io/netty/netty-resolver/4.1.92.Final/netty-resolver-4.1.92.Final.jar:/Users/kanthreddy/.m2/repository/io/opentelemetry/opentelemetry-api/1.26.0/opentelemetry-api-1.26.0.jar:/Users/kanthreddy/.m2/repository/io/opentelemetry/opentelemetry-context/1.26.0/opentelemetry-context-1.26.0.jar:/Users/kanthreddy/.m2/repository/io/opentelemetry/opentelemetry-exporter-logging/1.26.0/opentelemetry-exporter-logging-1.26.0.jar:/Users/kanthreddy/.m2/repository/io/opentelemetry/opentelemetry-sdk-metrics/1.26.0/opentelemetry-sdk-metrics-1.26.0.jar:/Users/kanthreddy/.m2/repository/io/opentelemetry/opentelemetry-extension-incubator/1.26.0-alpha/opentelemetry-extension-incubator-1.26.0-alpha.jar:/Users/kanthreddy/.m2/repository/io/opentelemetry/opentelemetry-sdk-logs/1.26.0-alpha/opentelemetry-sdk-logs-1.26.0-alpha.jar:/Users/kanthreddy/.m2/repository/io/opentelemetry/opentelemetry-api-logs/1.26.0-alpha/opentelemetry-api-logs-1.26.0-alpha.jar:/Users/kanthreddy/.m2/repository/io/opentelemetry/opentelemetry-api-events/1.26.0-alpha/opentelemetry-api-events-1.26.0-alpha.jar:/Users/kanthreddy/.m2/repository/io/opentelemetry/opentelemetry-sdk-common/1.26.0/opentelemetry-sdk-common-1.26.0.jar:/Users/kanthreddy/.m2/repository/io/opentelemetry/opentelemetry-sdk-extension-autoconfigure-spi/1.26.0/opentelemetry-sdk-extension-autoconfigure-spi-1.26.0.jar:/Users/kanthreddy/.m2/repository/io/opentelemetry/opentelemetry-sdk-extension-autoconfigure/1.26.0-alpha/opentelemetry-sdk-extension-autoconfigure-1.26.0-alpha.jar:/Users/kanthreddy/.m2/repository/io/opentelemetry/opentelemetry-sdk-trace/1.26.0/opentelemetry-sdk-trace-1.26.0.jar:/Users/kanthreddy/.m2/repository/io/opentelemetry/opentelemetry-sdk/1.26.0/opentelemetry-sdk-1.26.0.jar:/Users/kanthreddy/.m2/repository/io/opentelemetry/opentelemetry-semconv/1.26.0-alpha/opentelemetry-semconv-1.26.0-alpha.jar:/Users/kanthreddy/.m2/repository/net/bytebuddy/byte-buddy/1.14.4/byte-buddy-1.14.4.jar:/Users/kanthreddy/.m2/repository/org/apache/commons/commons-exec/1.3/commons-exec-1.3.jar:/Users/kanthreddy/.m2/repository/org/asynchttpclient/async-http-client/2.12.3/async-http-client-2.12.3.jar:/Users/kanthreddy/.m2/repository/org/asynchttpclient/async-http-client-netty-utils/2.12.3/async-http-client-netty-utils-2.12.3.jar:/Users/kanthreddy/.m2/repository/io/netty/netty-codec-socks/4.1.60.Final/netty-codec-socks-4.1.60.Final.jar:/Users/kanthreddy/.m2/repository/io/netty/netty-handler-proxy/4.1.60.Final/netty-handler-proxy-4.1.60.Final.jar:/Users/kanthreddy/.m2/repository/io/netty/netty-transport-native-epoll/4.1.60.Final/netty-transport-native-epoll-4.1.60.Final-linux-x86_64.jar:/Users/kanthreddy/.m2/repository/io/netty/netty-transport-native-kqueue/4.1.60.Final/netty-transport-native-kqueue-4.1.60.Final-osx-x86_64.jar:/Users/kanthreddy/.m2/repository/com/typesafe/netty/netty-reactive-streams/2.0.4/netty-reactive-streams-2.0.4.jar:/Users/kanthreddy/.m2/repository/com/sun/activation/jakarta.activation/1.2.2/jakarta.activation-1.2.2.jar:/Users/kanthreddy/.m2/repository/org/seleniumhq/selenium/selenium-safari-driver/4.10.0/selenium-safari-driver-4.10.0.jar:/Users/kanthreddy/.m2/repository/org/seleniumhq/selenium/selenium-support/4.10.0/selenium-support-4.10.0.jar:/Users/kanthreddy/.m2/repository/org/seleniumhq/selenium/selenium-http-jdk-client/4.10.0/selenium-http-jdk-client-4.10.0.jar:/Users/kanthreddy/.m2/repository/com/google/auto/service/auto-service-annotations/1.0.1/auto-service-annotations-1.0.1.jar:/Users/kanthreddy/.m2/repository/com/google/auto/service/auto-service/1.0.1/auto-service-1.0.1.jar:/Users/kanthreddy/.m2/repository/com/google/auto/auto-common/1.2/auto-common-1.2.jar:/Users/kanthreddy/.m2/repository/org/seleniumhq/selenium/selenium-http/4.10.0/selenium-http-4.10.0.jar:/Users/kanthreddy/.m2/repository/dev/failsafe/failsafe/3.3.1/failsafe-3.3.1.jar:/Users/kanthreddy/.m2/repository/org/testng/testng/7.8.0/testng-7.8.0.jar:/Users/kanthreddy/.m2/repository/org/slf4j/slf4j-api/1.7.36/slf4j-api-1.7.36.jar:/Users/kanthreddy/.m2/repository/com/beust/jcommander/1.82/jcommander-1.82.jar:/Users/kanthreddy/.m2/repository/org/webjars/jquery/3.6.1/jquery-3.6.1.jar:/Users/kanthreddy/.m2/repository/com/fasterxml/jackson/core/jackson-databind/2.15.2/jackson-databind-2.15.2.jar:/Users/kanthreddy/.m2/repository/com/fasterxml/jackson/core/jackson-annotations/2.15.2/jackson-annotations-2.15.2.jar:/Users/kanthreddy/.m2/repository/com/fasterxml/jackson/core/jackson-core/2.15.2/jackson-core-2.15.2.jar:/Users/kanthreddy/.m2/repository/com/sun/mail/javax.mail/1.6.2/javax.mail-1.6.2.jar:/Users/kanthreddy/.m2/repository/javax/activation/activation/1.1/activation-1.1.jar:/Users/kanthreddy/.m2/repository/org/zeroturnaround/zt-zip/1.15/zt-zip-1.15.jar:/Users/kanthreddy/.m2/repository/org/apache/logging/log4j/log4j-api/2.20.0/log4j-api-2.20.0.jar:/Users/kanthreddy/.m2/repository/org/apache/logging/log4j/log4j-core/2.20.0/log4j-core-2.20.0.jar:/Users/kanthreddy/.m2/repository/org/apache/logging/log4j/log4j-slf4j-impl/2.20.0/log4j-slf4j-impl-2.20.0.jar:/Users/kanthreddy/.m2/repository/io/qameta/allure/allure-testng/2.22.1/allure-testng-2.22.1.jar:/Users/kanthreddy/.m2/repository/io/qameta/allure/allure-test-filter/2.22.1/allure-test-filter-2.22.1.jar:/Users/kanthreddy/.m2/repository/io/qameta/allure/allure-attachments/2.22.1/allure-attachments-2.22.1.jar:/Users/kanthreddy/.m2/repository/com/github/automatedowl/allure-environment-writer/1.0.0/allure-environment-writer-1.0.0.jar:/Users/kanthreddy/.m2/repository/io/github/bonigarcia/webdrivermanager/5.4.1/webdrivermanager-5.4.1.jar:/Users/kanthreddy/.m2/repository/com/github/docker-java/docker-java/3.3.2/docker-java-3.3.2.jar:/Users/kanthreddy/.m2/repository/com/github/docker-java/docker-java-core/3.3.2/docker-java-core-3.3.2.jar:/Users/kanthreddy/.m2/repository/com/github/docker-java/docker-java-api/3.3.2/docker-java-api-3.3.2.jar:/Users/kanthreddy/.m2/repository/org/bouncycastle/bcpkix-jdk15on/1.64/bcpkix-jdk15on-1.64.jar:/Users/kanthreddy/.m2/repository/org/bouncycastle/bcprov-jdk15on/1.64/bcprov-jdk15on-1.64.jar:/Users/kanthreddy/.m2/repository/org/slf4j/jcl-over-slf4j/1.7.30/jcl-over-slf4j-1.7.30.jar:/Users/kanthreddy/.m2/repository/com/github/docker-java/docker-java-transport-httpclient5/3.3.2/docker-java-transport-httpclient5-3.3.2.jar:/Users/kanthreddy/.m2/repository/com/github/docker-java/docker-java-transport/3.3.2/docker-java-transport-3.3.2.jar:/Users/kanthreddy/.m2/repository/net/java/dev/jna/jna/5.12.1/jna-5.12.1.jar:/Users/kanthreddy/.m2/repository/org/brotli/dec/0.1.2/dec-0.1.2.jar:/Users/kanthreddy/.m2/repository/org/apache/commons/commons-lang3/3.12.0/commons-lang3-3.12.0.jar:/Users/kanthreddy/.m2/repository/org/apache/httpcomponents/client5/httpclient5/5.2.1/httpclient5-5.2.1.jar:/Users/kanthreddy/.m2/repository/org/apache/httpcomponents/core5/httpcore5/5.2/httpcore5-5.2.jar:/Users/kanthreddy/.m2/repository/org/apache/httpcomponents/core5/httpcore5-h2/5.2/httpcore5-h2-5.2.jar:/Users/kanthreddy/.m2/repository/com/google/guava/guava/32.0.0-jre/guava-32.0.0-jre.jar:/Users/kanthreddy/.m2/repository/com/google/guava/failureaccess/1.0.1/failureaccess-1.0.1.jar:/Users/kanthreddy/.m2/repository/com/google/guava/listenablefuture/9999.0-empty-to-avoid-conflict-with-guava/listenablefuture-9999.0-empty-to-avoid-conflict-with-guava.jar:/Users/kanthreddy/.m2/repository/com/google/code/findbugs/jsr305/3.0.2/jsr305-3.0.2.jar:/Users/kanthreddy/.m2/repository/org/checkerframework/checker-qual/3.33.0/checker-qual-3.33.0.jar:/Users/kanthreddy/.m2/repository/com/google/errorprone/error_prone_annotations/2.18.0/error_prone_annotations-2.18.0.jar:/Users/kanthreddy/.m2/repository/com/google/j2objc/j2objc-annotations/2.8/j2objc-annotations-2.8.jar:/Users/kanthreddy/.m2/repository/org/apache/maven/plugins/maven-compiler-plugin/3.11.0/maven-compiler-plugin-3.11.0.jar:/Users/kanthreddy/.m2/repository/org/apache/maven/shared/maven-shared-utils/3.3.4/maven-shared-utils-3.3.4.jar:/Users/kanthreddy/.m2/repository/org/apache/maven/shared/maven-shared-incremental/1.1/maven-shared-incremental-1.1.jar:/Users/kanthreddy/.m2/repository/org/codehaus/plexus/plexus-component-annotations/1.5.5/plexus-component-annotations-1.5.5.jar:/Users/kanthreddy/.m2/repository/org/codehaus/plexus/plexus-java/1.1.2/plexus-java-1.1.2.jar:/Users/kanthreddy/.m2/repository/org/ow2/asm/asm/9.4/asm-9.4.jar:/Users/kanthreddy/.m2/repository/com/thoughtworks/qdox/qdox/2.0.3/qdox-2.0.3.jar:/Users/kanthreddy/.m2/repository/org/codehaus/plexus/plexus-compiler-api/2.13.0/plexus-compiler-api-2.13.0.jar:/Users/kanthreddy/.m2/repository/org/codehaus/plexus/plexus-utils/3.4.2/plexus-utils-3.4.2.jar:/Users/kanthreddy/.m2/repository/org/codehaus/plexus/plexus-compiler-manager/2.13.0/plexus-compiler-manager-2.13.0.jar:/Users/kanthreddy/.m2/repository/org/codehaus/plexus/plexus-compiler-javac/2.13.0/plexus-compiler-javac-2.13.0.jar:/Users/kanthreddy/.m2/repository/org/apache/maven/plugins/maven-surefire-plugin/3.1.2/maven-surefire-plugin-3.1.2.jar:/Users/kanthreddy/.m2/repository/org/apache/maven/surefire/maven-surefire-common/3.1.2/maven-surefire-common-3.1.2.jar:/Users/kanthreddy/.m2/repository/org/apache/maven/surefire/surefire-api/3.1.2/surefire-api-3.1.2.jar:/Users/kanthreddy/.m2/repository/org/apache/maven/surefire/surefire-logger-api/3.1.2/surefire-logger-api-3.1.2.jar:/Users/kanthreddy/.m2/repository/org/apache/maven/surefire/surefire-extensions-api/3.1.2/surefire-extensions-api-3.1.2.jar:/Users/kanthreddy/.m2/repository/org/apache/maven/surefire/surefire-booter/3.1.2/surefire-booter-3.1.2.jar:/Users/kanthreddy/.m2/repository/org/apache/maven/surefire/surefire-extensions-spi/3.1.2/surefire-extensions-spi-3.1.2.jar:/Users/kanthreddy/.m2/repository/org/eclipse/aether/aether-util/1.0.0.v20140518/aether-util-1.0.0.v20140518.jar:/Users/kanthreddy/.m2/repository/org/eclipse/aether/aether-api/1.0.0.v20140518/aether-api-1.0.0.v20140518.jar:/Users/kanthreddy/.m2/repository/org/apache/maven/shared/maven-common-artifact-filters/3.1.1/maven-common-artifact-filters-3.1.1.jar:/Users/kanthreddy/.m2/repository/org/apache/maven/maven-artifact/3.1.0/maven-artifact-3.1.0.jar:/Users/kanthreddy/.m2/repository/org/apache/maven/maven-core/3.1.0/maven-core-3.1.0.jar:/Users/kanthreddy/.m2/repository/org/apache/maven/maven-settings/3.1.0/maven-settings-3.1.0.jar:/Users/kanthreddy/.m2/repository/org/apache/maven/maven-settings-builder/3.1.0/maven-settings-builder-3.1.0.jar:/Users/kanthreddy/.m2/repository/org/apache/maven/maven-repository-metadata/3.1.0/maven-repository-metadata-3.1.0.jar:/Users/kanthreddy/.m2/repository/org/apache/maven/maven-model-builder/3.1.0/maven-model-builder-3.1.0.jar:/Users/kanthreddy/.m2/repository/org/apache/maven/maven-aether-provider/3.1.0/maven-aether-provider-3.1.0.jar:/Users/kanthreddy/.m2/repository/org/eclipse/aether/aether-spi/0.9.0.M2/aether-spi-0.9.0.M2.jar:/Users/kanthreddy/.m2/repository/org/eclipse/aether/aether-impl/0.9.0.M2/aether-impl-0.9.0.M2.jar:/Users/kanthreddy/.m2/repository/org/eclipse/sisu/org.eclipse.sisu.plexus/0.0.0.M2a/org.eclipse.sisu.plexus-0.0.0.M2a.jar:/Users/kanthreddy/.m2/repository/javax/enterprise/cdi-api/1.0/cdi-api-1.0.jar:/Users/kanthreddy/.m2/repository/javax/annotation/jsr250-api/1.0/jsr250-api-1.0.jar:/Users/kanthreddy/.m2/repository/javax/inject/javax.inject/1/javax.inject-1.jar:/Users/kanthreddy/.m2/repository/org/sonatype/sisu/sisu-guice/3.1.0/sisu-guice-3.1.0-no_aop.jar:/Users/kanthreddy/.m2/repository/aopalliance/aopalliance/1.0/aopalliance-1.0.jar:/Users/kanthreddy/.m2/repository/org/eclipse/sisu/org.eclipse.sisu.inject/0.0.0.M2a/org.eclipse.sisu.inject-0.0.0.M2a.jar:/Users/kanthreddy/.m2/repository/asm/asm/3.3.1/asm-3.3.1.jar:/Users/kanthreddy/.m2/repository/org/codehaus/plexus/plexus-interpolation/1.16/plexus-interpolation-1.16.jar:/Users/kanthreddy/.m2/repository/org/codehaus/plexus/plexus-classworlds/2.4.2/plexus-classworlds-2.4.2.jar:/Users/kanthreddy/.m2/repository/org/sonatype/plexus/plexus-sec-dispatcher/1.3/plexus-sec-dispatcher-1.3.jar:/Users/kanthreddy/.m2/repository/org/sonatype/plexus/plexus-cipher/1.4/plexus-cipher-1.4.jar:/Users/kanthreddy/.m2/repository/org/apache/maven/maven-plugin-api/3.1.0/maven-plugin-api-3.1.0.jar:/Users/kanthreddy/.m2/repository/org/apache/maven/surefire/surefire-shared-utils/3.1.2/surefire-shared-utils-3.1.2.jar:/Users/kanthreddy/.m2/repository/org/apache/poi/poi/5.2.3/poi-5.2.3.jar:/Users/kanthreddy/.m2/repository/commons-codec/commons-codec/1.15/commons-codec-1.15.jar:/Users/kanthreddy/.m2/repository/org/apache/commons/commons-collections4/4.4/commons-collections4-4.4.jar:/Users/kanthreddy/.m2/repository/org/apache/commons/commons-math3/3.6.1/commons-math3-3.6.1.jar:/Users/kanthreddy/.m2/repository/com/zaxxer/SparseBitSet/1.2/SparseBitSet-1.2.jar:/Users/kanthreddy/.m2/repository/org/apache/poi/poi-ooxml/5.2.3/poi-ooxml-5.2.3.jar:/Users/kanthreddy/.m2/repository/org/apache/poi/poi-ooxml-lite/5.2.3/poi-ooxml-lite-5.2.3.jar:/Users/kanthreddy/.m2/repository/org/apache/xmlbeans/xmlbeans/5.1.1/xmlbeans-5.1.1.jar:/Users/kanthreddy/.m2/repository/org/apache/commons/commons-compress/1.21/commons-compress-1.21.jar:/Users/kanthreddy/.m2/repository/com/github/virtuald/curvesapi/1.07/curvesapi-1.07.jar:/Users/kanthreddy/.m2/repository/commons-io/commons-io/2.13.0/commons-io-2.13.0.jar:/Users/kanthreddy/.m2/repository/com/github/stephenc/monte/monte-screen-recorder/0.7.7.0/monte-screen-recorder-0.7.7.0.jar:/Users/kanthreddy/.m2/repository/org/aeonbits/owner/owner/1.0.12/owner-1.0.12.jar:/Users/kanthreddy/.m2/repository/org/projectlombok/lombok/1.18.28/lombok-1.18.28.jar:/Users/kanthreddy/.m2/repository/com/mysql/mysql-connector-j/8.0.33/mysql-connector-j-8.0.33.jar:/Users/kanthreddy/.m2/repository/com/google/protobuf/protobuf-java/3.21.9/protobuf-java-3.21.9.jar:/Users/kanthreddy/.m2/repository/com/google/zxing/javase/3.5.1/javase-3.5.1.jar:/Users/kanthreddy/.m2/repository/com/github/jai-imageio/jai-imageio-core/1.4.0/jai-imageio-core-1.4.0.jar:/Users/kanthreddy/.m2/repository/com/google/zxing/core/3.5.1/core-3.5.1.jar:/Users/kanthreddy/.m2/repository/org/aspectj/aspectjweaver/1.9.19/aspectjweaver-1.9.19.jar:"/>
    <property name="sun.cpu.endian" value="little"/>
    <property name="allure.results.directory" value="target/allure-results"/>
    <property name="user.home" value="/Users/kanthreddy"/>
    <property name="user.language" value="en"/>
    <property name="java.specification.vendor" value="Oracle Corporation"/>
    <property name="java.version.date" value="2022-07-19"/>
    <property name="java.home" value="/Library/Java/JavaVirtualMachines/jdk-11.0.16.jdk/Contents/Home"/>
    <property name="file.separator" value="/"/>
    <property name="basedir" value="/Users/kanthreddy/wip/Hubpay_QAAutomation"/>
    <property name="java.vm.compressedOopsMode" value="Zero based"/>
    <property name="line.separator" value="&#10;"/>
    <property name="java.specification.name" value="Java Platform API Specification"/>
    <property name="java.vm.specification.vendor" value="Oracle Corporation"/>
    <property name="java.awt.graphicsenv" value="sun.awt.CGraphicsEnvironment"/>
    <property name="surefire.real.class.path" value="/Users/kanthreddy/wip/Hubpay_QAAutomation/target/surefire/surefirebooter-20230905193624459_3.jar"/>
    <property name="sun.management.compiler" value="HotSpot 64-Bit Tiered Compilers"/>
    <property name="ftp.nonProxyHosts" value="local|*.local|169.254/16|*.169.254/16"/>
    <property name="java.runtime.version" value="11.0.16+11-LTS-199"/>
    <property name="user.name" value="kanthreddy"/>
    <property name="path.separator" value=":"/>
    <property name="os.version" value="12.6"/>
    <property name="java.runtime.name" value="Java(TM) SE Runtime Environment"/>
    <property name="file.encoding" value="UTF-8"/>
    <property name="java.vm.name" value="Java HotSpot(TM) 64-Bit Server VM"/>
    <property name="java.vendor.version" value="18.9"/>
    <property name="localRepository" value="/Users/kanthreddy/.m2/repository"/>
    <property name="java.vendor.url.bug" value="https://bugreport.java.com/bugreport/"/>
    <property name="java.io.tmpdir" value="/var/folders/bz/l4ntdftn1jd_wcytx8kp0fnh0000gn/T/"/>
    <property name="java.version" value="11.0.16"/>
    <property name="user.dir" value="/Users/kanthreddy/wip/Hubpay_QAAutomation"/>
    <property name="os.arch" value="aarch64"/>
    <property name="java.vm.specification.name" value="Java Virtual Machine Specification"/>
    <property name="java.awt.printerjob" value="sun.lwawt.macosx.CPrinterJob"/>
    <property name="sun.os.patch.level" value="unknown"/>
    <property name="java.library.path" value="/Users/kanthreddy/Library/Java/Extensions:/Library/Java/Extensions:/Network/Library/Java/Extensions:/System/Library/Java/Extensions:/usr/lib/java:."/>
    <property name="java.vendor" value="Oracle Corporation"/>
    <property name="java.vm.info" value="mixed mode"/>
    <property name="java.vm.version" value="11.0.16+11-LTS-199"/>
    <property name="sun.io.unicode.encoding" value="UnicodeBig"/>
    <property name="java.class.version" value="55.0"/>
    <property name="socksNonProxyHosts" value="local|*.local|169.254/16|*.169.254/16"/>
    <property name="webdriver.http.factory" value="jdk-http-client"/>
  </properties>
  <testcase name="runScenario[&quot;Verify the end to end flow of International payments with Multiple recipients for AUD corridor&quot;, &quot;End to End International payment flow with Multiple Recipients - AUD&quot;](1)" classname="anhtester.com.runners.OpsTestRunner" time="388.862"/>
  <testcase name="runScenario[&quot;Verify the end to end flow of International payments with Multiple recipients for CAD corridor&quot;, &quot;End to End International payment flow with Multiple Recipients - CAD&quot;](2)" classname="anhtester.com.runners.OpsTestRunner" time="392.054"/>
  <testcase name="runScenario[&quot;Verify the end to end flow of International payments with Multiple recipients for CHF corridor&quot;, &quot;End to End International payment flow with Multiple Recipients - CHF&quot;](3)" classname="anhtester.com.runners.OpsTestRunner" time="76.485">
    <failure message="The condition is FALSE. expected [true] but found [false]" type="java.lang.AssertionError"><![CDATA[java.lang.AssertionError: The condition is FALSE. expected [true] but found [false]
	at org.testng.Assert.fail(Assert.java:111)
	at org.testng.Assert.failNotEquals(Assert.java:1578)
	at org.testng.Assert.assertTrue(Assert.java:57)
	at anhtester.com.keywords.WebUI.verifyTrue(WebUI.java:1033)
	at anhtester.com.hubpay.corp.pages.DashboardPage.searchAndVerifyPaymentInTransactionGrid(DashboardPage.java:219)
	at anhtester.com.hubpay.corp.stepdefinitions.DashboardPageStepDefinition.I_search_verify_payment_for_in_the_Transactions_grid(DashboardPageStepDefinition.java:170)
	at ✽.I search and verify payment for "BUSINESS" in the Transactions grid(file:///Users/kanthreddy/wip/Hubpay_QAAutomation/src/test/resources/features/InternationalPayments/InternationalPaymentFlow_MultipleRecipients_CHF.feature:48)
]]></failure>
    <system-out><![CDATA[
@intlmultiplepayments @chf @multitenor @corp
Scenario Outline: Verify the end to end flow of International payments with Multiple recipients for CHF corridor      # src/test/resources/features/InternationalPayments/InternationalPaymentFlow_MultipleRecipients_CHF.feature:162
[INFO] 05-09-2023 19:49:29 [WebDriverManager] - Using chromedriver 116.0.5845.96 (resolved driver for Chrome 116)
[INFO] 05-09-2023 19:49:29 [WebDriverManager] - Exporting webdriver.chrome.driver as /Users/kanthreddy/.cache/selenium/chromedriver/mac-arm64/116.0.5845.96/chromedriver
[INFO] 05-09-2023 19:49:30 [LogUtils] - Driver in TestContext: ChromeDriver: chrome on mac (d67bb7af892b71931d046460dc518cae)
  Given I setup test data file name for "InternationalPayments_Multiple" "CHF" "60"                                   # anhtester.com.common.CommonSteps.I_create_testdata_file_for(java.lang.String,java.lang.String,java.lang.String)
[INFO] 05-09-2023 19:49:32 [LogUtils] - Open URL: https://corporate-dev.hubpay.ae/auth/signin
[INFO] 05-09-2023 19:49:32 [LogUtils] - Verify element visible By.cssSelector: input[name='username']
[INFO] 05-09-2023 19:49:32 [LogUtils] - Set text sreekanth@hubpay.ae on By.cssSelector: input[name='username']
[INFO] 05-09-2023 19:49:32 [LogUtils] - Verify element visible By.cssSelector: input[name='password']
[INFO] 05-09-2023 19:49:32 [LogUtils] - Set text Passhub@1 on By.cssSelector: input[name='password']
[INFO] 05-09-2023 19:49:32 [LogUtils] - Click on element with JS: By.xpath: //button[text()='Next']
[INFO] 05-09-2023 19:49:35 [LogUtils] - Verify element visible By.xpath: //li[contains(.,'Sign out')]
Login successful
  Given I'm Logged in to the Corp portal                                                                              # anhtester.com.common.CommonSteps.I_enter_credentials_on_CorpSuite_Login_Page()
{COMMON={toCurrencyName=Swiss Franc, toCurrencyCode=CHF, fromCurrencyName=UAE Dirham, fromCurrencyCode=AED, toCurrencyWalletBalance=CHF 841.00, feePerPayment=AED 52.50, processingTime=1-2 business days, fromCurrencyWalletBalance=AED 451651.61, noOfPayments=2, totalReceiveAmount=CHF 70.00, totalAmount=null, totalFees=AED 105.00, totalPayable=AED 398.90, balanceDue=CHF 0.00, expectedPaymentDate=07/09/2023, paymentMethod=SWIFT, provider=CAB, createdAt=Tuesday 5 September 2023, fromCurrencyWalletBalanceAfterPaymentCompleted=null, liveRate=1 CHF = 4.19858 AED, settlementDate=07/09/2023, formatted_settlementDate=null, toCurrencyWalletBalanceAfterSettlementReceived=null, fromCurrencyWalletBalanceAfterSettlementReceived=null, totalSendAmount=AED 293.90, availableFromWalletBalance=AED 398.90, scheduledAt=05/09/2023, toCurrencyWalletBalanceAfterPaymentCompleted=CHF 841.00}, EXCHANGE={toAmount=70.00, fromAmount=AED 293.90, type=International Exchange, createdAt=Tuesday 5 September 2023, reference=AF-HB4U-8NRL, orderedAt=05/09/2023, orderSettledAt=05/09/2023, rejectedAt=-, completedAt=05/09/2023, totalFundsDue=AED 398.90, status=Ordered}, BUSINESS={recipientType=Business, toAmount=CHF 50.00, fromAmount=, recipientName=AUTO INTL CHF BUSINESS NAME, addressLineOne=AUTO INTL CHF BUSINESS ADDR ONE, addressLineTwo=AUTO INTL CHF BUSINESS ADDR TWO, city=AUTO INTL CHF BUSINESS ADDR CITY, province=AUTO INTL CHF BUSINESS PROVINCE, postalCode=01234, country=Switzerland, countryCode=CH, accountNumber=CH9300762011623852957, bicCode=CRESCHZZXXX, bankCode=null, thirdPartyReference=CHF1234TPR, documentNumber=CHFINV1234, purposeOfPayment=Travel, reference=AP-JIZP-AKQN, status=Completed, processingStatus=COMPLETED, resultStatus=PAID, scheduledAt=-, submittingAt=05/09/2023, pendingAt=05/09/2023, lastUpdatedAt=05/09/2023, completedAt=05/09/2023, declinedAt=-, declinedBy=-, declinedReason=-, providerStatusCode=200, providerStatusDescription=-, providerAmountPaid=CHF 50.00, providerFeePaid=-, providerTransactionId=-, providerDatePaid=05/09/2023, providerValueDate=-, providerPaymentValueDate=-}, INDIVIDUAL={recipientType=Individual, toAmount=CHF 20.00, fromAmount=, recipientName=AUTO INTL CHF INDIVIDUAL NAME, addressLineOne=AUTO INTL CHF INDV ADDR ONE, addressLineTwo=AUTO INTL CHF INDV ADDR TWO, city=AUTO INTL CHF INDV ADDR CITY, province=AUTO INTL CHF INDV PROVINCE, postalCode=567890, country=Switzerland, countryCode=CH, accountNumber=CH9300762011623852957, bicCode=CRESCHZZXXX, bankCode=null, thirdPartyReference=CHF-TPR-INDV-1010, documentNumber=CHF-INV-INDV-1010, purposeOfPayment=Education, reference=AP-EIY8-HDIQ, status=Completed, processingStatus=COMPLETED, resultStatus=PAID, scheduledAt=-, submittingAt=05/09/2023, pendingAt=05/09/2023, lastUpdatedAt=05/09/2023, completedAt=05/09/2023, declinedAt=-, declinedBy=-, declinedReason=-, providerStatusCode=200, providerStatusDescription=-, providerAmountPaid=CHF 20.00, providerFeePaid=-, providerTransactionId=-, providerDatePaid=05/09/2023, providerValueDate=-, providerPaymentValueDate=-}}
[INFO] 05-09-2023 19:49:38 [LogUtils] - Verify element visible By.xpath: //h1[text()='Dashboard']
[INFO] 05-09-2023 19:49:38 [LogUtils] - Verify element visible By.xpath: //h1[text()='Dashboard']
  Then I verify Dashboard page is displayed                                                                           # anhtester.com.hubpay.corp.stepdefinitions.DashboardPageStepDefinition.I_verify_dashboard_page_is_displayed()
I_note_wallet_balance_for_corridor:src/test/resources/testdata/InternationalPayments_Multiple_CHF_60.json
[INFO] 05-09-2023 19:49:40 [LogUtils] - Verify element visible By.xpath: //p[contains(text(),'AED')]
[INFO] 05-09-2023 19:49:40 [LogUtils] - Verify element visible By.xpath: //p[contains(text(),'AED')]
[INFO] 05-09-2023 19:49:40 [LogUtils] - Verify element visible By.xpath: //p[contains(text(),'CHF')]
[INFO] 05-09-2023 19:49:40 [LogUtils] - Verify element visible By.xpath: //p[contains(text(),'CHF')]
  Then I Note the wallet balance of the "AED" and "CHF" on Dashboard page                                             # anhtester.com.hubpay.corp.stepdefinitions.DashboardPageStepDefinition.I_note_wallet_balance_for_corridor(java.lang.String,java.lang.String)
[INFO] 05-09-2023 19:49:40 [LogUtils] - Verify element visible By.xpath: //a[text()='Send international']
[INFO] 05-09-2023 19:49:40 [LogUtils] - Clicked on the element By.xpath: //a[text()='Send international']
[INFO] 05-09-2023 19:49:42 [LogUtils] - Verify element visible By.xpath: //h1[text()='International payment']
  Then I navigate to International Payments page                                                                      # anhtester.com.hubpay.corp.stepdefinitions.DashboardPageStepDefinition.I_navigate_to_international_payments_page()
{COMMON={toCurrencyName=Swiss Franc, toCurrencyCode=CHF, fromCurrencyName=UAE Dirham, fromCurrencyCode=AED, toCurrencyWalletBalance=CHF 841.00, feePerPayment=AED 52.50, processingTime=1-2 business days, fromCurrencyWalletBalance=AED 450,529.96, noOfPayments=2, totalReceiveAmount=CHF 70.00, totalAmount=null, totalFees=AED 105.00, totalPayable=AED 398.90, balanceDue=CHF 0.00, expectedPaymentDate=07/09/2023, paymentMethod=SWIFT, provider=CAB, createdAt=Tuesday 5 September 2023, fromCurrencyWalletBalanceAfterPaymentCompleted=null, liveRate=1 CHF = 4.19858 AED, settlementDate=07/09/2023, formatted_settlementDate=null, toCurrencyWalletBalanceAfterSettlementReceived=null, fromCurrencyWalletBalanceAfterSettlementReceived=null, totalSendAmount=AED 293.90, availableFromWalletBalance=AED 398.90, scheduledAt=05/09/2023, toCurrencyWalletBalanceAfterPaymentCompleted=CHF 841.00}, EXCHANGE={toAmount=70.00, fromAmount=AED 293.90, type=International Exchange, createdAt=Tuesday 5 September 2023, reference=AF-HB4U-8NRL, orderedAt=05/09/2023, orderSettledAt=05/09/2023, rejectedAt=-, completedAt=05/09/2023, totalFundsDue=AED 398.90, status=Ordered}, BUSINESS={recipientType=Business, toAmount=CHF 50.00, fromAmount=, recipientName=AUTO INTL CHF BUSINESS NAME, addressLineOne=AUTO INTL CHF BUSINESS ADDR ONE, addressLineTwo=AUTO INTL CHF BUSINESS ADDR TWO, city=AUTO INTL CHF BUSINESS ADDR CITY, province=AUTO INTL CHF BUSINESS PROVINCE, postalCode=01234, country=Switzerland, countryCode=CH, accountNumber=CH9300762011623852957, bicCode=CRESCHZZXXX, bankCode=null, thirdPartyReference=CHF1234TPR, documentNumber=CHFINV1234, purposeOfPayment=Travel, reference=AP-JIZP-AKQN, status=Completed, processingStatus=COMPLETED, resultStatus=PAID, scheduledAt=-, submittingAt=05/09/2023, pendingAt=05/09/2023, lastUpdatedAt=05/09/2023, completedAt=05/09/2023, declinedAt=-, declinedBy=-, declinedReason=-, providerStatusCode=200, providerStatusDescription=-, providerAmountPaid=CHF 50.00, providerFeePaid=-, providerTransactionId=-, providerDatePaid=05/09/2023, providerValueDate=-, providerPaymentValueDate=-}, INDIVIDUAL={recipientType=Individual, toAmount=CHF 20.00, fromAmount=, recipientName=AUTO INTL CHF INDIVIDUAL NAME, addressLineOne=AUTO INTL CHF INDV ADDR ONE, addressLineTwo=AUTO INTL CHF INDV ADDR TWO, city=AUTO INTL CHF INDV ADDR CITY, province=AUTO INTL CHF INDV PROVINCE, postalCode=567890, country=Switzerland, countryCode=CH, accountNumber=CH9300762011623852957, bicCode=CRESCHZZXXX, bankCode=null, thirdPartyReference=CHF-TPR-INDV-1010, documentNumber=CHF-INV-INDV-1010, purposeOfPayment=Education, reference=AP-EIY8-HDIQ, status=Completed, processingStatus=COMPLETED, resultStatus=PAID, scheduledAt=-, submittingAt=05/09/2023, pendingAt=05/09/2023, lastUpdatedAt=05/09/2023, completedAt=05/09/2023, declinedAt=-, declinedBy=-, declinedReason=-, providerStatusCode=200, providerStatusDescription=-, providerAmountPaid=CHF 20.00, providerFeePaid=-, providerTransactionId=-, providerDatePaid=05/09/2023, providerValueDate=-, providerPaymentValueDate=-}}
[INFO] 05-09-2023 19:49:42 [LogUtils] - Verify element visible By.xpath: //h1[text()='Currency']
[INFO] 05-09-2023 19:49:42 [LogUtils] - Verify element visible By.xpath: //p[text()='Select the currency you are sending from and the currency your recipient gets']
[INFO] 05-09-2023 19:49:42 [LogUtils] - Verify element visible By.xpath: //span[text()='Select wallet']/parent::button
  Then I verify default details on International payments page                                                        # anhtester.com.hubpay.corp.stepdefinitions.PaymentsPageStepDefinition.I_verify_defaultdetails_international_payments_page()
[INFO] 05-09-2023 19:49:52 [LogUtils] - Verify element visible By.xpath: //span[text()='Select wallet']/parent::button
[INFO] 05-09-2023 19:49:52 [LogUtils] - Clicked on the element By.xpath: //span[text()='Select wallet']/parent::button
Tag name - div
value - null
innerText -CHF
  When I select "CHF" corridor on International Payments page                                                         # anhtester.com.hubpay.corp.stepdefinitions.PaymentsPageStepDefinition.I_select_corridor_on_international_payments_page(java.lang.String)
{COMMON={toCurrencyName=Swiss Franc, toCurrencyCode=CHF, fromCurrencyName=UAE Dirham, fromCurrencyCode=AED, toCurrencyWalletBalance=CHF 841.00, feePerPayment=AED 52.50, processingTime=1-2 business days, fromCurrencyWalletBalance=AED 450,529.96, noOfPayments=2, totalReceiveAmount=CHF 70.00, totalAmount=null, totalFees=AED 105.00, totalPayable=AED 398.90, balanceDue=CHF 0.00, expectedPaymentDate=07/09/2023, paymentMethod=SWIFT, provider=CAB, createdAt=Tuesday 5 September 2023, fromCurrencyWalletBalanceAfterPaymentCompleted=null, liveRate=1 CHF = 4.19858 AED, settlementDate=07/09/2023, formatted_settlementDate=null, toCurrencyWalletBalanceAfterSettlementReceived=null, fromCurrencyWalletBalanceAfterSettlementReceived=null, totalSendAmount=AED 293.90, availableFromWalletBalance=AED 398.90, scheduledAt=05/09/2023, toCurrencyWalletBalanceAfterPaymentCompleted=CHF 841.00}, EXCHANGE={toAmount=70.00, fromAmount=AED 293.90, type=International Exchange, createdAt=Tuesday 5 September 2023, reference=AF-HB4U-8NRL, orderedAt=05/09/2023, orderSettledAt=05/09/2023, rejectedAt=-, completedAt=05/09/2023, totalFundsDue=AED 398.90, status=Ordered}, BUSINESS={recipientType=Business, toAmount=CHF 50.00, fromAmount=, recipientName=AUTO INTL CHF BUSINESS NAME, addressLineOne=AUTO INTL CHF BUSINESS ADDR ONE, addressLineTwo=AUTO INTL CHF BUSINESS ADDR TWO, city=AUTO INTL CHF BUSINESS ADDR CITY, province=AUTO INTL CHF BUSINESS PROVINCE, postalCode=01234, country=Switzerland, countryCode=CH, accountNumber=CH9300762011623852957, bicCode=CRESCHZZXXX, bankCode=null, thirdPartyReference=CHF1234TPR, documentNumber=CHFINV1234, purposeOfPayment=Travel, reference=AP-JIZP-AKQN, status=Completed, processingStatus=COMPLETED, resultStatus=PAID, scheduledAt=-, submittingAt=05/09/2023, pendingAt=05/09/2023, lastUpdatedAt=05/09/2023, completedAt=05/09/2023, declinedAt=-, declinedBy=-, declinedReason=-, providerStatusCode=200, providerStatusDescription=-, providerAmountPaid=CHF 50.00, providerFeePaid=-, providerTransactionId=-, providerDatePaid=05/09/2023, providerValueDate=-, providerPaymentValueDate=-}, INDIVIDUAL={recipientType=Individual, toAmount=CHF 20.00, fromAmount=, recipientName=AUTO INTL CHF INDIVIDUAL NAME, addressLineOne=AUTO INTL CHF INDV ADDR ONE, addressLineTwo=AUTO INTL CHF INDV ADDR TWO, city=AUTO INTL CHF INDV ADDR CITY, province=AUTO INTL CHF INDV PROVINCE, postalCode=567890, country=Switzerland, countryCode=CH, accountNumber=CH9300762011623852957, bicCode=CRESCHZZXXX, bankCode=null, thirdPartyReference=CHF-TPR-INDV-1010, documentNumber=CHF-INV-INDV-1010, purposeOfPayment=Education, reference=AP-EIY8-HDIQ, status=Completed, processingStatus=COMPLETED, resultStatus=PAID, scheduledAt=-, submittingAt=05/09/2023, pendingAt=05/09/2023, lastUpdatedAt=05/09/2023, completedAt=05/09/2023, declinedAt=-, declinedBy=-, declinedReason=-, providerStatusCode=200, providerStatusDescription=-, providerAmountPaid=CHF 20.00, providerFeePaid=-, providerTransactionId=-, providerDatePaid=05/09/2023, providerValueDate=-, providerPaymentValueDate=-}}
[INFO] 05-09-2023 19:49:54 [LogUtils] - Verify element visible By.xpath: //div[contains(text(),'Settlement date')]/preceding-sibling::div//select
  When I select "2 business days" tenor on Exchange page                                                              # anhtester.com.hubpay.corp.stepdefinitions.ExchangePageStepDefinition.I_select_tenor_for_currency_on_exchange_page(java.lang.String)
[INFO] 05-09-2023 19:49:55 [LogUtils] - Verify element visible By.xpath: //div[text()='Live rate']/preceding-sibling::div//div
[INFO] 05-09-2023 19:49:55 [LogUtils] - Verify element visible By.xpath: //div[text()='Live rate']/preceding-sibling::div//div
[INFO] 05-09-2023 19:49:55 [LogUtils] - Verify element visible By.xpath: //div[text()='Live rate']/preceding-sibling::div//div
[INFO] 05-09-2023 19:49:55 [LogUtils] - Verify element visible By.xpath: //div[text()='Live rate']/preceding-sibling::div//div
[INFO] 05-09-2023 19:49:55 [LogUtils] - Verify element visible By.xpath: //div[text()='Live rate']/preceding-sibling::div//div
[INFO] 05-09-2023 19:49:55 [LogUtils] - Verify text of an element [Contains]: true
[INFO] 05-09-2023 19:49:55 [LogUtils] - Verify element visible By.xpath: //div[text()='Live rate']/preceding-sibling::div//div
[INFO] 05-09-2023 19:49:55 [LogUtils] - Verify element visible By.xpath: //div[text()='Live rate']/preceding-sibling::div//div
  Then I verify Live rate is displayed for "CHF" corridor                                                             # anhtester.com.hubpay.corp.stepdefinitions.ExchangePageStepDefinition.I_verify_live_rate_is_displayed_exchange_page(java.lang.String)
[INFO] 05-09-2023 19:49:55 [LogUtils] - Verify element visible By.xpath: //div[text()='Processing time']/preceding-sibling::div
[INFO] 05-09-2023 19:49:55 [LogUtils] - Verify element visible By.xpath: //div[text()='Processing time']/preceding-sibling::div
[INFO] 05-09-2023 19:49:55 [LogUtils] - Verify element visible By.xpath: //div[text()='Processing time']/preceding-sibling::div
[INFO] 05-09-2023 19:49:55 [LogUtils] - Verify text of an element [Equals]: true
[INFO] 05-09-2023 19:49:55 [LogUtils] - Verify element visible By.xpath: //div[text()='Processing time']/preceding-sibling::div
[INFO] 05-09-2023 19:49:55 [LogUtils] - Verify element visible By.xpath: //div[text()='Processing time']/preceding-sibling::div
[INFO] 05-09-2023 19:49:55 [LogUtils] - Verify element visible By.xpath: //div[text()='Processing time']/preceding-sibling::div
[INFO] 05-09-2023 19:49:56 [LogUtils] - Verify element visible By.xpath: //div[text()='Processing time']/preceding-sibling::div
[INFO] 05-09-2023 19:49:56 [LogUtils] - Verify element visible By.xpath: //div[text()='Processing time']/preceding-sibling::div
[INFO] 05-09-2023 19:49:56 [LogUtils] - Verify element visible By.xpath: //div[text()='Processing time']/preceding-sibling::div
[INFO] 05-09-2023 19:49:56 [LogUtils] - Verify element visible By.xpath: //div[text()='Live rate']/preceding-sibling::div//div
[INFO] 05-09-2023 19:49:56 [LogUtils] - Verify element visible By.xpath: //div[text()='Live rate']/preceding-sibling::div//div
[INFO] 05-09-2023 19:49:56 [LogUtils] - Verify element visible By.xpath: //div[contains(text(),'Settlement date')]/span
[INFO] 05-09-2023 19:49:56 [LogUtils] - Verify element visible By.xpath: //div[contains(text(),'Settlement date')]/span
  Then I verify "1-2 business days" for the "CHF" Payments                                                            # anhtester.com.hubpay.corp.stepdefinitions.PaymentsPageStepDefinition.I_verify_processingtime_for_the_payments(java.lang.String,java.lang.String)
[INFO] 05-09-2023 19:49:56 [LogUtils] - Click on element with JS: By.xpath: //button[contains(.,'Next')][contains(@class,'text-primary-foreground')]
[INFO] 05-09-2023 19:49:56 [LogUtils] - Verify element visible By.xpath: //h1[text()='Add the recipients & the amounts you wish to send']
  When I click "Next" button on "Payments" page                                                                       # anhtester.com.hubpay.corp.stepdefinitions.ExchangePageStepDefinition.I_click_button_on_exchange_page(java.lang.String,java.lang.String)
[INFO] 05-09-2023 19:49:56 [LogUtils] - Verify element visible By.xpath: //button[contains(.,'Add individual or business')][contains(@class,'ring-offset-background bg-violet')]
[INFO] 05-09-2023 19:49:56 [LogUtils] - Verify element visible By.xpath: //button[contains(.,'Add individual or business')][contains(@class,'ring-offset-background bg-violet')]
[INFO] 05-09-2023 19:49:57 [LogUtils] - Clicked on the element By.xpath: //button[contains(.,'Add individual or business')][contains(@class,'ring-offset-background bg-violet')]
  When I click "Add individual or business" button on "Payments" page                                                 # anhtester.com.hubpay.corp.stepdefinitions.ExchangePageStepDefinition.I_click_button_on_exchange_page(java.lang.String,java.lang.String)
[INFO] 05-09-2023 19:49:57 [LogUtils] - Verify element visible By.xpath: //div[.='Add new recipient']/parent::div[@role='dialog']
[INFO] 05-09-2023 19:49:57 [LogUtils] - Verify element visible By.xpath: //div[.='Add new recipient']/parent::div[@role='dialog']
  Then I verify Add a new recipient form is displayed                                                                 # anhtester.com.hubpay.corp.stepdefinitions.PaymentsPageStepDefinition.I_verify_add_new_recipient_form_displayed()
[INFO] 05-09-2023 19:49:57 [LogUtils] - Verify element visible By.xpath: //button[text()='Business'][@type='button']
[INFO] 05-09-2023 19:49:57 [LogUtils] - Clicked on the element By.xpath: //button[text()='Business'][@type='button']
[INFO] 05-09-2023 19:49:57 [LogUtils] - Verify element visible By.xpath: //button[text()='Business'][@type='button']
  When I choose "BUSINESS" on Add a new recipient form                                                                # anhtester.com.hubpay.corp.stepdefinitions.PaymentsPageStepDefinition.I_choose_on_Add_new_recipient_form(java.lang.String)
{COMMON={toCurrencyName=Swiss Franc, toCurrencyCode=CHF, fromCurrencyName=UAE Dirham, fromCurrencyCode=AED, toCurrencyWalletBalance=CHF 841.00, feePerPayment=AED 52.50, processingTime=1-2 business days, fromCurrencyWalletBalance=AED 450,529.96, noOfPayments=2, totalReceiveAmount=CHF 70.00, totalAmount=null, totalFees=AED 105.00, totalPayable=AED 398.90, balanceDue=CHF 0.00, expectedPaymentDate=07/09/2023, paymentMethod=SWIFT, provider=CAB, createdAt=Tuesday 5 September 2023, fromCurrencyWalletBalanceAfterPaymentCompleted=null, liveRate=1 CHF = 4.19512 AED, settlementDate=07/09/2023, formatted_settlementDate=null, toCurrencyWalletBalanceAfterSettlementReceived=null, fromCurrencyWalletBalanceAfterSettlementReceived=null, totalSendAmount=AED 293.90, availableFromWalletBalance=AED 398.90, scheduledAt=05/09/2023, toCurrencyWalletBalanceAfterPaymentCompleted=CHF 841.00}, EXCHANGE={toAmount=70.00, fromAmount=AED 293.90, type=International Exchange, createdAt=Tuesday 5 September 2023, reference=AF-HB4U-8NRL, orderedAt=05/09/2023, orderSettledAt=05/09/2023, rejectedAt=-, completedAt=05/09/2023, totalFundsDue=AED 398.90, status=Ordered}, BUSINESS={recipientType=Business, toAmount=CHF 50.00, fromAmount=, recipientName=AUTO INTL CHF BUSINESS NAME, addressLineOne=AUTO INTL CHF BUSINESS ADDR ONE, addressLineTwo=AUTO INTL CHF BUSINESS ADDR TWO, city=AUTO INTL CHF BUSINESS ADDR CITY, province=AUTO INTL CHF BUSINESS PROVINCE, postalCode=01234, country=Switzerland, countryCode=CH, accountNumber=CH9300762011623852957, bicCode=CRESCHZZXXX, bankCode=null, thirdPartyReference=CHF1234TPR, documentNumber=CHFINV1234, purposeOfPayment=Travel, reference=AP-JIZP-AKQN, status=Completed, processingStatus=COMPLETED, resultStatus=PAID, scheduledAt=-, submittingAt=05/09/2023, pendingAt=05/09/2023, lastUpdatedAt=05/09/2023, completedAt=05/09/2023, declinedAt=-, declinedBy=-, declinedReason=-, providerStatusCode=200, providerStatusDescription=-, providerAmountPaid=CHF 50.00, providerFeePaid=-, providerTransactionId=-, providerDatePaid=05/09/2023, providerValueDate=-, providerPaymentValueDate=-}, INDIVIDUAL={recipientType=Individual, toAmount=CHF 20.00, fromAmount=, recipientName=AUTO INTL CHF INDIVIDUAL NAME, addressLineOne=AUTO INTL CHF INDV ADDR ONE, addressLineTwo=AUTO INTL CHF INDV ADDR TWO, city=AUTO INTL CHF INDV ADDR CITY, province=AUTO INTL CHF INDV PROVINCE, postalCode=567890, country=Switzerland, countryCode=CH, accountNumber=CH9300762011623852957, bicCode=CRESCHZZXXX, bankCode=null, thirdPartyReference=CHF-TPR-INDV-1010, documentNumber=CHF-INV-INDV-1010, purposeOfPayment=Education, reference=AP-EIY8-HDIQ, status=Completed, processingStatus=COMPLETED, resultStatus=PAID, scheduledAt=-, submittingAt=05/09/2023, pendingAt=05/09/2023, lastUpdatedAt=05/09/2023, completedAt=05/09/2023, declinedAt=-, declinedBy=-, declinedReason=-, providerStatusCode=200, providerStatusDescription=-, providerAmountPaid=CHF 20.00, providerFeePaid=-, providerTransactionId=-, providerDatePaid=05/09/2023, providerValueDate=-, providerPaymentValueDate=-}}
[INFO] 05-09-2023 19:49:57 [LogUtils] - Verify element visible By.xpath: //label[text()='Enter payment amount']/preceding-sibling::input
[INFO] 05-09-2023 19:49:57 [LogUtils] - Set text 50.00 on By.xpath: //label[text()='Enter payment amount']/preceding-sibling::input
[INFO] 05-09-2023 19:49:57 [LogUtils] - Verify element visible By.xpath: //label[text()='Full Registered business name']/preceding-sibling::input
[INFO] 05-09-2023 19:49:57 [LogUtils] - Set text AUTO INTL CHF BUSINESS NAME on By.xpath: //label[text()='Full Registered business name']/preceding-sibling::input
[INFO] 05-09-2023 19:49:57 [LogUtils] - Verify element visible By.xpath: //label[text()='First line of address']/preceding-sibling::input
[INFO] 05-09-2023 19:49:57 [LogUtils] - Set text AUTO INTL CHF BUSINESS ADDR ONE on By.xpath: //label[text()='First line of address']/preceding-sibling::input
[INFO] 05-09-2023 19:49:57 [LogUtils] - Verify element visible By.xpath: //label[text()='Second line of address']/preceding-sibling::input
[INFO] 05-09-2023 19:49:57 [LogUtils] - Set text AUTO INTL CHF BUSINESS ADDR TWO on By.xpath: //label[text()='Second line of address']/preceding-sibling::input
[INFO] 05-09-2023 19:49:57 [LogUtils] - Verify element visible By.xpath: //button[text()='Country']
[INFO] 05-09-2023 19:49:57 [LogUtils] - Clicked on the element By.xpath: //button[text()='Country']
[INFO] 05-09-2023 19:49:57 [LogUtils] - Verify element visible By.xpath: //button[text()='Country']/following-sibling::div//input
[INFO] 05-09-2023 19:49:57 [LogUtils] - Set text Switzerland on By.xpath: //button[text()='Country']/following-sibling::div//input
[INFO] 05-09-2023 19:49:57 [LogUtils] - Verify element visible By.xpath: //span[text()='Switzerland']
[INFO] 05-09-2023 19:49:58 [LogUtils] - Clicked on the element By.xpath: //span[text()='Switzerland']
[INFO] 05-09-2023 19:49:58 [LogUtils] - Verify element visible By.xpath: //label[text()='Province']/preceding-sibling::input
[INFO] 05-09-2023 19:49:58 [LogUtils] - Set text AUTO INTL CHF BUSINESS PROVINCE on By.xpath: //label[text()='Province']/preceding-sibling::input
[INFO] 05-09-2023 19:49:58 [LogUtils] - Verify element visible By.xpath: //label[text()='City']/preceding-sibling::input
[INFO] 05-09-2023 19:49:58 [LogUtils] - Set text AUTO INTL CHF BUSINESS ADDR CITY on By.xpath: //label[text()='City']/preceding-sibling::input
[INFO] 05-09-2023 19:49:58 [LogUtils] - Verify element visible By.xpath: //label[text()='Postal/Zip code']/preceding-sibling::input
[INFO] 05-09-2023 19:49:58 [LogUtils] - Set text 01234 on By.xpath: //label[text()='Postal/Zip code']/preceding-sibling::input
[INFO] 05-09-2023 19:49:58 [LogUtils] - Verify element visible By.xpath: //label[text()='SWIFT/BIC code']/preceding-sibling::input
[INFO] 05-09-2023 19:49:58 [LogUtils] - Set text CRESCHZZXXX on By.xpath: //label[text()='SWIFT/BIC code']/preceding-sibling::input
[INFO] 05-09-2023 19:49:58 [LogUtils] - Verify element visible By.xpath: //label[text()='Invoice/Document ID']/preceding-sibling::input
[INFO] 05-09-2023 19:49:58 [LogUtils] - Set text CHFINV1234 on By.xpath: //label[text()='Invoice/Document ID']/preceding-sibling::input
[INFO] 05-09-2023 19:49:58 [LogUtils] - Verify element visible By.xpath: //label[text()='Third party reference']/preceding-sibling::input
[INFO] 05-09-2023 19:49:58 [LogUtils] - Set text CHF1234TPR on By.xpath: //label[text()='Third party reference']/preceding-sibling::input
[INFO] 05-09-2023 19:49:58 [LogUtils] - Verify element visible By.xpath: //button[text()='Purpose of payment']
[INFO] 05-09-2023 19:49:58 [LogUtils] - Clicked on the element By.xpath: //button[text()='Purpose of payment']
[INFO] 05-09-2023 19:49:59 [LogUtils] - Verify element visible By.xpath: //button[text()='Purpose of payment']/following-sibling::div//input
[INFO] 05-09-2023 19:49:59 [LogUtils] - Set text Travel on By.xpath: //button[text()='Purpose of payment']/following-sibling::div//input
[INFO] 05-09-2023 19:49:59 [LogUtils] - Verify element visible By.xpath: //span[text()='Travel']
[INFO] 05-09-2023 19:49:59 [LogUtils] - Clicked on the element By.xpath: //span[text()='Travel']
[INFO] 05-09-2023 19:49:59 [LogUtils] - Verify element visible By.xpath: //label[text()='IBAN']/preceding-sibling::input
[INFO] 05-09-2023 19:49:59 [LogUtils] - Set text CH9300762011623852957 on By.xpath: //label[text()='IBAN']/preceding-sibling::input
  When I enter "BUSINESS" details for "BUSINESS" recipient on Add a new recipient form                                # anhtester.com.hubpay.corp.stepdefinitions.PaymentsPageStepDefinition.I_enter_details_for_recipent_on_Add_new_recipient_form(java.lang.String,java.lang.String)
[INFO] 05-09-2023 19:49:59 [LogUtils] - Scroll to element By.xpath: //button[text()='Next']
[INFO] 05-09-2023 19:49:59 [LogUtils] - Click on element with JS: By.xpath: //button[text()='Next']
[INFO] 05-09-2023 19:49:59 [LogUtils] - Verify element visible By.xpath: //h1[text()='Add the recipients & the amounts you wish to send']
  When I save recipient details entered on Add a new recipient form                                                   # anhtester.com.hubpay.corp.stepdefinitions.PaymentsPageStepDefinition.I_save_recipient_details_entered_Add_new_recipient_form()
[INFO] 05-09-2023 19:50:00 [LogUtils] - Verify element visible By.xpath: //*[text()='Recipient added']
[INFO] 05-09-2023 19:50:00 [LogUtils] - Verify element visible By.xpath: //*[text()='Recipient added']
  Then I verify "Recipient added" toast message is displayed                                                          # anhtester.com.hubpay.corp.stepdefinitions.PaymentsPageStepDefinition.I_verify_toast_message_is_displayed(java.lang.String)
[INFO] 05-09-2023 19:50:05 [LogUtils] - Verify element visible By.xpath: //table//tr[@class='border-b']
[INFO] 05-09-2023 19:50:05 [LogUtils] - Verify TRUE: true
[INFO] 05-09-2023 19:50:05 [LogUtils] - Verify TRUE: true
[INFO] 05-09-2023 19:50:05 [LogUtils] - Verify TRUE: true
[INFO] 05-09-2023 19:50:05 [LogUtils] - Verify TRUE: true
  Then I verify "BUSINESS" details in row "1" in Recipients grid on Payments & Recipients step                        # anhtester.com.hubpay.corp.stepdefinitions.PaymentsPageStepDefinition.I_verify_details_in_row_in_recipientsgrid_on_paymentsrecipients_step(java.lang.String,java.lang.String)
[INFO] 05-09-2023 19:50:05 [LogUtils] - Verify element visible By.xpath: //button[contains(.,'Add individual or business')][contains(@class,'ring-offset-background bg-violet')]
[INFO] 05-09-2023 19:50:05 [LogUtils] - Verify element visible By.xpath: //button[contains(.,'Add individual or business')][contains(@class,'ring-offset-background bg-violet')]
[INFO] 05-09-2023 19:50:05 [LogUtils] - Clicked on the element By.xpath: //button[contains(.,'Add individual or business')][contains(@class,'ring-offset-background bg-violet')]
  When I click "Add individual or business" button on "Payments" page                                                 # anhtester.com.hubpay.corp.stepdefinitions.ExchangePageStepDefinition.I_click_button_on_exchange_page(java.lang.String,java.lang.String)
[INFO] 05-09-2023 19:50:05 [LogUtils] - Verify element visible By.xpath: //button[text()='Individual'][@type='button']
[INFO] 05-09-2023 19:50:05 [LogUtils] - Clicked on the element By.xpath: //button[text()='Individual'][@type='button']
[INFO] 05-09-2023 19:50:05 [LogUtils] - Verify element visible By.xpath: //button[text()='Individual'][@type='button']
  When I choose "INDIVIDUAL" on Add a new recipient form                                                              # anhtester.com.hubpay.corp.stepdefinitions.PaymentsPageStepDefinition.I_choose_on_Add_new_recipient_form(java.lang.String)
{COMMON={toCurrencyName=Swiss Franc, toCurrencyCode=CHF, fromCurrencyName=UAE Dirham, fromCurrencyCode=AED, toCurrencyWalletBalance=CHF 841.00, feePerPayment=AED 52.50, processingTime=1-2 business days, fromCurrencyWalletBalance=AED 450,529.96, noOfPayments=2, totalReceiveAmount=CHF 70.00, totalAmount=null, totalFees=AED 105.00, totalPayable=AED 398.90, balanceDue=CHF 0.00, expectedPaymentDate=07/09/2023, paymentMethod=SWIFT, provider=CAB, createdAt=Tuesday 5 September 2023, fromCurrencyWalletBalanceAfterPaymentCompleted=null, liveRate=1 CHF = 4.19512 AED, settlementDate=07/09/2023, formatted_settlementDate=null, toCurrencyWalletBalanceAfterSettlementReceived=null, fromCurrencyWalletBalanceAfterSettlementReceived=null, totalSendAmount=AED 293.90, availableFromWalletBalance=AED 398.90, scheduledAt=05/09/2023, toCurrencyWalletBalanceAfterPaymentCompleted=CHF 841.00}, EXCHANGE={toAmount=70.00, fromAmount=AED 293.90, type=International Exchange, createdAt=Tuesday 5 September 2023, reference=AF-HB4U-8NRL, orderedAt=05/09/2023, orderSettledAt=05/09/2023, rejectedAt=-, completedAt=05/09/2023, totalFundsDue=AED 398.90, status=Ordered}, BUSINESS={recipientType=Business, toAmount=CHF 50.00, fromAmount=, recipientName=AUTO INTL CHF BUSINESS NAME, addressLineOne=AUTO INTL CHF BUSINESS ADDR ONE, addressLineTwo=AUTO INTL CHF BUSINESS ADDR TWO, city=AUTO INTL CHF BUSINESS ADDR CITY, province=AUTO INTL CHF BUSINESS PROVINCE, postalCode=01234, country=Switzerland, countryCode=CH, accountNumber=CH9300762011623852957, bicCode=CRESCHZZXXX, bankCode=null, thirdPartyReference=CHF1234TPR, documentNumber=CHFINV1234, purposeOfPayment=Travel, reference=AP-JIZP-AKQN, status=Completed, processingStatus=COMPLETED, resultStatus=PAID, scheduledAt=-, submittingAt=05/09/2023, pendingAt=05/09/2023, lastUpdatedAt=05/09/2023, completedAt=05/09/2023, declinedAt=-, declinedBy=-, declinedReason=-, providerStatusCode=200, providerStatusDescription=-, providerAmountPaid=CHF 50.00, providerFeePaid=-, providerTransactionId=-, providerDatePaid=05/09/2023, providerValueDate=-, providerPaymentValueDate=-}, INDIVIDUAL={recipientType=Individual, toAmount=CHF 20.00, fromAmount=, recipientName=AUTO INTL CHF INDIVIDUAL NAME, addressLineOne=AUTO INTL CHF INDV ADDR ONE, addressLineTwo=AUTO INTL CHF INDV ADDR TWO, city=AUTO INTL CHF INDV ADDR CITY, province=AUTO INTL CHF INDV PROVINCE, postalCode=567890, country=Switzerland, countryCode=CH, accountNumber=CH9300762011623852957, bicCode=CRESCHZZXXX, bankCode=null, thirdPartyReference=CHF-TPR-INDV-1010, documentNumber=CHF-INV-INDV-1010, purposeOfPayment=Education, reference=AP-EIY8-HDIQ, status=Completed, processingStatus=COMPLETED, resultStatus=PAID, scheduledAt=-, submittingAt=05/09/2023, pendingAt=05/09/2023, lastUpdatedAt=05/09/2023, completedAt=05/09/2023, declinedAt=-, declinedBy=-, declinedReason=-, providerStatusCode=200, providerStatusDescription=-, providerAmountPaid=CHF 20.00, providerFeePaid=-, providerTransactionId=-, providerDatePaid=05/09/2023, providerValueDate=-, providerPaymentValueDate=-}}
[INFO] 05-09-2023 19:50:05 [LogUtils] - Verify element visible By.xpath: //label[text()='Enter payment amount']/preceding-sibling::input
[INFO] 05-09-2023 19:50:05 [LogUtils] - Set text 20.00 on By.xpath: //label[text()='Enter payment amount']/preceding-sibling::input
[INFO] 05-09-2023 19:50:05 [LogUtils] - Verify element visible By.xpath: //label[text()='Full legal name']/preceding-sibling::input
[INFO] 05-09-2023 19:50:05 [LogUtils] - Set text AUTO INTL CHF INDIVIDUAL NAME on By.xpath: //label[text()='Full legal name']/preceding-sibling::input
[INFO] 05-09-2023 19:50:05 [LogUtils] - Verify element visible By.xpath: //label[text()='First line of address']/preceding-sibling::input
[INFO] 05-09-2023 19:50:05 [LogUtils] - Set text AUTO INTL CHF INDV ADDR ONE on By.xpath: //label[text()='First line of address']/preceding-sibling::input
[INFO] 05-09-2023 19:50:05 [LogUtils] - Verify element visible By.xpath: //label[text()='Second line of address']/preceding-sibling::input
[INFO] 05-09-2023 19:50:05 [LogUtils] - Set text AUTO INTL CHF INDV ADDR TWO on By.xpath: //label[text()='Second line of address']/preceding-sibling::input
[INFO] 05-09-2023 19:50:05 [LogUtils] - Verify element visible By.xpath: //button[text()='Country']
[INFO] 05-09-2023 19:50:05 [LogUtils] - Clicked on the element By.xpath: //button[text()='Country']
[INFO] 05-09-2023 19:50:06 [LogUtils] - Verify element visible By.xpath: //button[text()='Country']/following-sibling::div//input
[INFO] 05-09-2023 19:50:06 [LogUtils] - Set text Switzerland on By.xpath: //button[text()='Country']/following-sibling::div//input
[INFO] 05-09-2023 19:50:06 [LogUtils] - Verify element visible By.xpath: //span[text()='Switzerland']
[INFO] 05-09-2023 19:50:06 [LogUtils] - Clicked on the element By.xpath: //span[text()='Switzerland']
[INFO] 05-09-2023 19:50:06 [LogUtils] - Verify element visible By.xpath: //label[text()='Province']/preceding-sibling::input
[INFO] 05-09-2023 19:50:06 [LogUtils] - Set text AUTO INTL CHF INDV PROVINCE on By.xpath: //label[text()='Province']/preceding-sibling::input
[INFO] 05-09-2023 19:50:06 [LogUtils] - Verify element visible By.xpath: //label[text()='City']/preceding-sibling::input
[INFO] 05-09-2023 19:50:06 [LogUtils] - Set text AUTO INTL CHF INDV ADDR CITY on By.xpath: //label[text()='City']/preceding-sibling::input
[INFO] 05-09-2023 19:50:06 [LogUtils] - Verify element visible By.xpath: //label[text()='Postal/Zip code']/preceding-sibling::input
[INFO] 05-09-2023 19:50:06 [LogUtils] - Set text 567890 on By.xpath: //label[text()='Postal/Zip code']/preceding-sibling::input
[INFO] 05-09-2023 19:50:06 [LogUtils] - Verify element visible By.xpath: //label[text()='SWIFT/BIC code']/preceding-sibling::input
[INFO] 05-09-2023 19:50:06 [LogUtils] - Set text CRESCHZZXXX on By.xpath: //label[text()='SWIFT/BIC code']/preceding-sibling::input
[INFO] 05-09-2023 19:50:06 [LogUtils] - Verify element visible By.xpath: //label[text()='Invoice/Document ID']/preceding-sibling::input
[INFO] 05-09-2023 19:50:06 [LogUtils] - Set text CHF-INV-INDV-1010 on By.xpath: //label[text()='Invoice/Document ID']/preceding-sibling::input
[INFO] 05-09-2023 19:50:06 [LogUtils] - Verify element visible By.xpath: //label[text()='Third party reference']/preceding-sibling::input
[INFO] 05-09-2023 19:50:06 [LogUtils] - Set text CHF-TPR-INDV-1010 on By.xpath: //label[text()='Third party reference']/preceding-sibling::input
[INFO] 05-09-2023 19:50:06 [LogUtils] - Verify element visible By.xpath: //button[text()='Purpose of payment']
[INFO] 05-09-2023 19:50:06 [LogUtils] - Clicked on the element By.xpath: //button[text()='Purpose of payment']
[INFO] 05-09-2023 19:50:07 [LogUtils] - Verify element visible By.xpath: //button[text()='Purpose of payment']/following-sibling::div//input
[INFO] 05-09-2023 19:50:07 [LogUtils] - Set text Education on By.xpath: //button[text()='Purpose of payment']/following-sibling::div//input
[INFO] 05-09-2023 19:50:07 [LogUtils] - Verify element visible By.xpath: //span[text()='Education']
[INFO] 05-09-2023 19:50:07 [LogUtils] - Clicked on the element By.xpath: //span[text()='Education']
[INFO] 05-09-2023 19:50:07 [LogUtils] - Verify element visible By.xpath: //label[text()='IBAN']/preceding-sibling::input
[INFO] 05-09-2023 19:50:07 [LogUtils] - Set text CH9300762011623852957 on By.xpath: //label[text()='IBAN']/preceding-sibling::input
  When I enter "INDIVIDUAL" details for "INDIVIDUAL" recipient on Add a new recipient form                            # anhtester.com.hubpay.corp.stepdefinitions.PaymentsPageStepDefinition.I_enter_details_for_recipent_on_Add_new_recipient_form(java.lang.String,java.lang.String)
[INFO] 05-09-2023 19:50:07 [LogUtils] - Scroll to element By.xpath: //button[text()='Next']
[INFO] 05-09-2023 19:50:07 [LogUtils] - Click on element with JS: By.xpath: //button[text()='Next']
[INFO] 05-09-2023 19:50:07 [LogUtils] - Verify element visible By.xpath: //h1[text()='Add the recipients & the amounts you wish to send']
  When I save recipient details entered on Add a new recipient form                                                   # anhtester.com.hubpay.corp.stepdefinitions.PaymentsPageStepDefinition.I_save_recipient_details_entered_Add_new_recipient_form()
[INFO] 05-09-2023 19:50:08 [LogUtils] - Verify element visible By.xpath: //*[text()='Recipient added']
[INFO] 05-09-2023 19:50:08 [LogUtils] - Verify element visible By.xpath: //*[text()='Recipient added']
  Then I verify "Recipient added" toast message is displayed                                                          # anhtester.com.hubpay.corp.stepdefinitions.PaymentsPageStepDefinition.I_verify_toast_message_is_displayed(java.lang.String)
[INFO] 05-09-2023 19:50:13 [LogUtils] - Verify element visible By.xpath: //table//tr[@class='border-b']
[INFO] 05-09-2023 19:50:13 [LogUtils] - Verify TRUE: true
[INFO] 05-09-2023 19:50:13 [LogUtils] - Verify TRUE: true
[INFO] 05-09-2023 19:50:13 [LogUtils] - Verify TRUE: true
[INFO] 05-09-2023 19:50:13 [LogUtils] - Verify TRUE: true
  Then I verify "INDIVIDUAL" details in row "2" in Recipients grid on Payments & Recipients step                      # anhtester.com.hubpay.corp.stepdefinitions.PaymentsPageStepDefinition.I_verify_details_in_row_in_recipientsgrid_on_paymentsrecipients_step(java.lang.String,java.lang.String)
{COMMON={toCurrencyName=Swiss Franc, toCurrencyCode=CHF, fromCurrencyName=UAE Dirham, fromCurrencyCode=AED, toCurrencyWalletBalance=CHF 841.00, feePerPayment=AED 52.50, processingTime=1-2 business days, fromCurrencyWalletBalance=AED 450,529.96, noOfPayments=2, totalReceiveAmount=CHF 70.00, totalAmount=null, totalFees=AED 105.00, totalPayable=AED 398.90, balanceDue=CHF 0.00, expectedPaymentDate=07/09/2023, paymentMethod=SWIFT, provider=CAB, createdAt=Tuesday 5 September 2023, fromCurrencyWalletBalanceAfterPaymentCompleted=null, liveRate=1 CHF = 4.19512 AED, settlementDate=07/09/2023, formatted_settlementDate=null, toCurrencyWalletBalanceAfterSettlementReceived=null, fromCurrencyWalletBalanceAfterSettlementReceived=null, totalSendAmount=AED 293.90, availableFromWalletBalance=AED 398.90, scheduledAt=05/09/2023, toCurrencyWalletBalanceAfterPaymentCompleted=CHF 841.00}, EXCHANGE={toAmount=70.00, fromAmount=AED 293.90, type=International Exchange, createdAt=Tuesday 5 September 2023, reference=AF-HB4U-8NRL, orderedAt=05/09/2023, orderSettledAt=05/09/2023, rejectedAt=-, completedAt=05/09/2023, totalFundsDue=AED 398.90, status=Ordered}, BUSINESS={recipientType=Business, toAmount=CHF 50.00, fromAmount=, recipientName=AUTO INTL CHF BUSINESS NAME, addressLineOne=AUTO INTL CHF BUSINESS ADDR ONE, addressLineTwo=AUTO INTL CHF BUSINESS ADDR TWO, city=AUTO INTL CHF BUSINESS ADDR CITY, province=AUTO INTL CHF BUSINESS PROVINCE, postalCode=01234, country=Switzerland, countryCode=CH, accountNumber=CH9300762011623852957, bicCode=CRESCHZZXXX, bankCode=null, thirdPartyReference=CHF1234TPR, documentNumber=CHFINV1234, purposeOfPayment=Travel, reference=AP-JIZP-AKQN, status=Completed, processingStatus=COMPLETED, resultStatus=PAID, scheduledAt=-, submittingAt=05/09/2023, pendingAt=05/09/2023, lastUpdatedAt=05/09/2023, completedAt=05/09/2023, declinedAt=-, declinedBy=-, declinedReason=-, providerStatusCode=200, providerStatusDescription=-, providerAmountPaid=CHF 50.00, providerFeePaid=-, providerTransactionId=-, providerDatePaid=05/09/2023, providerValueDate=-, providerPaymentValueDate=-}, INDIVIDUAL={recipientType=Individual, toAmount=CHF 20.00, fromAmount=, recipientName=AUTO INTL CHF INDIVIDUAL NAME, addressLineOne=AUTO INTL CHF INDV ADDR ONE, addressLineTwo=AUTO INTL CHF INDV ADDR TWO, city=AUTO INTL CHF INDV ADDR CITY, province=AUTO INTL CHF INDV PROVINCE, postalCode=567890, country=Switzerland, countryCode=CH, accountNumber=CH9300762011623852957, bicCode=CRESCHZZXXX, bankCode=null, thirdPartyReference=CHF-TPR-INDV-1010, documentNumber=CHF-INV-INDV-1010, purposeOfPayment=Education, reference=AP-EIY8-HDIQ, status=Completed, processingStatus=COMPLETED, resultStatus=PAID, scheduledAt=-, submittingAt=05/09/2023, pendingAt=05/09/2023, lastUpdatedAt=05/09/2023, completedAt=05/09/2023, declinedAt=-, declinedBy=-, declinedReason=-, providerStatusCode=200, providerStatusDescription=-, providerAmountPaid=CHF 20.00, providerFeePaid=-, providerTransactionId=-, providerDatePaid=05/09/2023, providerValueDate=-, providerPaymentValueDate=-}}
Before calculate:{COMMON={toCurrencyName=Swiss Franc, toCurrencyCode=CHF, fromCurrencyName=UAE Dirham, fromCurrencyCode=AED, toCurrencyWalletBalance=CHF 841.00, feePerPayment=AED 52.50, processingTime=1-2 business days, fromCurrencyWalletBalance=AED 450,529.96, noOfPayments=2, totalReceiveAmount=CHF 70.00, totalAmount=null, totalFees=AED 105.00, totalPayable=AED 398.90, balanceDue=CHF 0.00, expectedPaymentDate=07/09/2023, paymentMethod=SWIFT, provider=CAB, createdAt=Tuesday 5 September 2023, fromCurrencyWalletBalanceAfterPaymentCompleted=null, liveRate=1 CHF = 4.19512 AED, settlementDate=07/09/2023, formatted_settlementDate=null, toCurrencyWalletBalanceAfterSettlementReceived=null, fromCurrencyWalletBalanceAfterSettlementReceived=null, totalSendAmount=AED 293.90, availableFromWalletBalance=AED 398.90, scheduledAt=05/09/2023, toCurrencyWalletBalanceAfterPaymentCompleted=CHF 841.00}, EXCHANGE={toAmount=70.00, fromAmount=AED 293.90, type=International Exchange, createdAt=Tuesday 5 September 2023, reference=AF-HB4U-8NRL, orderedAt=05/09/2023, orderSettledAt=05/09/2023, rejectedAt=-, completedAt=05/09/2023, totalFundsDue=AED 398.90, status=Ordered}, BUSINESS={recipientType=Business, toAmount=CHF 50.00, fromAmount=, recipientName=AUTO INTL CHF BUSINESS NAME, addressLineOne=AUTO INTL CHF BUSINESS ADDR ONE, addressLineTwo=AUTO INTL CHF BUSINESS ADDR TWO, city=AUTO INTL CHF BUSINESS ADDR CITY, province=AUTO INTL CHF BUSINESS PROVINCE, postalCode=01234, country=Switzerland, countryCode=CH, accountNumber=CH9300762011623852957, bicCode=CRESCHZZXXX, bankCode=null, thirdPartyReference=CHF1234TPR, documentNumber=CHFINV1234, purposeOfPayment=Travel, reference=AP-JIZP-AKQN, status=Completed, processingStatus=COMPLETED, resultStatus=PAID, scheduledAt=-, submittingAt=05/09/2023, pendingAt=05/09/2023, lastUpdatedAt=05/09/2023, completedAt=05/09/2023, declinedAt=-, declinedBy=-, declinedReason=-, providerStatusCode=200, providerStatusDescription=-, providerAmountPaid=CHF 50.00, providerFeePaid=-, providerTransactionId=-, providerDatePaid=05/09/2023, providerValueDate=-, providerPaymentValueDate=-}, INDIVIDUAL={recipientType=Individual, toAmount=CHF 20.00, fromAmount=, recipientName=AUTO INTL CHF INDIVIDUAL NAME, addressLineOne=AUTO INTL CHF INDV ADDR ONE, addressLineTwo=AUTO INTL CHF INDV ADDR TWO, city=AUTO INTL CHF INDV ADDR CITY, province=AUTO INTL CHF INDV PROVINCE, postalCode=567890, country=Switzerland, countryCode=CH, accountNumber=CH9300762011623852957, bicCode=CRESCHZZXXX, bankCode=null, thirdPartyReference=CHF-TPR-INDV-1010, documentNumber=CHF-INV-INDV-1010, purposeOfPayment=Education, reference=AP-EIY8-HDIQ, status=Completed, processingStatus=COMPLETED, resultStatus=PAID, scheduledAt=-, submittingAt=05/09/2023, pendingAt=05/09/2023, lastUpdatedAt=05/09/2023, completedAt=05/09/2023, declinedAt=-, declinedBy=-, declinedReason=-, providerStatusCode=200, providerStatusDescription=-, providerAmountPaid=CHF 20.00, providerFeePaid=-, providerTransactionId=-, providerDatePaid=05/09/2023, providerValueDate=-, providerPaymentValueDate=-}}
No of Payments:2
[INFO] 05-09-2023 19:50:13 [LogUtils] - Verify element visible By.xpath: //div[contains(text(),'Rate:')]/following-sibling::div
[INFO] 05-09-2023 19:50:13 [LogUtils] - Verify element visible By.xpath: //div[contains(text(),'Rate:')]/following-sibling::div
[INFO] 05-09-2023 19:50:13 [LogUtils] - Verify element visible By.xpath: //div[contains(text(),' Rate:')]/following-sibling::div
[INFO] 05-09-2023 19:50:13 [LogUtils] - Verify element visible By.xpath: //div[contains(text(),' Rate:')]/following-sibling::div
After calculate:{COMMON={toCurrencyName=Swiss Franc, toCurrencyCode=CHF, fromCurrencyName=UAE Dirham, fromCurrencyCode=AED, toCurrencyWalletBalance=CHF 841.00, feePerPayment=AED 52.50, processingTime=1-2 business days, fromCurrencyWalletBalance=AED 450,529.96, noOfPayments=2, totalReceiveAmount=CHF 70.00, totalAmount=null, totalFees=AED 105.00, totalPayable=AED 398.72, balanceDue=CHF 0.00, expectedPaymentDate=07/09/2023, paymentMethod=SWIFT, provider=CAB, createdAt=Tuesday 5 September 2023, fromCurrencyWalletBalanceAfterPaymentCompleted=null, liveRate=1 CHF = 4.19594 AED, settlementDate=07/09/2023, formatted_settlementDate=null, toCurrencyWalletBalanceAfterSettlementReceived=null, fromCurrencyWalletBalanceAfterSettlementReceived=null, totalSendAmount=AED 293.72, availableFromWalletBalance=AED 398.72, scheduledAt=05/09/2023, toCurrencyWalletBalanceAfterPaymentCompleted=CHF 841.00}, EXCHANGE={toAmount=70.00, fromAmount=AED 293.90, type=International Exchange, createdAt=Tuesday 5 September 2023, reference=AF-HB4U-8NRL, orderedAt=05/09/2023, orderSettledAt=05/09/2023, rejectedAt=-, completedAt=05/09/2023, totalFundsDue=AED 398.90, status=Ordered}, BUSINESS={recipientType=Business, toAmount=CHF 50.00, fromAmount=, recipientName=AUTO INTL CHF BUSINESS NAME, addressLineOne=AUTO INTL CHF BUSINESS ADDR ONE, addressLineTwo=AUTO INTL CHF BUSINESS ADDR TWO, city=AUTO INTL CHF BUSINESS ADDR CITY, province=AUTO INTL CHF BUSINESS PROVINCE, postalCode=01234, country=Switzerland, countryCode=CH, accountNumber=CH9300762011623852957, bicCode=CRESCHZZXXX, bankCode=null, thirdPartyReference=CHF1234TPR, documentNumber=CHFINV1234, purposeOfPayment=Travel, reference=AP-JIZP-AKQN, status=Completed, processingStatus=COMPLETED, resultStatus=PAID, scheduledAt=-, submittingAt=05/09/2023, pendingAt=05/09/2023, lastUpdatedAt=05/09/2023, completedAt=05/09/2023, declinedAt=-, declinedBy=-, declinedReason=-, providerStatusCode=200, providerStatusDescription=-, providerAmountPaid=CHF 50.00, providerFeePaid=-, providerTransactionId=-, providerDatePaid=05/09/2023, providerValueDate=-, providerPaymentValueDate=-}, INDIVIDUAL={recipientType=Individual, toAmount=CHF 20.00, fromAmount=, recipientName=AUTO INTL CHF INDIVIDUAL NAME, addressLineOne=AUTO INTL CHF INDV ADDR ONE, addressLineTwo=AUTO INTL CHF INDV ADDR TWO, city=AUTO INTL CHF INDV ADDR CITY, province=AUTO INTL CHF INDV PROVINCE, postalCode=567890, country=Switzerland, countryCode=CH, accountNumber=CH9300762011623852957, bicCode=CRESCHZZXXX, bankCode=null, thirdPartyReference=CHF-TPR-INDV-1010, documentNumber=CHF-INV-INDV-1010, purposeOfPayment=Education, reference=AP-EIY8-HDIQ, status=Completed, processingStatus=COMPLETED, resultStatus=PAID, scheduledAt=-, submittingAt=05/09/2023, pendingAt=05/09/2023, lastUpdatedAt=05/09/2023, completedAt=05/09/2023, declinedAt=-, declinedBy=-, declinedReason=-, providerStatusCode=200, providerStatusDescription=-, providerAmountPaid=CHF 20.00, providerFeePaid=-, providerTransactionId=-, providerDatePaid=05/09/2023, providerValueDate=-, providerPaymentValueDate=-}}
  Then I calculate the payment details for the recipients added for "International payments"                          # anhtester.com.hubpay.corp.stepdefinitions.PaymentsPageStepDefinition.I_calculate_the_paymentdetails_for_the_recipients_added(java.lang.String)
[INFO] 05-09-2023 19:50:15 [LogUtils] - Verify element visible By.xpath: //div[contains(@class,'flex-col') and contains(@class,'items-start')]/span[@class='truncate']
[INFO] 05-09-2023 19:50:15 [LogUtils] - Verify element visible By.xpath: //div[contains(@class,'flex-col') and contains(@class,'items-start')]/span[@class='truncate']
[INFO] 05-09-2023 19:50:15 [LogUtils] - Verify element visible By.xpath: //div[contains(@class,'flex-col') and contains(@class,'items-start')]/span[@class='truncate']
[INFO] 05-09-2023 19:50:15 [LogUtils] - Verify element visible By.xpath: //div[contains(@class,'flex-col') and contains(@class,'items-start')]/span[2]
[INFO] 05-09-2023 19:50:15 [LogUtils] - Verify element visible By.xpath: //div[contains(@class,'flex-col') and contains(@class,'items-start')]/span[2]
[INFO] 05-09-2023 19:50:15 [LogUtils] - Verify element visible By.xpath: //div[contains(@class,'flex-col') and contains(@class,'items-start')]/span[2]
[INFO] 05-09-2023 19:50:15 [LogUtils] - Verify element visible By.xpath: //span[text()='Balance']/following-sibling::span
[INFO] 05-09-2023 19:50:15 [LogUtils] - Verify element visible By.xpath: //span[text()='Balance']/following-sibling::span
[INFO] 05-09-2023 19:50:15 [LogUtils] - Verify element visible By.xpath: //span[text()='Balance']/following-sibling::span
[INFO] 05-09-2023 19:50:15 [LogUtils] - Verify element visible By.xpath: //div[text()='Total payments:']/following-sibling::div
[INFO] 05-09-2023 19:50:15 [LogUtils] - Verify element visible By.xpath: //div[text()='Total payments:']/following-sibling::div
[INFO] 05-09-2023 19:50:15 [LogUtils] - Verify element visible By.xpath: //div[text()='Total payments:']/following-sibling::div
[INFO] 05-09-2023 19:50:15 [LogUtils] - Verify element visible By.xpath: //div[text()='Total payments:']/following-sibling::div
[INFO] 05-09-2023 19:50:15 [LogUtils] - Verify element visible By.xpath: //div[contains(text(),'Rate:')]/following-sibling::div
[INFO] 05-09-2023 19:50:15 [LogUtils] - Verify element visible By.xpath: //div[contains(text(),'Rate:')]/following-sibling::div
[INFO] 05-09-2023 19:50:15 [LogUtils] - Verify element visible By.xpath: //div[contains(text(),'Rate:')]/following-sibling::div
[INFO] 05-09-2023 19:50:15 [LogUtils] - Verify element visible By.xpath: //div[text()='Receivable amount (buy):']/following-sibling::div
[INFO] 05-09-2023 19:50:15 [LogUtils] - Verify element visible By.xpath: //div[text()='Receivable amount (buy):']/following-sibling::div
[INFO] 05-09-2023 19:50:15 [LogUtils] - Verify element visible By.xpath: //div[text()='Receivable amount (buy):']/following-sibling::div
[INFO] 05-09-2023 19:50:15 [LogUtils] - Verify element visible By.xpath: //div[contains(text(),'Payment fees (Incl. 5% VAT):')]/following-sibling::div
[INFO] 05-09-2023 19:50:15 [LogUtils] - Verify element visible By.xpath: //div[contains(text(),'Payment fees (Incl. 5% VAT):')]/following-sibling::div
[INFO] 05-09-2023 19:50:15 [LogUtils] - Verify element visible By.xpath: //div[contains(text(),'Payment fees (Incl. 5% VAT):')]/following-sibling::div
[INFO] 05-09-2023 19:50:15 [LogUtils] - Verify element visible By.xpath: //div[contains(text(),'Send amount (sell):')]/following-sibling::div
[INFO] 05-09-2023 19:50:15 [LogUtils] - Verify element visible By.xpath: //div[contains(text(),'Send amount (sell):')]/following-sibling::div
[INFO] 05-09-2023 19:50:15 [LogUtils] - Verify element visible By.xpath: //div[contains(text(),'Send amount (sell):')]/following-sibling::div
[INFO] 05-09-2023 19:50:15 [LogUtils] - Verify element visible By.xpath: //div[text()='Total payable:']/following-sibling::div
[INFO] 05-09-2023 19:50:16 [LogUtils] - Verify element visible By.xpath: //div[text()='Total payable:']/following-sibling::div
[INFO] 05-09-2023 19:50:16 [LogUtils] - Verify element visible By.xpath: //div[text()='Total payable:']/following-sibling::div
  Then I verify payment details under checkout section in Payments & Recipients step on "International Payments" page # anhtester.com.hubpay.corp.stepdefinitions.PaymentsPageStepDefinition.I_verify_paymentdetails_under_checkout_payments_recipients_step(java.lang.String)
[INFO] 05-09-2023 19:50:16 [LogUtils] - Verify element visible By.xpath: //button[contains(.,'Checkout')][contains(@class,'text-primary-foreground')]
[INFO] 05-09-2023 19:50:16 [LogUtils] - Verify element visible By.xpath: //button[contains(.,'Checkout')][contains(@class,'text-primary-foreground')]
[INFO] 05-09-2023 19:50:16 [LogUtils] - Clicked on the element By.xpath: //button[contains(.,'Checkout')][contains(@class,'text-primary-foreground')]
  When I click "Checkout" button on "Payments" page                                                                   # anhtester.com.hubpay.corp.stepdefinitions.ExchangePageStepDefinition.I_click_button_on_exchange_page(java.lang.String,java.lang.String)
{COMMON={toCurrencyName=Swiss Franc, toCurrencyCode=CHF, fromCurrencyName=UAE Dirham, fromCurrencyCode=AED, toCurrencyWalletBalance=CHF 841.00, feePerPayment=AED 52.50, processingTime=1-2 business days, fromCurrencyWalletBalance=AED 450,529.96, noOfPayments=2, totalReceiveAmount=CHF 70.00, totalAmount=null, totalFees=AED 105.00, totalPayable=AED 398.72, balanceDue=CHF 0.00, expectedPaymentDate=07/09/2023, paymentMethod=SWIFT, provider=CAB, createdAt=Tuesday 5 September 2023, fromCurrencyWalletBalanceAfterPaymentCompleted=null, liveRate=1 CHF = 4.19594 AED, settlementDate=07/09/2023, formatted_settlementDate=null, toCurrencyWalletBalanceAfterSettlementReceived=null, fromCurrencyWalletBalanceAfterSettlementReceived=null, totalSendAmount=AED 293.72, availableFromWalletBalance=AED 398.72, scheduledAt=05/09/2023, toCurrencyWalletBalanceAfterPaymentCompleted=CHF 841.00}, EXCHANGE={toAmount=70.00, fromAmount=AED 293.90, type=International Exchange, createdAt=Tuesday 5 September 2023, reference=AF-HB4U-8NRL, orderedAt=05/09/2023, orderSettledAt=05/09/2023, rejectedAt=-, completedAt=05/09/2023, totalFundsDue=AED 398.90, status=Ordered}, BUSINESS={recipientType=Business, toAmount=CHF 50.00, fromAmount=, recipientName=AUTO INTL CHF BUSINESS NAME, addressLineOne=AUTO INTL CHF BUSINESS ADDR ONE, addressLineTwo=AUTO INTL CHF BUSINESS ADDR TWO, city=AUTO INTL CHF BUSINESS ADDR CITY, province=AUTO INTL CHF BUSINESS PROVINCE, postalCode=01234, country=Switzerland, countryCode=CH, accountNumber=CH9300762011623852957, bicCode=CRESCHZZXXX, bankCode=null, thirdPartyReference=CHF1234TPR, documentNumber=CHFINV1234, purposeOfPayment=Travel, reference=AP-JIZP-AKQN, status=Completed, processingStatus=COMPLETED, resultStatus=PAID, scheduledAt=-, submittingAt=05/09/2023, pendingAt=05/09/2023, lastUpdatedAt=05/09/2023, completedAt=05/09/2023, declinedAt=-, declinedBy=-, declinedReason=-, providerStatusCode=200, providerStatusDescription=-, providerAmountPaid=CHF 50.00, providerFeePaid=-, providerTransactionId=-, providerDatePaid=05/09/2023, providerValueDate=-, providerPaymentValueDate=-}, INDIVIDUAL={recipientType=Individual, toAmount=CHF 20.00, fromAmount=, recipientName=AUTO INTL CHF INDIVIDUAL NAME, addressLineOne=AUTO INTL CHF INDV ADDR ONE, addressLineTwo=AUTO INTL CHF INDV ADDR TWO, city=AUTO INTL CHF INDV ADDR CITY, province=AUTO INTL CHF INDV PROVINCE, postalCode=567890, country=Switzerland, countryCode=CH, accountNumber=CH9300762011623852957, bicCode=CRESCHZZXXX, bankCode=null, thirdPartyReference=CHF-TPR-INDV-1010, documentNumber=CHF-INV-INDV-1010, purposeOfPayment=Education, reference=AP-EIY8-HDIQ, status=Completed, processingStatus=COMPLETED, resultStatus=PAID, scheduledAt=-, submittingAt=05/09/2023, pendingAt=05/09/2023, lastUpdatedAt=05/09/2023, completedAt=05/09/2023, declinedAt=-, declinedBy=-, declinedReason=-, providerStatusCode=200, providerStatusDescription=-, providerAmountPaid=CHF 20.00, providerFeePaid=-, providerTransactionId=-, providerDatePaid=05/09/2023, providerValueDate=-, providerPaymentValueDate=-}}
[INFO] 05-09-2023 19:50:16 [LogUtils] - Verify element visible By.xpath: //*[@data-icon='arrowRight']/following-sibling::span//div[contains(@class,'items-start')]
[INFO] 05-09-2023 19:50:16 [LogUtils] - Verify element visible By.xpath: //*[@data-icon='arrowRight']/following-sibling::span//div[contains(@class,'items-start')]
[INFO] 05-09-2023 19:50:16 [LogUtils] - Verify TRUE: true
[INFO] 05-09-2023 19:50:16 [LogUtils] - Verify element visible By.xpath: //*[@data-icon='arrowRight']/preceding-sibling::span//div[contains(@class,'items-start')]
[INFO] 05-09-2023 19:50:16 [LogUtils] - Verify element visible By.xpath: //*[@data-icon='arrowRight']/preceding-sibling::span//div[contains(@class,'items-start')]
[INFO] 05-09-2023 19:50:16 [LogUtils] - Verify TRUE: true
[INFO] 05-09-2023 19:50:16 [LogUtils] - Verify element visible By.xpath: //div[contains(.,'Processing time')][@class='flex items-center']/preceding-sibling::div
[INFO] 05-09-2023 19:50:16 [LogUtils] - Verify element visible By.xpath: //div[contains(.,'Processing time')][@class='flex items-center']/preceding-sibling::div
[INFO] 05-09-2023 19:50:16 [LogUtils] - Verify element visible By.xpath: //div[contains(.,'Processing time')][@class='flex items-center']/preceding-sibling::div
[INFO] 05-09-2023 19:50:16 [LogUtils] - Verify text of an element [Equals]: true
[INFO] 05-09-2023 19:50:16 [LogUtils] - Verify element visible By.xpath: //div[contains(.,'Processing time')][@class='flex items-center']/preceding-sibling::div
[INFO] 05-09-2023 19:50:16 [LogUtils] - Verify element visible By.xpath: //div[contains(.,'Processing time')][@class='flex items-center']/preceding-sibling::div
[INFO] 05-09-2023 19:50:16 [LogUtils] - Verify element visible By.xpath: //div[contains(.,'Processing time')][@class='flex items-center']/preceding-sibling::div
[INFO] 05-09-2023 19:50:16 [LogUtils] - Verify element visible By.xpath: //div[contains(.,'Processing time')][@class='flex items-center']/preceding-sibling::div
[INFO] 05-09-2023 19:50:16 [LogUtils] - Verify element visible By.xpath: //div[contains(.,'Processing time')][@class='flex items-center']/preceding-sibling::div
[INFO] 05-09-2023 19:50:16 [LogUtils] - Verify element visible By.xpath: //div[contains(.,'Processing time')][@class='flex items-center']/preceding-sibling::div
[INFO] 05-09-2023 19:50:16 [LogUtils] - Verify element visible By.xpath: //div[.='Balance due date']/preceding-sibling::div
[INFO] 05-09-2023 19:50:16 [LogUtils] - Verify element visible By.xpath: //div[.='Balance due date']/preceding-sibling::div
[INFO] 05-09-2023 19:50:16 [LogUtils] - Verify element visible By.xpath: //div[.='Balance due date']/preceding-sibling::div
[INFO] 05-09-2023 19:50:16 [LogUtils] - Verify text of an element [Equals]: true
[INFO] 05-09-2023 19:50:16 [LogUtils] - Verify element visible By.xpath: //div[.='Balance due date']/preceding-sibling::div
[INFO] 05-09-2023 19:50:16 [LogUtils] - Verify element visible By.xpath: //div[.='Balance due date']/preceding-sibling::div
[INFO] 05-09-2023 19:50:16 [LogUtils] - Verify element visible By.xpath: //div[.='Balance due date']/preceding-sibling::div
[INFO] 05-09-2023 19:50:16 [LogUtils] - Verify element visible By.xpath: //div[.='Balance due date']/preceding-sibling::div
[INFO] 05-09-2023 19:50:16 [LogUtils] - Verify element visible By.xpath: //div[.='Balance due date']/preceding-sibling::div
[INFO] 05-09-2023 19:50:16 [LogUtils] - Verify element visible By.xpath: //div[.='Balance due date']/preceding-sibling::div
[INFO] 05-09-2023 19:50:16 [LogUtils] - Verify element visible By.xpath: //button[@id='confirm']/following-sibling::label
[INFO] 05-09-2023 19:50:16 [LogUtils] - Verify element visible By.xpath: //button[@id='confirm']/following-sibling::label
[INFO] 05-09-2023 19:50:17 [LogUtils] - Verify element visible By.xpath: //button[@id='confirm']/following-sibling::label
[INFO] 05-09-2023 19:50:17 [LogUtils] - Verify text of an element [Contains]: true
[INFO] 05-09-2023 19:50:17 [LogUtils] - Verify element visible By.xpath: //button[@id='confirm']/following-sibling::label
[INFO] 05-09-2023 19:50:17 [LogUtils] - Verify element visible By.xpath: //button[@id='confirm']/following-sibling::label
[INFO] 05-09-2023 19:50:17 [LogUtils] - Verify element visible By.xpath: //button[@id='confirm']/following-sibling::label
[INFO] 05-09-2023 19:50:17 [LogUtils] - Verify element visible By.xpath: //button[@id='confirm']/following-sibling::label
[INFO] 05-09-2023 19:50:17 [LogUtils] - Verify element visible By.xpath: //button[@id='confirm']/following-sibling::label
[INFO] 05-09-2023 19:50:17 [LogUtils] - Verify text of an element [Contains]: true
[INFO] 05-09-2023 19:50:17 [LogUtils] - Verify element visible By.xpath: //button[@id='confirm']/following-sibling::label
[INFO] 05-09-2023 19:50:17 [LogUtils] - Verify element visible By.xpath: //button[@id='confirm']/following-sibling::label
[INFO] 05-09-2023 19:50:28 [LogUtils] - Verify element visible By.xpath: //button[contains(@class,'bg-primary text-primary-foreground')][text()='Refresh rate']
[INFO] 05-09-2023 19:50:28 [LogUtils] - Verify element visible By.xpath: //button[contains(@class,'bg-primary text-primary-foreground')][text()='Refresh rate']
[INFO] 05-09-2023 19:50:28 [LogUtils] - Clicked on the element By.xpath: //button[contains(@class,'bg-primary text-primary-foreground')][text()='Refresh rate']
[INFO] 05-09-2023 19:50:29 [LogUtils] - Verify element visible By.xpath: //div[contains(text(),'Rate:')]/following-sibling::div
[INFO] 05-09-2023 19:50:29 [LogUtils] - Verify element visible By.xpath: //div[contains(text(),'Rate:')]/following-sibling::div
[INFO] 05-09-2023 19:50:29 [LogUtils] - Verify element visible By.xpath: //div[contains(text(),' Rate:')]/following-sibling::div
[INFO] 05-09-2023 19:50:29 [LogUtils] - Verify element visible By.xpath: //div[contains(text(),' Rate:')]/following-sibling::div
[INFO] 05-09-2023 19:50:30 [LogUtils] - Verify element visible By.xpath: //div[contains(text(),'Rate:')]/following-sibling::div
[INFO] 05-09-2023 19:50:30 [LogUtils] - Verify element visible By.xpath: //div[contains(text(),'Rate:')]/following-sibling::div
[INFO] 05-09-2023 19:50:30 [LogUtils] - Verify element visible By.xpath: //div[contains(text(),'Rate:')]/following-sibling::div
[INFO] 05-09-2023 19:50:30 [LogUtils] - Verify element visible By.xpath: //div[text()='Receivable amount (buy):']/following-sibling::div
[INFO] 05-09-2023 19:50:31 [LogUtils] - Verify element visible By.xpath: //div[text()='Receivable amount (buy):']/following-sibling::div
[INFO] 05-09-2023 19:50:31 [LogUtils] - Verify element visible By.xpath: //div[text()='Receivable amount (buy):']/following-sibling::div
[INFO] 05-09-2023 19:50:31 [LogUtils] - Verify element visible By.xpath: //div[contains(text(),'Payment fees (Incl. 5% VAT):')]/following-sibling::div
[INFO] 05-09-2023 19:50:31 [LogUtils] - Verify element visible By.xpath: //div[contains(text(),'Payment fees (Incl. 5% VAT):')]/following-sibling::div
[INFO] 05-09-2023 19:50:31 [LogUtils] - Verify element visible By.xpath: //div[contains(text(),'Payment fees (Incl. 5% VAT):')]/following-sibling::div
[INFO] 05-09-2023 19:50:31 [LogUtils] - Verify element visible By.xpath: //div[contains(text(),'Send amount (sell):')]/following-sibling::div
[INFO] 05-09-2023 19:50:31 [LogUtils] - Verify element visible By.xpath: //div[contains(text(),'Send amount (sell):')]/following-sibling::div
[INFO] 05-09-2023 19:50:31 [LogUtils] - Verify element visible By.xpath: //div[contains(text(),'Send amount (sell):')]/following-sibling::div
[INFO] 05-09-2023 19:50:31 [LogUtils] - Verify element visible By.xpath: //div[text()='Total payable:']/following-sibling::div
[INFO] 05-09-2023 19:50:31 [LogUtils] - Verify element visible By.xpath: //div[text()='Total payable:']/following-sibling::div
[INFO] 05-09-2023 19:50:31 [LogUtils] - Verify element visible By.xpath: //div[text()='Total payable:']/following-sibling::div
[INFO] 05-09-2023 19:50:31 [LogUtils] - Verify element visible By.xpath: //div[text()='Available from Wallet balance:']/following-sibling::div
[INFO] 05-09-2023 19:50:31 [LogUtils] - Verify element visible By.xpath: //div[text()='Available from Wallet balance:']/following-sibling::div
[INFO] 05-09-2023 19:50:31 [LogUtils] - Verify element visible By.xpath: //div[text()='Available from Wallet balance:']/following-sibling::div
[INFO] 05-09-2023 19:50:31 [LogUtils] - Verify element visible By.xpath: //div[text()='Balance due:']/following-sibling::div
[INFO] 05-09-2023 19:50:31 [LogUtils] - Verify element visible By.xpath: //div[text()='Balance due:']/following-sibling::div
[INFO] 05-09-2023 19:50:31 [LogUtils] - Verify element visible By.xpath: //div[text()='Balance due:']/following-sibling::div
  Then I refresh rate and verify payment details in Review & confirm step for "International payments"                # anhtester.com.hubpay.corp.stepdefinitions.PaymentsPageStepDefinition.I_refresh_rate_and_verify_paymentdetails_in_review_confirm_payments_page(java.lang.String)
[INFO] 05-09-2023 19:50:31 [LogUtils] - Verify element visible By.xpath: //button[@id='confirm']
[INFO] 05-09-2023 19:50:31 [LogUtils] - Clicked on the element By.xpath: //button[@id='confirm']
  When I "check" consent checkbox on "International payments" page                                                    # anhtester.com.hubpay.corp.stepdefinitions.ExchangePageStepDefinition.I_consent_checkbox_exchange_page(java.lang.String,java.lang.String)
[INFO] 05-09-2023 19:50:31 [LogUtils] - Verify element visible By.xpath: //button[contains(.,'Confirm Payment')][contains(@class,'text-primary-foreground')]
[INFO] 05-09-2023 19:50:31 [LogUtils] - Verify element visible By.xpath: //button[contains(.,'Confirm Payment')][contains(@class,'text-primary-foreground')]
[INFO] 05-09-2023 19:50:31 [LogUtils] - Clicked on the element By.xpath: //button[contains(.,'Confirm Payment')][contains(@class,'text-primary-foreground')]
  When I click "Confirm Payment" button on "International Payments" page                                              # anhtester.com.hubpay.corp.stepdefinitions.ExchangePageStepDefinition.I_click_button_on_exchange_page(java.lang.String,java.lang.String)
{COMMON={toCurrencyName=Swiss Franc, toCurrencyCode=CHF, fromCurrencyName=UAE Dirham, fromCurrencyCode=AED, toCurrencyWalletBalance=CHF 841.00, feePerPayment=AED 52.50, processingTime=1-2 business days, fromCurrencyWalletBalance=AED 450,529.96, noOfPayments=2, totalReceiveAmount=CHF 70.00, totalAmount=null, totalFees=AED 105.00, totalPayable=AED 398.69, balanceDue=CHF 0.00, expectedPaymentDate=07/09/2023, paymentMethod=SWIFT, provider=CAB, createdAt=Tuesday 5 September 2023, fromCurrencyWalletBalanceAfterPaymentCompleted=null, liveRate=1 CHF = 4.19553 AED, settlementDate=07/09/2023, formatted_settlementDate=null, toCurrencyWalletBalanceAfterSettlementReceived=null, fromCurrencyWalletBalanceAfterSettlementReceived=null, totalSendAmount=AED 293.69, availableFromWalletBalance=AED 398.69, scheduledAt=05/09/2023, toCurrencyWalletBalanceAfterPaymentCompleted=CHF 841.00}, EXCHANGE={toAmount=70.00, fromAmount=AED 293.90, type=International Exchange, createdAt=Tuesday 5 September 2023, reference=AF-HB4U-8NRL, orderedAt=05/09/2023, orderSettledAt=05/09/2023, rejectedAt=-, completedAt=05/09/2023, totalFundsDue=AED 398.90, status=Ordered}, BUSINESS={recipientType=Business, toAmount=CHF 50.00, fromAmount=, recipientName=AUTO INTL CHF BUSINESS NAME, addressLineOne=AUTO INTL CHF BUSINESS ADDR ONE, addressLineTwo=AUTO INTL CHF BUSINESS ADDR TWO, city=AUTO INTL CHF BUSINESS ADDR CITY, province=AUTO INTL CHF BUSINESS PROVINCE, postalCode=01234, country=Switzerland, countryCode=CH, accountNumber=CH9300762011623852957, bicCode=CRESCHZZXXX, bankCode=null, thirdPartyReference=CHF1234TPR, documentNumber=CHFINV1234, purposeOfPayment=Travel, reference=AP-JIZP-AKQN, status=Completed, processingStatus=COMPLETED, resultStatus=PAID, scheduledAt=-, submittingAt=05/09/2023, pendingAt=05/09/2023, lastUpdatedAt=05/09/2023, completedAt=05/09/2023, declinedAt=-, declinedBy=-, declinedReason=-, providerStatusCode=200, providerStatusDescription=-, providerAmountPaid=CHF 50.00, providerFeePaid=-, providerTransactionId=-, providerDatePaid=05/09/2023, providerValueDate=-, providerPaymentValueDate=-}, INDIVIDUAL={recipientType=Individual, toAmount=CHF 20.00, fromAmount=, recipientName=AUTO INTL CHF INDIVIDUAL NAME, addressLineOne=AUTO INTL CHF INDV ADDR ONE, addressLineTwo=AUTO INTL CHF INDV ADDR TWO, city=AUTO INTL CHF INDV ADDR CITY, province=AUTO INTL CHF INDV PROVINCE, postalCode=567890, country=Switzerland, countryCode=CH, accountNumber=CH9300762011623852957, bicCode=CRESCHZZXXX, bankCode=null, thirdPartyReference=CHF-TPR-INDV-1010, documentNumber=CHF-INV-INDV-1010, purposeOfPayment=Education, reference=AP-EIY8-HDIQ, status=Completed, processingStatus=COMPLETED, resultStatus=PAID, scheduledAt=-, submittingAt=05/09/2023, pendingAt=05/09/2023, lastUpdatedAt=05/09/2023, completedAt=05/09/2023, declinedAt=-, declinedBy=-, declinedReason=-, providerStatusCode=200, providerStatusDescription=-, providerAmountPaid=CHF 20.00, providerFeePaid=-, providerTransactionId=-, providerDatePaid=05/09/2023, providerValueDate=-, providerPaymentValueDate=-}}
[INFO] 05-09-2023 19:50:36 [LogUtils] - Verify element visible By.xpath: //p[text()='Total amount (incl. fee)']/following-sibling::p
[INFO] 05-09-2023 19:50:36 [LogUtils] - Verify element visible By.xpath: //p[text()='Total amount (incl. fee)']/following-sibling::p
[INFO] 05-09-2023 19:50:36 [LogUtils] - Verify element visible By.xpath: //p[text()='Total amount (incl. fee)']/following-sibling::p
[INFO] 05-09-2023 19:50:36 [LogUtils] - Verify element visible By.xpath: //p[text()='Settlement due date']/following-sibling::p
[INFO] 05-09-2023 19:50:36 [LogUtils] - Verify element visible By.xpath: //p[text()='Settlement due date']/following-sibling::p
[INFO] 05-09-2023 19:50:36 [LogUtils] - Verify element visible By.xpath: //p[text()='Settlement due date']/following-sibling::p
[INFO] 05-09-2023 19:50:36 [LogUtils] - Verify element visible By.xpath: //p[text()='Settlement due date']/following-sibling::p
[INFO] 05-09-2023 19:50:36 [LogUtils] - Verify element visible By.xpath: //p[text()='Settlement due date']/following-sibling::p
[INFO] 05-09-2023 19:50:36 [LogUtils] - Verify element visible By.xpath: //p[text()='Settlement due date']/following-sibling::p
[INFO] 05-09-2023 19:50:36 [LogUtils] - Verify element visible By.xpath: //p[contains(text(),'Expected payment')][contains(text(),'date')]/following-sibling::p
[INFO] 05-09-2023 19:50:36 [LogUtils] - Verify element visible By.xpath: //p[contains(text(),'Expected payment')][contains(text(),'date')]/following-sibling::p
After submission and write to file:{COMMON={toCurrencyName=Swiss Franc, toCurrencyCode=CHF, fromCurrencyName=UAE Dirham, fromCurrencyCode=AED, toCurrencyWalletBalance=CHF 841.00, feePerPayment=AED 52.50, processingTime=1-2 business days, fromCurrencyWalletBalance=AED 450,529.96, noOfPayments=2, totalReceiveAmount=CHF 70.00, totalAmount=null, totalFees=AED 105.00, totalPayable=AED 398.69, balanceDue=CHF 0.00, expectedPaymentDate=07/09/2023, paymentMethod=SWIFT, provider=CAB, createdAt=Tuesday 5 September 2023, fromCurrencyWalletBalanceAfterPaymentCompleted=null, liveRate=1 CHF = 4.19553 AED, settlementDate=07/09/2023, formatted_settlementDate=null, toCurrencyWalletBalanceAfterSettlementReceived=null, fromCurrencyWalletBalanceAfterSettlementReceived=null, totalSendAmount=AED 293.69, availableFromWalletBalance=AED 398.69, scheduledAt=05/09/2023, toCurrencyWalletBalanceAfterPaymentCompleted=CHF 841.00}, EXCHANGE={toAmount=70.00, fromAmount=AED 293.90, type=International Exchange, createdAt=Tuesday 5 September 2023, reference=AF-HB4U-8NRL, orderedAt=05/09/2023, orderSettledAt=05/09/2023, rejectedAt=-, completedAt=05/09/2023, totalFundsDue=AED 398.90, status=Ordered}, BUSINESS={recipientType=Business, toAmount=CHF 50.00, fromAmount=, recipientName=AUTO INTL CHF BUSINESS NAME, addressLineOne=AUTO INTL CHF BUSINESS ADDR ONE, addressLineTwo=AUTO INTL CHF BUSINESS ADDR TWO, city=AUTO INTL CHF BUSINESS ADDR CITY, province=AUTO INTL CHF BUSINESS PROVINCE, postalCode=01234, country=Switzerland, countryCode=CH, accountNumber=CH9300762011623852957, bicCode=CRESCHZZXXX, bankCode=null, thirdPartyReference=CHF1234TPR, documentNumber=CHFINV1234, purposeOfPayment=Travel, reference=AP-JIZP-AKQN, status=Completed, processingStatus=COMPLETED, resultStatus=PAID, scheduledAt=-, submittingAt=05/09/2023, pendingAt=05/09/2023, lastUpdatedAt=05/09/2023, completedAt=05/09/2023, declinedAt=-, declinedBy=-, declinedReason=-, providerStatusCode=200, providerStatusDescription=-, providerAmountPaid=CHF 50.00, providerFeePaid=-, providerTransactionId=-, providerDatePaid=05/09/2023, providerValueDate=-, providerPaymentValueDate=-}, INDIVIDUAL={recipientType=Individual, toAmount=CHF 20.00, fromAmount=, recipientName=AUTO INTL CHF INDIVIDUAL NAME, addressLineOne=AUTO INTL CHF INDV ADDR ONE, addressLineTwo=AUTO INTL CHF INDV ADDR TWO, city=AUTO INTL CHF INDV ADDR CITY, province=AUTO INTL CHF INDV PROVINCE, postalCode=567890, country=Switzerland, countryCode=CH, accountNumber=CH9300762011623852957, bicCode=CRESCHZZXXX, bankCode=null, thirdPartyReference=CHF-TPR-INDV-1010, documentNumber=CHF-INV-INDV-1010, purposeOfPayment=Education, reference=AP-EIY8-HDIQ, status=Completed, processingStatus=COMPLETED, resultStatus=PAID, scheduledAt=-, submittingAt=05/09/2023, pendingAt=05/09/2023, lastUpdatedAt=05/09/2023, completedAt=05/09/2023, declinedAt=-, declinedBy=-, declinedReason=-, providerStatusCode=200, providerStatusDescription=-, providerAmountPaid=CHF 20.00, providerFeePaid=-, providerTransactionId=-, providerDatePaid=05/09/2023, providerValueDate=-, providerPaymentValueDate=-}}
After submission and write to file:{COMMON={toCurrencyName=Swiss Franc, toCurrencyCode=CHF, fromCurrencyName=UAE Dirham, fromCurrencyCode=AED, toCurrencyWalletBalance=CHF 841.00, feePerPayment=AED 52.50, processingTime=1-2 business days, fromCurrencyWalletBalance=AED 450,529.96, noOfPayments=2, totalReceiveAmount=CHF 70.00, totalAmount=null, totalFees=AED 105.00, totalPayable=AED 398.69, balanceDue=CHF 0.00, expectedPaymentDate=07/09/2023, paymentMethod=SWIFT, provider=CAB, createdAt=Tuesday 5 September 2023, fromCurrencyWalletBalanceAfterPaymentCompleted=null, liveRate=1 CHF = 4.19553 AED, settlementDate=07/09/2023, formatted_settlementDate=null, toCurrencyWalletBalanceAfterSettlementReceived=null, fromCurrencyWalletBalanceAfterSettlementReceived=null, totalSendAmount=AED 293.69, availableFromWalletBalance=AED 398.69, scheduledAt=05/09/2023, toCurrencyWalletBalanceAfterPaymentCompleted=CHF 841.00}, EXCHANGE={toAmount=70.00, fromAmount=AED 293.69, type=International Exchange, createdAt=Tuesday 5 September 2023, reference=AF-HB4U-8NRL, orderedAt=05/09/2023, orderSettledAt=-, rejectedAt=-, completedAt=-, totalFundsDue=AED 398.69, status=Ordered}, BUSINESS={recipientType=Business, toAmount=CHF 50.00, fromAmount=, recipientName=AUTO INTL CHF BUSINESS NAME, addressLineOne=AUTO INTL CHF BUSINESS ADDR ONE, addressLineTwo=AUTO INTL CHF BUSINESS ADDR TWO, city=AUTO INTL CHF BUSINESS ADDR CITY, province=AUTO INTL CHF BUSINESS PROVINCE, postalCode=01234, country=Switzerland, countryCode=CH, accountNumber=CH9300762011623852957, bicCode=CRESCHZZXXX, bankCode=null, thirdPartyReference=CHF1234TPR, documentNumber=CHFINV1234, purposeOfPayment=Travel, reference=AP-JIZP-AKQN, status=Completed, processingStatus=COMPLETED, resultStatus=PAID, scheduledAt=-, submittingAt=05/09/2023, pendingAt=05/09/2023, lastUpdatedAt=05/09/2023, completedAt=05/09/2023, declinedAt=-, declinedBy=-, declinedReason=-, providerStatusCode=200, providerStatusDescription=-, providerAmountPaid=CHF 50.00, providerFeePaid=-, providerTransactionId=-, providerDatePaid=05/09/2023, providerValueDate=-, providerPaymentValueDate=-}, INDIVIDUAL={recipientType=Individual, toAmount=CHF 20.00, fromAmount=, recipientName=AUTO INTL CHF INDIVIDUAL NAME, addressLineOne=AUTO INTL CHF INDV ADDR ONE, addressLineTwo=AUTO INTL CHF INDV ADDR TWO, city=AUTO INTL CHF INDV ADDR CITY, province=AUTO INTL CHF INDV PROVINCE, postalCode=567890, country=Switzerland, countryCode=CH, accountNumber=CH9300762011623852957, bicCode=CRESCHZZXXX, bankCode=null, thirdPartyReference=CHF-TPR-INDV-1010, documentNumber=CHF-INV-INDV-1010, purposeOfPayment=Education, reference=AP-EIY8-HDIQ, status=Completed, processingStatus=COMPLETED, resultStatus=PAID, scheduledAt=-, submittingAt=05/09/2023, pendingAt=05/09/2023, lastUpdatedAt=05/09/2023, completedAt=05/09/2023, declinedAt=-, declinedBy=-, declinedReason=-, providerStatusCode=200, providerStatusDescription=-, providerAmountPaid=CHF 20.00, providerFeePaid=-, providerTransactionId=-, providerDatePaid=05/09/2023, providerValueDate=-, providerPaymentValueDate=-}}
After submission and write to file:{COMMON={toCurrencyName=Swiss Franc, toCurrencyCode=CHF, fromCurrencyName=UAE Dirham, fromCurrencyCode=AED, toCurrencyWalletBalance=CHF 841.00, feePerPayment=AED 52.50, processingTime=1-2 business days, fromCurrencyWalletBalance=AED 450,529.96, noOfPayments=2, totalReceiveAmount=CHF 70.00, totalAmount=null, totalFees=AED 105.00, totalPayable=AED 398.69, balanceDue=CHF 0.00, expectedPaymentDate=07/09/2023, paymentMethod=SWIFT, provider=CAB, createdAt=Tuesday 5 September 2023, fromCurrencyWalletBalanceAfterPaymentCompleted=null, liveRate=1 CHF = 4.19553 AED, settlementDate=07/09/2023, formatted_settlementDate=null, toCurrencyWalletBalanceAfterSettlementReceived=null, fromCurrencyWalletBalanceAfterSettlementReceived=null, totalSendAmount=AED 293.69, availableFromWalletBalance=AED 398.69, scheduledAt=05/09/2023, toCurrencyWalletBalanceAfterPaymentCompleted=CHF 841.00}, EXCHANGE={toAmount=70.00, fromAmount=AED 293.69, type=International Exchange, createdAt=Tuesday 5 September 2023, reference=AF-HB4U-8NRL, orderedAt=05/09/2023, orderSettledAt=-, rejectedAt=-, completedAt=-, totalFundsDue=AED 398.69, status=Ordered}, BUSINESS={recipientType=Business, toAmount=CHF 50.00, fromAmount=, recipientName=AUTO INTL CHF BUSINESS NAME, addressLineOne=AUTO INTL CHF BUSINESS ADDR ONE, addressLineTwo=AUTO INTL CHF BUSINESS ADDR TWO, city=AUTO INTL CHF BUSINESS ADDR CITY, province=AUTO INTL CHF BUSINESS PROVINCE, postalCode=01234, country=Switzerland, countryCode=CH, accountNumber=CH9300762011623852957, bicCode=CRESCHZZXXX, bankCode=null, thirdPartyReference=CHF1234TPR, documentNumber=CHFINV1234, purposeOfPayment=Travel, reference=AP-JIZP-AKQN, status=Completed, processingStatus=SCHEDULED, resultStatus=PENDING, scheduledAt=-, submittingAt=-, pendingAt=-, lastUpdatedAt=05/09/2023, completedAt=-, declinedAt=-, declinedBy=-, declinedReason=-, providerStatusCode=-, providerStatusDescription=-, providerAmountPaid=-, providerFeePaid=-, providerTransactionId=-, providerDatePaid=-, providerValueDate=-, providerPaymentValueDate=-}, INDIVIDUAL={recipientType=Individual, toAmount=CHF 20.00, fromAmount=, recipientName=AUTO INTL CHF INDIVIDUAL NAME, addressLineOne=AUTO INTL CHF INDV ADDR ONE, addressLineTwo=AUTO INTL CHF INDV ADDR TWO, city=AUTO INTL CHF INDV ADDR CITY, province=AUTO INTL CHF INDV PROVINCE, postalCode=567890, country=Switzerland, countryCode=CH, accountNumber=CH9300762011623852957, bicCode=CRESCHZZXXX, bankCode=null, thirdPartyReference=CHF-TPR-INDV-1010, documentNumber=CHF-INV-INDV-1010, purposeOfPayment=Education, reference=AP-EIY8-HDIQ, status=Completed, processingStatus=COMPLETED, resultStatus=PAID, scheduledAt=-, submittingAt=05/09/2023, pendingAt=05/09/2023, lastUpdatedAt=05/09/2023, completedAt=05/09/2023, declinedAt=-, declinedBy=-, declinedReason=-, providerStatusCode=200, providerStatusDescription=-, providerAmountPaid=CHF 20.00, providerFeePaid=-, providerTransactionId=-, providerDatePaid=05/09/2023, providerValueDate=-, providerPaymentValueDate=-}}
After submission and write to file:{COMMON={toCurrencyName=Swiss Franc, toCurrencyCode=CHF, fromCurrencyName=UAE Dirham, fromCurrencyCode=AED, toCurrencyWalletBalance=CHF 841.00, feePerPayment=AED 52.50, processingTime=1-2 business days, fromCurrencyWalletBalance=AED 450,529.96, noOfPayments=2, totalReceiveAmount=CHF 70.00, totalAmount=null, totalFees=AED 105.00, totalPayable=AED 398.69, balanceDue=CHF 0.00, expectedPaymentDate=07/09/2023, paymentMethod=SWIFT, provider=CAB, createdAt=Tuesday 5 September 2023, fromCurrencyWalletBalanceAfterPaymentCompleted=null, liveRate=1 CHF = 4.19553 AED, settlementDate=07/09/2023, formatted_settlementDate=null, toCurrencyWalletBalanceAfterSettlementReceived=null, fromCurrencyWalletBalanceAfterSettlementReceived=null, totalSendAmount=AED 293.69, availableFromWalletBalance=AED 398.69, scheduledAt=05/09/2023, toCurrencyWalletBalanceAfterPaymentCompleted=CHF 841.00}, EXCHANGE={toAmount=70.00, fromAmount=AED 293.69, type=International Exchange, createdAt=Tuesday 5 September 2023, reference=AF-HB4U-8NRL, orderedAt=05/09/2023, orderSettledAt=-, rejectedAt=-, completedAt=-, totalFundsDue=AED 398.69, status=Ordered}, BUSINESS={recipientType=Business, toAmount=CHF 50.00, fromAmount=, recipientName=AUTO INTL CHF BUSINESS NAME, addressLineOne=AUTO INTL CHF BUSINESS ADDR ONE, addressLineTwo=AUTO INTL CHF BUSINESS ADDR TWO, city=AUTO INTL CHF BUSINESS ADDR CITY, province=AUTO INTL CHF BUSINESS PROVINCE, postalCode=01234, country=Switzerland, countryCode=CH, accountNumber=CH9300762011623852957, bicCode=CRESCHZZXXX, bankCode=null, thirdPartyReference=CHF1234TPR, documentNumber=CHFINV1234, purposeOfPayment=Travel, reference=AP-JIZP-AKQN, status=Completed, processingStatus=SCHEDULED, resultStatus=PENDING, scheduledAt=-, submittingAt=-, pendingAt=-, lastUpdatedAt=05/09/2023, completedAt=-, declinedAt=-, declinedBy=-, declinedReason=-, providerStatusCode=-, providerStatusDescription=-, providerAmountPaid=-, providerFeePaid=-, providerTransactionId=-, providerDatePaid=-, providerValueDate=-, providerPaymentValueDate=-}, INDIVIDUAL={recipientType=Individual, toAmount=CHF 20.00, fromAmount=, recipientName=AUTO INTL CHF INDIVIDUAL NAME, addressLineOne=AUTO INTL CHF INDV ADDR ONE, addressLineTwo=AUTO INTL CHF INDV ADDR TWO, city=AUTO INTL CHF INDV ADDR CITY, province=AUTO INTL CHF INDV PROVINCE, postalCode=567890, country=Switzerland, countryCode=CH, accountNumber=CH9300762011623852957, bicCode=CRESCHZZXXX, bankCode=null, thirdPartyReference=CHF-TPR-INDV-1010, documentNumber=CHF-INV-INDV-1010, purposeOfPayment=Education, reference=AP-EIY8-HDIQ, status=Completed, processingStatus=SCHEDULED, resultStatus=PENDING, scheduledAt=-, submittingAt=-, pendingAt=-, lastUpdatedAt=05/09/2023, completedAt=-, declinedAt=-, declinedBy=-, declinedReason=-, providerStatusCode=-, providerStatusDescription=-, providerAmountPaid=-, providerFeePaid=-, providerTransactionId=-, providerDatePaid=-, providerValueDate=-, providerPaymentValueDate=-}}
  Then I verify details on the "International Payments" submitted page                                                # anhtester.com.hubpay.corp.stepdefinitions.PaymentsPageStepDefinition.I_verify_details_on_submitted_page(java.lang.String)
I_verify_default_details_on_exchange_page:src/test/resources/testdata/InternationalPayments_Multiple_CHF_60.json
[INFO] 05-09-2023 19:50:36 [LogUtils] - Verify element visible By.xpath: //a[text()='Dashboard']
[INFO] 05-09-2023 19:50:36 [LogUtils] - Clicked on the element By.xpath: //a[text()='Dashboard']
[INFO] 05-09-2023 19:50:38 [LogUtils] - Verify element visible By.xpath: //h1[text()='Dashboard']
  When I navigate to Dashboard page                                                                                   # anhtester.com.hubpay.corp.stepdefinitions.DashboardPageStepDefinition.I_navigate_to_dashboard_page()
[INFO] 05-09-2023 19:50:38 [LogUtils] - Verify element visible By.xpath: //button[text()='Transactions']
[INFO] 05-09-2023 19:50:38 [LogUtils] - Clicked on the element By.xpath: //button[text()='Transactions']
  Then I navigate to Transactions tab page                                                                            # anhtester.com.hubpay.corp.stepdefinitions.DashboardPageStepDefinition.I_navigate_to_transactions_page()
{COMMON={toCurrencyName=Swiss Franc, toCurrencyCode=CHF, fromCurrencyName=UAE Dirham, fromCurrencyCode=AED, toCurrencyWalletBalance=CHF 841.00, feePerPayment=AED 52.50, processingTime=1-2 business days, fromCurrencyWalletBalance=AED 450,529.96, noOfPayments=2, totalReceiveAmount=CHF 70.00, totalAmount=null, totalFees=AED 105.00, totalPayable=AED 398.69, balanceDue=CHF 0.00, expectedPaymentDate=07/09/2023, paymentMethod=SWIFT, provider=CAB, createdAt=Tuesday 5 September 2023, fromCurrencyWalletBalanceAfterPaymentCompleted=null, liveRate=1 CHF = 4.19553 AED, settlementDate=07/09/2023, formatted_settlementDate=null, toCurrencyWalletBalanceAfterSettlementReceived=null, fromCurrencyWalletBalanceAfterSettlementReceived=null, totalSendAmount=AED 293.69, availableFromWalletBalance=AED 398.69, scheduledAt=05/09/2023, toCurrencyWalletBalanceAfterPaymentCompleted=CHF 841.00}, EXCHANGE={toAmount=70.00, fromAmount=AED 293.69, type=International Exchange, createdAt=Tuesday 5 September 2023, reference=AF-HB4U-8NRL, orderedAt=05/09/2023, orderSettledAt=-, rejectedAt=-, completedAt=-, totalFundsDue=AED 398.69, status=Ordered}, BUSINESS={recipientType=Business, toAmount=CHF 50.00, fromAmount=, recipientName=AUTO INTL CHF BUSINESS NAME, addressLineOne=AUTO INTL CHF BUSINESS ADDR ONE, addressLineTwo=AUTO INTL CHF BUSINESS ADDR TWO, city=AUTO INTL CHF BUSINESS ADDR CITY, province=AUTO INTL CHF BUSINESS PROVINCE, postalCode=01234, country=Switzerland, countryCode=CH, accountNumber=CH9300762011623852957, bicCode=CRESCHZZXXX, bankCode=null, thirdPartyReference=CHF1234TPR, documentNumber=CHFINV1234, purposeOfPayment=Travel, reference=AP-JIZP-AKQN, status=Completed, processingStatus=SCHEDULED, resultStatus=PENDING, scheduledAt=-, submittingAt=-, pendingAt=-, lastUpdatedAt=05/09/2023, completedAt=-, declinedAt=-, declinedBy=-, declinedReason=-, providerStatusCode=-, providerStatusDescription=-, providerAmountPaid=-, providerFeePaid=-, providerTransactionId=-, providerDatePaid=-, providerValueDate=-, providerPaymentValueDate=-}, INDIVIDUAL={recipientType=Individual, toAmount=CHF 20.00, fromAmount=, recipientName=AUTO INTL CHF INDIVIDUAL NAME, addressLineOne=AUTO INTL CHF INDV ADDR ONE, addressLineTwo=AUTO INTL CHF INDV ADDR TWO, city=AUTO INTL CHF INDV ADDR CITY, province=AUTO INTL CHF INDV PROVINCE, postalCode=567890, country=Switzerland, countryCode=CH, accountNumber=CH9300762011623852957, bicCode=CRESCHZZXXX, bankCode=null, thirdPartyReference=CHF-TPR-INDV-1010, documentNumber=CHF-INV-INDV-1010, purposeOfPayment=Education, reference=AP-EIY8-HDIQ, status=Completed, processingStatus=SCHEDULED, resultStatus=PENDING, scheduledAt=-, submittingAt=-, pendingAt=-, lastUpdatedAt=05/09/2023, completedAt=-, declinedAt=-, declinedBy=-, declinedReason=-, providerStatusCode=-, providerStatusDescription=-, providerAmountPaid=-, providerFeePaid=-, providerTransactionId=-, providerDatePaid=-, providerValueDate=-, providerPaymentValueDate=-}}
[INFO] 05-09-2023 19:50:39 [LogUtils] - Verify element visible By.xpath: //td[contains(text(),'CHF')][contains(text(),'70.00')]/following-sibling::td[.='Foreign Exchange']/preceding-sibling::td[contains(.,'05/09/2023')]/parent::tr[1]
[INFO] 05-09-2023 19:50:39 [LogUtils] - Verify element visible By.xpath: //td[contains(text(),'CHF')][contains(text(),'70.00')]/following-sibling::td[.='Foreign Exchange']/preceding-sibling::td[contains(.,'05/09/2023')]/parent::tr[1]
[INFO] 05-09-2023 19:50:39 [LogUtils] - Verify element visible By.xpath: //td[.='AF-ZOON-2TQJ']/parent::tr[1]
[INFO] 05-09-2023 19:50:39 [LogUtils] - Verify TRUE: true
[INFO] 05-09-2023 19:50:39 [LogUtils] - Verify TRUE: true
[INFO] 05-09-2023 19:50:39 [LogUtils] - Verify TRUE: true
[INFO] 05-09-2023 19:50:39 [LogUtils] - Verify TRUE: true
[INFO] 05-09-2023 19:50:39 [LogUtils] - Verify element visible By.xpath: //td[.='AF-ZOON-2TQJ']/parent::tr[1]
[INFO] 05-09-2023 19:50:39 [LogUtils] - Verify element visible By.xpath: //td[.='AF-ZOON-2TQJ']/parent::tr[1]
[INFO] 05-09-2023 19:50:39 [LogUtils] - Clicked on the element By.xpath: //td[.='AF-ZOON-2TQJ']/parent::tr[1]
[INFO] 05-09-2023 19:50:41 [LogUtils] - Verify element visible By.xpath: //h1[text()='Exchange receipt']
[INFO] 05-09-2023 19:50:41 [LogUtils] - Verify element visible By.xpath: //h1[text()='Exchange receipt']
[INFO] 05-09-2023 19:50:41 [LogUtils] - Clicked on the element By.xpath: //h1[text()='Exchange receipt']
  Then I verify and open Exchange details view of International payment from the Transactions grid                    # anhtester.com.hubpay.corp.stepdefinitions.DashboardPageStepDefinition.I_verify_and_open_exchange_details_international_payment_from_the_Transactions_grid()
[INFO] 05-09-2023 19:50:41 [LogUtils] - Verify element visible By.xpath: //h1[contains(text(),'receipt')]/following-sibling::*
[INFO] 05-09-2023 19:50:41 [LogUtils] - Verify element visible By.xpath: //h1[contains(text(),'receipt')]/following-sibling::*
[INFO] 05-09-2023 19:50:41 [LogUtils] - Verify element visible By.xpath: //h1[contains(text(),'receipt')]/following-sibling::*
[INFO] 05-09-2023 19:50:41 [LogUtils] - Verify TRUE: true
[INFO] 05-09-2023 19:50:41 [LogUtils] - Verify element visible By.xpath: //h1[contains(text(),'receipt')]/following-sibling::*
[INFO] 05-09-2023 19:50:41 [LogUtils] - Verify TRUE: true
  Then I verify exchange transaction status is "Ordered" on transaction details view                                  # anhtester.com.hubpay.corp.stepdefinitions.DashboardPageStepDefinition.I_verify_transactions_status_on_details_view(java.lang.String)
[INFO] 05-09-2023 19:50:41 [LogUtils] - Verify element visible By.xpath: //h1[text()='Exchange receipt']/parent::h2/following-sibling::p
[INFO] 05-09-2023 19:50:41 [LogUtils] - Verify element visible By.xpath: //h1[text()='Exchange receipt']/parent::h2/following-sibling::p
[INFO] 05-09-2023 19:50:41 [LogUtils] - Verify element visible By.xpath: //h1[text()='Exchange receipt']/parent::h2/following-sibling::p
[INFO] 05-09-2023 19:50:41 [LogUtils] - Verify text of an element [Contains]: true
[INFO] 05-09-2023 19:50:41 [LogUtils] - Verify element visible By.xpath: //h1[text()='Exchange receipt']/parent::h2/following-sibling::p
[INFO] 05-09-2023 19:50:41 [LogUtils] - Verify element visible By.xpath: //h1[text()='Exchange receipt']/parent::h2/following-sibling::p
[INFO] 05-09-2023 19:50:41 [LogUtils] - Verify element visible By.xpath: //span[text()='Settlement due date']/following-sibling::div
[INFO] 05-09-2023 19:50:41 [LogUtils] - Verify element visible By.xpath: //span[text()='Settlement due date']/following-sibling::div
[INFO] 05-09-2023 19:50:41 [LogUtils] - Verify TRUE: true
[INFO] 05-09-2023 19:50:41 [LogUtils] - Verify element visible By.xpath: //span[text()='From']/following-sibling::div
[INFO] 05-09-2023 19:50:41 [LogUtils] - Verify element visible By.xpath: //span[text()='From']/following-sibling::div
[INFO] 05-09-2023 19:50:41 [LogUtils] - Verify TRUE: true
[INFO] 05-09-2023 19:50:41 [LogUtils] - Verify element visible By.xpath: //span[text()='To']/following-sibling::div
[INFO] 05-09-2023 19:50:41 [LogUtils] - Verify element visible By.xpath: //span[text()='To']/following-sibling::div
[INFO] 05-09-2023 19:50:41 [LogUtils] - Verify TRUE: true
[INFO] 05-09-2023 19:50:41 [LogUtils] - Verify element visible By.xpath: //span[text()='Exchange rate']/following-sibling::div
[INFO] 05-09-2023 19:50:41 [LogUtils] - Verify TRUE: true
[INFO] 05-09-2023 19:50:41 [LogUtils] - Verify element visible By.xpath: //span[text()='Transaction reference']/following-sibling::div
[INFO] 05-09-2023 19:50:41 [LogUtils] - Verify element visible By.xpath: //span[text()='Transaction reference']/following-sibling::div
[INFO] 05-09-2023 19:50:41 [LogUtils] - Verify TRUE: true
[INFO] 05-09-2023 19:50:41 [LogUtils] - Verify element visible By.xpath: //span[text()='Total settlement amount (incl. payment fees)']/following-sibling::div
[INFO] 05-09-2023 19:50:41 [LogUtils] - Verify element visible By.xpath: //span[text()='Total settlement amount (incl. payment fees)']/following-sibling::div
[INFO] 05-09-2023 19:50:41 [LogUtils] - Verify TRUE: true
[INFO] 05-09-2023 19:50:41 [LogUtils] - Verify element visible By.xpath: //h2[text()='Related payments']
[INFO] 05-09-2023 19:50:41 [LogUtils] - Verify element visible By.xpath: //span[text()='Total fees (incl. 5% VAT)']/following-sibling::div
[INFO] 05-09-2023 19:50:41 [LogUtils] - Verify element visible By.xpath: //span[text()='Total fees (incl. 5% VAT)']/following-sibling::div
[INFO] 05-09-2023 19:50:41 [LogUtils] - Verify TRUE: true
[INFO] 05-09-2023 19:50:41 [LogUtils] - Verify element visible By.xpath: //span[text()='Total amount']/following-sibling::div
[INFO] 05-09-2023 19:50:42 [LogUtils] - Verify element visible By.xpath: //span[text()='Total amount']/following-sibling::div
[INFO] 05-09-2023 19:50:42 [LogUtils] - Verify TRUE: true
[INFO] 05-09-2023 19:50:42 [LogUtils] - Verify element visible By.xpath: //span[text()='Number of payments']/following-sibling::div
[INFO] 05-09-2023 19:50:42 [LogUtils] - Verify element visible By.xpath: //span[text()='Number of payments']/following-sibling::div
[INFO] 05-09-2023 19:50:42 [LogUtils] - Verify TRUE: true
[INFO] 05-09-2023 19:50:42 [LogUtils] - Verify element visible By.xpath: //button[text()='Download']
  Then I verify details of exchange transaction on transaction details view                                           # anhtester.com.hubpay.corp.stepdefinitions.DashboardPageStepDefinition.I_verify_transactions_status_open_details_view()
[INFO] 05-09-2023 19:50:42 [LogUtils] - Verify element visible By.xpath: //span[text()='Close']/parent::button
[INFO] 05-09-2023 19:50:42 [LogUtils] - Clicked on the element By.xpath: //span[text()='Close']/parent::button
  When I close the transaction details view                                                                           # anhtester.com.hubpay.corp.stepdefinitions.DashboardPageStepDefinition.I_close_the_exchange_transaction_details_view()
{COMMON={toCurrencyName=Swiss Franc, toCurrencyCode=CHF, fromCurrencyName=UAE Dirham, fromCurrencyCode=AED, toCurrencyWalletBalance=CHF 841.00, feePerPayment=AED 52.50, processingTime=1-2 business days, fromCurrencyWalletBalance=AED 450,529.96, noOfPayments=2, totalReceiveAmount=CHF 70.00, totalAmount=null, totalFees=AED 105.00, totalPayable=AED 398.69, balanceDue=CHF 0.00, expectedPaymentDate=07/09/2023, paymentMethod=SWIFT, provider=CAB, createdAt=Tuesday 5 September 2023, fromCurrencyWalletBalanceAfterPaymentCompleted=null, liveRate=1 CHF = 4.19553 AED, settlementDate=07/09/2023, formatted_settlementDate=null, toCurrencyWalletBalanceAfterSettlementReceived=null, fromCurrencyWalletBalanceAfterSettlementReceived=null, totalSendAmount=AED 293.69, availableFromWalletBalance=AED 398.69, scheduledAt=05/09/2023, toCurrencyWalletBalanceAfterPaymentCompleted=CHF 841.00}, EXCHANGE={toAmount=70.00, fromAmount=AED 293.69, type=International Exchange, createdAt=Tuesday 5 September 2023, reference=AF-ZOON-2TQJ, orderedAt=05/09/2023, orderSettledAt=-, rejectedAt=-, completedAt=-, totalFundsDue=AED 398.69, status=Ordered}, BUSINESS={recipientType=Business, toAmount=CHF 50.00, fromAmount=, recipientName=AUTO INTL CHF BUSINESS NAME, addressLineOne=AUTO INTL CHF BUSINESS ADDR ONE, addressLineTwo=AUTO INTL CHF BUSINESS ADDR TWO, city=AUTO INTL CHF BUSINESS ADDR CITY, province=AUTO INTL CHF BUSINESS PROVINCE, postalCode=01234, country=Switzerland, countryCode=CH, accountNumber=CH9300762011623852957, bicCode=CRESCHZZXXX, bankCode=null, thirdPartyReference=CHF1234TPR, documentNumber=CHFINV1234, purposeOfPayment=Travel, reference=AP-JIZP-AKQN, status=Completed, processingStatus=SCHEDULED, resultStatus=PENDING, scheduledAt=-, submittingAt=-, pendingAt=-, lastUpdatedAt=05/09/2023, completedAt=-, declinedAt=-, declinedBy=-, declinedReason=-, providerStatusCode=-, providerStatusDescription=-, providerAmountPaid=-, providerFeePaid=-, providerTransactionId=-, providerDatePaid=-, providerValueDate=-, providerPaymentValueDate=-}, INDIVIDUAL={recipientType=Individual, toAmount=CHF 20.00, fromAmount=, recipientName=AUTO INTL CHF INDIVIDUAL NAME, addressLineOne=AUTO INTL CHF INDV ADDR ONE, addressLineTwo=AUTO INTL CHF INDV ADDR TWO, city=AUTO INTL CHF INDV ADDR CITY, province=AUTO INTL CHF INDV PROVINCE, postalCode=567890, country=Switzerland, countryCode=CH, accountNumber=CH9300762011623852957, bicCode=CRESCHZZXXX, bankCode=null, thirdPartyReference=CHF-TPR-INDV-1010, documentNumber=CHF-INV-INDV-1010, purposeOfPayment=Education, reference=AP-EIY8-HDIQ, status=Completed, processingStatus=SCHEDULED, resultStatus=PENDING, scheduledAt=-, submittingAt=-, pendingAt=-, lastUpdatedAt=05/09/2023, completedAt=-, declinedAt=-, declinedBy=-, declinedReason=-, providerStatusCode=-, providerStatusDescription=-, providerAmountPaid=-, providerFeePaid=-, providerTransactionId=-, providerDatePaid=-, providerValueDate=-, providerPaymentValueDate=-}}
[INFO] 05-09-2023 19:50:42 [LogUtils] - Verify element visible By.xpath: //input[@id='search']
[INFO] 05-09-2023 19:50:42 [LogUtils] - Verify element visible By.xpath: //input[@id='search']
[INFO] 05-09-2023 19:50:42 [LogUtils] - Clear and Fill AUTO INTL CHF BUSINESS NAME on By.xpath: //input[@id='search']
[INFO] 05-09-2023 19:50:43 [LogUtils] - Verify element visible By.xpath: //td[.='AUTO INTL CHF BUSINESS NAME']/preceding-sibling::td[contains(.,'05/09/2023')]/parent::tr[1]
[INFO] 05-09-2023 19:50:43 [LogUtils] - Verify element visible By.xpath: //td[.='AUTO INTL CHF BUSINESS NAME']/preceding-sibling::td[contains(.,'05/09/2023')]/parent::tr[1]
[INFO] 05-09-2023 19:50:43 [LogUtils] - Verify TRUE: true
[INFO] 05-09-2023 19:50:43 [LogUtils] - Verify TRUE: true
[INFO] 05-09-2023 19:50:43 [LogUtils] - Verify TRUE: false
  Then I search and verify payment for "BUSINESS" in the Transactions grid                                            # anhtester.com.hubpay.corp.stepdefinitions.DashboardPageStepDefinition.I_search_verify_payment_for_in_the_Transactions_grid(java.lang.String)
      java.lang.AssertionError: The condition is FALSE. expected [true] but found [false]
	at org.testng.Assert.fail(Assert.java:111)
	at org.testng.Assert.failNotEquals(Assert.java:1578)
	at org.testng.Assert.assertTrue(Assert.java:57)
	at anhtester.com.keywords.WebUI.verifyTrue(WebUI.java:1033)
	at anhtester.com.hubpay.corp.pages.DashboardPage.searchAndVerifyPaymentInTransactionGrid(DashboardPage.java:219)
	at anhtester.com.hubpay.corp.stepdefinitions.DashboardPageStepDefinition.I_search_verify_payment_for_in_the_Transactions_grid(DashboardPageStepDefinition.java:170)
	at ✽.I search and verify payment for "BUSINESS" in the Transactions grid(file:///Users/kanthreddy/wip/Hubpay_QAAutomation/src/test/resources/features/InternationalPayments/InternationalPaymentFlow_MultipleRecipients_CHF.feature:48)


    Embedding Screenshot Failed [image/png 220832 bytes]

  Then I open transaction details view of payment for "BUSINESS"                                                      # anhtester.com.hubpay.corp.stepdefinitions.DashboardPageStepDefinition.I_verify_payment_status_open_details_view(java.lang.String)
  Then I verify payment status is "Scheduled" on transaction details view                                             # anhtester.com.hubpay.corp.stepdefinitions.DashboardPageStepDefinition.I_verify_paymentstatus_on_details_view(java.lang.String)
  Then I verify details of payment for "BUSINESS" on transaction details view                                         # anhtester.com.hubpay.corp.stepdefinitions.DashboardPageStepDefinition.I_verify_details_payment_details_view(java.lang.String)
  When I close the transaction details view                                                                           # anhtester.com.hubpay.corp.stepdefinitions.DashboardPageStepDefinition.I_close_the_exchange_transaction_details_view()
  Then I search and verify payment for "INDIVIDUAL" in the Transactions grid                                          # anhtester.com.hubpay.corp.stepdefinitions.DashboardPageStepDefinition.I_search_verify_payment_for_in_the_Transactions_grid(java.lang.String)
  Then I open transaction details view of payment for "INDIVIDUAL"                                                    # anhtester.com.hubpay.corp.stepdefinitions.DashboardPageStepDefinition.I_verify_payment_status_open_details_view(java.lang.String)
  Then I verify payment status is "Scheduled" on transaction details view                                             # anhtester.com.hubpay.corp.stepdefinitions.DashboardPageStepDefinition.I_verify_paymentstatus_on_details_view(java.lang.String)
  Then I verify details of payment for "INDIVIDUAL" on transaction details view                                       # anhtester.com.hubpay.corp.stepdefinitions.DashboardPageStepDefinition.I_verify_details_payment_details_view(java.lang.String)
  When I close the transaction details view                                                                           # anhtester.com.hubpay.corp.stepdefinitions.DashboardPageStepDefinition.I_close_the_exchange_transaction_details_view()
  Then I navigate to Wallets tab page                                                                                 # anhtester.com.hubpay.corp.stepdefinitions.DashboardPageStepDefinition.I_navigate_to_wallets_tab_page()
  Then I verify available funds for the "AED" corridor                                                                # anhtester.com.hubpay.corp.stepdefinitions.DashboardPageStepDefinition.I_verify_available_funds_for_corridor(java.lang.String)
  When I'm Sign out from the Corp portal                                                                              # anhtester.com.common.CommonSteps.I_signout_corp_portal()
  Given I'm Logged in to the Ops portal                                                                               # anhtester.com.common.CommonSteps.i_m_logged_in_to_the_admin_portal()
  Then I open customer overview page of "Corporate Customers" registered with "Phone number" "+91 7989730020"         # anhtester.com.hubpay.ops.stepdefinitions.CustomersPageStepDefinition.i_view_the_customer_overview_page_of_registered_with(java.lang.String,java.lang.String,java.lang.String)
  And I verify "Available" balance of "CHF" wallet on the Customer Overview page                                      # anhtester.com.hubpay.ops.stepdefinitions.CustomerOverviewPageStepDefinition.i_verify_wallet_balance_customer_overview_page(java.lang.String,java.lang.String)
  And I verify "Available" balance of "AED" wallet on the Customer Overview page                                      # anhtester.com.hubpay.ops.stepdefinitions.CustomerOverviewPageStepDefinition.i_verify_wallet_balance_customer_overview_page(java.lang.String,java.lang.String)
  When I navigate to "Wallet debits" tab page                                                                         # anhtester.com.hubpay.ops.stepdefinitions.CustomerOverviewPageStepDefinition.inavigateToTabPage(java.lang.String)
  When I open transaction details view of the "Foreign Exchange" transaction having ""                                # anhtester.com.hubpay.ops.stepdefinitions.TransactionsPageStepDefinition.i_open_transaction_detailsview_transaction_having(java.lang.String,java.lang.String)
  Then I verify transaction status is "Ordered" on the transaction details view                                       # anhtester.com.hubpay.ops.stepdefinitions.TransactionsPageStepDefinition.i_verify_transaction_status_transaction_detailsview(java.lang.String)
  Then I verify "Foreign Exchange" details on the transaction details view                                            # anhtester.com.hubpay.ops.stepdefinitions.TransactionsPageStepDefinition.i_verify_transaction_details_on_transaction_detailsview(java.lang.String)
  Then I verify "SETTLEMENT RECEIVED" button "Available" on the transaction details view                              # anhtester.com.hubpay.ops.stepdefinitions.TransactionsPageStepDefinition.i_verify_button_on_transaction_detailsview(java.lang.String,java.lang.String)
  When I click "SETTLEMENT RECEIVED" button on the transaction details view                                           # anhtester.com.hubpay.ops.stepdefinitions.TransactionsPageStepDefinition.i_click_button_on_transaction_detailsview(java.lang.String)
  Then I verify "SETTLE" button "Available" on the transaction details view                                           # anhtester.com.hubpay.ops.stepdefinitions.TransactionsPageStepDefinition.i_verify_button_on_transaction_detailsview(java.lang.String,java.lang.String)
  Then I verify transaction status is "ORDER_SETTLED" on the transaction details view                                 # anhtester.com.hubpay.ops.stepdefinitions.TransactionsPageStepDefinition.i_verify_transaction_status_transaction_detailsview(java.lang.String)
  Then I verify "Foreign Exchange" details on the transaction details view                                            # anhtester.com.hubpay.ops.stepdefinitions.TransactionsPageStepDefinition.i_verify_transaction_details_on_transaction_detailsview(java.lang.String)
  Then I navigate to Customer Overview page from the transaction details view                                         # anhtester.com.hubpay.ops.stepdefinitions.TransactionsPageStepDefinition.i_navigate_customer_overview_from_transaction_detailsview()
  And I verify "Available" balance of "CHF" wallet on the Customer Overview page                                      # anhtester.com.hubpay.ops.stepdefinitions.CustomerOverviewPageStepDefinition.i_verify_wallet_balance_customer_overview_page(java.lang.String,java.lang.String)
  Then I update wallet balance in test data file after submitting Foreign Exchange to CAB                             # anhtester.com.hubpay.ops.stepdefinitions.TransactionsPageStepDefinition.i_update_wallet_balances_in_test_data_file_after_submitting_exchange_to_CAB()
  And I verify "Available" balance of "AED" wallet on the Customer Overview page                                      # anhtester.com.hubpay.ops.stepdefinitions.CustomerOverviewPageStepDefinition.i_verify_wallet_balance_customer_overview_page(java.lang.String,java.lang.String)
  Then I navigated to the "Transactions" page using left navigation                                                   # anhtester.com.hubpay.ops.stepdefinitions.CustomersPageStepDefinition.i_navigated_to_the_page(java.lang.String)
  When I open transaction details view of the "Foreign Exchange" transaction having ""                                # anhtester.com.hubpay.ops.stepdefinitions.TransactionsPageStepDefinition.i_open_transaction_detailsview_transaction_having(java.lang.String,java.lang.String)
  When I click "SETTLE" button on the transaction details view                                                        # anhtester.com.hubpay.ops.stepdefinitions.TransactionsPageStepDefinition.i_click_button_on_transaction_detailsview(java.lang.String)
  Then I verify transaction status is "COMPLETED" on the transaction details view                                     # anhtester.com.hubpay.ops.stepdefinitions.TransactionsPageStepDefinition.i_verify_transaction_status_transaction_detailsview(java.lang.String)
  Then I update wallet balance in test data file after Foreign Exchange processed by CAB                              # anhtester.com.hubpay.ops.stepdefinitions.TransactionsPageStepDefinition.i_update_wallet_balances_in_test_data_file_after_exchange_processed_by_CAB()
  Then I verify "Foreign Exchange" details on the transaction details view                                            # anhtester.com.hubpay.ops.stepdefinitions.TransactionsPageStepDefinition.i_verify_transaction_details_on_transaction_detailsview(java.lang.String)
  Then I navigate to Customer Overview page from the transaction details view                                         # anhtester.com.hubpay.ops.stepdefinitions.TransactionsPageStepDefinition.i_navigate_customer_overview_from_transaction_detailsview()
  And I verify "Available" balance of "AED" wallet on the Customer Overview page                                      # anhtester.com.hubpay.ops.stepdefinitions.CustomerOverviewPageStepDefinition.i_verify_wallet_balance_customer_overview_page(java.lang.String,java.lang.String)
  And I verify "Available" balance of "CHF" wallet on the Customer Overview page                                      # anhtester.com.hubpay.ops.stepdefinitions.CustomerOverviewPageStepDefinition.i_verify_wallet_balance_customer_overview_page(java.lang.String,java.lang.String)
  When I navigate to "Wallet debits" tab page                                                                         # anhtester.com.hubpay.ops.stepdefinitions.CustomerOverviewPageStepDefinition.inavigateToTabPage(java.lang.String)
  Then I verify "payment" details for "BUSINESS" in the "Wallet debits" grid                                          # anhtester.com.hubpay.ops.stepdefinitions.TransactionsPageStepDefinition.i_verify_transaction_details_for_in_the_wallet_debits_grid(java.lang.String,java.lang.String,java.lang.String)
  When I open payment details view for the payment of "BUSINESS" having ""                                            # anhtester.com.hubpay.ops.stepdefinitions.TransactionsPageStepDefinition.i_open_payment_detailsview_for_the_having(java.lang.String,java.lang.String)
  Then I verify payment details for "BUSINESS" on the transaction details view                                        # anhtester.com.hubpay.ops.stepdefinitions.TransactionsPageStepDefinition.i_verify_payment_details_for_on_transaction_detailsview(java.lang.String)
  Then I verify buttons "Available" on the transaction details view                                                   # anhtester.com.hubpay.ops.stepdefinitions.TransactionsPageStepDefinition.i_verify_buttons_not_available_on_transaction_detailsview(java.lang.String,io.cucumber.datatable.DataTable)
    | SUBMIT SINGLE PAYMENT |
    | SUBMIT FULL BATCH     |
    | DOWNLOAD              |
  When I submit "FULL BATCH" payment to CAB for processing                                                            # anhtester.com.hubpay.ops.stepdefinitions.TransactionsPageStepDefinition.i_submit_payment_to_CAB_for_processing(java.lang.String)
  Then I verify "Order has been updated successfully" toast message is displayed                                      # anhtester.com.hubpay.corp.stepdefinitions.PaymentsPageStepDefinition.I_verify_toast_message_is_displayed(java.lang.String)
  When I update data file after "FULL BATCH" recipient "International payments" submitted to CAB                      # anhtester.com.hubpay.ops.stepdefinitions.TransactionsPageStepDefinition.i_update_data_file_after_recipient_submitted_to_CAB(java.lang.String,java.lang.String)
  Then I verify payment details for "BUSINESS" on the transaction details view                                        # anhtester.com.hubpay.ops.stepdefinitions.TransactionsPageStepDefinition.i_verify_payment_details_for_on_transaction_detailsview(java.lang.String)
  Then I verify buttons "Available" on the transaction details view                                                   # anhtester.com.hubpay.ops.stepdefinitions.TransactionsPageStepDefinition.i_verify_buttons_not_available_on_transaction_detailsview(java.lang.String,io.cucumber.datatable.DataTable)
    | Force Refresh Payment Statuses |
    | DOWNLOAD                       |
  Then I verify buttons "Not Available" on the transaction details view                                               # anhtester.com.hubpay.ops.stepdefinitions.TransactionsPageStepDefinition.i_verify_buttons_not_available_on_transaction_detailsview(java.lang.String,io.cucumber.datatable.DataTable)
    | SUBMIT SINGLE PAYMENT |
    | SUBMIT FULL BATCH     |
    | DECLINE               |
  Then I navigate to Customer Overview page from the transaction details view                                         # anhtester.com.hubpay.ops.stepdefinitions.TransactionsPageStepDefinition.i_navigate_customer_overview_from_transaction_detailsview()
  When I update data file after "FULL BATCH" recipient "International payments" processed by CAB                      # anhtester.com.hubpay.ops.stepdefinitions.TransactionsPageStepDefinition.i_update_data_file_after_recipient_processed_by_CAB(java.lang.String,java.lang.String)
  And I verify "Available" balance of "AED" wallet after "BUSINESS" payment "COMPLETED"                               # anhtester.com.hubpay.ops.stepdefinitions.CustomerOverviewPageStepDefinition.i_verify_balance_of_wallet_after_payment(java.lang.String,java.lang.String,java.lang.String,java.lang.String)
  When I navigate to "Wallet debits" tab page                                                                         # anhtester.com.hubpay.ops.stepdefinitions.CustomerOverviewPageStepDefinition.inavigateToTabPage(java.lang.String)
  Then I verify "payment" details for "BUSINESS" in the "Wallet debits" grid                                          # anhtester.com.hubpay.ops.stepdefinitions.TransactionsPageStepDefinition.i_verify_transaction_details_for_in_the_wallet_debits_grid(java.lang.String,java.lang.String,java.lang.String)
  When I open payment details view for the payment of "BUSINESS" having ""                                            # anhtester.com.hubpay.ops.stepdefinitions.TransactionsPageStepDefinition.i_open_payment_detailsview_for_the_having(java.lang.String,java.lang.String)
  Then I verify payment details for "BUSINESS" on the transaction details view                                        # anhtester.com.hubpay.ops.stepdefinitions.TransactionsPageStepDefinition.i_verify_payment_details_for_on_transaction_detailsview(java.lang.String)
  Then I verify buttons "Available" on the transaction details view                                                   # anhtester.com.hubpay.ops.stepdefinitions.TransactionsPageStepDefinition.i_verify_buttons_not_available_on_transaction_detailsview(java.lang.String,io.cucumber.datatable.DataTable)
    | DOWNLOAD |
  Then I verify buttons "Not Available" on the transaction details view                                               # anhtester.com.hubpay.ops.stepdefinitions.TransactionsPageStepDefinition.i_verify_buttons_not_available_on_transaction_detailsview(java.lang.String,io.cucumber.datatable.DataTable)
    | SUBMIT SINGLE PAYMENT          |
    | SUBMIT FULL BATCH              |
    | DECLINE                        |
    | Force Refresh Payment Statuses |
  Then I navigate to Customer Overview page from the transaction details view                                         # anhtester.com.hubpay.ops.stepdefinitions.TransactionsPageStepDefinition.i_navigate_customer_overview_from_transaction_detailsview()
  When I navigate to "Wallet debits" tab page                                                                         # anhtester.com.hubpay.ops.stepdefinitions.CustomerOverviewPageStepDefinition.inavigateToTabPage(java.lang.String)
  Then I verify "payment" details for "INDIVIDUAL" in the "Wallet debits" grid                                        # anhtester.com.hubpay.ops.stepdefinitions.TransactionsPageStepDefinition.i_verify_transaction_details_for_in_the_wallet_debits_grid(java.lang.String,java.lang.String,java.lang.String)
  When I open payment details view for the payment of "INDIVIDUAL" having ""                                          # anhtester.com.hubpay.ops.stepdefinitions.TransactionsPageStepDefinition.i_open_payment_detailsview_for_the_having(java.lang.String,java.lang.String)
  Then I verify payment details for "INDIVIDUAL" on the transaction details view                                      # anhtester.com.hubpay.ops.stepdefinitions.TransactionsPageStepDefinition.i_verify_payment_details_for_on_transaction_detailsview(java.lang.String)
  Then I verify buttons "Available" on the transaction details view                                                   # anhtester.com.hubpay.ops.stepdefinitions.TransactionsPageStepDefinition.i_verify_buttons_not_available_on_transaction_detailsview(java.lang.String,io.cucumber.datatable.DataTable)
    | DOWNLOAD |
  Then I verify buttons "Not Available" on the transaction details view                                               # anhtester.com.hubpay.ops.stepdefinitions.TransactionsPageStepDefinition.i_verify_buttons_not_available_on_transaction_detailsview(java.lang.String,io.cucumber.datatable.DataTable)
    | SUBMIT SINGLE PAYMENT          |
    | SUBMIT FULL BATCH              |
    | DECLINE                        |
    | Force Refresh Payment Statuses |
  Given I'm Logged in to the Corp portal                                                                              # anhtester.com.common.CommonSteps.I_enter_credentials_on_CorpSuite_Login_Page()
  Then I verify Dashboard page is displayed                                                                           # anhtester.com.hubpay.corp.stepdefinitions.DashboardPageStepDefinition.I_verify_dashboard_page_is_displayed()
  Then I navigate to Transactions tab page                                                                            # anhtester.com.hubpay.corp.stepdefinitions.DashboardPageStepDefinition.I_navigate_to_transactions_page()
  Then I verify transaction status "Completed" in table and open transaction details view                             # anhtester.com.hubpay.corp.stepdefinitions.DashboardPageStepDefinition.I_verify_transactions_status_open_details_view(java.lang.String)
  Then I verify exchange transaction status is "Completed" on transaction details view                                # anhtester.com.hubpay.corp.stepdefinitions.DashboardPageStepDefinition.I_verify_transactions_status_on_details_view(java.lang.String)
  Then I verify details of exchange transaction on transaction details view                                           # anhtester.com.hubpay.corp.stepdefinitions.DashboardPageStepDefinition.I_verify_transactions_status_open_details_view()
  When I close the transaction details view                                                                           # anhtester.com.hubpay.corp.stepdefinitions.DashboardPageStepDefinition.I_close_the_exchange_transaction_details_view()
  Then I open transaction details view of payment for "BUSINESS"                                                      # anhtester.com.hubpay.corp.stepdefinitions.DashboardPageStepDefinition.I_verify_payment_status_open_details_view(java.lang.String)
  Then I verify payment status is "Completed" on transaction details view                                             # anhtester.com.hubpay.corp.stepdefinitions.DashboardPageStepDefinition.I_verify_paymentstatus_on_details_view(java.lang.String)
  Then I verify details of payment for "BUSINESS" on transaction details view                                         # anhtester.com.hubpay.corp.stepdefinitions.DashboardPageStepDefinition.I_verify_details_payment_details_view(java.lang.String)
  When I close the transaction details view                                                                           # anhtester.com.hubpay.corp.stepdefinitions.DashboardPageStepDefinition.I_close_the_exchange_transaction_details_view()
  Then I open transaction details view of payment for "INDIVIDUAL"                                                    # anhtester.com.hubpay.corp.stepdefinitions.DashboardPageStepDefinition.I_verify_payment_status_open_details_view(java.lang.String)
  Then I verify payment status is "Completed" on transaction details view                                             # anhtester.com.hubpay.corp.stepdefinitions.DashboardPageStepDefinition.I_verify_paymentstatus_on_details_view(java.lang.String)
  Then I verify details of payment for "INDIVIDUAL" on transaction details view                                       # anhtester.com.hubpay.corp.stepdefinitions.DashboardPageStepDefinition.I_verify_details_payment_details_view(java.lang.String)
  When I close the transaction details view                                                                           # anhtester.com.hubpay.corp.stepdefinitions.DashboardPageStepDefinition.I_close_the_exchange_transaction_details_view()
  Then I navigate to Wallets tab page                                                                                 # anhtester.com.hubpay.corp.stepdefinitions.DashboardPageStepDefinition.I_navigate_to_wallets_tab_page()
  Then I verify available funds for the "AED" corridor                                                                # anhtester.com.hubpay.corp.stepdefinitions.DashboardPageStepDefinition.I_verify_available_funds_for_corridor(java.lang.String)
  Then I verify available funds for the "CHF" corridor                                                                # anhtester.com.hubpay.corp.stepdefinitions.DashboardPageStepDefinition.I_verify_available_funds_for_corridor(java.lang.String)
  When I'm Sign out from the Corp portal                                                                              # anhtester.com.common.CommonSteps.I_signout_corp_portal()
[ERROR] 05-09-2023 19:50:45 [LifecycleNotifier] - Could not invoke listener method
org.openqa.selenium.NoSuchSessionException: Session ID is null. Using WebDriver after calling quit()?
Build info: version: '4.10.0', revision: 'c14d967899'
System info: os.name: 'Mac OS X', os.arch: 'aarch64', os.version: '12.6', java.version: '11.0.16'
Driver info: org.openqa.selenium.chrome.ChromeDriver
Command: [null, screenshot {}]
Capabilities {acceptInsecureCerts: false, browserName: chrome, browserVersion: 116.0.5845.140, chrome: {chromedriverVersion: 116.0.5845.96 (1a3918166880..., userDataDir: /var/folders/bz/l4ntdftn1jd...}, fedcm:accounts: true, goog:chromeOptions: {debuggerAddress: localhost:55386}, networkConnectionEnabled: false, pageLoadStrategy: normal, platformName: mac, proxy: Proxy(), se:cdp: ws://localhost:55386/devtoo..., se:cdpVersion: 116.0.5845.140, setWindowRect: true, strictFileInteractability: false, timeouts: {implicit: 0, pageLoad: 300000, script: 30000}, unhandledPromptBehavior: dismiss and notify, webauthn:extension:credBlob: true, webauthn:extension:largeBlob: true, webauthn:extension:minPinLength: true, webauthn:extension:prf: true, webauthn:virtualAuthenticators: true}
	at org.openqa.selenium.remote.HttpCommandExecutor.execute(HttpCommandExecutor.java:152) ~[selenium-remote-driver-4.10.0.jar:?]
	at org.openqa.selenium.remote.service.DriverCommandExecutor.invokeExecute(DriverCommandExecutor.java:196) ~[selenium-remote-driver-4.10.0.jar:?]
	at org.openqa.selenium.remote.service.DriverCommandExecutor.execute(DriverCommandExecutor.java:171) ~[selenium-remote-driver-4.10.0.jar:?]
	at org.openqa.selenium.remote.RemoteWebDriver.execute(RemoteWebDriver.java:531) ~[selenium-remote-driver-4.10.0.jar:?]
	at org.openqa.selenium.remote.RemoteWebDriver.execute(RemoteWebDriver.java:590) ~[selenium-remote-driver-4.10.0.jar:?]
	at org.openqa.selenium.remote.RemoteWebDriver.execute(RemoteWebDriver.java:594) ~[selenium-remote-driver-4.10.0.jar:?]
	at org.openqa.selenium.remote.RemoteWebDriver.getScreenshotAs(RemoteWebDriver.java:316) ~[selenium-remote-driver-4.10.0.jar:?]
	at jdk.internal.reflect.NativeMethodAccessorImpl.invoke0(Native Method) ~[?:?]
	at jdk.internal.reflect.NativeMethodAccessorImpl.invoke(NativeMethodAccessorImpl.java:62) ~[?:?]
	at jdk.internal.reflect.DelegatingMethodAccessorImpl.invoke(DelegatingMethodAccessorImpl.java:43) ~[?:?]
	at java.lang.reflect.Method.invoke(Method.java:566) ~[?:?]
	at org.openqa.selenium.support.ThreadGuard$WebDriverInvocationHandler.invokeUnderlying(ThreadGuard.java:99) ~[selenium-support-4.10.0.jar:?]
	at org.openqa.selenium.support.ThreadGuard$WebDriverInvocationHandler.invoke(ThreadGuard.java:91) ~[selenium-support-4.10.0.jar:?]
	at com.sun.proxy.$Proxy45.getScreenshotAs(Unknown Source) ~[?:?]
	at anhtester.com.listeners.AllureListener.beforeTestStop(AllureListener.java:43) ~[test-classes/:?]
	at io.qameta.allure.listener.LifecycleNotifier.lambda$runSafely$0(LifecycleNotifier.java:211) ~[allure-java-commons-2.22.1.jar:2.22.1]
	at java.util.ArrayList.forEach(ArrayList.java:1541) ~[?:?]
	at io.qameta.allure.listener.LifecycleNotifier.runSafely(LifecycleNotifier.java:209) ~[allure-java-commons-2.22.1.jar:2.22.1]
	at io.qameta.allure.listener.LifecycleNotifier.beforeTestStop(LifecycleNotifier.java:88) ~[allure-java-commons-2.22.1.jar:2.22.1]
	at io.qameta.allure.AllureLifecycle.stopTestCase(AllureLifecycle.java:420) ~[allure-java-commons-2.22.1.jar:2.22.1]
	at io.qameta.allure.cucumber7jvm.AllureCucumber7Jvm.handleTestCaseFinished(AllureCucumber7Jvm.java:197) ~[allure-cucumber7-jvm-2.22.1.jar:2.22.1]
	at io.cucumber.core.eventbus.AbstractEventPublisher.send(AbstractEventPublisher.java:51) ~[cucumber-core-7.12.1.jar:7.12.1]
	at io.cucumber.core.eventbus.AbstractEventBus.send(AbstractEventBus.java:12) ~[cucumber-core-7.12.1.jar:7.12.1]
	at io.cucumber.core.runtime.SynchronizedEventBus.send(SynchronizedEventBus.java:47) ~[cucumber-core-7.12.1.jar:7.12.1]
	at io.cucumber.core.runtime.ThreadLocalRunnerSupplier$LocalEventBus.send(ThreadLocalRunnerSupplier.java:62) ~[cucumber-core-7.12.1.jar:7.12.1]
	at io.cucumber.core.runner.TestCase.emitTestCaseFinished(TestCase.java:219) ~[cucumber-core-7.12.1.jar:7.12.1]
	at io.cucumber.core.runner.TestCase.run(TestCase.java:98) ~[cucumber-core-7.12.1.jar:7.12.1]
	at io.cucumber.core.runner.Runner.runPickle(Runner.java:75) ~[cucumber-core-7.12.1.jar:7.12.1]
	at io.cucumber.testng.TestNGCucumberRunner.lambda$runScenario$1(TestNGCucumberRunner.java:132) ~[cucumber-testng-7.12.1.jar:7.12.1]
	at io.cucumber.core.runtime.CucumberExecutionContext.lambda$runTestCase$5(CucumberExecutionContext.java:137) ~[cucumber-core-7.12.1.jar:7.12.1]
	at io.cucumber.core.runtime.RethrowingThrowableCollector.executeAndThrow(RethrowingThrowableCollector.java:23) ~[cucumber-core-7.12.1.jar:7.12.1]
	at io.cucumber.core.runtime.CucumberExecutionContext.runTestCase(CucumberExecutionContext.java:137) ~[cucumber-core-7.12.1.jar:7.12.1]
	at io.cucumber.testng.TestNGCucumberRunner.runScenario(TestNGCucumberRunner.java:129) ~[cucumber-testng-7.12.1.jar:7.12.1]
	at io.cucumber.testng.AbstractTestNGCucumberTests.runScenario(AbstractTestNGCucumberTests.java:35) ~[cucumber-testng-7.12.1.jar:7.12.1]
	at jdk.internal.reflect.NativeMethodAccessorImpl.invoke0(Native Method) ~[?:?]
	at jdk.internal.reflect.NativeMethodAccessorImpl.invoke(NativeMethodAccessorImpl.java:62) ~[?:?]
	at jdk.internal.reflect.DelegatingMethodAccessorImpl.invoke(DelegatingMethodAccessorImpl.java:43) ~[?:?]
	at java.lang.reflect.Method.invoke(Method.java:566) ~[?:?]
	at org.testng.internal.invokers.MethodInvocationHelper.invokeMethod(MethodInvocationHelper.java:139) ~[testng-7.8.0.jar:7.8.0]
	at org.testng.internal.invokers.TestInvoker.invokeMethod(TestInvoker.java:664) ~[testng-7.8.0.jar:7.8.0]
	at org.testng.internal.invokers.TestInvoker.invokeTestMethod(TestInvoker.java:227) ~[testng-7.8.0.jar:7.8.0]
	at org.testng.internal.invokers.MethodRunner.runInSequence(MethodRunner.java:50) ~[testng-7.8.0.jar:7.8.0]
	at org.testng.internal.invokers.TestInvoker$MethodInvocationAgent.invoke(TestInvoker.java:957) ~[testng-7.8.0.jar:7.8.0]
	at org.testng.internal.invokers.TestInvoker.invokeTestMethods(TestInvoker.java:200) ~[testng-7.8.0.jar:7.8.0]
	at org.testng.internal.invokers.TestMethodWorker.invokeTestMethods(TestMethodWorker.java:148) ~[testng-7.8.0.jar:7.8.0]
	at org.testng.internal.invokers.TestMethodWorker.run(TestMethodWorker.java:128) ~[testng-7.8.0.jar:7.8.0]
	at java.util.ArrayList.forEach(ArrayList.java:1541) [?:?]
	at org.testng.TestRunner.privateRun(TestRunner.java:848) [testng-7.8.0.jar:7.8.0]
	at org.testng.TestRunner.run(TestRunner.java:621) [testng-7.8.0.jar:7.8.0]
	at org.testng.SuiteRunner.runTest(SuiteRunner.java:443) [testng-7.8.0.jar:7.8.0]
	at org.testng.SuiteRunner.runSequentially(SuiteRunner.java:437) [testng-7.8.0.jar:7.8.0]
	at org.testng.SuiteRunner.privateRun(SuiteRunner.java:397) [testng-7.8.0.jar:7.8.0]
	at org.testng.SuiteRunner.run(SuiteRunner.java:336) [testng-7.8.0.jar:7.8.0]
	at org.testng.SuiteRunnerWorker.runSuite(SuiteRunnerWorker.java:52) [testng-7.8.0.jar:7.8.0]
	at org.testng.SuiteRunnerWorker.run(SuiteRunnerWorker.java:95) [testng-7.8.0.jar:7.8.0]
	at org.testng.TestNG.runSuitesSequentially(TestNG.java:1280) [testng-7.8.0.jar:7.8.0]
	at org.testng.TestNG.runSuitesLocally(TestNG.java:1200) [testng-7.8.0.jar:7.8.0]
	at org.testng.TestNG.runSuites(TestNG.java:1114) [testng-7.8.0.jar:7.8.0]
	at org.testng.TestNG.run(TestNG.java:1082) [testng-7.8.0.jar:7.8.0]
	at org.apache.maven.surefire.testng.TestNGExecutor.run(TestNGExecutor.java:308) [surefire-testng-3.1.2.jar:3.1.2]
	at org.apache.maven.surefire.testng.TestNGXmlTestSuite.execute(TestNGXmlTestSuite.java:71) [surefire-testng-3.1.2.jar:3.1.2]
	at org.apache.maven.surefire.testng.TestNGProvider.invoke(TestNGProvider.java:113) [surefire-testng-3.1.2.jar:3.1.2]
	at org.apache.maven.surefire.booter.ForkedBooter.runSuitesInProcess(ForkedBooter.java:385) [surefire-booter-3.1.2.jar:3.1.2]
	at org.apache.maven.surefire.booter.ForkedBooter.execute(ForkedBooter.java:162) [surefire-booter-3.1.2.jar:3.1.2]
	at org.apache.maven.surefire.booter.ForkedBooter.run(ForkedBooter.java:507) [surefire-booter-3.1.2.jar:3.1.2]
	at org.apache.maven.surefire.booter.ForkedBooter.main(ForkedBooter.java:495) [surefire-booter-3.1.2.jar:3.1.2]
[ERROR] 05-09-2023 19:50:45 [LifecycleNotifier] - Could not invoke listener method
org.openqa.selenium.NoSuchSessionException: Session ID is null. Using WebDriver after calling quit()?
Build info: version: '4.10.0', revision: 'c14d967899'
System info: os.name: 'Mac OS X', os.arch: 'aarch64', os.version: '12.6', java.version: '11.0.16'
Driver info: org.openqa.selenium.chrome.ChromeDriver
Command: [null, screenshot {}]
Capabilities {acceptInsecureCerts: false, browserName: chrome, browserVersion: 116.0.5845.140, chrome: {chromedriverVersion: 116.0.5845.96 (1a3918166880..., userDataDir: /var/folders/bz/l4ntdftn1jd...}, fedcm:accounts: true, goog:chromeOptions: {debuggerAddress: localhost:55386}, networkConnectionEnabled: false, pageLoadStrategy: normal, platformName: mac, proxy: Proxy(), se:cdp: ws://localhost:55386/devtoo..., se:cdpVersion: 116.0.5845.140, setWindowRect: true, strictFileInteractability: false, timeouts: {implicit: 0, pageLoad: 300000, script: 30000}, unhandledPromptBehavior: dismiss and notify, webauthn:extension:credBlob: true, webauthn:extension:largeBlob: true, webauthn:extension:minPinLength: true, webauthn:extension:prf: true, webauthn:virtualAuthenticators: true}
	at org.openqa.selenium.remote.HttpCommandExecutor.execute(HttpCommandExecutor.java:152) ~[selenium-remote-driver-4.10.0.jar:?]
	at org.openqa.selenium.remote.service.DriverCommandExecutor.invokeExecute(DriverCommandExecutor.java:196) ~[selenium-remote-driver-4.10.0.jar:?]
	at org.openqa.selenium.remote.service.DriverCommandExecutor.execute(DriverCommandExecutor.java:171) ~[selenium-remote-driver-4.10.0.jar:?]
	at org.openqa.selenium.remote.RemoteWebDriver.execute(RemoteWebDriver.java:531) ~[selenium-remote-driver-4.10.0.jar:?]
	at org.openqa.selenium.remote.RemoteWebDriver.execute(RemoteWebDriver.java:590) ~[selenium-remote-driver-4.10.0.jar:?]
	at org.openqa.selenium.remote.RemoteWebDriver.execute(RemoteWebDriver.java:594) ~[selenium-remote-driver-4.10.0.jar:?]
	at org.openqa.selenium.remote.RemoteWebDriver.getScreenshotAs(RemoteWebDriver.java:316) ~[selenium-remote-driver-4.10.0.jar:?]
	at jdk.internal.reflect.NativeMethodAccessorImpl.invoke0(Native Method) ~[?:?]
	at jdk.internal.reflect.NativeMethodAccessorImpl.invoke(NativeMethodAccessorImpl.java:62) ~[?:?]
	at jdk.internal.reflect.DelegatingMethodAccessorImpl.invoke(DelegatingMethodAccessorImpl.java:43) ~[?:?]
	at java.lang.reflect.Method.invoke(Method.java:566) ~[?:?]
	at org.openqa.selenium.support.ThreadGuard$WebDriverInvocationHandler.invokeUnderlying(ThreadGuard.java:99) ~[selenium-support-4.10.0.jar:?]
	at org.openqa.selenium.support.ThreadGuard$WebDriverInvocationHandler.invoke(ThreadGuard.java:91) ~[selenium-support-4.10.0.jar:?]
	at com.sun.proxy.$Proxy45.getScreenshotAs(Unknown Source) ~[?:?]
	at anhtester.com.listeners.AllureListener.beforeTestStop(AllureListener.java:43) ~[test-classes/:?]
	at io.qameta.allure.listener.LifecycleNotifier.lambda$runSafely$0(LifecycleNotifier.java:211) ~[allure-java-commons-2.22.1.jar:2.22.1]
	at java.util.ArrayList.forEach(ArrayList.java:1541) ~[?:?]
	at io.qameta.allure.listener.LifecycleNotifier.runSafely(LifecycleNotifier.java:209) ~[allure-java-commons-2.22.1.jar:2.22.1]
	at io.qameta.allure.listener.LifecycleNotifier.beforeTestStop(LifecycleNotifier.java:88) ~[allure-java-commons-2.22.1.jar:2.22.1]
	at io.qameta.allure.AllureLifecycle.stopTestCase(AllureLifecycle.java:420) ~[allure-java-commons-2.22.1.jar:2.22.1]
	at io.qameta.allure.testng.AllureTestNg.stopTestCase(AllureTestNg.java:376) ~[allure-testng-2.22.1.jar:2.22.1]
	at io.qameta.allure.testng.AllureTestNg.onTestFailure(AllureTestNg.java:370) ~[allure-testng-2.22.1.jar:2.22.1]
	at org.testng.internal.TestListenerHelper.runTestListeners(TestListenerHelper.java:108) ~[testng-7.8.0.jar:7.8.0]
	at org.testng.internal.invokers.TestInvoker.runTestResultListener(TestInvoker.java:262) ~[testng-7.8.0.jar:7.8.0]
	at org.testng.internal.invokers.TestInvoker.invokeMethod(TestInvoker.java:751) ~[testng-7.8.0.jar:7.8.0]
	at org.testng.internal.invokers.TestInvoker.invokeTestMethod(TestInvoker.java:227) ~[testng-7.8.0.jar:7.8.0]
	at org.testng.internal.invokers.MethodRunner.runInSequence(MethodRunner.java:50) ~[testng-7.8.0.jar:7.8.0]
	at org.testng.internal.invokers.TestInvoker$MethodInvocationAgent.invoke(TestInvoker.java:957) ~[testng-7.8.0.jar:7.8.0]
	at org.testng.internal.invokers.TestInvoker.invokeTestMethods(TestInvoker.java:200) ~[testng-7.8.0.jar:7.8.0]
	at org.testng.internal.invokers.TestMethodWorker.invokeTestMethods(TestMethodWorker.java:148) ~[testng-7.8.0.jar:7.8.0]
	at org.testng.internal.invokers.TestMethodWorker.run(TestMethodWorker.java:128) ~[testng-7.8.0.jar:7.8.0]
	at java.util.ArrayList.forEach(ArrayList.java:1541) [?:?]
	at org.testng.TestRunner.privateRun(TestRunner.java:848) [testng-7.8.0.jar:7.8.0]
	at org.testng.TestRunner.run(TestRunner.java:621) [testng-7.8.0.jar:7.8.0]
	at org.testng.SuiteRunner.runTest(SuiteRunner.java:443) [testng-7.8.0.jar:7.8.0]
	at org.testng.SuiteRunner.runSequentially(SuiteRunner.java:437) [testng-7.8.0.jar:7.8.0]
	at org.testng.SuiteRunner.privateRun(SuiteRunner.java:397) [testng-7.8.0.jar:7.8.0]
	at org.testng.SuiteRunner.run(SuiteRunner.java:336) [testng-7.8.0.jar:7.8.0]
	at org.testng.SuiteRunnerWorker.runSuite(SuiteRunnerWorker.java:52) [testng-7.8.0.jar:7.8.0]
	at org.testng.SuiteRunnerWorker.run(SuiteRunnerWorker.java:95) [testng-7.8.0.jar:7.8.0]
	at org.testng.TestNG.runSuitesSequentially(TestNG.java:1280) [testng-7.8.0.jar:7.8.0]
	at org.testng.TestNG.runSuitesLocally(TestNG.java:1200) [testng-7.8.0.jar:7.8.0]
	at org.testng.TestNG.runSuites(TestNG.java:1114) [testng-7.8.0.jar:7.8.0]
	at org.testng.TestNG.run(TestNG.java:1082) [testng-7.8.0.jar:7.8.0]
	at org.apache.maven.surefire.testng.TestNGExecutor.run(TestNGExecutor.java:308) [surefire-testng-3.1.2.jar:3.1.2]
	at org.apache.maven.surefire.testng.TestNGXmlTestSuite.execute(TestNGXmlTestSuite.java:71) [surefire-testng-3.1.2.jar:3.1.2]
	at org.apache.maven.surefire.testng.TestNGProvider.invoke(TestNGProvider.java:113) [surefire-testng-3.1.2.jar:3.1.2]
	at org.apache.maven.surefire.booter.ForkedBooter.runSuitesInProcess(ForkedBooter.java:385) [surefire-booter-3.1.2.jar:3.1.2]
	at org.apache.maven.surefire.booter.ForkedBooter.execute(ForkedBooter.java:162) [surefire-booter-3.1.2.jar:3.1.2]
	at org.apache.maven.surefire.booter.ForkedBooter.run(ForkedBooter.java:507) [surefire-booter-3.1.2.jar:3.1.2]
	at org.apache.maven.surefire.booter.ForkedBooter.main(ForkedBooter.java:495) [surefire-booter-3.1.2.jar:3.1.2]
]]></system-out>
    <system-err><![CDATA[Sep 05, 2023 7:49:29 PM org.openqa.selenium.remote.service.DriverService$Builder getLogOutput
INFO: Driver logs no longer sent to console by default; https://www.selenium.dev/documentation/webdriver/drivers/service/#setting-log-output
Sep 05, 2023 7:49:30 PM org.openqa.selenium.devtools.CdpVersionFinder findNearestMatch
WARNING: Unable to find an exact match for CDP version 116, so returning the closest version found: 114
]]></system-err>
  </testcase>
  <testcase name="runScenario[&quot;Verify the end to end flow of International payments with Multiple recipients for EUR corridor&quot;, &quot;End to End International payment flow with Multiple Recipients - EUR&quot;](4)" classname="anhtester.com.runners.OpsTestRunner" time="34.231">
    <failure message="Element not exist. By.xpath: //div[contains(text(),&apos;Settlement date&apos;)]/preceding-sibling::div//select" type="java.lang.AssertionError"><![CDATA[java.lang.AssertionError: Element not exist. By.xpath: //div[contains(text(),'Settlement date')]/preceding-sibling::div//select
	at org.testng.Assert.fail(Assert.java:111)
	at anhtester.com.keywords.WebUI.waitForElementPresent(WebUI.java:2372)
	at anhtester.com.keywords.WebUI.waitForElementVisible(WebUI.java:2280)
	at anhtester.com.hubpay.corp.pages.ExchangePage.selectTenorDateOnExchange(ExchangePage.java:484)
	at anhtester.com.hubpay.corp.stepdefinitions.ExchangePageStepDefinition.I_select_tenor_for_currency_on_exchange_page(ExchangePageStepDefinition.java:86)
	at ✽.I select "2 business days" tenor on Exchange page(file:///Users/kanthreddy/wip/Hubpay_QAAutomation/src/test/resources/features/InternationalPayments/InternationalPaymentFlow_MultipleRecipients_EUR.feature:17)
]]></failure>
    <system-out><![CDATA[
@intlmultiplepayments @eur @multitenor @corp
Scenario Outline: Verify the end to end flow of International payments with Multiple recipients for EUR corridor      # src/test/resources/features/InternationalPayments/InternationalPaymentFlow_MultipleRecipients_EUR.feature:162
[INFO] 05-09-2023 19:50:45 [WebDriverManager] - Using chromedriver 116.0.5845.96 (resolved driver for Chrome 116)
[INFO] 05-09-2023 19:50:45 [WebDriverManager] - Exporting webdriver.chrome.driver as /Users/kanthreddy/.cache/selenium/chromedriver/mac-arm64/116.0.5845.96/chromedriver
[INFO] 05-09-2023 19:50:46 [LogUtils] - Driver in TestContext: ChromeDriver: chrome on mac (c74dd06af608000e8107d1a9b3d9652e)
  Given I setup test data file name for "InternationalPayments_Multiple" "EUR" "60"                                   # anhtester.com.common.CommonSteps.I_create_testdata_file_for(java.lang.String,java.lang.String,java.lang.String)
[INFO] 05-09-2023 19:50:47 [LogUtils] - Open URL: https://corporate-dev.hubpay.ae/auth/signin
[INFO] 05-09-2023 19:50:48 [LogUtils] - Verify element visible By.cssSelector: input[name='username']
[INFO] 05-09-2023 19:50:48 [LogUtils] - Set text sreekanth@hubpay.ae on By.cssSelector: input[name='username']
[INFO] 05-09-2023 19:50:48 [LogUtils] - Verify element visible By.cssSelector: input[name='password']
[INFO] 05-09-2023 19:50:48 [LogUtils] - Set text Passhub@1 on By.cssSelector: input[name='password']
[INFO] 05-09-2023 19:50:48 [LogUtils] - Click on element with JS: By.xpath: //button[text()='Next']
[INFO] 05-09-2023 19:50:51 [LogUtils] - Verify element visible By.xpath: //li[contains(.,'Sign out')]
Login successful
  Given I'm Logged in to the Corp portal                                                                              # anhtester.com.common.CommonSteps.I_enter_credentials_on_CorpSuite_Login_Page()
{COMMON={toCurrencyName=Euro, toCurrencyCode=EUR, fromCurrencyName=UAE Dirham, fromCurrencyCode=AED, toCurrencyWalletBalance=EUR 1,935.60, feePerPayment=AED 52.50, processingTime=Within 1 business day, fromCurrencyWalletBalance=AED 451,651.61, noOfPayments=2, totalReceiveAmount=EUR 70.00, totalAmount=null, totalFees=AED 105.00, totalPayable=AED 383.14, balanceDue=EUR 0.00, expectedPaymentDate=06/09/2023, paymentMethod=SWIFT, provider=CAB, createdAt=Tuesday 5 September 2023, fromCurrencyWalletBalanceAfterPaymentCompleted=null, liveRate=1 EUR = 3.97345 AED, settlementDate=06/09/2023, formatted_settlementDate=null, toCurrencyWalletBalanceAfterSettlementReceived=null, fromCurrencyWalletBalanceAfterSettlementReceived=null, totalSendAmount=AED 278.14, availableFromWalletBalance=AED 383.14, scheduledAt=05/09/2023}, EXCHANGE={toAmount=70.00, fromAmount=AED 278.14, type=International Exchange, createdAt=Tuesday 5 September 2023, reference=AF-SF3A-9R9C, orderedAt=05/09/2023, orderSettledAt=05/09/2023, rejectedAt=-, completedAt=05/09/2023, totalFundsDue=AED 383.14, status=Ordered}, BUSINESS={recipientType=Business, toAmount=EUR 50.00, fromAmount=, recipientName=AUTO INTL EUR BUSINESS NAME, addressLineOne=AUTO INTL EUR BUSINESS ADDR ONE, addressLineTwo=AUTO INTL EUR BUSINESS ADDR TWO, city=AUTO INTL EUR BUSINESS ADDR CITY, province=AUTO INTL EUR BUSINESS PROVINCE, postalCode=01234, country=Andorra, countryCode=AD, accountNumber=AD1200012030200359100100, bicCode=CRDAADAD, bankCode=null, thirdPartyReference=EUR1234TPR, documentNumber=EURINV1234, purposeOfPayment=Travel, reference=AP-Q89J-WIDP, status=Scheduled, processingStatus=SCHEDULED, resultStatus=PENDING, scheduledAt=-, submittingAt=-, pendingAt=-, lastUpdatedAt=05/09/2023, completedAt=-, declinedAt=-, declinedBy=-, declinedReason=-, providerStatusCode=-, providerStatusDescription=-, providerAmountPaid=-, providerFeePaid=-, providerTransactionId=-, providerDatePaid=-, providerValueDate=-, providerPaymentValueDate=-}, INDIVIDUAL={recipientType=Individual, toAmount=EUR 20.00, fromAmount=, recipientName=AUTO INTL EUR INDIVIDUAL NAME, addressLineOne=AUTO INTL EUR INDV ADDR ONE, addressLineTwo=AUTO INTL EUR INDV ADDR TWO, city=AUTO INTL EUR INDV ADDR CITY, province=AUTO INTL EUR INDV PROVINCE, postalCode=567890, country=Andorra, countryCode=AD, accountNumber=AD1200012030200359100100, bicCode=CRDAADAD, bankCode=null, thirdPartyReference=EUR-TPR-INDV-1010, documentNumber=EUR-INV-INDV-1010, purposeOfPayment=Education, reference=AP-OQB9-GLGM, status=Scheduled, processingStatus=SCHEDULED, resultStatus=PENDING, scheduledAt=-, submittingAt=-, pendingAt=-, lastUpdatedAt=05/09/2023, completedAt=-, declinedAt=-, declinedBy=-, declinedReason=-, providerStatusCode=-, providerStatusDescription=-, providerAmountPaid=-, providerFeePaid=-, providerTransactionId=-, providerDatePaid=-, providerValueDate=-, providerPaymentValueDate=-}}
[INFO] 05-09-2023 19:50:53 [LogUtils] - Verify element visible By.xpath: //h1[text()='Dashboard']
[INFO] 05-09-2023 19:50:53 [LogUtils] - Verify element visible By.xpath: //h1[text()='Dashboard']
  Then I verify Dashboard page is displayed                                                                           # anhtester.com.hubpay.corp.stepdefinitions.DashboardPageStepDefinition.I_verify_dashboard_page_is_displayed()
I_note_wallet_balance_for_corridor:src/test/resources/testdata/InternationalPayments_Multiple_EUR_60.json
[INFO] 05-09-2023 19:50:54 [LogUtils] - Verify element visible By.xpath: //p[contains(text(),'AED')]
[INFO] 05-09-2023 19:50:54 [LogUtils] - Verify element visible By.xpath: //p[contains(text(),'AED')]
[INFO] 05-09-2023 19:50:54 [LogUtils] - Verify element visible By.xpath: //p[contains(text(),'EUR')]
[INFO] 05-09-2023 19:50:54 [LogUtils] - Verify element visible By.xpath: //p[contains(text(),'EUR')]
  Then I Note the wallet balance of the "AED" and "EUR" on Dashboard page                                             # anhtester.com.hubpay.corp.stepdefinitions.DashboardPageStepDefinition.I_note_wallet_balance_for_corridor(java.lang.String,java.lang.String)
[INFO] 05-09-2023 19:50:54 [LogUtils] - Verify element visible By.xpath: //a[text()='Send international']
[INFO] 05-09-2023 19:50:54 [LogUtils] - Clicked on the element By.xpath: //a[text()='Send international']
[INFO] 05-09-2023 19:50:56 [LogUtils] - Verify element visible By.xpath: //h1[text()='International payment']
  Then I navigate to International Payments page                                                                      # anhtester.com.hubpay.corp.stepdefinitions.DashboardPageStepDefinition.I_navigate_to_international_payments_page()
{COMMON={toCurrencyName=Euro, toCurrencyCode=EUR, fromCurrencyName=UAE Dirham, fromCurrencyCode=AED, toCurrencyWalletBalance=EUR 1,935.60, feePerPayment=AED 52.50, processingTime=Within 1 business day, fromCurrencyWalletBalance=AED 450,529.96, noOfPayments=2, totalReceiveAmount=EUR 70.00, totalAmount=null, totalFees=AED 105.00, totalPayable=AED 383.14, balanceDue=EUR 0.00, expectedPaymentDate=06/09/2023, paymentMethod=SWIFT, provider=CAB, createdAt=Tuesday 5 September 2023, fromCurrencyWalletBalanceAfterPaymentCompleted=null, liveRate=1 EUR = 3.97345 AED, settlementDate=06/09/2023, formatted_settlementDate=null, toCurrencyWalletBalanceAfterSettlementReceived=null, fromCurrencyWalletBalanceAfterSettlementReceived=null, totalSendAmount=AED 278.14, availableFromWalletBalance=AED 383.14, scheduledAt=05/09/2023}, EXCHANGE={toAmount=70.00, fromAmount=AED 278.14, type=International Exchange, createdAt=Tuesday 5 September 2023, reference=AF-SF3A-9R9C, orderedAt=05/09/2023, orderSettledAt=05/09/2023, rejectedAt=-, completedAt=05/09/2023, totalFundsDue=AED 383.14, status=Ordered}, BUSINESS={recipientType=Business, toAmount=EUR 50.00, fromAmount=, recipientName=AUTO INTL EUR BUSINESS NAME, addressLineOne=AUTO INTL EUR BUSINESS ADDR ONE, addressLineTwo=AUTO INTL EUR BUSINESS ADDR TWO, city=AUTO INTL EUR BUSINESS ADDR CITY, province=AUTO INTL EUR BUSINESS PROVINCE, postalCode=01234, country=Andorra, countryCode=AD, accountNumber=AD1200012030200359100100, bicCode=CRDAADAD, bankCode=null, thirdPartyReference=EUR1234TPR, documentNumber=EURINV1234, purposeOfPayment=Travel, reference=AP-Q89J-WIDP, status=Scheduled, processingStatus=SCHEDULED, resultStatus=PENDING, scheduledAt=-, submittingAt=-, pendingAt=-, lastUpdatedAt=05/09/2023, completedAt=-, declinedAt=-, declinedBy=-, declinedReason=-, providerStatusCode=-, providerStatusDescription=-, providerAmountPaid=-, providerFeePaid=-, providerTransactionId=-, providerDatePaid=-, providerValueDate=-, providerPaymentValueDate=-}, INDIVIDUAL={recipientType=Individual, toAmount=EUR 20.00, fromAmount=, recipientName=AUTO INTL EUR INDIVIDUAL NAME, addressLineOne=AUTO INTL EUR INDV ADDR ONE, addressLineTwo=AUTO INTL EUR INDV ADDR TWO, city=AUTO INTL EUR INDV ADDR CITY, province=AUTO INTL EUR INDV PROVINCE, postalCode=567890, country=Andorra, countryCode=AD, accountNumber=AD1200012030200359100100, bicCode=CRDAADAD, bankCode=null, thirdPartyReference=EUR-TPR-INDV-1010, documentNumber=EUR-INV-INDV-1010, purposeOfPayment=Education, reference=AP-OQB9-GLGM, status=Scheduled, processingStatus=SCHEDULED, resultStatus=PENDING, scheduledAt=-, submittingAt=-, pendingAt=-, lastUpdatedAt=05/09/2023, completedAt=-, declinedAt=-, declinedBy=-, declinedReason=-, providerStatusCode=-, providerStatusDescription=-, providerAmountPaid=-, providerFeePaid=-, providerTransactionId=-, providerDatePaid=-, providerValueDate=-, providerPaymentValueDate=-}}
[INFO] 05-09-2023 19:50:56 [LogUtils] - Verify element visible By.xpath: //h1[text()='Currency']
[INFO] 05-09-2023 19:50:56 [LogUtils] - Verify element visible By.xpath: //p[text()='Select the currency you are sending from and the currency your recipient gets']
[INFO] 05-09-2023 19:50:56 [LogUtils] - Verify element visible By.xpath: //span[text()='Select wallet']/parent::button
  Then I verify default details on International payments page                                                        # anhtester.com.hubpay.corp.stepdefinitions.PaymentsPageStepDefinition.I_verify_defaultdetails_international_payments_page()
[INFO] 05-09-2023 19:51:06 [LogUtils] - Verify element visible By.xpath: //span[text()='Select wallet']/parent::button
[INFO] 05-09-2023 19:51:06 [LogUtils] - Clicked on the element By.xpath: //span[text()='Select wallet']/parent::button
Tag name - div
value - null
innerText -EUR
  When I select "EUR" corridor on International Payments page                                                         # anhtester.com.hubpay.corp.stepdefinitions.PaymentsPageStepDefinition.I_select_corridor_on_international_payments_page(java.lang.String)
{COMMON={toCurrencyName=Euro, toCurrencyCode=EUR, fromCurrencyName=UAE Dirham, fromCurrencyCode=AED, toCurrencyWalletBalance=EUR 1,935.60, feePerPayment=AED 52.50, processingTime=Within 1 business day, fromCurrencyWalletBalance=AED 450,529.96, noOfPayments=2, totalReceiveAmount=EUR 70.00, totalAmount=null, totalFees=AED 105.00, totalPayable=AED 383.14, balanceDue=EUR 0.00, expectedPaymentDate=06/09/2023, paymentMethod=SWIFT, provider=CAB, createdAt=Tuesday 5 September 2023, fromCurrencyWalletBalanceAfterPaymentCompleted=null, liveRate=1 EUR = 3.97345 AED, settlementDate=06/09/2023, formatted_settlementDate=null, toCurrencyWalletBalanceAfterSettlementReceived=null, fromCurrencyWalletBalanceAfterSettlementReceived=null, totalSendAmount=AED 278.14, availableFromWalletBalance=AED 383.14, scheduledAt=05/09/2023}, EXCHANGE={toAmount=70.00, fromAmount=AED 278.14, type=International Exchange, createdAt=Tuesday 5 September 2023, reference=AF-SF3A-9R9C, orderedAt=05/09/2023, orderSettledAt=05/09/2023, rejectedAt=-, completedAt=05/09/2023, totalFundsDue=AED 383.14, status=Ordered}, BUSINESS={recipientType=Business, toAmount=EUR 50.00, fromAmount=, recipientName=AUTO INTL EUR BUSINESS NAME, addressLineOne=AUTO INTL EUR BUSINESS ADDR ONE, addressLineTwo=AUTO INTL EUR BUSINESS ADDR TWO, city=AUTO INTL EUR BUSINESS ADDR CITY, province=AUTO INTL EUR BUSINESS PROVINCE, postalCode=01234, country=Andorra, countryCode=AD, accountNumber=AD1200012030200359100100, bicCode=CRDAADAD, bankCode=null, thirdPartyReference=EUR1234TPR, documentNumber=EURINV1234, purposeOfPayment=Travel, reference=AP-Q89J-WIDP, status=Scheduled, processingStatus=SCHEDULED, resultStatus=PENDING, scheduledAt=-, submittingAt=-, pendingAt=-, lastUpdatedAt=05/09/2023, completedAt=-, declinedAt=-, declinedBy=-, declinedReason=-, providerStatusCode=-, providerStatusDescription=-, providerAmountPaid=-, providerFeePaid=-, providerTransactionId=-, providerDatePaid=-, providerValueDate=-, providerPaymentValueDate=-}, INDIVIDUAL={recipientType=Individual, toAmount=EUR 20.00, fromAmount=, recipientName=AUTO INTL EUR INDIVIDUAL NAME, addressLineOne=AUTO INTL EUR INDV ADDR ONE, addressLineTwo=AUTO INTL EUR INDV ADDR TWO, city=AUTO INTL EUR INDV ADDR CITY, province=AUTO INTL EUR INDV PROVINCE, postalCode=567890, country=Andorra, countryCode=AD, accountNumber=AD1200012030200359100100, bicCode=CRDAADAD, bankCode=null, thirdPartyReference=EUR-TPR-INDV-1010, documentNumber=EUR-INV-INDV-1010, purposeOfPayment=Education, reference=AP-OQB9-GLGM, status=Scheduled, processingStatus=SCHEDULED, resultStatus=PENDING, scheduledAt=-, submittingAt=-, pendingAt=-, lastUpdatedAt=05/09/2023, completedAt=-, declinedAt=-, declinedBy=-, declinedReason=-, providerStatusCode=-, providerStatusDescription=-, providerAmountPaid=-, providerFeePaid=-, providerTransactionId=-, providerDatePaid=-, providerValueDate=-, providerPaymentValueDate=-}}
[ERROR] 05-09-2023 19:51:17 [LogUtils] - Element not exist. By.xpath: //div[contains(text(),'Settlement date')]/preceding-sibling::div//select
  When I select "2 business days" tenor on Exchange page                                                              # anhtester.com.hubpay.corp.stepdefinitions.ExchangePageStepDefinition.I_select_tenor_for_currency_on_exchange_page(java.lang.String)
      java.lang.AssertionError: Element not exist. By.xpath: //div[contains(text(),'Settlement date')]/preceding-sibling::div//select
	at org.testng.Assert.fail(Assert.java:111)
	at anhtester.com.keywords.WebUI.waitForElementPresent(WebUI.java:2372)
	at anhtester.com.keywords.WebUI.waitForElementVisible(WebUI.java:2280)
	at anhtester.com.hubpay.corp.pages.ExchangePage.selectTenorDateOnExchange(ExchangePage.java:484)
	at anhtester.com.hubpay.corp.stepdefinitions.ExchangePageStepDefinition.I_select_tenor_for_currency_on_exchange_page(ExchangePageStepDefinition.java:86)
	at ✽.I select "2 business days" tenor on Exchange page(file:///Users/kanthreddy/wip/Hubpay_QAAutomation/src/test/resources/features/InternationalPayments/InternationalPaymentFlow_MultipleRecipients_EUR.feature:17)


    Embedding Screenshot Failed [image/png 192052 bytes]

  Then I verify Live rate is displayed for "EUR" corridor                                                             # anhtester.com.hubpay.corp.stepdefinitions.ExchangePageStepDefinition.I_verify_live_rate_is_displayed_exchange_page(java.lang.String)
  Then I verify "Within 1 business day" for the "EUR" Payments                                                        # anhtester.com.hubpay.corp.stepdefinitions.PaymentsPageStepDefinition.I_verify_processingtime_for_the_payments(java.lang.String,java.lang.String)
  When I click "Next" button on "Payments" page                                                                       # anhtester.com.hubpay.corp.stepdefinitions.ExchangePageStepDefinition.I_click_button_on_exchange_page(java.lang.String,java.lang.String)
  When I click "Add individual or business" button on "Payments" page                                                 # anhtester.com.hubpay.corp.stepdefinitions.ExchangePageStepDefinition.I_click_button_on_exchange_page(java.lang.String,java.lang.String)
  Then I verify Add a new recipient form is displayed                                                                 # anhtester.com.hubpay.corp.stepdefinitions.PaymentsPageStepDefinition.I_verify_add_new_recipient_form_displayed()
  When I choose "BUSINESS" on Add a new recipient form                                                                # anhtester.com.hubpay.corp.stepdefinitions.PaymentsPageStepDefinition.I_choose_on_Add_new_recipient_form(java.lang.String)
  When I enter "BUSINESS" details for "BUSINESS" recipient on Add a new recipient form                                # anhtester.com.hubpay.corp.stepdefinitions.PaymentsPageStepDefinition.I_enter_details_for_recipent_on_Add_new_recipient_form(java.lang.String,java.lang.String)
  When I save recipient details entered on Add a new recipient form                                                   # anhtester.com.hubpay.corp.stepdefinitions.PaymentsPageStepDefinition.I_save_recipient_details_entered_Add_new_recipient_form()
  Then I verify "Recipient added" toast message is displayed                                                          # anhtester.com.hubpay.corp.stepdefinitions.PaymentsPageStepDefinition.I_verify_toast_message_is_displayed(java.lang.String)
  Then I verify "BUSINESS" details in row "1" in Recipients grid on Payments & Recipients step                        # anhtester.com.hubpay.corp.stepdefinitions.PaymentsPageStepDefinition.I_verify_details_in_row_in_recipientsgrid_on_paymentsrecipients_step(java.lang.String,java.lang.String)
  When I click "Add individual or business" button on "Payments" page                                                 # anhtester.com.hubpay.corp.stepdefinitions.ExchangePageStepDefinition.I_click_button_on_exchange_page(java.lang.String,java.lang.String)
  When I choose "INDIVIDUAL" on Add a new recipient form                                                              # anhtester.com.hubpay.corp.stepdefinitions.PaymentsPageStepDefinition.I_choose_on_Add_new_recipient_form(java.lang.String)
  When I enter "INDIVIDUAL" details for "INDIVIDUAL" recipient on Add a new recipient form                            # anhtester.com.hubpay.corp.stepdefinitions.PaymentsPageStepDefinition.I_enter_details_for_recipent_on_Add_new_recipient_form(java.lang.String,java.lang.String)
  When I save recipient details entered on Add a new recipient form                                                   # anhtester.com.hubpay.corp.stepdefinitions.PaymentsPageStepDefinition.I_save_recipient_details_entered_Add_new_recipient_form()
  Then I verify "Recipient added" toast message is displayed                                                          # anhtester.com.hubpay.corp.stepdefinitions.PaymentsPageStepDefinition.I_verify_toast_message_is_displayed(java.lang.String)
  Then I verify "INDIVIDUAL" details in row "2" in Recipients grid on Payments & Recipients step                      # anhtester.com.hubpay.corp.stepdefinitions.PaymentsPageStepDefinition.I_verify_details_in_row_in_recipientsgrid_on_paymentsrecipients_step(java.lang.String,java.lang.String)
  Then I calculate the payment details for the recipients added for "International payments"                          # anhtester.com.hubpay.corp.stepdefinitions.PaymentsPageStepDefinition.I_calculate_the_paymentdetails_for_the_recipients_added(java.lang.String)
  Then I verify payment details under checkout section in Payments & Recipients step on "International Payments" page # anhtester.com.hubpay.corp.stepdefinitions.PaymentsPageStepDefinition.I_verify_paymentdetails_under_checkout_payments_recipients_step(java.lang.String)
  When I click "Checkout" button on "Payments" page                                                                   # anhtester.com.hubpay.corp.stepdefinitions.ExchangePageStepDefinition.I_click_button_on_exchange_page(java.lang.String,java.lang.String)
  Then I refresh rate and verify payment details in Review & confirm step for "International payments"                # anhtester.com.hubpay.corp.stepdefinitions.PaymentsPageStepDefinition.I_refresh_rate_and_verify_paymentdetails_in_review_confirm_payments_page(java.lang.String)
  When I "check" consent checkbox on "International payments" page                                                    # anhtester.com.hubpay.corp.stepdefinitions.ExchangePageStepDefinition.I_consent_checkbox_exchange_page(java.lang.String,java.lang.String)
  When I click "Confirm Payment" button on "International Payments" page                                              # anhtester.com.hubpay.corp.stepdefinitions.ExchangePageStepDefinition.I_click_button_on_exchange_page(java.lang.String,java.lang.String)
  Then I verify details on the "International Payments" submitted page                                                # anhtester.com.hubpay.corp.stepdefinitions.PaymentsPageStepDefinition.I_verify_details_on_submitted_page(java.lang.String)
  When I navigate to Dashboard page                                                                                   # anhtester.com.hubpay.corp.stepdefinitions.DashboardPageStepDefinition.I_navigate_to_dashboard_page()
  Then I navigate to Transactions tab page                                                                            # anhtester.com.hubpay.corp.stepdefinitions.DashboardPageStepDefinition.I_navigate_to_transactions_page()
  Then I verify and open Exchange details view of International payment from the Transactions grid                    # anhtester.com.hubpay.corp.stepdefinitions.DashboardPageStepDefinition.I_verify_and_open_exchange_details_international_payment_from_the_Transactions_grid()
  Then I verify exchange transaction status is "Ordered" on transaction details view                                  # anhtester.com.hubpay.corp.stepdefinitions.DashboardPageStepDefinition.I_verify_transactions_status_on_details_view(java.lang.String)
  Then I verify details of exchange transaction on transaction details view                                           # anhtester.com.hubpay.corp.stepdefinitions.DashboardPageStepDefinition.I_verify_transactions_status_open_details_view()
  When I close the transaction details view                                                                           # anhtester.com.hubpay.corp.stepdefinitions.DashboardPageStepDefinition.I_close_the_exchange_transaction_details_view()
  Then I search and verify payment for "BUSINESS" in the Transactions grid                                            # anhtester.com.hubpay.corp.stepdefinitions.DashboardPageStepDefinition.I_search_verify_payment_for_in_the_Transactions_grid(java.lang.String)
  Then I open transaction details view of payment for "BUSINESS"                                                      # anhtester.com.hubpay.corp.stepdefinitions.DashboardPageStepDefinition.I_verify_payment_status_open_details_view(java.lang.String)
  Then I verify payment status is "Scheduled" on transaction details view                                             # anhtester.com.hubpay.corp.stepdefinitions.DashboardPageStepDefinition.I_verify_paymentstatus_on_details_view(java.lang.String)
  Then I verify details of payment for "BUSINESS" on transaction details view                                         # anhtester.com.hubpay.corp.stepdefinitions.DashboardPageStepDefinition.I_verify_details_payment_details_view(java.lang.String)
  When I close the transaction details view                                                                           # anhtester.com.hubpay.corp.stepdefinitions.DashboardPageStepDefinition.I_close_the_exchange_transaction_details_view()
  Then I search and verify payment for "INDIVIDUAL" in the Transactions grid                                          # anhtester.com.hubpay.corp.stepdefinitions.DashboardPageStepDefinition.I_search_verify_payment_for_in_the_Transactions_grid(java.lang.String)
  Then I open transaction details view of payment for "INDIVIDUAL"                                                    # anhtester.com.hubpay.corp.stepdefinitions.DashboardPageStepDefinition.I_verify_payment_status_open_details_view(java.lang.String)
  Then I verify payment status is "Scheduled" on transaction details view                                             # anhtester.com.hubpay.corp.stepdefinitions.DashboardPageStepDefinition.I_verify_paymentstatus_on_details_view(java.lang.String)
  Then I verify details of payment for "INDIVIDUAL" on transaction details view                                       # anhtester.com.hubpay.corp.stepdefinitions.DashboardPageStepDefinition.I_verify_details_payment_details_view(java.lang.String)
  When I close the transaction details view                                                                           # anhtester.com.hubpay.corp.stepdefinitions.DashboardPageStepDefinition.I_close_the_exchange_transaction_details_view()
  Then I navigate to Wallets tab page                                                                                 # anhtester.com.hubpay.corp.stepdefinitions.DashboardPageStepDefinition.I_navigate_to_wallets_tab_page()
  Then I verify available funds for the "AED" corridor                                                                # anhtester.com.hubpay.corp.stepdefinitions.DashboardPageStepDefinition.I_verify_available_funds_for_corridor(java.lang.String)
  When I'm Sign out from the Corp portal                                                                              # anhtester.com.common.CommonSteps.I_signout_corp_portal()
  Given I'm Logged in to the Ops portal                                                                               # anhtester.com.common.CommonSteps.i_m_logged_in_to_the_admin_portal()
  Then I open customer overview page of "Corporate Customers" registered with "Phone number" "+91 7989730020"         # anhtester.com.hubpay.ops.stepdefinitions.CustomersPageStepDefinition.i_view_the_customer_overview_page_of_registered_with(java.lang.String,java.lang.String,java.lang.String)
  And I verify "Available" balance of "EUR" wallet on the Customer Overview page                                      # anhtester.com.hubpay.ops.stepdefinitions.CustomerOverviewPageStepDefinition.i_verify_wallet_balance_customer_overview_page(java.lang.String,java.lang.String)
  And I verify "Available" balance of "AED" wallet on the Customer Overview page                                      # anhtester.com.hubpay.ops.stepdefinitions.CustomerOverviewPageStepDefinition.i_verify_wallet_balance_customer_overview_page(java.lang.String,java.lang.String)
  When I navigate to "Wallet debits" tab page                                                                         # anhtester.com.hubpay.ops.stepdefinitions.CustomerOverviewPageStepDefinition.inavigateToTabPage(java.lang.String)
  When I open transaction details view of the "Foreign Exchange" transaction having ""                                # anhtester.com.hubpay.ops.stepdefinitions.TransactionsPageStepDefinition.i_open_transaction_detailsview_transaction_having(java.lang.String,java.lang.String)
  Then I verify transaction status is "Ordered" on the transaction details view                                       # anhtester.com.hubpay.ops.stepdefinitions.TransactionsPageStepDefinition.i_verify_transaction_status_transaction_detailsview(java.lang.String)
  Then I verify "Foreign Exchange" details on the transaction details view                                            # anhtester.com.hubpay.ops.stepdefinitions.TransactionsPageStepDefinition.i_verify_transaction_details_on_transaction_detailsview(java.lang.String)
  Then I verify "SETTLEMENT RECEIVED" button "Available" on the transaction details view                              # anhtester.com.hubpay.ops.stepdefinitions.TransactionsPageStepDefinition.i_verify_button_on_transaction_detailsview(java.lang.String,java.lang.String)
  When I click "SETTLEMENT RECEIVED" button on the transaction details view                                           # anhtester.com.hubpay.ops.stepdefinitions.TransactionsPageStepDefinition.i_click_button_on_transaction_detailsview(java.lang.String)
  Then I verify "SETTLE" button "Available" on the transaction details view                                           # anhtester.com.hubpay.ops.stepdefinitions.TransactionsPageStepDefinition.i_verify_button_on_transaction_detailsview(java.lang.String,java.lang.String)
  Then I verify transaction status is "ORDER_SETTLED" on the transaction details view                                 # anhtester.com.hubpay.ops.stepdefinitions.TransactionsPageStepDefinition.i_verify_transaction_status_transaction_detailsview(java.lang.String)
  Then I verify "Foreign Exchange" details on the transaction details view                                            # anhtester.com.hubpay.ops.stepdefinitions.TransactionsPageStepDefinition.i_verify_transaction_details_on_transaction_detailsview(java.lang.String)
  Then I navigate to Customer Overview page from the transaction details view                                         # anhtester.com.hubpay.ops.stepdefinitions.TransactionsPageStepDefinition.i_navigate_customer_overview_from_transaction_detailsview()
  And I verify "Available" balance of "EUR" wallet on the Customer Overview page                                      # anhtester.com.hubpay.ops.stepdefinitions.CustomerOverviewPageStepDefinition.i_verify_wallet_balance_customer_overview_page(java.lang.String,java.lang.String)
  Then I update wallet balance in test data file after submitting Foreign Exchange to CAB                             # anhtester.com.hubpay.ops.stepdefinitions.TransactionsPageStepDefinition.i_update_wallet_balances_in_test_data_file_after_submitting_exchange_to_CAB()
  And I verify "Available" balance of "AED" wallet on the Customer Overview page                                      # anhtester.com.hubpay.ops.stepdefinitions.CustomerOverviewPageStepDefinition.i_verify_wallet_balance_customer_overview_page(java.lang.String,java.lang.String)
  Then I navigated to the "Transactions" page using left navigation                                                   # anhtester.com.hubpay.ops.stepdefinitions.CustomersPageStepDefinition.i_navigated_to_the_page(java.lang.String)
  When I open transaction details view of the "Foreign Exchange" transaction having ""                                # anhtester.com.hubpay.ops.stepdefinitions.TransactionsPageStepDefinition.i_open_transaction_detailsview_transaction_having(java.lang.String,java.lang.String)
  When I click "SETTLE" button on the transaction details view                                                        # anhtester.com.hubpay.ops.stepdefinitions.TransactionsPageStepDefinition.i_click_button_on_transaction_detailsview(java.lang.String)
  Then I verify transaction status is "COMPLETED" on the transaction details view                                     # anhtester.com.hubpay.ops.stepdefinitions.TransactionsPageStepDefinition.i_verify_transaction_status_transaction_detailsview(java.lang.String)
  Then I update wallet balance in test data file after Foreign Exchange processed by CAB                              # anhtester.com.hubpay.ops.stepdefinitions.TransactionsPageStepDefinition.i_update_wallet_balances_in_test_data_file_after_exchange_processed_by_CAB()
  Then I verify "Foreign Exchange" details on the transaction details view                                            # anhtester.com.hubpay.ops.stepdefinitions.TransactionsPageStepDefinition.i_verify_transaction_details_on_transaction_detailsview(java.lang.String)
  Then I navigate to Customer Overview page from the transaction details view                                         # anhtester.com.hubpay.ops.stepdefinitions.TransactionsPageStepDefinition.i_navigate_customer_overview_from_transaction_detailsview()
  And I verify "Available" balance of "AED" wallet on the Customer Overview page                                      # anhtester.com.hubpay.ops.stepdefinitions.CustomerOverviewPageStepDefinition.i_verify_wallet_balance_customer_overview_page(java.lang.String,java.lang.String)
  And I verify "Available" balance of "EUR" wallet on the Customer Overview page                                      # anhtester.com.hubpay.ops.stepdefinitions.CustomerOverviewPageStepDefinition.i_verify_wallet_balance_customer_overview_page(java.lang.String,java.lang.String)
  When I navigate to "Wallet debits" tab page                                                                         # anhtester.com.hubpay.ops.stepdefinitions.CustomerOverviewPageStepDefinition.inavigateToTabPage(java.lang.String)
  Then I verify "payment" details for "BUSINESS" in the "Wallet debits" grid                                          # anhtester.com.hubpay.ops.stepdefinitions.TransactionsPageStepDefinition.i_verify_transaction_details_for_in_the_wallet_debits_grid(java.lang.String,java.lang.String,java.lang.String)
  When I open payment details view for the payment of "BUSINESS" having ""                                            # anhtester.com.hubpay.ops.stepdefinitions.TransactionsPageStepDefinition.i_open_payment_detailsview_for_the_having(java.lang.String,java.lang.String)
  Then I verify payment details for "BUSINESS" on the transaction details view                                        # anhtester.com.hubpay.ops.stepdefinitions.TransactionsPageStepDefinition.i_verify_payment_details_for_on_transaction_detailsview(java.lang.String)
  Then I verify buttons "Available" on the transaction details view                                                   # anhtester.com.hubpay.ops.stepdefinitions.TransactionsPageStepDefinition.i_verify_buttons_not_available_on_transaction_detailsview(java.lang.String,io.cucumber.datatable.DataTable)
    | SUBMIT SINGLE PAYMENT |
    | SUBMIT FULL BATCH     |
    | DOWNLOAD              |
  When I submit "FULL BATCH" payment to CAB for processing                                                            # anhtester.com.hubpay.ops.stepdefinitions.TransactionsPageStepDefinition.i_submit_payment_to_CAB_for_processing(java.lang.String)
  Then I verify "Order has been updated successfully" toast message is displayed                                      # anhtester.com.hubpay.corp.stepdefinitions.PaymentsPageStepDefinition.I_verify_toast_message_is_displayed(java.lang.String)
  When I update data file after "FULL BATCH" recipient "International payments" submitted to CAB                      # anhtester.com.hubpay.ops.stepdefinitions.TransactionsPageStepDefinition.i_update_data_file_after_recipient_submitted_to_CAB(java.lang.String,java.lang.String)
  Then I verify payment details for "BUSINESS" on the transaction details view                                        # anhtester.com.hubpay.ops.stepdefinitions.TransactionsPageStepDefinition.i_verify_payment_details_for_on_transaction_detailsview(java.lang.String)
  Then I verify buttons "Available" on the transaction details view                                                   # anhtester.com.hubpay.ops.stepdefinitions.TransactionsPageStepDefinition.i_verify_buttons_not_available_on_transaction_detailsview(java.lang.String,io.cucumber.datatable.DataTable)
    | Force Refresh Payment Statuses |
    | DOWNLOAD                       |
  Then I verify buttons "Not Available" on the transaction details view                                               # anhtester.com.hubpay.ops.stepdefinitions.TransactionsPageStepDefinition.i_verify_buttons_not_available_on_transaction_detailsview(java.lang.String,io.cucumber.datatable.DataTable)
    | SUBMIT SINGLE PAYMENT |
    | SUBMIT FULL BATCH     |
    | DECLINE               |
  Then I navigate to Customer Overview page from the transaction details view                                         # anhtester.com.hubpay.ops.stepdefinitions.TransactionsPageStepDefinition.i_navigate_customer_overview_from_transaction_detailsview()
  When I update data file after "FULL BATCH" recipient "International payments" processed by CAB                      # anhtester.com.hubpay.ops.stepdefinitions.TransactionsPageStepDefinition.i_update_data_file_after_recipient_processed_by_CAB(java.lang.String,java.lang.String)
  And I verify "Available" balance of "AED" wallet after "BUSINESS" payment "COMPLETED"                               # anhtester.com.hubpay.ops.stepdefinitions.CustomerOverviewPageStepDefinition.i_verify_balance_of_wallet_after_payment(java.lang.String,java.lang.String,java.lang.String,java.lang.String)
  When I navigate to "Wallet debits" tab page                                                                         # anhtester.com.hubpay.ops.stepdefinitions.CustomerOverviewPageStepDefinition.inavigateToTabPage(java.lang.String)
  Then I verify "payment" details for "BUSINESS" in the "Wallet debits" grid                                          # anhtester.com.hubpay.ops.stepdefinitions.TransactionsPageStepDefinition.i_verify_transaction_details_for_in_the_wallet_debits_grid(java.lang.String,java.lang.String,java.lang.String)
  When I open payment details view for the payment of "BUSINESS" having ""                                            # anhtester.com.hubpay.ops.stepdefinitions.TransactionsPageStepDefinition.i_open_payment_detailsview_for_the_having(java.lang.String,java.lang.String)
  Then I verify payment details for "BUSINESS" on the transaction details view                                        # anhtester.com.hubpay.ops.stepdefinitions.TransactionsPageStepDefinition.i_verify_payment_details_for_on_transaction_detailsview(java.lang.String)
  Then I verify buttons "Available" on the transaction details view                                                   # anhtester.com.hubpay.ops.stepdefinitions.TransactionsPageStepDefinition.i_verify_buttons_not_available_on_transaction_detailsview(java.lang.String,io.cucumber.datatable.DataTable)
    | DOWNLOAD |
  Then I verify buttons "Not Available" on the transaction details view                                               # anhtester.com.hubpay.ops.stepdefinitions.TransactionsPageStepDefinition.i_verify_buttons_not_available_on_transaction_detailsview(java.lang.String,io.cucumber.datatable.DataTable)
    | SUBMIT SINGLE PAYMENT          |
    | SUBMIT FULL BATCH              |
    | DECLINE                        |
    | Force Refresh Payment Statuses |
  Then I navigate to Customer Overview page from the transaction details view                                         # anhtester.com.hubpay.ops.stepdefinitions.TransactionsPageStepDefinition.i_navigate_customer_overview_from_transaction_detailsview()
  When I navigate to "Wallet debits" tab page                                                                         # anhtester.com.hubpay.ops.stepdefinitions.CustomerOverviewPageStepDefinition.inavigateToTabPage(java.lang.String)
  Then I verify "payment" details for "INDIVIDUAL" in the "Wallet debits" grid                                        # anhtester.com.hubpay.ops.stepdefinitions.TransactionsPageStepDefinition.i_verify_transaction_details_for_in_the_wallet_debits_grid(java.lang.String,java.lang.String,java.lang.String)
  When I open payment details view for the payment of "INDIVIDUAL" having ""                                          # anhtester.com.hubpay.ops.stepdefinitions.TransactionsPageStepDefinition.i_open_payment_detailsview_for_the_having(java.lang.String,java.lang.String)
  Then I verify payment details for "INDIVIDUAL" on the transaction details view                                      # anhtester.com.hubpay.ops.stepdefinitions.TransactionsPageStepDefinition.i_verify_payment_details_for_on_transaction_detailsview(java.lang.String)
  Then I verify buttons "Available" on the transaction details view                                                   # anhtester.com.hubpay.ops.stepdefinitions.TransactionsPageStepDefinition.i_verify_buttons_not_available_on_transaction_detailsview(java.lang.String,io.cucumber.datatable.DataTable)
    | DOWNLOAD |
  Then I verify buttons "Not Available" on the transaction details view                                               # anhtester.com.hubpay.ops.stepdefinitions.TransactionsPageStepDefinition.i_verify_buttons_not_available_on_transaction_detailsview(java.lang.String,io.cucumber.datatable.DataTable)
    | SUBMIT SINGLE PAYMENT          |
    | SUBMIT FULL BATCH              |
    | DECLINE                        |
    | Force Refresh Payment Statuses |
  Given I'm Logged in to the Corp portal                                                                              # anhtester.com.common.CommonSteps.I_enter_credentials_on_CorpSuite_Login_Page()
  Then I verify Dashboard page is displayed                                                                           # anhtester.com.hubpay.corp.stepdefinitions.DashboardPageStepDefinition.I_verify_dashboard_page_is_displayed()
  Then I navigate to Transactions tab page                                                                            # anhtester.com.hubpay.corp.stepdefinitions.DashboardPageStepDefinition.I_navigate_to_transactions_page()
  Then I verify transaction status "Completed" in table and open transaction details view                             # anhtester.com.hubpay.corp.stepdefinitions.DashboardPageStepDefinition.I_verify_transactions_status_open_details_view(java.lang.String)
  Then I verify exchange transaction status is "Completed" on transaction details view                                # anhtester.com.hubpay.corp.stepdefinitions.DashboardPageStepDefinition.I_verify_transactions_status_on_details_view(java.lang.String)
  Then I verify details of exchange transaction on transaction details view                                           # anhtester.com.hubpay.corp.stepdefinitions.DashboardPageStepDefinition.I_verify_transactions_status_open_details_view()
  When I close the transaction details view                                                                           # anhtester.com.hubpay.corp.stepdefinitions.DashboardPageStepDefinition.I_close_the_exchange_transaction_details_view()
  Then I open transaction details view of payment for "BUSINESS"                                                      # anhtester.com.hubpay.corp.stepdefinitions.DashboardPageStepDefinition.I_verify_payment_status_open_details_view(java.lang.String)
  Then I verify payment status is "Completed" on transaction details view                                             # anhtester.com.hubpay.corp.stepdefinitions.DashboardPageStepDefinition.I_verify_paymentstatus_on_details_view(java.lang.String)
  Then I verify details of payment for "BUSINESS" on transaction details view                                         # anhtester.com.hubpay.corp.stepdefinitions.DashboardPageStepDefinition.I_verify_details_payment_details_view(java.lang.String)
  When I close the transaction details view                                                                           # anhtester.com.hubpay.corp.stepdefinitions.DashboardPageStepDefinition.I_close_the_exchange_transaction_details_view()
  Then I open transaction details view of payment for "INDIVIDUAL"                                                    # anhtester.com.hubpay.corp.stepdefinitions.DashboardPageStepDefinition.I_verify_payment_status_open_details_view(java.lang.String)
  Then I verify payment status is "Completed" on transaction details view                                             # anhtester.com.hubpay.corp.stepdefinitions.DashboardPageStepDefinition.I_verify_paymentstatus_on_details_view(java.lang.String)
  Then I verify details of payment for "INDIVIDUAL" on transaction details view                                       # anhtester.com.hubpay.corp.stepdefinitions.DashboardPageStepDefinition.I_verify_details_payment_details_view(java.lang.String)
  When I close the transaction details view                                                                           # anhtester.com.hubpay.corp.stepdefinitions.DashboardPageStepDefinition.I_close_the_exchange_transaction_details_view()
  Then I navigate to Wallets tab page                                                                                 # anhtester.com.hubpay.corp.stepdefinitions.DashboardPageStepDefinition.I_navigate_to_wallets_tab_page()
  Then I verify available funds for the "AED" corridor                                                                # anhtester.com.hubpay.corp.stepdefinitions.DashboardPageStepDefinition.I_verify_available_funds_for_corridor(java.lang.String)
  Then I verify available funds for the "EUR" corridor                                                                # anhtester.com.hubpay.corp.stepdefinitions.DashboardPageStepDefinition.I_verify_available_funds_for_corridor(java.lang.String)
  When I'm Sign out from the Corp portal                                                                              # anhtester.com.common.CommonSteps.I_signout_corp_portal()
[ERROR] 05-09-2023 19:51:19 [LifecycleNotifier] - Could not invoke listener method
org.openqa.selenium.NoSuchSessionException: Session ID is null. Using WebDriver after calling quit()?
Build info: version: '4.10.0', revision: 'c14d967899'
System info: os.name: 'Mac OS X', os.arch: 'aarch64', os.version: '12.6', java.version: '11.0.16'
Driver info: org.openqa.selenium.chrome.ChromeDriver
Command: [null, screenshot {}]
Capabilities {acceptInsecureCerts: false, browserName: chrome, browserVersion: 116.0.5845.140, chrome: {chromedriverVersion: 116.0.5845.96 (1a3918166880..., userDataDir: /var/folders/bz/l4ntdftn1jd...}, fedcm:accounts: true, goog:chromeOptions: {debuggerAddress: localhost:55787}, networkConnectionEnabled: false, pageLoadStrategy: normal, platformName: mac, proxy: Proxy(), se:cdp: ws://localhost:55787/devtoo..., se:cdpVersion: 116.0.5845.140, setWindowRect: true, strictFileInteractability: false, timeouts: {implicit: 0, pageLoad: 300000, script: 30000}, unhandledPromptBehavior: dismiss and notify, webauthn:extension:credBlob: true, webauthn:extension:largeBlob: true, webauthn:extension:minPinLength: true, webauthn:extension:prf: true, webauthn:virtualAuthenticators: true}
	at org.openqa.selenium.remote.HttpCommandExecutor.execute(HttpCommandExecutor.java:152) ~[selenium-remote-driver-4.10.0.jar:?]
	at org.openqa.selenium.remote.service.DriverCommandExecutor.invokeExecute(DriverCommandExecutor.java:196) ~[selenium-remote-driver-4.10.0.jar:?]
	at org.openqa.selenium.remote.service.DriverCommandExecutor.execute(DriverCommandExecutor.java:171) ~[selenium-remote-driver-4.10.0.jar:?]
	at org.openqa.selenium.remote.RemoteWebDriver.execute(RemoteWebDriver.java:531) ~[selenium-remote-driver-4.10.0.jar:?]
	at org.openqa.selenium.remote.RemoteWebDriver.execute(RemoteWebDriver.java:590) ~[selenium-remote-driver-4.10.0.jar:?]
	at org.openqa.selenium.remote.RemoteWebDriver.execute(RemoteWebDriver.java:594) ~[selenium-remote-driver-4.10.0.jar:?]
	at org.openqa.selenium.remote.RemoteWebDriver.getScreenshotAs(RemoteWebDriver.java:316) ~[selenium-remote-driver-4.10.0.jar:?]
	at jdk.internal.reflect.NativeMethodAccessorImpl.invoke0(Native Method) ~[?:?]
	at jdk.internal.reflect.NativeMethodAccessorImpl.invoke(NativeMethodAccessorImpl.java:62) ~[?:?]
	at jdk.internal.reflect.DelegatingMethodAccessorImpl.invoke(DelegatingMethodAccessorImpl.java:43) ~[?:?]
	at java.lang.reflect.Method.invoke(Method.java:566) ~[?:?]
	at org.openqa.selenium.support.ThreadGuard$WebDriverInvocationHandler.invokeUnderlying(ThreadGuard.java:99) ~[selenium-support-4.10.0.jar:?]
	at org.openqa.selenium.support.ThreadGuard$WebDriverInvocationHandler.invoke(ThreadGuard.java:91) ~[selenium-support-4.10.0.jar:?]
	at com.sun.proxy.$Proxy45.getScreenshotAs(Unknown Source) ~[?:?]
	at anhtester.com.listeners.AllureListener.beforeTestStop(AllureListener.java:43) ~[test-classes/:?]
	at io.qameta.allure.listener.LifecycleNotifier.lambda$runSafely$0(LifecycleNotifier.java:211) ~[allure-java-commons-2.22.1.jar:2.22.1]
	at java.util.ArrayList.forEach(ArrayList.java:1541) ~[?:?]
	at io.qameta.allure.listener.LifecycleNotifier.runSafely(LifecycleNotifier.java:209) ~[allure-java-commons-2.22.1.jar:2.22.1]
	at io.qameta.allure.listener.LifecycleNotifier.beforeTestStop(LifecycleNotifier.java:88) ~[allure-java-commons-2.22.1.jar:2.22.1]
	at io.qameta.allure.AllureLifecycle.stopTestCase(AllureLifecycle.java:420) ~[allure-java-commons-2.22.1.jar:2.22.1]
	at io.qameta.allure.cucumber7jvm.AllureCucumber7Jvm.handleTestCaseFinished(AllureCucumber7Jvm.java:197) ~[allure-cucumber7-jvm-2.22.1.jar:2.22.1]
	at io.cucumber.core.eventbus.AbstractEventPublisher.send(AbstractEventPublisher.java:51) ~[cucumber-core-7.12.1.jar:7.12.1]
	at io.cucumber.core.eventbus.AbstractEventBus.send(AbstractEventBus.java:12) ~[cucumber-core-7.12.1.jar:7.12.1]
	at io.cucumber.core.runtime.SynchronizedEventBus.send(SynchronizedEventBus.java:47) ~[cucumber-core-7.12.1.jar:7.12.1]
	at io.cucumber.core.runtime.ThreadLocalRunnerSupplier$LocalEventBus.send(ThreadLocalRunnerSupplier.java:62) ~[cucumber-core-7.12.1.jar:7.12.1]
	at io.cucumber.core.runner.TestCase.emitTestCaseFinished(TestCase.java:219) ~[cucumber-core-7.12.1.jar:7.12.1]
	at io.cucumber.core.runner.TestCase.run(TestCase.java:98) ~[cucumber-core-7.12.1.jar:7.12.1]
	at io.cucumber.core.runner.Runner.runPickle(Runner.java:75) ~[cucumber-core-7.12.1.jar:7.12.1]
	at io.cucumber.testng.TestNGCucumberRunner.lambda$runScenario$1(TestNGCucumberRunner.java:132) ~[cucumber-testng-7.12.1.jar:7.12.1]
	at io.cucumber.core.runtime.CucumberExecutionContext.lambda$runTestCase$5(CucumberExecutionContext.java:137) ~[cucumber-core-7.12.1.jar:7.12.1]
	at io.cucumber.core.runtime.RethrowingThrowableCollector.executeAndThrow(RethrowingThrowableCollector.java:23) ~[cucumber-core-7.12.1.jar:7.12.1]
	at io.cucumber.core.runtime.CucumberExecutionContext.runTestCase(CucumberExecutionContext.java:137) ~[cucumber-core-7.12.1.jar:7.12.1]
	at io.cucumber.testng.TestNGCucumberRunner.runScenario(TestNGCucumberRunner.java:129) ~[cucumber-testng-7.12.1.jar:7.12.1]
	at io.cucumber.testng.AbstractTestNGCucumberTests.runScenario(AbstractTestNGCucumberTests.java:35) ~[cucumber-testng-7.12.1.jar:7.12.1]
	at jdk.internal.reflect.NativeMethodAccessorImpl.invoke0(Native Method) ~[?:?]
	at jdk.internal.reflect.NativeMethodAccessorImpl.invoke(NativeMethodAccessorImpl.java:62) ~[?:?]
	at jdk.internal.reflect.DelegatingMethodAccessorImpl.invoke(DelegatingMethodAccessorImpl.java:43) ~[?:?]
	at java.lang.reflect.Method.invoke(Method.java:566) ~[?:?]
	at org.testng.internal.invokers.MethodInvocationHelper.invokeMethod(MethodInvocationHelper.java:139) ~[testng-7.8.0.jar:7.8.0]
	at org.testng.internal.invokers.TestInvoker.invokeMethod(TestInvoker.java:664) ~[testng-7.8.0.jar:7.8.0]
	at org.testng.internal.invokers.TestInvoker.invokeTestMethod(TestInvoker.java:227) ~[testng-7.8.0.jar:7.8.0]
	at org.testng.internal.invokers.MethodRunner.runInSequence(MethodRunner.java:50) ~[testng-7.8.0.jar:7.8.0]
	at org.testng.internal.invokers.TestInvoker$MethodInvocationAgent.invoke(TestInvoker.java:957) ~[testng-7.8.0.jar:7.8.0]
	at org.testng.internal.invokers.TestInvoker.invokeTestMethods(TestInvoker.java:200) ~[testng-7.8.0.jar:7.8.0]
	at org.testng.internal.invokers.TestMethodWorker.invokeTestMethods(TestMethodWorker.java:148) ~[testng-7.8.0.jar:7.8.0]
	at org.testng.internal.invokers.TestMethodWorker.run(TestMethodWorker.java:128) ~[testng-7.8.0.jar:7.8.0]
	at java.util.ArrayList.forEach(ArrayList.java:1541) [?:?]
	at org.testng.TestRunner.privateRun(TestRunner.java:848) [testng-7.8.0.jar:7.8.0]
	at org.testng.TestRunner.run(TestRunner.java:621) [testng-7.8.0.jar:7.8.0]
	at org.testng.SuiteRunner.runTest(SuiteRunner.java:443) [testng-7.8.0.jar:7.8.0]
	at org.testng.SuiteRunner.runSequentially(SuiteRunner.java:437) [testng-7.8.0.jar:7.8.0]
	at org.testng.SuiteRunner.privateRun(SuiteRunner.java:397) [testng-7.8.0.jar:7.8.0]
	at org.testng.SuiteRunner.run(SuiteRunner.java:336) [testng-7.8.0.jar:7.8.0]
	at org.testng.SuiteRunnerWorker.runSuite(SuiteRunnerWorker.java:52) [testng-7.8.0.jar:7.8.0]
	at org.testng.SuiteRunnerWorker.run(SuiteRunnerWorker.java:95) [testng-7.8.0.jar:7.8.0]
	at org.testng.TestNG.runSuitesSequentially(TestNG.java:1280) [testng-7.8.0.jar:7.8.0]
	at org.testng.TestNG.runSuitesLocally(TestNG.java:1200) [testng-7.8.0.jar:7.8.0]
	at org.testng.TestNG.runSuites(TestNG.java:1114) [testng-7.8.0.jar:7.8.0]
	at org.testng.TestNG.run(TestNG.java:1082) [testng-7.8.0.jar:7.8.0]
	at org.apache.maven.surefire.testng.TestNGExecutor.run(TestNGExecutor.java:308) [surefire-testng-3.1.2.jar:3.1.2]
	at org.apache.maven.surefire.testng.TestNGXmlTestSuite.execute(TestNGXmlTestSuite.java:71) [surefire-testng-3.1.2.jar:3.1.2]
	at org.apache.maven.surefire.testng.TestNGProvider.invoke(TestNGProvider.java:113) [surefire-testng-3.1.2.jar:3.1.2]
	at org.apache.maven.surefire.booter.ForkedBooter.runSuitesInProcess(ForkedBooter.java:385) [surefire-booter-3.1.2.jar:3.1.2]
	at org.apache.maven.surefire.booter.ForkedBooter.execute(ForkedBooter.java:162) [surefire-booter-3.1.2.jar:3.1.2]
	at org.apache.maven.surefire.booter.ForkedBooter.run(ForkedBooter.java:507) [surefire-booter-3.1.2.jar:3.1.2]
	at org.apache.maven.surefire.booter.ForkedBooter.main(ForkedBooter.java:495) [surefire-booter-3.1.2.jar:3.1.2]
[ERROR] 05-09-2023 19:51:19 [LifecycleNotifier] - Could not invoke listener method
org.openqa.selenium.NoSuchSessionException: Session ID is null. Using WebDriver after calling quit()?
Build info: version: '4.10.0', revision: 'c14d967899'
System info: os.name: 'Mac OS X', os.arch: 'aarch64', os.version: '12.6', java.version: '11.0.16'
Driver info: org.openqa.selenium.chrome.ChromeDriver
Command: [null, screenshot {}]
Capabilities {acceptInsecureCerts: false, browserName: chrome, browserVersion: 116.0.5845.140, chrome: {chromedriverVersion: 116.0.5845.96 (1a3918166880..., userDataDir: /var/folders/bz/l4ntdftn1jd...}, fedcm:accounts: true, goog:chromeOptions: {debuggerAddress: localhost:55787}, networkConnectionEnabled: false, pageLoadStrategy: normal, platformName: mac, proxy: Proxy(), se:cdp: ws://localhost:55787/devtoo..., se:cdpVersion: 116.0.5845.140, setWindowRect: true, strictFileInteractability: false, timeouts: {implicit: 0, pageLoad: 300000, script: 30000}, unhandledPromptBehavior: dismiss and notify, webauthn:extension:credBlob: true, webauthn:extension:largeBlob: true, webauthn:extension:minPinLength: true, webauthn:extension:prf: true, webauthn:virtualAuthenticators: true}
	at org.openqa.selenium.remote.HttpCommandExecutor.execute(HttpCommandExecutor.java:152) ~[selenium-remote-driver-4.10.0.jar:?]
	at org.openqa.selenium.remote.service.DriverCommandExecutor.invokeExecute(DriverCommandExecutor.java:196) ~[selenium-remote-driver-4.10.0.jar:?]
	at org.openqa.selenium.remote.service.DriverCommandExecutor.execute(DriverCommandExecutor.java:171) ~[selenium-remote-driver-4.10.0.jar:?]
	at org.openqa.selenium.remote.RemoteWebDriver.execute(RemoteWebDriver.java:531) ~[selenium-remote-driver-4.10.0.jar:?]
	at org.openqa.selenium.remote.RemoteWebDriver.execute(RemoteWebDriver.java:590) ~[selenium-remote-driver-4.10.0.jar:?]
	at org.openqa.selenium.remote.RemoteWebDriver.execute(RemoteWebDriver.java:594) ~[selenium-remote-driver-4.10.0.jar:?]
	at org.openqa.selenium.remote.RemoteWebDriver.getScreenshotAs(RemoteWebDriver.java:316) ~[selenium-remote-driver-4.10.0.jar:?]
	at jdk.internal.reflect.NativeMethodAccessorImpl.invoke0(Native Method) ~[?:?]
	at jdk.internal.reflect.NativeMethodAccessorImpl.invoke(NativeMethodAccessorImpl.java:62) ~[?:?]
	at jdk.internal.reflect.DelegatingMethodAccessorImpl.invoke(DelegatingMethodAccessorImpl.java:43) ~[?:?]
	at java.lang.reflect.Method.invoke(Method.java:566) ~[?:?]
	at org.openqa.selenium.support.ThreadGuard$WebDriverInvocationHandler.invokeUnderlying(ThreadGuard.java:99) ~[selenium-support-4.10.0.jar:?]
	at org.openqa.selenium.support.ThreadGuard$WebDriverInvocationHandler.invoke(ThreadGuard.java:91) ~[selenium-support-4.10.0.jar:?]
	at com.sun.proxy.$Proxy45.getScreenshotAs(Unknown Source) ~[?:?]
	at anhtester.com.listeners.AllureListener.beforeTestStop(AllureListener.java:43) ~[test-classes/:?]
	at io.qameta.allure.listener.LifecycleNotifier.lambda$runSafely$0(LifecycleNotifier.java:211) ~[allure-java-commons-2.22.1.jar:2.22.1]
	at java.util.ArrayList.forEach(ArrayList.java:1541) ~[?:?]
	at io.qameta.allure.listener.LifecycleNotifier.runSafely(LifecycleNotifier.java:209) ~[allure-java-commons-2.22.1.jar:2.22.1]
	at io.qameta.allure.listener.LifecycleNotifier.beforeTestStop(LifecycleNotifier.java:88) ~[allure-java-commons-2.22.1.jar:2.22.1]
	at io.qameta.allure.AllureLifecycle.stopTestCase(AllureLifecycle.java:420) ~[allure-java-commons-2.22.1.jar:2.22.1]
	at io.qameta.allure.testng.AllureTestNg.stopTestCase(AllureTestNg.java:376) ~[allure-testng-2.22.1.jar:2.22.1]
	at io.qameta.allure.testng.AllureTestNg.onTestFailure(AllureTestNg.java:370) ~[allure-testng-2.22.1.jar:2.22.1]
	at org.testng.internal.TestListenerHelper.runTestListeners(TestListenerHelper.java:108) ~[testng-7.8.0.jar:7.8.0]
	at org.testng.internal.invokers.TestInvoker.runTestResultListener(TestInvoker.java:262) ~[testng-7.8.0.jar:7.8.0]
	at org.testng.internal.invokers.TestInvoker.invokeMethod(TestInvoker.java:751) ~[testng-7.8.0.jar:7.8.0]
	at org.testng.internal.invokers.TestInvoker.invokeTestMethod(TestInvoker.java:227) ~[testng-7.8.0.jar:7.8.0]
	at org.testng.internal.invokers.MethodRunner.runInSequence(MethodRunner.java:50) ~[testng-7.8.0.jar:7.8.0]
	at org.testng.internal.invokers.TestInvoker$MethodInvocationAgent.invoke(TestInvoker.java:957) ~[testng-7.8.0.jar:7.8.0]
	at org.testng.internal.invokers.TestInvoker.invokeTestMethods(TestInvoker.java:200) ~[testng-7.8.0.jar:7.8.0]
	at org.testng.internal.invokers.TestMethodWorker.invokeTestMethods(TestMethodWorker.java:148) ~[testng-7.8.0.jar:7.8.0]
	at org.testng.internal.invokers.TestMethodWorker.run(TestMethodWorker.java:128) ~[testng-7.8.0.jar:7.8.0]
	at java.util.ArrayList.forEach(ArrayList.java:1541) [?:?]
	at org.testng.TestRunner.privateRun(TestRunner.java:848) [testng-7.8.0.jar:7.8.0]
	at org.testng.TestRunner.run(TestRunner.java:621) [testng-7.8.0.jar:7.8.0]
	at org.testng.SuiteRunner.runTest(SuiteRunner.java:443) [testng-7.8.0.jar:7.8.0]
	at org.testng.SuiteRunner.runSequentially(SuiteRunner.java:437) [testng-7.8.0.jar:7.8.0]
	at org.testng.SuiteRunner.privateRun(SuiteRunner.java:397) [testng-7.8.0.jar:7.8.0]
	at org.testng.SuiteRunner.run(SuiteRunner.java:336) [testng-7.8.0.jar:7.8.0]
	at org.testng.SuiteRunnerWorker.runSuite(SuiteRunnerWorker.java:52) [testng-7.8.0.jar:7.8.0]
	at org.testng.SuiteRunnerWorker.run(SuiteRunnerWorker.java:95) [testng-7.8.0.jar:7.8.0]
	at org.testng.TestNG.runSuitesSequentially(TestNG.java:1280) [testng-7.8.0.jar:7.8.0]
	at org.testng.TestNG.runSuitesLocally(TestNG.java:1200) [testng-7.8.0.jar:7.8.0]
	at org.testng.TestNG.runSuites(TestNG.java:1114) [testng-7.8.0.jar:7.8.0]
	at org.testng.TestNG.run(TestNG.java:1082) [testng-7.8.0.jar:7.8.0]
	at org.apache.maven.surefire.testng.TestNGExecutor.run(TestNGExecutor.java:308) [surefire-testng-3.1.2.jar:3.1.2]
	at org.apache.maven.surefire.testng.TestNGXmlTestSuite.execute(TestNGXmlTestSuite.java:71) [surefire-testng-3.1.2.jar:3.1.2]
	at org.apache.maven.surefire.testng.TestNGProvider.invoke(TestNGProvider.java:113) [surefire-testng-3.1.2.jar:3.1.2]
	at org.apache.maven.surefire.booter.ForkedBooter.runSuitesInProcess(ForkedBooter.java:385) [surefire-booter-3.1.2.jar:3.1.2]
	at org.apache.maven.surefire.booter.ForkedBooter.execute(ForkedBooter.java:162) [surefire-booter-3.1.2.jar:3.1.2]
	at org.apache.maven.surefire.booter.ForkedBooter.run(ForkedBooter.java:507) [surefire-booter-3.1.2.jar:3.1.2]
	at org.apache.maven.surefire.booter.ForkedBooter.main(ForkedBooter.java:495) [surefire-booter-3.1.2.jar:3.1.2]
]]></system-out>
    <system-err><![CDATA[Sep 05, 2023 7:50:45 PM org.openqa.selenium.remote.service.DriverService$Builder getLogOutput
INFO: Driver logs no longer sent to console by default; https://www.selenium.dev/documentation/webdriver/drivers/service/#setting-log-output
Sep 05, 2023 7:50:46 PM org.openqa.selenium.devtools.CdpVersionFinder findNearestMatch
WARNING: Unable to find an exact match for CDP version 116, so returning the closest version found: 114
]]></system-err>
  </testcase>
  <testcase name="runScenario[&quot;Verify the end to end flow of International payments with Multiple recipients for GBP corridor&quot;, &quot;End to End International payment flow with Multiple Recipients - GBP&quot;](5)" classname="anhtester.com.runners.OpsTestRunner" time="76.766">
    <failure message="The condition is FALSE. expected [true] but found [false]" type="java.lang.AssertionError"><![CDATA[java.lang.AssertionError: The condition is FALSE. expected [true] but found [false]
	at org.testng.Assert.fail(Assert.java:111)
	at org.testng.Assert.failNotEquals(Assert.java:1578)
	at org.testng.Assert.assertTrue(Assert.java:57)
	at anhtester.com.keywords.WebUI.verifyTrue(WebUI.java:1033)
	at anhtester.com.hubpay.corp.pages.DashboardPage.searchAndVerifyPaymentInTransactionGrid(DashboardPage.java:219)
	at anhtester.com.hubpay.corp.stepdefinitions.DashboardPageStepDefinition.I_search_verify_payment_for_in_the_Transactions_grid(DashboardPageStepDefinition.java:170)
	at ✽.I search and verify payment for "BUSINESS" in the Transactions grid(file:///Users/kanthreddy/wip/Hubpay_QAAutomation/src/test/resources/features/InternationalPayments/InternationalPaymentFlow_MultipleRecipients_GBP.feature:48)
]]></failure>
    <system-out><![CDATA[
@intlmultiplepayments @gbp @multitenor @corp
Scenario Outline: Verify the end to end flow of International payments with Multiple recipients for GBP corridor      # src/test/resources/features/InternationalPayments/InternationalPaymentFlow_MultipleRecipients_GBP.feature:162
[INFO] 05-09-2023 19:51:19 [WebDriverManager] - Using chromedriver 116.0.5845.96 (resolved driver for Chrome 116)
[INFO] 05-09-2023 19:51:20 [WebDriverManager] - Exporting webdriver.chrome.driver as /Users/kanthreddy/.cache/selenium/chromedriver/mac-arm64/116.0.5845.96/chromedriver
[INFO] 05-09-2023 19:51:21 [LogUtils] - Driver in TestContext: ChromeDriver: chrome on mac (fb8e2078d6222f813aab53dacdf63954)
  Given I setup test data file name for "InternationalPayments_Multiple" "GBP" "60"                                   # anhtester.com.common.CommonSteps.I_create_testdata_file_for(java.lang.String,java.lang.String,java.lang.String)
[INFO] 05-09-2023 19:51:22 [LogUtils] - Open URL: https://corporate-dev.hubpay.ae/auth/signin
[INFO] 05-09-2023 19:51:22 [LogUtils] - Verify element visible By.cssSelector: input[name='username']
[INFO] 05-09-2023 19:51:22 [LogUtils] - Set text sreekanth@hubpay.ae on By.cssSelector: input[name='username']
[INFO] 05-09-2023 19:51:22 [LogUtils] - Verify element visible By.cssSelector: input[name='password']
[INFO] 05-09-2023 19:51:22 [LogUtils] - Set text Passhub@1 on By.cssSelector: input[name='password']
[INFO] 05-09-2023 19:51:22 [LogUtils] - Click on element with JS: By.xpath: //button[text()='Next']
[INFO] 05-09-2023 19:51:25 [LogUtils] - Verify element visible By.xpath: //li[contains(.,'Sign out')]
Login successful
  Given I'm Logged in to the Corp portal                                                                              # anhtester.com.common.CommonSteps.I_enter_credentials_on_CorpSuite_Login_Page()
{COMMON={toCurrencyName=British Pound, toCurrencyCode=GBP, fromCurrencyName=UAE Dirham, fromCurrencyCode=AED, toCurrencyWalletBalance=GBP 3,211.15, feePerPayment=AED 52.50, processingTime=Within 1 business day, fromCurrencyWalletBalance=AED 451,651.61, noOfPayments=2, totalReceiveAmount=GBP 70.00, totalAmount=null, totalFees=AED 105.00, totalPayable=AED 430.52, balanceDue=GBP 0.00, expectedPaymentDate=07/09/2023, paymentMethod=SWIFT, provider=CAB, createdAt=Tuesday 5 September 2023, fromCurrencyWalletBalanceAfterPaymentCompleted=null, liveRate=1 GBP = 4.65023 AED, settlementDate=07/09/2023, formatted_settlementDate=null, toCurrencyWalletBalanceAfterSettlementReceived=null, fromCurrencyWalletBalanceAfterSettlementReceived=null, totalSendAmount=AED 325.52, availableFromWalletBalance=AED 430.52, scheduledAt=05/09/2023, toCurrencyWalletBalanceAfterPaymentCompleted=GBP 0.00}, EXCHANGE={toAmount=70.00, fromAmount=AED 325.52, type=International Exchange, createdAt=Tuesday 5 September 2023, reference=AF-SLB7-MCON, orderedAt=05/09/2023, orderSettledAt=-, rejectedAt=-, completedAt=-, totalFundsDue=AED 430.52, status=Ordered}, BUSINESS={recipientType=Business, toAmount=GBP 50.00, fromAmount=, recipientName=AUTO INTL GBP BUSINESS NAME, addressLineOne=AUTO INTL GBP BUSINESS ADDR ONE, addressLineTwo=AUTO INTL GBP BUSINESS ADDR TWO, city=AUTO INTL GBP BUSINESS ADDR CITY, province=AUTO INTL GBP BUSINESS PROVINCE, postalCode=01234, country=United Kingdom, countryCode=UK, accountNumber=GB80LOYD30963422111100, bicCode=BARCGB22, bankCode=null, thirdPartyReference=GBP1234TPR, documentNumber=GBPINV1234, purposeOfPayment=Travel, reference=AP-FVEF-GVBP, status=Completed, processingStatus=SCHEDULED, resultStatus=PENDING, scheduledAt=-, submittingAt=-, pendingAt=-, lastUpdatedAt=05/09/2023, completedAt=-, declinedAt=-, declinedBy=-, declinedReason=-, providerStatusCode=-, providerStatusDescription=-, providerAmountPaid=-, providerFeePaid=-, providerTransactionId=-, providerDatePaid=-, providerValueDate=-, providerPaymentValueDate=-}, INDIVIDUAL={recipientType=Individual, toAmount=GBP 20.00, fromAmount=, recipientName=AUTO INTL GBP INDIVIDUAL NAME, addressLineOne=AUTO INTL GBP INDV ADDR ONE, addressLineTwo=AUTO INTL GBP INDV ADDR TWO, city=AUTO INTL GBP INDV ADDR CITY, province=AUTO INTL GBP INDV PROVINCE, postalCode=567890, country=United Kingdom, countryCode=UK, accountNumber=GB35BARC20032684418522, bicCode=BARCGB21, bankCode=null, thirdPartyReference=GBP-TPR-INDV-1010, documentNumber=GBP-INV-INDV-1010, purposeOfPayment=Education, reference=AP-WWVD-7EAZ, status=Completed, processingStatus=SCHEDULED, resultStatus=PENDING, scheduledAt=-, submittingAt=-, pendingAt=-, lastUpdatedAt=05/09/2023, completedAt=-, declinedAt=-, declinedBy=-, declinedReason=-, providerStatusCode=-, providerStatusDescription=-, providerAmountPaid=-, providerFeePaid=-, providerTransactionId=-, providerDatePaid=-, providerValueDate=-, providerPaymentValueDate=-}}
[INFO] 05-09-2023 19:51:28 [LogUtils] - Verify element visible By.xpath: //h1[text()='Dashboard']
[INFO] 05-09-2023 19:51:28 [LogUtils] - Verify element visible By.xpath: //h1[text()='Dashboard']
  Then I verify Dashboard page is displayed                                                                           # anhtester.com.hubpay.corp.stepdefinitions.DashboardPageStepDefinition.I_verify_dashboard_page_is_displayed()
I_note_wallet_balance_for_corridor:src/test/resources/testdata/InternationalPayments_Multiple_GBP_60.json
[INFO] 05-09-2023 19:51:29 [LogUtils] - Verify element visible By.xpath: //p[contains(text(),'AED')]
[INFO] 05-09-2023 19:51:30 [LogUtils] - Verify element visible By.xpath: //p[contains(text(),'AED')]
[INFO] 05-09-2023 19:51:30 [LogUtils] - Verify element visible By.xpath: //p[contains(text(),'GBP')]
[INFO] 05-09-2023 19:51:30 [LogUtils] - Verify element visible By.xpath: //p[contains(text(),'GBP')]
  Then I Note the wallet balance of the "AED" and "GBP" on Dashboard page                                             # anhtester.com.hubpay.corp.stepdefinitions.DashboardPageStepDefinition.I_note_wallet_balance_for_corridor(java.lang.String,java.lang.String)
[INFO] 05-09-2023 19:51:30 [LogUtils] - Verify element visible By.xpath: //a[text()='Send international']
[INFO] 05-09-2023 19:51:30 [LogUtils] - Clicked on the element By.xpath: //a[text()='Send international']
[INFO] 05-09-2023 19:51:31 [LogUtils] - Verify element visible By.xpath: //h1[text()='International payment']
  Then I navigate to International Payments page                                                                      # anhtester.com.hubpay.corp.stepdefinitions.DashboardPageStepDefinition.I_navigate_to_international_payments_page()
{COMMON={toCurrencyName=British Pound, toCurrencyCode=GBP, fromCurrencyName=UAE Dirham, fromCurrencyCode=AED, toCurrencyWalletBalance=GBP 3,211.15, feePerPayment=AED 52.50, processingTime=Within 1 business day, fromCurrencyWalletBalance=AED 450,529.96, noOfPayments=2, totalReceiveAmount=GBP 70.00, totalAmount=null, totalFees=AED 105.00, totalPayable=AED 430.52, balanceDue=GBP 0.00, expectedPaymentDate=07/09/2023, paymentMethod=SWIFT, provider=CAB, createdAt=Tuesday 5 September 2023, fromCurrencyWalletBalanceAfterPaymentCompleted=null, liveRate=1 GBP = 4.65023 AED, settlementDate=07/09/2023, formatted_settlementDate=null, toCurrencyWalletBalanceAfterSettlementReceived=null, fromCurrencyWalletBalanceAfterSettlementReceived=null, totalSendAmount=AED 325.52, availableFromWalletBalance=AED 430.52, scheduledAt=05/09/2023, toCurrencyWalletBalanceAfterPaymentCompleted=GBP 0.00}, EXCHANGE={toAmount=70.00, fromAmount=AED 325.52, type=International Exchange, createdAt=Tuesday 5 September 2023, reference=AF-SLB7-MCON, orderedAt=05/09/2023, orderSettledAt=-, rejectedAt=-, completedAt=-, totalFundsDue=AED 430.52, status=Ordered}, BUSINESS={recipientType=Business, toAmount=GBP 50.00, fromAmount=, recipientName=AUTO INTL GBP BUSINESS NAME, addressLineOne=AUTO INTL GBP BUSINESS ADDR ONE, addressLineTwo=AUTO INTL GBP BUSINESS ADDR TWO, city=AUTO INTL GBP BUSINESS ADDR CITY, province=AUTO INTL GBP BUSINESS PROVINCE, postalCode=01234, country=United Kingdom, countryCode=UK, accountNumber=GB80LOYD30963422111100, bicCode=BARCGB22, bankCode=null, thirdPartyReference=GBP1234TPR, documentNumber=GBPINV1234, purposeOfPayment=Travel, reference=AP-FVEF-GVBP, status=Completed, processingStatus=SCHEDULED, resultStatus=PENDING, scheduledAt=-, submittingAt=-, pendingAt=-, lastUpdatedAt=05/09/2023, completedAt=-, declinedAt=-, declinedBy=-, declinedReason=-, providerStatusCode=-, providerStatusDescription=-, providerAmountPaid=-, providerFeePaid=-, providerTransactionId=-, providerDatePaid=-, providerValueDate=-, providerPaymentValueDate=-}, INDIVIDUAL={recipientType=Individual, toAmount=GBP 20.00, fromAmount=, recipientName=AUTO INTL GBP INDIVIDUAL NAME, addressLineOne=AUTO INTL GBP INDV ADDR ONE, addressLineTwo=AUTO INTL GBP INDV ADDR TWO, city=AUTO INTL GBP INDV ADDR CITY, province=AUTO INTL GBP INDV PROVINCE, postalCode=567890, country=United Kingdom, countryCode=UK, accountNumber=GB35BARC20032684418522, bicCode=BARCGB21, bankCode=null, thirdPartyReference=GBP-TPR-INDV-1010, documentNumber=GBP-INV-INDV-1010, purposeOfPayment=Education, reference=AP-WWVD-7EAZ, status=Completed, processingStatus=SCHEDULED, resultStatus=PENDING, scheduledAt=-, submittingAt=-, pendingAt=-, lastUpdatedAt=05/09/2023, completedAt=-, declinedAt=-, declinedBy=-, declinedReason=-, providerStatusCode=-, providerStatusDescription=-, providerAmountPaid=-, providerFeePaid=-, providerTransactionId=-, providerDatePaid=-, providerValueDate=-, providerPaymentValueDate=-}}
[INFO] 05-09-2023 19:51:31 [LogUtils] - Verify element visible By.xpath: //h1[text()='Currency']
[INFO] 05-09-2023 19:51:31 [LogUtils] - Verify element visible By.xpath: //p[text()='Select the currency you are sending from and the currency your recipient gets']
[INFO] 05-09-2023 19:51:31 [LogUtils] - Verify element visible By.xpath: //span[text()='Select wallet']/parent::button
  Then I verify default details on International payments page                                                        # anhtester.com.hubpay.corp.stepdefinitions.PaymentsPageStepDefinition.I_verify_defaultdetails_international_payments_page()
[INFO] 05-09-2023 19:51:42 [LogUtils] - Verify element visible By.xpath: //span[text()='Select wallet']/parent::button
[INFO] 05-09-2023 19:51:42 [LogUtils] - Clicked on the element By.xpath: //span[text()='Select wallet']/parent::button
Tag name - div
value - null
innerText -GBP
  When I select "GBP" corridor on International Payments page                                                         # anhtester.com.hubpay.corp.stepdefinitions.PaymentsPageStepDefinition.I_select_corridor_on_international_payments_page(java.lang.String)
{COMMON={toCurrencyName=British Pound, toCurrencyCode=GBP, fromCurrencyName=UAE Dirham, fromCurrencyCode=AED, toCurrencyWalletBalance=GBP 3,211.15, feePerPayment=AED 52.50, processingTime=Within 1 business day, fromCurrencyWalletBalance=AED 450,529.96, noOfPayments=2, totalReceiveAmount=GBP 70.00, totalAmount=null, totalFees=AED 105.00, totalPayable=AED 430.52, balanceDue=GBP 0.00, expectedPaymentDate=07/09/2023, paymentMethod=SWIFT, provider=CAB, createdAt=Tuesday 5 September 2023, fromCurrencyWalletBalanceAfterPaymentCompleted=null, liveRate=1 GBP = 4.65023 AED, settlementDate=07/09/2023, formatted_settlementDate=null, toCurrencyWalletBalanceAfterSettlementReceived=null, fromCurrencyWalletBalanceAfterSettlementReceived=null, totalSendAmount=AED 325.52, availableFromWalletBalance=AED 430.52, scheduledAt=05/09/2023, toCurrencyWalletBalanceAfterPaymentCompleted=GBP 0.00}, EXCHANGE={toAmount=70.00, fromAmount=AED 325.52, type=International Exchange, createdAt=Tuesday 5 September 2023, reference=AF-SLB7-MCON, orderedAt=05/09/2023, orderSettledAt=-, rejectedAt=-, completedAt=-, totalFundsDue=AED 430.52, status=Ordered}, BUSINESS={recipientType=Business, toAmount=GBP 50.00, fromAmount=, recipientName=AUTO INTL GBP BUSINESS NAME, addressLineOne=AUTO INTL GBP BUSINESS ADDR ONE, addressLineTwo=AUTO INTL GBP BUSINESS ADDR TWO, city=AUTO INTL GBP BUSINESS ADDR CITY, province=AUTO INTL GBP BUSINESS PROVINCE, postalCode=01234, country=United Kingdom, countryCode=UK, accountNumber=GB80LOYD30963422111100, bicCode=BARCGB22, bankCode=null, thirdPartyReference=GBP1234TPR, documentNumber=GBPINV1234, purposeOfPayment=Travel, reference=AP-FVEF-GVBP, status=Completed, processingStatus=SCHEDULED, resultStatus=PENDING, scheduledAt=-, submittingAt=-, pendingAt=-, lastUpdatedAt=05/09/2023, completedAt=-, declinedAt=-, declinedBy=-, declinedReason=-, providerStatusCode=-, providerStatusDescription=-, providerAmountPaid=-, providerFeePaid=-, providerTransactionId=-, providerDatePaid=-, providerValueDate=-, providerPaymentValueDate=-}, INDIVIDUAL={recipientType=Individual, toAmount=GBP 20.00, fromAmount=, recipientName=AUTO INTL GBP INDIVIDUAL NAME, addressLineOne=AUTO INTL GBP INDV ADDR ONE, addressLineTwo=AUTO INTL GBP INDV ADDR TWO, city=AUTO INTL GBP INDV ADDR CITY, province=AUTO INTL GBP INDV PROVINCE, postalCode=567890, country=United Kingdom, countryCode=UK, accountNumber=GB35BARC20032684418522, bicCode=BARCGB21, bankCode=null, thirdPartyReference=GBP-TPR-INDV-1010, documentNumber=GBP-INV-INDV-1010, purposeOfPayment=Education, reference=AP-WWVD-7EAZ, status=Completed, processingStatus=SCHEDULED, resultStatus=PENDING, scheduledAt=-, submittingAt=-, pendingAt=-, lastUpdatedAt=05/09/2023, completedAt=-, declinedAt=-, declinedBy=-, declinedReason=-, providerStatusCode=-, providerStatusDescription=-, providerAmountPaid=-, providerFeePaid=-, providerTransactionId=-, providerDatePaid=-, providerValueDate=-, providerPaymentValueDate=-}}
[INFO] 05-09-2023 19:51:43 [LogUtils] - Verify element visible By.xpath: //div[contains(text(),'Settlement date')]/preceding-sibling::div//select
  When I select "2 business days" tenor on Exchange page                                                              # anhtester.com.hubpay.corp.stepdefinitions.ExchangePageStepDefinition.I_select_tenor_for_currency_on_exchange_page(java.lang.String)
[INFO] 05-09-2023 19:51:45 [LogUtils] - Verify element visible By.xpath: //div[text()='Live rate']/preceding-sibling::div//div
[INFO] 05-09-2023 19:51:45 [LogUtils] - Verify element visible By.xpath: //div[text()='Live rate']/preceding-sibling::div//div
[INFO] 05-09-2023 19:51:45 [LogUtils] - Verify element visible By.xpath: //div[text()='Live rate']/preceding-sibling::div//div
[INFO] 05-09-2023 19:51:45 [LogUtils] - Verify element visible By.xpath: //div[text()='Live rate']/preceding-sibling::div//div
[INFO] 05-09-2023 19:51:45 [LogUtils] - Verify element visible By.xpath: //div[text()='Live rate']/preceding-sibling::div//div
[INFO] 05-09-2023 19:51:45 [LogUtils] - Verify text of an element [Contains]: true
[INFO] 05-09-2023 19:51:45 [LogUtils] - Verify element visible By.xpath: //div[text()='Live rate']/preceding-sibling::div//div
[INFO] 05-09-2023 19:51:45 [LogUtils] - Verify element visible By.xpath: //div[text()='Live rate']/preceding-sibling::div//div
  Then I verify Live rate is displayed for "GBP" corridor                                                             # anhtester.com.hubpay.corp.stepdefinitions.ExchangePageStepDefinition.I_verify_live_rate_is_displayed_exchange_page(java.lang.String)
[INFO] 05-09-2023 19:51:45 [LogUtils] - Verify element visible By.xpath: //div[text()='Processing time']/preceding-sibling::div
[INFO] 05-09-2023 19:51:45 [LogUtils] - Verify element visible By.xpath: //div[text()='Processing time']/preceding-sibling::div
[INFO] 05-09-2023 19:51:45 [LogUtils] - Verify element visible By.xpath: //div[text()='Processing time']/preceding-sibling::div
[INFO] 05-09-2023 19:51:46 [LogUtils] - Verify text of an element [Equals]: true
[INFO] 05-09-2023 19:51:46 [LogUtils] - Verify element visible By.xpath: //div[text()='Processing time']/preceding-sibling::div
[INFO] 05-09-2023 19:51:46 [LogUtils] - Verify element visible By.xpath: //div[text()='Processing time']/preceding-sibling::div
[INFO] 05-09-2023 19:51:46 [LogUtils] - Verify element visible By.xpath: //div[text()='Processing time']/preceding-sibling::div
[INFO] 05-09-2023 19:51:46 [LogUtils] - Verify element visible By.xpath: //div[text()='Processing time']/preceding-sibling::div
[INFO] 05-09-2023 19:51:46 [LogUtils] - Verify element visible By.xpath: //div[text()='Processing time']/preceding-sibling::div
[INFO] 05-09-2023 19:51:46 [LogUtils] - Verify element visible By.xpath: //div[text()='Processing time']/preceding-sibling::div
[INFO] 05-09-2023 19:51:46 [LogUtils] - Verify element visible By.xpath: //div[text()='Live rate']/preceding-sibling::div//div
[INFO] 05-09-2023 19:51:46 [LogUtils] - Verify element visible By.xpath: //div[text()='Live rate']/preceding-sibling::div//div
[INFO] 05-09-2023 19:51:46 [LogUtils] - Verify element visible By.xpath: //div[contains(text(),'Settlement date')]/span
[INFO] 05-09-2023 19:51:46 [LogUtils] - Verify element visible By.xpath: //div[contains(text(),'Settlement date')]/span
  Then I verify "Within 1 business day" for the "GBP" Payments                                                        # anhtester.com.hubpay.corp.stepdefinitions.PaymentsPageStepDefinition.I_verify_processingtime_for_the_payments(java.lang.String,java.lang.String)
[INFO] 05-09-2023 19:51:46 [LogUtils] - Click on element with JS: By.xpath: //button[contains(.,'Next')][contains(@class,'text-primary-foreground')]
[INFO] 05-09-2023 19:51:47 [LogUtils] - Verify element visible By.xpath: //h1[text()='Add the recipients & the amounts you wish to send']
  When I click "Next" button on "Payments" page                                                                       # anhtester.com.hubpay.corp.stepdefinitions.ExchangePageStepDefinition.I_click_button_on_exchange_page(java.lang.String,java.lang.String)
[INFO] 05-09-2023 19:51:47 [LogUtils] - Verify element visible By.xpath: //button[contains(.,'Add individual or business')][contains(@class,'ring-offset-background bg-violet')]
[INFO] 05-09-2023 19:51:47 [LogUtils] - Verify element visible By.xpath: //button[contains(.,'Add individual or business')][contains(@class,'ring-offset-background bg-violet')]
[INFO] 05-09-2023 19:51:47 [LogUtils] - Clicked on the element By.xpath: //button[contains(.,'Add individual or business')][contains(@class,'ring-offset-background bg-violet')]
  When I click "Add individual or business" button on "Payments" page                                                 # anhtester.com.hubpay.corp.stepdefinitions.ExchangePageStepDefinition.I_click_button_on_exchange_page(java.lang.String,java.lang.String)
[INFO] 05-09-2023 19:51:47 [LogUtils] - Verify element visible By.xpath: //div[.='Add new recipient']/parent::div[@role='dialog']
[INFO] 05-09-2023 19:51:47 [LogUtils] - Verify element visible By.xpath: //div[.='Add new recipient']/parent::div[@role='dialog']
  Then I verify Add a new recipient form is displayed                                                                 # anhtester.com.hubpay.corp.stepdefinitions.PaymentsPageStepDefinition.I_verify_add_new_recipient_form_displayed()
[INFO] 05-09-2023 19:51:47 [LogUtils] - Verify element visible By.xpath: //button[text()='Business'][@type='button']
[INFO] 05-09-2023 19:51:47 [LogUtils] - Clicked on the element By.xpath: //button[text()='Business'][@type='button']
[INFO] 05-09-2023 19:51:47 [LogUtils] - Verify element visible By.xpath: //button[text()='Business'][@type='button']
  When I choose "BUSINESS" on Add a new recipient form                                                                # anhtester.com.hubpay.corp.stepdefinitions.PaymentsPageStepDefinition.I_choose_on_Add_new_recipient_form(java.lang.String)
{COMMON={toCurrencyName=British Pound, toCurrencyCode=GBP, fromCurrencyName=UAE Dirham, fromCurrencyCode=AED, toCurrencyWalletBalance=GBP 3,211.15, feePerPayment=AED 52.50, processingTime=Within 1 business day, fromCurrencyWalletBalance=AED 450,529.96, noOfPayments=2, totalReceiveAmount=GBP 70.00, totalAmount=null, totalFees=AED 105.00, totalPayable=AED 430.52, balanceDue=GBP 0.00, expectedPaymentDate=07/09/2023, paymentMethod=SWIFT, provider=CAB, createdAt=Tuesday 5 September 2023, fromCurrencyWalletBalanceAfterPaymentCompleted=null, liveRate=1 GBP = 4.64413 AED, settlementDate=07/09/2023, formatted_settlementDate=null, toCurrencyWalletBalanceAfterSettlementReceived=null, fromCurrencyWalletBalanceAfterSettlementReceived=null, totalSendAmount=AED 325.52, availableFromWalletBalance=AED 430.52, scheduledAt=05/09/2023, toCurrencyWalletBalanceAfterPaymentCompleted=GBP 0.00}, EXCHANGE={toAmount=70.00, fromAmount=AED 325.52, type=International Exchange, createdAt=Tuesday 5 September 2023, reference=AF-SLB7-MCON, orderedAt=05/09/2023, orderSettledAt=-, rejectedAt=-, completedAt=-, totalFundsDue=AED 430.52, status=Ordered}, BUSINESS={recipientType=Business, toAmount=GBP 50.00, fromAmount=, recipientName=AUTO INTL GBP BUSINESS NAME, addressLineOne=AUTO INTL GBP BUSINESS ADDR ONE, addressLineTwo=AUTO INTL GBP BUSINESS ADDR TWO, city=AUTO INTL GBP BUSINESS ADDR CITY, province=AUTO INTL GBP BUSINESS PROVINCE, postalCode=01234, country=United Kingdom, countryCode=UK, accountNumber=GB80LOYD30963422111100, bicCode=BARCGB22, bankCode=null, thirdPartyReference=GBP1234TPR, documentNumber=GBPINV1234, purposeOfPayment=Travel, reference=AP-FVEF-GVBP, status=Completed, processingStatus=SCHEDULED, resultStatus=PENDING, scheduledAt=-, submittingAt=-, pendingAt=-, lastUpdatedAt=05/09/2023, completedAt=-, declinedAt=-, declinedBy=-, declinedReason=-, providerStatusCode=-, providerStatusDescription=-, providerAmountPaid=-, providerFeePaid=-, providerTransactionId=-, providerDatePaid=-, providerValueDate=-, providerPaymentValueDate=-}, INDIVIDUAL={recipientType=Individual, toAmount=GBP 20.00, fromAmount=, recipientName=AUTO INTL GBP INDIVIDUAL NAME, addressLineOne=AUTO INTL GBP INDV ADDR ONE, addressLineTwo=AUTO INTL GBP INDV ADDR TWO, city=AUTO INTL GBP INDV ADDR CITY, province=AUTO INTL GBP INDV PROVINCE, postalCode=567890, country=United Kingdom, countryCode=UK, accountNumber=GB35BARC20032684418522, bicCode=BARCGB21, bankCode=null, thirdPartyReference=GBP-TPR-INDV-1010, documentNumber=GBP-INV-INDV-1010, purposeOfPayment=Education, reference=AP-WWVD-7EAZ, status=Completed, processingStatus=SCHEDULED, resultStatus=PENDING, scheduledAt=-, submittingAt=-, pendingAt=-, lastUpdatedAt=05/09/2023, completedAt=-, declinedAt=-, declinedBy=-, declinedReason=-, providerStatusCode=-, providerStatusDescription=-, providerAmountPaid=-, providerFeePaid=-, providerTransactionId=-, providerDatePaid=-, providerValueDate=-, providerPaymentValueDate=-}}
[INFO] 05-09-2023 19:51:47 [LogUtils] - Verify element visible By.xpath: //label[text()='Enter payment amount']/preceding-sibling::input
[INFO] 05-09-2023 19:51:47 [LogUtils] - Set text 50.00 on By.xpath: //label[text()='Enter payment amount']/preceding-sibling::input
[INFO] 05-09-2023 19:51:47 [LogUtils] - Verify element visible By.xpath: //label[text()='Full Registered business name']/preceding-sibling::input
[INFO] 05-09-2023 19:51:48 [LogUtils] - Set text AUTO INTL GBP BUSINESS NAME on By.xpath: //label[text()='Full Registered business name']/preceding-sibling::input
[INFO] 05-09-2023 19:51:48 [LogUtils] - Verify element visible By.xpath: //label[text()='First line of address']/preceding-sibling::input
[INFO] 05-09-2023 19:51:48 [LogUtils] - Set text AUTO INTL GBP BUSINESS ADDR ONE on By.xpath: //label[text()='First line of address']/preceding-sibling::input
[INFO] 05-09-2023 19:51:48 [LogUtils] - Verify element visible By.xpath: //label[text()='Second line of address']/preceding-sibling::input
[INFO] 05-09-2023 19:51:48 [LogUtils] - Set text AUTO INTL GBP BUSINESS ADDR TWO on By.xpath: //label[text()='Second line of address']/preceding-sibling::input
[INFO] 05-09-2023 19:51:48 [LogUtils] - Verify element visible By.xpath: //button[text()='Country']
[INFO] 05-09-2023 19:51:48 [LogUtils] - Clicked on the element By.xpath: //button[text()='Country']
[INFO] 05-09-2023 19:51:48 [LogUtils] - Verify element visible By.xpath: //button[text()='Country']/following-sibling::div//input
[INFO] 05-09-2023 19:51:48 [LogUtils] - Set text United Kingdom on By.xpath: //button[text()='Country']/following-sibling::div//input
[INFO] 05-09-2023 19:51:48 [LogUtils] - Verify element visible By.xpath: //span[text()='United Kingdom']
[INFO] 05-09-2023 19:51:48 [LogUtils] - Clicked on the element By.xpath: //span[text()='United Kingdom']
[INFO] 05-09-2023 19:51:48 [LogUtils] - Verify element visible By.xpath: //label[text()='Province']/preceding-sibling::input
[INFO] 05-09-2023 19:51:48 [LogUtils] - Set text AUTO INTL GBP BUSINESS PROVINCE on By.xpath: //label[text()='Province']/preceding-sibling::input
[INFO] 05-09-2023 19:51:49 [LogUtils] - Verify element visible By.xpath: //label[text()='City']/preceding-sibling::input
[INFO] 05-09-2023 19:51:49 [LogUtils] - Set text AUTO INTL GBP BUSINESS ADDR CITY on By.xpath: //label[text()='City']/preceding-sibling::input
[INFO] 05-09-2023 19:51:49 [LogUtils] - Verify element visible By.xpath: //label[text()='Postal/Zip code']/preceding-sibling::input
[INFO] 05-09-2023 19:51:49 [LogUtils] - Set text 01234 on By.xpath: //label[text()='Postal/Zip code']/preceding-sibling::input
[INFO] 05-09-2023 19:51:49 [LogUtils] - Verify element visible By.xpath: //label[text()='SWIFT/BIC code']/preceding-sibling::input
[INFO] 05-09-2023 19:51:49 [LogUtils] - Set text BARCGB22 on By.xpath: //label[text()='SWIFT/BIC code']/preceding-sibling::input
[INFO] 05-09-2023 19:51:49 [LogUtils] - Verify element visible By.xpath: //label[text()='Invoice/Document ID']/preceding-sibling::input
[INFO] 05-09-2023 19:51:49 [LogUtils] - Set text GBPINV1234 on By.xpath: //label[text()='Invoice/Document ID']/preceding-sibling::input
[INFO] 05-09-2023 19:51:49 [LogUtils] - Verify element visible By.xpath: //label[text()='Third party reference']/preceding-sibling::input
[INFO] 05-09-2023 19:51:49 [LogUtils] - Set text GBP1234TPR on By.xpath: //label[text()='Third party reference']/preceding-sibling::input
[INFO] 05-09-2023 19:51:49 [LogUtils] - Verify element visible By.xpath: //button[text()='Purpose of payment']
[INFO] 05-09-2023 19:51:49 [LogUtils] - Clicked on the element By.xpath: //button[text()='Purpose of payment']
[INFO] 05-09-2023 19:51:50 [LogUtils] - Verify element visible By.xpath: //button[text()='Purpose of payment']/following-sibling::div//input
[INFO] 05-09-2023 19:51:50 [LogUtils] - Set text Travel on By.xpath: //button[text()='Purpose of payment']/following-sibling::div//input
[INFO] 05-09-2023 19:51:50 [LogUtils] - Verify element visible By.xpath: //span[text()='Travel']
[INFO] 05-09-2023 19:51:50 [LogUtils] - Clicked on the element By.xpath: //span[text()='Travel']
[INFO] 05-09-2023 19:51:50 [LogUtils] - Verify element visible By.xpath: //label[text()='IBAN']/preceding-sibling::input
[INFO] 05-09-2023 19:51:50 [LogUtils] - Set text GB80LOYD30963422111100 on By.xpath: //label[text()='IBAN']/preceding-sibling::input
  When I enter "BUSINESS" details for "BUSINESS" recipient on Add a new recipient form                                # anhtester.com.hubpay.corp.stepdefinitions.PaymentsPageStepDefinition.I_enter_details_for_recipent_on_Add_new_recipient_form(java.lang.String,java.lang.String)
[INFO] 05-09-2023 19:51:50 [LogUtils] - Scroll to element By.xpath: //button[text()='Next']
[INFO] 05-09-2023 19:51:50 [LogUtils] - Click on element with JS: By.xpath: //button[text()='Next']
[INFO] 05-09-2023 19:51:50 [LogUtils] - Verify element visible By.xpath: //h1[text()='Add the recipients & the amounts you wish to send']
  When I save recipient details entered on Add a new recipient form                                                   # anhtester.com.hubpay.corp.stepdefinitions.PaymentsPageStepDefinition.I_save_recipient_details_entered_Add_new_recipient_form()
[INFO] 05-09-2023 19:51:51 [LogUtils] - Verify element visible By.xpath: //*[text()='Recipient added']
[INFO] 05-09-2023 19:51:51 [LogUtils] - Verify element visible By.xpath: //*[text()='Recipient added']
  Then I verify "Recipient added" toast message is displayed                                                          # anhtester.com.hubpay.corp.stepdefinitions.PaymentsPageStepDefinition.I_verify_toast_message_is_displayed(java.lang.String)
[INFO] 05-09-2023 19:51:56 [LogUtils] - Verify element visible By.xpath: //table//tr[@class='border-b']
[INFO] 05-09-2023 19:51:56 [LogUtils] - Verify TRUE: true
[INFO] 05-09-2023 19:51:56 [LogUtils] - Verify TRUE: true
[INFO] 05-09-2023 19:51:56 [LogUtils] - Verify TRUE: true
[INFO] 05-09-2023 19:51:56 [LogUtils] - Verify TRUE: true
  Then I verify "BUSINESS" details in row "1" in Recipients grid on Payments & Recipients step                        # anhtester.com.hubpay.corp.stepdefinitions.PaymentsPageStepDefinition.I_verify_details_in_row_in_recipientsgrid_on_paymentsrecipients_step(java.lang.String,java.lang.String)
[INFO] 05-09-2023 19:51:56 [LogUtils] - Verify element visible By.xpath: //button[contains(.,'Add individual or business')][contains(@class,'ring-offset-background bg-violet')]
[INFO] 05-09-2023 19:51:56 [LogUtils] - Verify element visible By.xpath: //button[contains(.,'Add individual or business')][contains(@class,'ring-offset-background bg-violet')]
[INFO] 05-09-2023 19:51:56 [LogUtils] - Clicked on the element By.xpath: //button[contains(.,'Add individual or business')][contains(@class,'ring-offset-background bg-violet')]
  When I click "Add individual or business" button on "Payments" page                                                 # anhtester.com.hubpay.corp.stepdefinitions.ExchangePageStepDefinition.I_click_button_on_exchange_page(java.lang.String,java.lang.String)
[INFO] 05-09-2023 19:51:56 [LogUtils] - Verify element visible By.xpath: //button[text()='Individual'][@type='button']
[INFO] 05-09-2023 19:51:56 [LogUtils] - Clicked on the element By.xpath: //button[text()='Individual'][@type='button']
[INFO] 05-09-2023 19:51:56 [LogUtils] - Verify element visible By.xpath: //button[text()='Individual'][@type='button']
  When I choose "INDIVIDUAL" on Add a new recipient form                                                              # anhtester.com.hubpay.corp.stepdefinitions.PaymentsPageStepDefinition.I_choose_on_Add_new_recipient_form(java.lang.String)
{COMMON={toCurrencyName=British Pound, toCurrencyCode=GBP, fromCurrencyName=UAE Dirham, fromCurrencyCode=AED, toCurrencyWalletBalance=GBP 3,211.15, feePerPayment=AED 52.50, processingTime=Within 1 business day, fromCurrencyWalletBalance=AED 450,529.96, noOfPayments=2, totalReceiveAmount=GBP 70.00, totalAmount=null, totalFees=AED 105.00, totalPayable=AED 430.52, balanceDue=GBP 0.00, expectedPaymentDate=07/09/2023, paymentMethod=SWIFT, provider=CAB, createdAt=Tuesday 5 September 2023, fromCurrencyWalletBalanceAfterPaymentCompleted=null, liveRate=1 GBP = 4.64413 AED, settlementDate=07/09/2023, formatted_settlementDate=null, toCurrencyWalletBalanceAfterSettlementReceived=null, fromCurrencyWalletBalanceAfterSettlementReceived=null, totalSendAmount=AED 325.52, availableFromWalletBalance=AED 430.52, scheduledAt=05/09/2023, toCurrencyWalletBalanceAfterPaymentCompleted=GBP 0.00}, EXCHANGE={toAmount=70.00, fromAmount=AED 325.52, type=International Exchange, createdAt=Tuesday 5 September 2023, reference=AF-SLB7-MCON, orderedAt=05/09/2023, orderSettledAt=-, rejectedAt=-, completedAt=-, totalFundsDue=AED 430.52, status=Ordered}, BUSINESS={recipientType=Business, toAmount=GBP 50.00, fromAmount=, recipientName=AUTO INTL GBP BUSINESS NAME, addressLineOne=AUTO INTL GBP BUSINESS ADDR ONE, addressLineTwo=AUTO INTL GBP BUSINESS ADDR TWO, city=AUTO INTL GBP BUSINESS ADDR CITY, province=AUTO INTL GBP BUSINESS PROVINCE, postalCode=01234, country=United Kingdom, countryCode=UK, accountNumber=GB80LOYD30963422111100, bicCode=BARCGB22, bankCode=null, thirdPartyReference=GBP1234TPR, documentNumber=GBPINV1234, purposeOfPayment=Travel, reference=AP-FVEF-GVBP, status=Completed, processingStatus=SCHEDULED, resultStatus=PENDING, scheduledAt=-, submittingAt=-, pendingAt=-, lastUpdatedAt=05/09/2023, completedAt=-, declinedAt=-, declinedBy=-, declinedReason=-, providerStatusCode=-, providerStatusDescription=-, providerAmountPaid=-, providerFeePaid=-, providerTransactionId=-, providerDatePaid=-, providerValueDate=-, providerPaymentValueDate=-}, INDIVIDUAL={recipientType=Individual, toAmount=GBP 20.00, fromAmount=, recipientName=AUTO INTL GBP INDIVIDUAL NAME, addressLineOne=AUTO INTL GBP INDV ADDR ONE, addressLineTwo=AUTO INTL GBP INDV ADDR TWO, city=AUTO INTL GBP INDV ADDR CITY, province=AUTO INTL GBP INDV PROVINCE, postalCode=567890, country=United Kingdom, countryCode=UK, accountNumber=GB35BARC20032684418522, bicCode=BARCGB21, bankCode=null, thirdPartyReference=GBP-TPR-INDV-1010, documentNumber=GBP-INV-INDV-1010, purposeOfPayment=Education, reference=AP-WWVD-7EAZ, status=Completed, processingStatus=SCHEDULED, resultStatus=PENDING, scheduledAt=-, submittingAt=-, pendingAt=-, lastUpdatedAt=05/09/2023, completedAt=-, declinedAt=-, declinedBy=-, declinedReason=-, providerStatusCode=-, providerStatusDescription=-, providerAmountPaid=-, providerFeePaid=-, providerTransactionId=-, providerDatePaid=-, providerValueDate=-, providerPaymentValueDate=-}}
[INFO] 05-09-2023 19:51:56 [LogUtils] - Verify element visible By.xpath: //label[text()='Enter payment amount']/preceding-sibling::input
[INFO] 05-09-2023 19:51:56 [LogUtils] - Set text 20.00 on By.xpath: //label[text()='Enter payment amount']/preceding-sibling::input
[INFO] 05-09-2023 19:51:56 [LogUtils] - Verify element visible By.xpath: //label[text()='Full legal name']/preceding-sibling::input
[INFO] 05-09-2023 19:51:56 [LogUtils] - Set text AUTO INTL GBP INDIVIDUAL NAME on By.xpath: //label[text()='Full legal name']/preceding-sibling::input
[INFO] 05-09-2023 19:51:57 [LogUtils] - Verify element visible By.xpath: //label[text()='First line of address']/preceding-sibling::input
[INFO] 05-09-2023 19:51:57 [LogUtils] - Set text AUTO INTL GBP INDV ADDR ONE on By.xpath: //label[text()='First line of address']/preceding-sibling::input
[INFO] 05-09-2023 19:51:57 [LogUtils] - Verify element visible By.xpath: //label[text()='Second line of address']/preceding-sibling::input
[INFO] 05-09-2023 19:51:57 [LogUtils] - Set text AUTO INTL GBP INDV ADDR TWO on By.xpath: //label[text()='Second line of address']/preceding-sibling::input
[INFO] 05-09-2023 19:51:57 [LogUtils] - Verify element visible By.xpath: //button[text()='Country']
[INFO] 05-09-2023 19:51:57 [LogUtils] - Clicked on the element By.xpath: //button[text()='Country']
[INFO] 05-09-2023 19:51:57 [LogUtils] - Verify element visible By.xpath: //button[text()='Country']/following-sibling::div//input
[INFO] 05-09-2023 19:51:57 [LogUtils] - Set text United Kingdom on By.xpath: //button[text()='Country']/following-sibling::div//input
[INFO] 05-09-2023 19:51:57 [LogUtils] - Verify element visible By.xpath: //span[text()='United Kingdom']
[INFO] 05-09-2023 19:51:57 [LogUtils] - Clicked on the element By.xpath: //span[text()='United Kingdom']
[INFO] 05-09-2023 19:51:57 [LogUtils] - Verify element visible By.xpath: //label[text()='Province']/preceding-sibling::input
[INFO] 05-09-2023 19:51:57 [LogUtils] - Set text AUTO INTL GBP INDV PROVINCE on By.xpath: //label[text()='Province']/preceding-sibling::input
[INFO] 05-09-2023 19:51:57 [LogUtils] - Verify element visible By.xpath: //label[text()='City']/preceding-sibling::input
[INFO] 05-09-2023 19:51:57 [LogUtils] - Set text AUTO INTL GBP INDV ADDR CITY on By.xpath: //label[text()='City']/preceding-sibling::input
[INFO] 05-09-2023 19:51:57 [LogUtils] - Verify element visible By.xpath: //label[text()='Postal/Zip code']/preceding-sibling::input
[INFO] 05-09-2023 19:51:57 [LogUtils] - Set text 567890 on By.xpath: //label[text()='Postal/Zip code']/preceding-sibling::input
[INFO] 05-09-2023 19:51:57 [LogUtils] - Verify element visible By.xpath: //label[text()='SWIFT/BIC code']/preceding-sibling::input
[INFO] 05-09-2023 19:51:57 [LogUtils] - Set text BARCGB21 on By.xpath: //label[text()='SWIFT/BIC code']/preceding-sibling::input
[INFO] 05-09-2023 19:51:57 [LogUtils] - Verify element visible By.xpath: //label[text()='Invoice/Document ID']/preceding-sibling::input
[INFO] 05-09-2023 19:51:57 [LogUtils] - Set text GBP-INV-INDV-1010 on By.xpath: //label[text()='Invoice/Document ID']/preceding-sibling::input
[INFO] 05-09-2023 19:51:57 [LogUtils] - Verify element visible By.xpath: //label[text()='Third party reference']/preceding-sibling::input
[INFO] 05-09-2023 19:51:57 [LogUtils] - Set text GBP-TPR-INDV-1010 on By.xpath: //label[text()='Third party reference']/preceding-sibling::input
[INFO] 05-09-2023 19:51:57 [LogUtils] - Verify element visible By.xpath: //button[text()='Purpose of payment']
[INFO] 05-09-2023 19:51:57 [LogUtils] - Clicked on the element By.xpath: //button[text()='Purpose of payment']
[INFO] 05-09-2023 19:51:58 [LogUtils] - Verify element visible By.xpath: //button[text()='Purpose of payment']/following-sibling::div//input
[INFO] 05-09-2023 19:51:58 [LogUtils] - Set text Education on By.xpath: //button[text()='Purpose of payment']/following-sibling::div//input
[INFO] 05-09-2023 19:51:58 [LogUtils] - Verify element visible By.xpath: //span[text()='Education']
[INFO] 05-09-2023 19:51:58 [LogUtils] - Clicked on the element By.xpath: //span[text()='Education']
[INFO] 05-09-2023 19:51:58 [LogUtils] - Verify element visible By.xpath: //label[text()='IBAN']/preceding-sibling::input
[INFO] 05-09-2023 19:51:58 [LogUtils] - Set text GB35BARC20032684418522 on By.xpath: //label[text()='IBAN']/preceding-sibling::input
  When I enter "INDIVIDUAL" details for "INDIVIDUAL" recipient on Add a new recipient form                            # anhtester.com.hubpay.corp.stepdefinitions.PaymentsPageStepDefinition.I_enter_details_for_recipent_on_Add_new_recipient_form(java.lang.String,java.lang.String)
[INFO] 05-09-2023 19:51:58 [LogUtils] - Scroll to element By.xpath: //button[text()='Next']
[INFO] 05-09-2023 19:51:58 [LogUtils] - Click on element with JS: By.xpath: //button[text()='Next']
[INFO] 05-09-2023 19:51:58 [LogUtils] - Verify element visible By.xpath: //h1[text()='Add the recipients & the amounts you wish to send']
  When I save recipient details entered on Add a new recipient form                                                   # anhtester.com.hubpay.corp.stepdefinitions.PaymentsPageStepDefinition.I_save_recipient_details_entered_Add_new_recipient_form()
[INFO] 05-09-2023 19:52:00 [LogUtils] - Verify element visible By.xpath: //*[text()='Recipient added']
[INFO] 05-09-2023 19:52:00 [LogUtils] - Verify element visible By.xpath: //*[text()='Recipient added']
  Then I verify "Recipient added" toast message is displayed                                                          # anhtester.com.hubpay.corp.stepdefinitions.PaymentsPageStepDefinition.I_verify_toast_message_is_displayed(java.lang.String)
[INFO] 05-09-2023 19:52:05 [LogUtils] - Verify element visible By.xpath: //table//tr[@class='border-b']
[INFO] 05-09-2023 19:52:05 [LogUtils] - Verify TRUE: true
[INFO] 05-09-2023 19:52:05 [LogUtils] - Verify TRUE: true
[INFO] 05-09-2023 19:52:05 [LogUtils] - Verify TRUE: true
[INFO] 05-09-2023 19:52:05 [LogUtils] - Verify TRUE: true
  Then I verify "INDIVIDUAL" details in row "2" in Recipients grid on Payments & Recipients step                      # anhtester.com.hubpay.corp.stepdefinitions.PaymentsPageStepDefinition.I_verify_details_in_row_in_recipientsgrid_on_paymentsrecipients_step(java.lang.String,java.lang.String)
{COMMON={toCurrencyName=British Pound, toCurrencyCode=GBP, fromCurrencyName=UAE Dirham, fromCurrencyCode=AED, toCurrencyWalletBalance=GBP 3,211.15, feePerPayment=AED 52.50, processingTime=Within 1 business day, fromCurrencyWalletBalance=AED 450,529.96, noOfPayments=2, totalReceiveAmount=GBP 70.00, totalAmount=null, totalFees=AED 105.00, totalPayable=AED 430.52, balanceDue=GBP 0.00, expectedPaymentDate=07/09/2023, paymentMethod=SWIFT, provider=CAB, createdAt=Tuesday 5 September 2023, fromCurrencyWalletBalanceAfterPaymentCompleted=null, liveRate=1 GBP = 4.64413 AED, settlementDate=07/09/2023, formatted_settlementDate=null, toCurrencyWalletBalanceAfterSettlementReceived=null, fromCurrencyWalletBalanceAfterSettlementReceived=null, totalSendAmount=AED 325.52, availableFromWalletBalance=AED 430.52, scheduledAt=05/09/2023, toCurrencyWalletBalanceAfterPaymentCompleted=GBP 0.00}, EXCHANGE={toAmount=70.00, fromAmount=AED 325.52, type=International Exchange, createdAt=Tuesday 5 September 2023, reference=AF-SLB7-MCON, orderedAt=05/09/2023, orderSettledAt=-, rejectedAt=-, completedAt=-, totalFundsDue=AED 430.52, status=Ordered}, BUSINESS={recipientType=Business, toAmount=GBP 50.00, fromAmount=, recipientName=AUTO INTL GBP BUSINESS NAME, addressLineOne=AUTO INTL GBP BUSINESS ADDR ONE, addressLineTwo=AUTO INTL GBP BUSINESS ADDR TWO, city=AUTO INTL GBP BUSINESS ADDR CITY, province=AUTO INTL GBP BUSINESS PROVINCE, postalCode=01234, country=United Kingdom, countryCode=UK, accountNumber=GB80LOYD30963422111100, bicCode=BARCGB22, bankCode=null, thirdPartyReference=GBP1234TPR, documentNumber=GBPINV1234, purposeOfPayment=Travel, reference=AP-FVEF-GVBP, status=Completed, processingStatus=SCHEDULED, resultStatus=PENDING, scheduledAt=-, submittingAt=-, pendingAt=-, lastUpdatedAt=05/09/2023, completedAt=-, declinedAt=-, declinedBy=-, declinedReason=-, providerStatusCode=-, providerStatusDescription=-, providerAmountPaid=-, providerFeePaid=-, providerTransactionId=-, providerDatePaid=-, providerValueDate=-, providerPaymentValueDate=-}, INDIVIDUAL={recipientType=Individual, toAmount=GBP 20.00, fromAmount=, recipientName=AUTO INTL GBP INDIVIDUAL NAME, addressLineOne=AUTO INTL GBP INDV ADDR ONE, addressLineTwo=AUTO INTL GBP INDV ADDR TWO, city=AUTO INTL GBP INDV ADDR CITY, province=AUTO INTL GBP INDV PROVINCE, postalCode=567890, country=United Kingdom, countryCode=UK, accountNumber=GB35BARC20032684418522, bicCode=BARCGB21, bankCode=null, thirdPartyReference=GBP-TPR-INDV-1010, documentNumber=GBP-INV-INDV-1010, purposeOfPayment=Education, reference=AP-WWVD-7EAZ, status=Completed, processingStatus=SCHEDULED, resultStatus=PENDING, scheduledAt=-, submittingAt=-, pendingAt=-, lastUpdatedAt=05/09/2023, completedAt=-, declinedAt=-, declinedBy=-, declinedReason=-, providerStatusCode=-, providerStatusDescription=-, providerAmountPaid=-, providerFeePaid=-, providerTransactionId=-, providerDatePaid=-, providerValueDate=-, providerPaymentValueDate=-}}
Before calculate:{COMMON={toCurrencyName=British Pound, toCurrencyCode=GBP, fromCurrencyName=UAE Dirham, fromCurrencyCode=AED, toCurrencyWalletBalance=GBP 3,211.15, feePerPayment=AED 52.50, processingTime=Within 1 business day, fromCurrencyWalletBalance=AED 450,529.96, noOfPayments=2, totalReceiveAmount=GBP 70.00, totalAmount=null, totalFees=AED 105.00, totalPayable=AED 430.52, balanceDue=GBP 0.00, expectedPaymentDate=07/09/2023, paymentMethod=SWIFT, provider=CAB, createdAt=Tuesday 5 September 2023, fromCurrencyWalletBalanceAfterPaymentCompleted=null, liveRate=1 GBP = 4.64413 AED, settlementDate=07/09/2023, formatted_settlementDate=null, toCurrencyWalletBalanceAfterSettlementReceived=null, fromCurrencyWalletBalanceAfterSettlementReceived=null, totalSendAmount=AED 325.52, availableFromWalletBalance=AED 430.52, scheduledAt=05/09/2023, toCurrencyWalletBalanceAfterPaymentCompleted=GBP 0.00}, EXCHANGE={toAmount=70.00, fromAmount=AED 325.52, type=International Exchange, createdAt=Tuesday 5 September 2023, reference=AF-SLB7-MCON, orderedAt=05/09/2023, orderSettledAt=-, rejectedAt=-, completedAt=-, totalFundsDue=AED 430.52, status=Ordered}, BUSINESS={recipientType=Business, toAmount=GBP 50.00, fromAmount=, recipientName=AUTO INTL GBP BUSINESS NAME, addressLineOne=AUTO INTL GBP BUSINESS ADDR ONE, addressLineTwo=AUTO INTL GBP BUSINESS ADDR TWO, city=AUTO INTL GBP BUSINESS ADDR CITY, province=AUTO INTL GBP BUSINESS PROVINCE, postalCode=01234, country=United Kingdom, countryCode=UK, accountNumber=GB80LOYD30963422111100, bicCode=BARCGB22, bankCode=null, thirdPartyReference=GBP1234TPR, documentNumber=GBPINV1234, purposeOfPayment=Travel, reference=AP-FVEF-GVBP, status=Completed, processingStatus=SCHEDULED, resultStatus=PENDING, scheduledAt=-, submittingAt=-, pendingAt=-, lastUpdatedAt=05/09/2023, completedAt=-, declinedAt=-, declinedBy=-, declinedReason=-, providerStatusCode=-, providerStatusDescription=-, providerAmountPaid=-, providerFeePaid=-, providerTransactionId=-, providerDatePaid=-, providerValueDate=-, providerPaymentValueDate=-}, INDIVIDUAL={recipientType=Individual, toAmount=GBP 20.00, fromAmount=, recipientName=AUTO INTL GBP INDIVIDUAL NAME, addressLineOne=AUTO INTL GBP INDV ADDR ONE, addressLineTwo=AUTO INTL GBP INDV ADDR TWO, city=AUTO INTL GBP INDV ADDR CITY, province=AUTO INTL GBP INDV PROVINCE, postalCode=567890, country=United Kingdom, countryCode=UK, accountNumber=GB35BARC20032684418522, bicCode=BARCGB21, bankCode=null, thirdPartyReference=GBP-TPR-INDV-1010, documentNumber=GBP-INV-INDV-1010, purposeOfPayment=Education, reference=AP-WWVD-7EAZ, status=Completed, processingStatus=SCHEDULED, resultStatus=PENDING, scheduledAt=-, submittingAt=-, pendingAt=-, lastUpdatedAt=05/09/2023, completedAt=-, declinedAt=-, declinedBy=-, declinedReason=-, providerStatusCode=-, providerStatusDescription=-, providerAmountPaid=-, providerFeePaid=-, providerTransactionId=-, providerDatePaid=-, providerValueDate=-, providerPaymentValueDate=-}}
No of Payments:2
[INFO] 05-09-2023 19:52:05 [LogUtils] - Verify element visible By.xpath: //div[contains(text(),'Rate:')]/following-sibling::div
[INFO] 05-09-2023 19:52:05 [LogUtils] - Verify element visible By.xpath: //div[contains(text(),'Rate:')]/following-sibling::div
[INFO] 05-09-2023 19:52:05 [LogUtils] - Verify element visible By.xpath: //div[contains(text(),' Rate:')]/following-sibling::div
[INFO] 05-09-2023 19:52:05 [LogUtils] - Verify element visible By.xpath: //div[contains(text(),' Rate:')]/following-sibling::div
After calculate:{COMMON={toCurrencyName=British Pound, toCurrencyCode=GBP, fromCurrencyName=UAE Dirham, fromCurrencyCode=AED, toCurrencyWalletBalance=GBP 3,211.15, feePerPayment=AED 52.50, processingTime=Within 1 business day, fromCurrencyWalletBalance=AED 450,529.96, noOfPayments=2, totalReceiveAmount=GBP 70.00, totalAmount=null, totalFees=AED 105.00, totalPayable=AED 430.14, balanceDue=GBP 0.00, expectedPaymentDate=07/09/2023, paymentMethod=SWIFT, provider=CAB, createdAt=Tuesday 5 September 2023, fromCurrencyWalletBalanceAfterPaymentCompleted=null, liveRate=1 GBP = 4.64483 AED, settlementDate=07/09/2023, formatted_settlementDate=null, toCurrencyWalletBalanceAfterSettlementReceived=null, fromCurrencyWalletBalanceAfterSettlementReceived=null, totalSendAmount=AED 325.14, availableFromWalletBalance=AED 430.14, scheduledAt=05/09/2023, toCurrencyWalletBalanceAfterPaymentCompleted=GBP 0.00}, EXCHANGE={toAmount=70.00, fromAmount=AED 325.52, type=International Exchange, createdAt=Tuesday 5 September 2023, reference=AF-SLB7-MCON, orderedAt=05/09/2023, orderSettledAt=-, rejectedAt=-, completedAt=-, totalFundsDue=AED 430.52, status=Ordered}, BUSINESS={recipientType=Business, toAmount=GBP 50.00, fromAmount=, recipientName=AUTO INTL GBP BUSINESS NAME, addressLineOne=AUTO INTL GBP BUSINESS ADDR ONE, addressLineTwo=AUTO INTL GBP BUSINESS ADDR TWO, city=AUTO INTL GBP BUSINESS ADDR CITY, province=AUTO INTL GBP BUSINESS PROVINCE, postalCode=01234, country=United Kingdom, countryCode=UK, accountNumber=GB80LOYD30963422111100, bicCode=BARCGB22, bankCode=null, thirdPartyReference=GBP1234TPR, documentNumber=GBPINV1234, purposeOfPayment=Travel, reference=AP-FVEF-GVBP, status=Completed, processingStatus=SCHEDULED, resultStatus=PENDING, scheduledAt=-, submittingAt=-, pendingAt=-, lastUpdatedAt=05/09/2023, completedAt=-, declinedAt=-, declinedBy=-, declinedReason=-, providerStatusCode=-, providerStatusDescription=-, providerAmountPaid=-, providerFeePaid=-, providerTransactionId=-, providerDatePaid=-, providerValueDate=-, providerPaymentValueDate=-}, INDIVIDUAL={recipientType=Individual, toAmount=GBP 20.00, fromAmount=, recipientName=AUTO INTL GBP INDIVIDUAL NAME, addressLineOne=AUTO INTL GBP INDV ADDR ONE, addressLineTwo=AUTO INTL GBP INDV ADDR TWO, city=AUTO INTL GBP INDV ADDR CITY, province=AUTO INTL GBP INDV PROVINCE, postalCode=567890, country=United Kingdom, countryCode=UK, accountNumber=GB35BARC20032684418522, bicCode=BARCGB21, bankCode=null, thirdPartyReference=GBP-TPR-INDV-1010, documentNumber=GBP-INV-INDV-1010, purposeOfPayment=Education, reference=AP-WWVD-7EAZ, status=Completed, processingStatus=SCHEDULED, resultStatus=PENDING, scheduledAt=-, submittingAt=-, pendingAt=-, lastUpdatedAt=05/09/2023, completedAt=-, declinedAt=-, declinedBy=-, declinedReason=-, providerStatusCode=-, providerStatusDescription=-, providerAmountPaid=-, providerFeePaid=-, providerTransactionId=-, providerDatePaid=-, providerValueDate=-, providerPaymentValueDate=-}}
  Then I calculate the payment details for the recipients added for "International payments"                          # anhtester.com.hubpay.corp.stepdefinitions.PaymentsPageStepDefinition.I_calculate_the_paymentdetails_for_the_recipients_added(java.lang.String)
[INFO] 05-09-2023 19:52:06 [LogUtils] - Verify element visible By.xpath: //div[contains(@class,'flex-col') and contains(@class,'items-start')]/span[@class='truncate']
[INFO] 05-09-2023 19:52:06 [LogUtils] - Verify element visible By.xpath: //div[contains(@class,'flex-col') and contains(@class,'items-start')]/span[@class='truncate']
[INFO] 05-09-2023 19:52:06 [LogUtils] - Verify element visible By.xpath: //div[contains(@class,'flex-col') and contains(@class,'items-start')]/span[@class='truncate']
[INFO] 05-09-2023 19:52:06 [LogUtils] - Verify element visible By.xpath: //div[contains(@class,'flex-col') and contains(@class,'items-start')]/span[2]
[INFO] 05-09-2023 19:52:06 [LogUtils] - Verify element visible By.xpath: //div[contains(@class,'flex-col') and contains(@class,'items-start')]/span[2]
[INFO] 05-09-2023 19:52:06 [LogUtils] - Verify element visible By.xpath: //div[contains(@class,'flex-col') and contains(@class,'items-start')]/span[2]
[INFO] 05-09-2023 19:52:06 [LogUtils] - Verify element visible By.xpath: //span[text()='Balance']/following-sibling::span
[INFO] 05-09-2023 19:52:06 [LogUtils] - Verify element visible By.xpath: //span[text()='Balance']/following-sibling::span
[INFO] 05-09-2023 19:52:06 [LogUtils] - Verify element visible By.xpath: //span[text()='Balance']/following-sibling::span
[INFO] 05-09-2023 19:52:06 [LogUtils] - Verify element visible By.xpath: //div[text()='Total payments:']/following-sibling::div
[INFO] 05-09-2023 19:52:06 [LogUtils] - Verify element visible By.xpath: //div[text()='Total payments:']/following-sibling::div
[INFO] 05-09-2023 19:52:06 [LogUtils] - Verify element visible By.xpath: //div[text()='Total payments:']/following-sibling::div
[INFO] 05-09-2023 19:52:06 [LogUtils] - Verify element visible By.xpath: //div[text()='Total payments:']/following-sibling::div
[INFO] 05-09-2023 19:52:06 [LogUtils] - Verify element visible By.xpath: //div[contains(text(),'Rate:')]/following-sibling::div
[INFO] 05-09-2023 19:52:06 [LogUtils] - Verify element visible By.xpath: //div[contains(text(),'Rate:')]/following-sibling::div
[INFO] 05-09-2023 19:52:06 [LogUtils] - Verify element visible By.xpath: //div[contains(text(),'Rate:')]/following-sibling::div
[INFO] 05-09-2023 19:52:07 [LogUtils] - Verify element visible By.xpath: //div[text()='Receivable amount (buy):']/following-sibling::div
[INFO] 05-09-2023 19:52:07 [LogUtils] - Verify element visible By.xpath: //div[text()='Receivable amount (buy):']/following-sibling::div
[INFO] 05-09-2023 19:52:07 [LogUtils] - Verify element visible By.xpath: //div[text()='Receivable amount (buy):']/following-sibling::div
[INFO] 05-09-2023 19:52:07 [LogUtils] - Verify element visible By.xpath: //div[contains(text(),'Payment fees (Incl. 5% VAT):')]/following-sibling::div
[INFO] 05-09-2023 19:52:07 [LogUtils] - Verify element visible By.xpath: //div[contains(text(),'Payment fees (Incl. 5% VAT):')]/following-sibling::div
[INFO] 05-09-2023 19:52:07 [LogUtils] - Verify element visible By.xpath: //div[contains(text(),'Payment fees (Incl. 5% VAT):')]/following-sibling::div
[INFO] 05-09-2023 19:52:07 [LogUtils] - Verify element visible By.xpath: //div[contains(text(),'Send amount (sell):')]/following-sibling::div
[INFO] 05-09-2023 19:52:07 [LogUtils] - Verify element visible By.xpath: //div[contains(text(),'Send amount (sell):')]/following-sibling::div
[INFO] 05-09-2023 19:52:07 [LogUtils] - Verify element visible By.xpath: //div[contains(text(),'Send amount (sell):')]/following-sibling::div
[INFO] 05-09-2023 19:52:07 [LogUtils] - Verify element visible By.xpath: //div[text()='Total payable:']/following-sibling::div
[INFO] 05-09-2023 19:52:07 [LogUtils] - Verify element visible By.xpath: //div[text()='Total payable:']/following-sibling::div
[INFO] 05-09-2023 19:52:07 [LogUtils] - Verify element visible By.xpath: //div[text()='Total payable:']/following-sibling::div
  Then I verify payment details under checkout section in Payments & Recipients step on "International Payments" page # anhtester.com.hubpay.corp.stepdefinitions.PaymentsPageStepDefinition.I_verify_paymentdetails_under_checkout_payments_recipients_step(java.lang.String)
[INFO] 05-09-2023 19:52:07 [LogUtils] - Verify element visible By.xpath: //button[contains(.,'Checkout')][contains(@class,'text-primary-foreground')]
[INFO] 05-09-2023 19:52:07 [LogUtils] - Verify element visible By.xpath: //button[contains(.,'Checkout')][contains(@class,'text-primary-foreground')]
[INFO] 05-09-2023 19:52:07 [LogUtils] - Clicked on the element By.xpath: //button[contains(.,'Checkout')][contains(@class,'text-primary-foreground')]
  When I click "Checkout" button on "Payments" page                                                                   # anhtester.com.hubpay.corp.stepdefinitions.ExchangePageStepDefinition.I_click_button_on_exchange_page(java.lang.String,java.lang.String)
{COMMON={toCurrencyName=British Pound, toCurrencyCode=GBP, fromCurrencyName=UAE Dirham, fromCurrencyCode=AED, toCurrencyWalletBalance=GBP 3,211.15, feePerPayment=AED 52.50, processingTime=Within 1 business day, fromCurrencyWalletBalance=AED 450,529.96, noOfPayments=2, totalReceiveAmount=GBP 70.00, totalAmount=null, totalFees=AED 105.00, totalPayable=AED 430.14, balanceDue=GBP 0.00, expectedPaymentDate=07/09/2023, paymentMethod=SWIFT, provider=CAB, createdAt=Tuesday 5 September 2023, fromCurrencyWalletBalanceAfterPaymentCompleted=null, liveRate=1 GBP = 4.64483 AED, settlementDate=07/09/2023, formatted_settlementDate=null, toCurrencyWalletBalanceAfterSettlementReceived=null, fromCurrencyWalletBalanceAfterSettlementReceived=null, totalSendAmount=AED 325.14, availableFromWalletBalance=AED 430.14, scheduledAt=05/09/2023, toCurrencyWalletBalanceAfterPaymentCompleted=GBP 0.00}, EXCHANGE={toAmount=70.00, fromAmount=AED 325.52, type=International Exchange, createdAt=Tuesday 5 September 2023, reference=AF-SLB7-MCON, orderedAt=05/09/2023, orderSettledAt=-, rejectedAt=-, completedAt=-, totalFundsDue=AED 430.52, status=Ordered}, BUSINESS={recipientType=Business, toAmount=GBP 50.00, fromAmount=, recipientName=AUTO INTL GBP BUSINESS NAME, addressLineOne=AUTO INTL GBP BUSINESS ADDR ONE, addressLineTwo=AUTO INTL GBP BUSINESS ADDR TWO, city=AUTO INTL GBP BUSINESS ADDR CITY, province=AUTO INTL GBP BUSINESS PROVINCE, postalCode=01234, country=United Kingdom, countryCode=UK, accountNumber=GB80LOYD30963422111100, bicCode=BARCGB22, bankCode=null, thirdPartyReference=GBP1234TPR, documentNumber=GBPINV1234, purposeOfPayment=Travel, reference=AP-FVEF-GVBP, status=Completed, processingStatus=SCHEDULED, resultStatus=PENDING, scheduledAt=-, submittingAt=-, pendingAt=-, lastUpdatedAt=05/09/2023, completedAt=-, declinedAt=-, declinedBy=-, declinedReason=-, providerStatusCode=-, providerStatusDescription=-, providerAmountPaid=-, providerFeePaid=-, providerTransactionId=-, providerDatePaid=-, providerValueDate=-, providerPaymentValueDate=-}, INDIVIDUAL={recipientType=Individual, toAmount=GBP 20.00, fromAmount=, recipientName=AUTO INTL GBP INDIVIDUAL NAME, addressLineOne=AUTO INTL GBP INDV ADDR ONE, addressLineTwo=AUTO INTL GBP INDV ADDR TWO, city=AUTO INTL GBP INDV ADDR CITY, province=AUTO INTL GBP INDV PROVINCE, postalCode=567890, country=United Kingdom, countryCode=UK, accountNumber=GB35BARC20032684418522, bicCode=BARCGB21, bankCode=null, thirdPartyReference=GBP-TPR-INDV-1010, documentNumber=GBP-INV-INDV-1010, purposeOfPayment=Education, reference=AP-WWVD-7EAZ, status=Completed, processingStatus=SCHEDULED, resultStatus=PENDING, scheduledAt=-, submittingAt=-, pendingAt=-, lastUpdatedAt=05/09/2023, completedAt=-, declinedAt=-, declinedBy=-, declinedReason=-, providerStatusCode=-, providerStatusDescription=-, providerAmountPaid=-, providerFeePaid=-, providerTransactionId=-, providerDatePaid=-, providerValueDate=-, providerPaymentValueDate=-}}
[INFO] 05-09-2023 19:52:07 [LogUtils] - Verify element visible By.xpath: //*[@data-icon='arrowRight']/following-sibling::span//div[contains(@class,'items-start')]
[INFO] 05-09-2023 19:52:07 [LogUtils] - Verify element visible By.xpath: //*[@data-icon='arrowRight']/following-sibling::span//div[contains(@class,'items-start')]
[INFO] 05-09-2023 19:52:07 [LogUtils] - Verify TRUE: true
[INFO] 05-09-2023 19:52:07 [LogUtils] - Verify element visible By.xpath: //*[@data-icon='arrowRight']/preceding-sibling::span//div[contains(@class,'items-start')]
[INFO] 05-09-2023 19:52:07 [LogUtils] - Verify element visible By.xpath: //*[@data-icon='arrowRight']/preceding-sibling::span//div[contains(@class,'items-start')]
[INFO] 05-09-2023 19:52:07 [LogUtils] - Verify TRUE: true
[INFO] 05-09-2023 19:52:07 [LogUtils] - Verify element visible By.xpath: //div[contains(.,'Processing time')][@class='flex items-center']/preceding-sibling::div
[INFO] 05-09-2023 19:52:07 [LogUtils] - Verify element visible By.xpath: //div[contains(.,'Processing time')][@class='flex items-center']/preceding-sibling::div
[INFO] 05-09-2023 19:52:07 [LogUtils] - Verify element visible By.xpath: //div[contains(.,'Processing time')][@class='flex items-center']/preceding-sibling::div
[INFO] 05-09-2023 19:52:07 [LogUtils] - Verify text of an element [Equals]: true
[INFO] 05-09-2023 19:52:07 [LogUtils] - Verify element visible By.xpath: //div[contains(.,'Processing time')][@class='flex items-center']/preceding-sibling::div
[INFO] 05-09-2023 19:52:07 [LogUtils] - Verify element visible By.xpath: //div[contains(.,'Processing time')][@class='flex items-center']/preceding-sibling::div
[INFO] 05-09-2023 19:52:07 [LogUtils] - Verify element visible By.xpath: //div[contains(.,'Processing time')][@class='flex items-center']/preceding-sibling::div
[INFO] 05-09-2023 19:52:07 [LogUtils] - Verify element visible By.xpath: //div[contains(.,'Processing time')][@class='flex items-center']/preceding-sibling::div
[INFO] 05-09-2023 19:52:07 [LogUtils] - Verify element visible By.xpath: //div[contains(.,'Processing time')][@class='flex items-center']/preceding-sibling::div
[INFO] 05-09-2023 19:52:07 [LogUtils] - Verify element visible By.xpath: //div[contains(.,'Processing time')][@class='flex items-center']/preceding-sibling::div
[INFO] 05-09-2023 19:52:07 [LogUtils] - Verify element visible By.xpath: //div[.='Balance due date']/preceding-sibling::div
[INFO] 05-09-2023 19:52:07 [LogUtils] - Verify element visible By.xpath: //div[.='Balance due date']/preceding-sibling::div
[INFO] 05-09-2023 19:52:08 [LogUtils] - Verify element visible By.xpath: //div[.='Balance due date']/preceding-sibling::div
[INFO] 05-09-2023 19:52:08 [LogUtils] - Verify text of an element [Equals]: true
[INFO] 05-09-2023 19:52:08 [LogUtils] - Verify element visible By.xpath: //div[.='Balance due date']/preceding-sibling::div
[INFO] 05-09-2023 19:52:08 [LogUtils] - Verify element visible By.xpath: //div[.='Balance due date']/preceding-sibling::div
[INFO] 05-09-2023 19:52:08 [LogUtils] - Verify element visible By.xpath: //div[.='Balance due date']/preceding-sibling::div
[INFO] 05-09-2023 19:52:08 [LogUtils] - Verify element visible By.xpath: //div[.='Balance due date']/preceding-sibling::div
[INFO] 05-09-2023 19:52:08 [LogUtils] - Verify element visible By.xpath: //div[.='Balance due date']/preceding-sibling::div
[INFO] 05-09-2023 19:52:08 [LogUtils] - Verify element visible By.xpath: //div[.='Balance due date']/preceding-sibling::div
[INFO] 05-09-2023 19:52:08 [LogUtils] - Verify element visible By.xpath: //button[@id='confirm']/following-sibling::label
[INFO] 05-09-2023 19:52:08 [LogUtils] - Verify element visible By.xpath: //button[@id='confirm']/following-sibling::label
[INFO] 05-09-2023 19:52:08 [LogUtils] - Verify element visible By.xpath: //button[@id='confirm']/following-sibling::label
[INFO] 05-09-2023 19:52:08 [LogUtils] - Verify text of an element [Contains]: true
[INFO] 05-09-2023 19:52:08 [LogUtils] - Verify element visible By.xpath: //button[@id='confirm']/following-sibling::label
[INFO] 05-09-2023 19:52:08 [LogUtils] - Verify element visible By.xpath: //button[@id='confirm']/following-sibling::label
[INFO] 05-09-2023 19:52:08 [LogUtils] - Verify element visible By.xpath: //button[@id='confirm']/following-sibling::label
[INFO] 05-09-2023 19:52:08 [LogUtils] - Verify element visible By.xpath: //button[@id='confirm']/following-sibling::label
[INFO] 05-09-2023 19:52:08 [LogUtils] - Verify element visible By.xpath: //button[@id='confirm']/following-sibling::label
[INFO] 05-09-2023 19:52:08 [LogUtils] - Verify text of an element [Contains]: true
[INFO] 05-09-2023 19:52:08 [LogUtils] - Verify element visible By.xpath: //button[@id='confirm']/following-sibling::label
[INFO] 05-09-2023 19:52:08 [LogUtils] - Verify element visible By.xpath: //button[@id='confirm']/following-sibling::label
[INFO] 05-09-2023 19:52:19 [LogUtils] - Verify element visible By.xpath: //button[contains(@class,'bg-primary text-primary-foreground')][text()='Refresh rate']
[INFO] 05-09-2023 19:52:19 [LogUtils] - Verify element visible By.xpath: //button[contains(@class,'bg-primary text-primary-foreground')][text()='Refresh rate']
[INFO] 05-09-2023 19:52:19 [LogUtils] - Clicked on the element By.xpath: //button[contains(@class,'bg-primary text-primary-foreground')][text()='Refresh rate']
[INFO] 05-09-2023 19:52:20 [LogUtils] - Verify element visible By.xpath: //div[contains(text(),'Rate:')]/following-sibling::div
[INFO] 05-09-2023 19:52:20 [LogUtils] - Verify element visible By.xpath: //div[contains(text(),'Rate:')]/following-sibling::div
[INFO] 05-09-2023 19:52:20 [LogUtils] - Verify element visible By.xpath: //div[contains(text(),' Rate:')]/following-sibling::div
[INFO] 05-09-2023 19:52:20 [LogUtils] - Verify element visible By.xpath: //div[contains(text(),' Rate:')]/following-sibling::div
[INFO] 05-09-2023 19:52:22 [LogUtils] - Verify element visible By.xpath: //div[contains(text(),'Rate:')]/following-sibling::div
[INFO] 05-09-2023 19:52:22 [LogUtils] - Verify element visible By.xpath: //div[contains(text(),'Rate:')]/following-sibling::div
[INFO] 05-09-2023 19:52:22 [LogUtils] - Verify element visible By.xpath: //div[contains(text(),'Rate:')]/following-sibling::div
[INFO] 05-09-2023 19:52:22 [LogUtils] - Verify element visible By.xpath: //div[text()='Receivable amount (buy):']/following-sibling::div
[INFO] 05-09-2023 19:52:22 [LogUtils] - Verify element visible By.xpath: //div[text()='Receivable amount (buy):']/following-sibling::div
[INFO] 05-09-2023 19:52:22 [LogUtils] - Verify element visible By.xpath: //div[text()='Receivable amount (buy):']/following-sibling::div
[INFO] 05-09-2023 19:52:22 [LogUtils] - Verify element visible By.xpath: //div[contains(text(),'Payment fees (Incl. 5% VAT):')]/following-sibling::div
[INFO] 05-09-2023 19:52:22 [LogUtils] - Verify element visible By.xpath: //div[contains(text(),'Payment fees (Incl. 5% VAT):')]/following-sibling::div
[INFO] 05-09-2023 19:52:22 [LogUtils] - Verify element visible By.xpath: //div[contains(text(),'Payment fees (Incl. 5% VAT):')]/following-sibling::div
[INFO] 05-09-2023 19:52:22 [LogUtils] - Verify element visible By.xpath: //div[contains(text(),'Send amount (sell):')]/following-sibling::div
[INFO] 05-09-2023 19:52:22 [LogUtils] - Verify element visible By.xpath: //div[contains(text(),'Send amount (sell):')]/following-sibling::div
[INFO] 05-09-2023 19:52:22 [LogUtils] - Verify element visible By.xpath: //div[contains(text(),'Send amount (sell):')]/following-sibling::div
[INFO] 05-09-2023 19:52:22 [LogUtils] - Verify element visible By.xpath: //div[text()='Total payable:']/following-sibling::div
[INFO] 05-09-2023 19:52:22 [LogUtils] - Verify element visible By.xpath: //div[text()='Total payable:']/following-sibling::div
[INFO] 05-09-2023 19:52:22 [LogUtils] - Verify element visible By.xpath: //div[text()='Total payable:']/following-sibling::div
[INFO] 05-09-2023 19:52:22 [LogUtils] - Verify element visible By.xpath: //div[text()='Available from Wallet balance:']/following-sibling::div
[INFO] 05-09-2023 19:52:22 [LogUtils] - Verify element visible By.xpath: //div[text()='Available from Wallet balance:']/following-sibling::div
[INFO] 05-09-2023 19:52:22 [LogUtils] - Verify element visible By.xpath: //div[text()='Available from Wallet balance:']/following-sibling::div
[INFO] 05-09-2023 19:52:22 [LogUtils] - Verify element visible By.xpath: //div[text()='Balance due:']/following-sibling::div
[INFO] 05-09-2023 19:52:22 [LogUtils] - Verify element visible By.xpath: //div[text()='Balance due:']/following-sibling::div
[INFO] 05-09-2023 19:52:22 [LogUtils] - Verify element visible By.xpath: //div[text()='Balance due:']/following-sibling::div
  Then I refresh rate and verify payment details in Review & confirm step for "International payments"                # anhtester.com.hubpay.corp.stepdefinitions.PaymentsPageStepDefinition.I_refresh_rate_and_verify_paymentdetails_in_review_confirm_payments_page(java.lang.String)
[INFO] 05-09-2023 19:52:22 [LogUtils] - Verify element visible By.xpath: //button[@id='confirm']
[INFO] 05-09-2023 19:52:22 [LogUtils] - Clicked on the element By.xpath: //button[@id='confirm']
  When I "check" consent checkbox on "International payments" page                                                    # anhtester.com.hubpay.corp.stepdefinitions.ExchangePageStepDefinition.I_consent_checkbox_exchange_page(java.lang.String,java.lang.String)
[INFO] 05-09-2023 19:52:22 [LogUtils] - Verify element visible By.xpath: //button[contains(.,'Confirm Payment')][contains(@class,'text-primary-foreground')]
[INFO] 05-09-2023 19:52:22 [LogUtils] - Verify element visible By.xpath: //button[contains(.,'Confirm Payment')][contains(@class,'text-primary-foreground')]
[INFO] 05-09-2023 19:52:22 [LogUtils] - Clicked on the element By.xpath: //button[contains(.,'Confirm Payment')][contains(@class,'text-primary-foreground')]
  When I click "Confirm Payment" button on "International Payments" page                                              # anhtester.com.hubpay.corp.stepdefinitions.ExchangePageStepDefinition.I_click_button_on_exchange_page(java.lang.String,java.lang.String)
{COMMON={toCurrencyName=British Pound, toCurrencyCode=GBP, fromCurrencyName=UAE Dirham, fromCurrencyCode=AED, toCurrencyWalletBalance=GBP 3,211.15, feePerPayment=AED 52.50, processingTime=Within 1 business day, fromCurrencyWalletBalance=AED 450,529.96, noOfPayments=2, totalReceiveAmount=GBP 70.00, totalAmount=null, totalFees=AED 105.00, totalPayable=AED 430.19, balanceDue=GBP 0.00, expectedPaymentDate=07/09/2023, paymentMethod=SWIFT, provider=CAB, createdAt=Tuesday 5 September 2023, fromCurrencyWalletBalanceAfterPaymentCompleted=null, liveRate=1 GBP = 4.64557 AED, settlementDate=07/09/2023, formatted_settlementDate=null, toCurrencyWalletBalanceAfterSettlementReceived=null, fromCurrencyWalletBalanceAfterSettlementReceived=null, totalSendAmount=AED 325.19, availableFromWalletBalance=AED 430.19, scheduledAt=05/09/2023, toCurrencyWalletBalanceAfterPaymentCompleted=GBP 0.00}, EXCHANGE={toAmount=70.00, fromAmount=AED 325.52, type=International Exchange, createdAt=Tuesday 5 September 2023, reference=AF-SLB7-MCON, orderedAt=05/09/2023, orderSettledAt=-, rejectedAt=-, completedAt=-, totalFundsDue=AED 430.52, status=Ordered}, BUSINESS={recipientType=Business, toAmount=GBP 50.00, fromAmount=, recipientName=AUTO INTL GBP BUSINESS NAME, addressLineOne=AUTO INTL GBP BUSINESS ADDR ONE, addressLineTwo=AUTO INTL GBP BUSINESS ADDR TWO, city=AUTO INTL GBP BUSINESS ADDR CITY, province=AUTO INTL GBP BUSINESS PROVINCE, postalCode=01234, country=United Kingdom, countryCode=UK, accountNumber=GB80LOYD30963422111100, bicCode=BARCGB22, bankCode=null, thirdPartyReference=GBP1234TPR, documentNumber=GBPINV1234, purposeOfPayment=Travel, reference=AP-FVEF-GVBP, status=Completed, processingStatus=SCHEDULED, resultStatus=PENDING, scheduledAt=-, submittingAt=-, pendingAt=-, lastUpdatedAt=05/09/2023, completedAt=-, declinedAt=-, declinedBy=-, declinedReason=-, providerStatusCode=-, providerStatusDescription=-, providerAmountPaid=-, providerFeePaid=-, providerTransactionId=-, providerDatePaid=-, providerValueDate=-, providerPaymentValueDate=-}, INDIVIDUAL={recipientType=Individual, toAmount=GBP 20.00, fromAmount=, recipientName=AUTO INTL GBP INDIVIDUAL NAME, addressLineOne=AUTO INTL GBP INDV ADDR ONE, addressLineTwo=AUTO INTL GBP INDV ADDR TWO, city=AUTO INTL GBP INDV ADDR CITY, province=AUTO INTL GBP INDV PROVINCE, postalCode=567890, country=United Kingdom, countryCode=UK, accountNumber=GB35BARC20032684418522, bicCode=BARCGB21, bankCode=null, thirdPartyReference=GBP-TPR-INDV-1010, documentNumber=GBP-INV-INDV-1010, purposeOfPayment=Education, reference=AP-WWVD-7EAZ, status=Completed, processingStatus=SCHEDULED, resultStatus=PENDING, scheduledAt=-, submittingAt=-, pendingAt=-, lastUpdatedAt=05/09/2023, completedAt=-, declinedAt=-, declinedBy=-, declinedReason=-, providerStatusCode=-, providerStatusDescription=-, providerAmountPaid=-, providerFeePaid=-, providerTransactionId=-, providerDatePaid=-, providerValueDate=-, providerPaymentValueDate=-}}
[INFO] 05-09-2023 19:52:27 [LogUtils] - Verify element visible By.xpath: //p[text()='Total amount (incl. fee)']/following-sibling::p
[INFO] 05-09-2023 19:52:27 [LogUtils] - Verify element visible By.xpath: //p[text()='Total amount (incl. fee)']/following-sibling::p
[INFO] 05-09-2023 19:52:27 [LogUtils] - Verify element visible By.xpath: //p[text()='Total amount (incl. fee)']/following-sibling::p
[INFO] 05-09-2023 19:52:27 [LogUtils] - Verify element visible By.xpath: //p[text()='Settlement due date']/following-sibling::p
[INFO] 05-09-2023 19:52:27 [LogUtils] - Verify element visible By.xpath: //p[text()='Settlement due date']/following-sibling::p
[INFO] 05-09-2023 19:52:27 [LogUtils] - Verify element visible By.xpath: //p[text()='Settlement due date']/following-sibling::p
[INFO] 05-09-2023 19:52:27 [LogUtils] - Verify element visible By.xpath: //p[text()='Settlement due date']/following-sibling::p
[INFO] 05-09-2023 19:52:27 [LogUtils] - Verify element visible By.xpath: //p[text()='Settlement due date']/following-sibling::p
[INFO] 05-09-2023 19:52:27 [LogUtils] - Verify element visible By.xpath: //p[text()='Settlement due date']/following-sibling::p
[INFO] 05-09-2023 19:52:27 [LogUtils] - Verify element visible By.xpath: //p[contains(text(),'Expected payment')][contains(text(),'date')]/following-sibling::p
[INFO] 05-09-2023 19:52:27 [LogUtils] - Verify element visible By.xpath: //p[contains(text(),'Expected payment')][contains(text(),'date')]/following-sibling::p
After submission and write to file:{COMMON={toCurrencyName=British Pound, toCurrencyCode=GBP, fromCurrencyName=UAE Dirham, fromCurrencyCode=AED, toCurrencyWalletBalance=GBP 3,211.15, feePerPayment=AED 52.50, processingTime=Within 1 business day, fromCurrencyWalletBalance=AED 450,529.96, noOfPayments=2, totalReceiveAmount=GBP 70.00, totalAmount=null, totalFees=AED 105.00, totalPayable=AED 430.19, balanceDue=GBP 0.00, expectedPaymentDate=07/09/2023, paymentMethod=SWIFT, provider=CAB, createdAt=Tuesday 5 September 2023, fromCurrencyWalletBalanceAfterPaymentCompleted=null, liveRate=1 GBP = 4.64557 AED, settlementDate=07/09/2023, formatted_settlementDate=null, toCurrencyWalletBalanceAfterSettlementReceived=null, fromCurrencyWalletBalanceAfterSettlementReceived=null, totalSendAmount=AED 325.19, availableFromWalletBalance=AED 430.19, scheduledAt=05/09/2023, toCurrencyWalletBalanceAfterPaymentCompleted=GBP 0.00}, EXCHANGE={toAmount=70.00, fromAmount=AED 325.52, type=International Exchange, createdAt=Tuesday 5 September 2023, reference=AF-SLB7-MCON, orderedAt=05/09/2023, orderSettledAt=-, rejectedAt=-, completedAt=-, totalFundsDue=AED 430.52, status=Ordered}, BUSINESS={recipientType=Business, toAmount=GBP 50.00, fromAmount=, recipientName=AUTO INTL GBP BUSINESS NAME, addressLineOne=AUTO INTL GBP BUSINESS ADDR ONE, addressLineTwo=AUTO INTL GBP BUSINESS ADDR TWO, city=AUTO INTL GBP BUSINESS ADDR CITY, province=AUTO INTL GBP BUSINESS PROVINCE, postalCode=01234, country=United Kingdom, countryCode=UK, accountNumber=GB80LOYD30963422111100, bicCode=BARCGB22, bankCode=null, thirdPartyReference=GBP1234TPR, documentNumber=GBPINV1234, purposeOfPayment=Travel, reference=AP-FVEF-GVBP, status=Completed, processingStatus=SCHEDULED, resultStatus=PENDING, scheduledAt=-, submittingAt=-, pendingAt=-, lastUpdatedAt=05/09/2023, completedAt=-, declinedAt=-, declinedBy=-, declinedReason=-, providerStatusCode=-, providerStatusDescription=-, providerAmountPaid=-, providerFeePaid=-, providerTransactionId=-, providerDatePaid=-, providerValueDate=-, providerPaymentValueDate=-}, INDIVIDUAL={recipientType=Individual, toAmount=GBP 20.00, fromAmount=, recipientName=AUTO INTL GBP INDIVIDUAL NAME, addressLineOne=AUTO INTL GBP INDV ADDR ONE, addressLineTwo=AUTO INTL GBP INDV ADDR TWO, city=AUTO INTL GBP INDV ADDR CITY, province=AUTO INTL GBP INDV PROVINCE, postalCode=567890, country=United Kingdom, countryCode=UK, accountNumber=GB35BARC20032684418522, bicCode=BARCGB21, bankCode=null, thirdPartyReference=GBP-TPR-INDV-1010, documentNumber=GBP-INV-INDV-1010, purposeOfPayment=Education, reference=AP-WWVD-7EAZ, status=Completed, processingStatus=SCHEDULED, resultStatus=PENDING, scheduledAt=-, submittingAt=-, pendingAt=-, lastUpdatedAt=05/09/2023, completedAt=-, declinedAt=-, declinedBy=-, declinedReason=-, providerStatusCode=-, providerStatusDescription=-, providerAmountPaid=-, providerFeePaid=-, providerTransactionId=-, providerDatePaid=-, providerValueDate=-, providerPaymentValueDate=-}}
After submission and write to file:{COMMON={toCurrencyName=British Pound, toCurrencyCode=GBP, fromCurrencyName=UAE Dirham, fromCurrencyCode=AED, toCurrencyWalletBalance=GBP 3,211.15, feePerPayment=AED 52.50, processingTime=Within 1 business day, fromCurrencyWalletBalance=AED 450,529.96, noOfPayments=2, totalReceiveAmount=GBP 70.00, totalAmount=null, totalFees=AED 105.00, totalPayable=AED 430.19, balanceDue=GBP 0.00, expectedPaymentDate=07/09/2023, paymentMethod=SWIFT, provider=CAB, createdAt=Tuesday 5 September 2023, fromCurrencyWalletBalanceAfterPaymentCompleted=null, liveRate=1 GBP = 4.64557 AED, settlementDate=07/09/2023, formatted_settlementDate=null, toCurrencyWalletBalanceAfterSettlementReceived=null, fromCurrencyWalletBalanceAfterSettlementReceived=null, totalSendAmount=AED 325.19, availableFromWalletBalance=AED 430.19, scheduledAt=05/09/2023, toCurrencyWalletBalanceAfterPaymentCompleted=GBP 0.00}, EXCHANGE={toAmount=70.00, fromAmount=AED 325.19, type=International Exchange, createdAt=Tuesday 5 September 2023, reference=AF-SLB7-MCON, orderedAt=05/09/2023, orderSettledAt=-, rejectedAt=-, completedAt=-, totalFundsDue=AED 430.19, status=Ordered}, BUSINESS={recipientType=Business, toAmount=GBP 50.00, fromAmount=, recipientName=AUTO INTL GBP BUSINESS NAME, addressLineOne=AUTO INTL GBP BUSINESS ADDR ONE, addressLineTwo=AUTO INTL GBP BUSINESS ADDR TWO, city=AUTO INTL GBP BUSINESS ADDR CITY, province=AUTO INTL GBP BUSINESS PROVINCE, postalCode=01234, country=United Kingdom, countryCode=UK, accountNumber=GB80LOYD30963422111100, bicCode=BARCGB22, bankCode=null, thirdPartyReference=GBP1234TPR, documentNumber=GBPINV1234, purposeOfPayment=Travel, reference=AP-FVEF-GVBP, status=Completed, processingStatus=SCHEDULED, resultStatus=PENDING, scheduledAt=-, submittingAt=-, pendingAt=-, lastUpdatedAt=05/09/2023, completedAt=-, declinedAt=-, declinedBy=-, declinedReason=-, providerStatusCode=-, providerStatusDescription=-, providerAmountPaid=-, providerFeePaid=-, providerTransactionId=-, providerDatePaid=-, providerValueDate=-, providerPaymentValueDate=-}, INDIVIDUAL={recipientType=Individual, toAmount=GBP 20.00, fromAmount=, recipientName=AUTO INTL GBP INDIVIDUAL NAME, addressLineOne=AUTO INTL GBP INDV ADDR ONE, addressLineTwo=AUTO INTL GBP INDV ADDR TWO, city=AUTO INTL GBP INDV ADDR CITY, province=AUTO INTL GBP INDV PROVINCE, postalCode=567890, country=United Kingdom, countryCode=UK, accountNumber=GB35BARC20032684418522, bicCode=BARCGB21, bankCode=null, thirdPartyReference=GBP-TPR-INDV-1010, documentNumber=GBP-INV-INDV-1010, purposeOfPayment=Education, reference=AP-WWVD-7EAZ, status=Completed, processingStatus=SCHEDULED, resultStatus=PENDING, scheduledAt=-, submittingAt=-, pendingAt=-, lastUpdatedAt=05/09/2023, completedAt=-, declinedAt=-, declinedBy=-, declinedReason=-, providerStatusCode=-, providerStatusDescription=-, providerAmountPaid=-, providerFeePaid=-, providerTransactionId=-, providerDatePaid=-, providerValueDate=-, providerPaymentValueDate=-}}
After submission and write to file:{COMMON={toCurrencyName=British Pound, toCurrencyCode=GBP, fromCurrencyName=UAE Dirham, fromCurrencyCode=AED, toCurrencyWalletBalance=GBP 3,211.15, feePerPayment=AED 52.50, processingTime=Within 1 business day, fromCurrencyWalletBalance=AED 450,529.96, noOfPayments=2, totalReceiveAmount=GBP 70.00, totalAmount=null, totalFees=AED 105.00, totalPayable=AED 430.19, balanceDue=GBP 0.00, expectedPaymentDate=07/09/2023, paymentMethod=SWIFT, provider=CAB, createdAt=Tuesday 5 September 2023, fromCurrencyWalletBalanceAfterPaymentCompleted=null, liveRate=1 GBP = 4.64557 AED, settlementDate=07/09/2023, formatted_settlementDate=null, toCurrencyWalletBalanceAfterSettlementReceived=null, fromCurrencyWalletBalanceAfterSettlementReceived=null, totalSendAmount=AED 325.19, availableFromWalletBalance=AED 430.19, scheduledAt=05/09/2023, toCurrencyWalletBalanceAfterPaymentCompleted=GBP 0.00}, EXCHANGE={toAmount=70.00, fromAmount=AED 325.19, type=International Exchange, createdAt=Tuesday 5 September 2023, reference=AF-SLB7-MCON, orderedAt=05/09/2023, orderSettledAt=-, rejectedAt=-, completedAt=-, totalFundsDue=AED 430.19, status=Ordered}, BUSINESS={recipientType=Business, toAmount=GBP 50.00, fromAmount=, recipientName=AUTO INTL GBP BUSINESS NAME, addressLineOne=AUTO INTL GBP BUSINESS ADDR ONE, addressLineTwo=AUTO INTL GBP BUSINESS ADDR TWO, city=AUTO INTL GBP BUSINESS ADDR CITY, province=AUTO INTL GBP BUSINESS PROVINCE, postalCode=01234, country=United Kingdom, countryCode=UK, accountNumber=GB80LOYD30963422111100, bicCode=BARCGB22, bankCode=null, thirdPartyReference=GBP1234TPR, documentNumber=GBPINV1234, purposeOfPayment=Travel, reference=AP-FVEF-GVBP, status=Completed, processingStatus=SCHEDULED, resultStatus=PENDING, scheduledAt=-, submittingAt=-, pendingAt=-, lastUpdatedAt=05/09/2023, completedAt=-, declinedAt=-, declinedBy=-, declinedReason=-, providerStatusCode=-, providerStatusDescription=-, providerAmountPaid=-, providerFeePaid=-, providerTransactionId=-, providerDatePaid=-, providerValueDate=-, providerPaymentValueDate=-}, INDIVIDUAL={recipientType=Individual, toAmount=GBP 20.00, fromAmount=, recipientName=AUTO INTL GBP INDIVIDUAL NAME, addressLineOne=AUTO INTL GBP INDV ADDR ONE, addressLineTwo=AUTO INTL GBP INDV ADDR TWO, city=AUTO INTL GBP INDV ADDR CITY, province=AUTO INTL GBP INDV PROVINCE, postalCode=567890, country=United Kingdom, countryCode=UK, accountNumber=GB35BARC20032684418522, bicCode=BARCGB21, bankCode=null, thirdPartyReference=GBP-TPR-INDV-1010, documentNumber=GBP-INV-INDV-1010, purposeOfPayment=Education, reference=AP-WWVD-7EAZ, status=Completed, processingStatus=SCHEDULED, resultStatus=PENDING, scheduledAt=-, submittingAt=-, pendingAt=-, lastUpdatedAt=05/09/2023, completedAt=-, declinedAt=-, declinedBy=-, declinedReason=-, providerStatusCode=-, providerStatusDescription=-, providerAmountPaid=-, providerFeePaid=-, providerTransactionId=-, providerDatePaid=-, providerValueDate=-, providerPaymentValueDate=-}}
After submission and write to file:{COMMON={toCurrencyName=British Pound, toCurrencyCode=GBP, fromCurrencyName=UAE Dirham, fromCurrencyCode=AED, toCurrencyWalletBalance=GBP 3,211.15, feePerPayment=AED 52.50, processingTime=Within 1 business day, fromCurrencyWalletBalance=AED 450,529.96, noOfPayments=2, totalReceiveAmount=GBP 70.00, totalAmount=null, totalFees=AED 105.00, totalPayable=AED 430.19, balanceDue=GBP 0.00, expectedPaymentDate=07/09/2023, paymentMethod=SWIFT, provider=CAB, createdAt=Tuesday 5 September 2023, fromCurrencyWalletBalanceAfterPaymentCompleted=null, liveRate=1 GBP = 4.64557 AED, settlementDate=07/09/2023, formatted_settlementDate=null, toCurrencyWalletBalanceAfterSettlementReceived=null, fromCurrencyWalletBalanceAfterSettlementReceived=null, totalSendAmount=AED 325.19, availableFromWalletBalance=AED 430.19, scheduledAt=05/09/2023, toCurrencyWalletBalanceAfterPaymentCompleted=GBP 0.00}, EXCHANGE={toAmount=70.00, fromAmount=AED 325.19, type=International Exchange, createdAt=Tuesday 5 September 2023, reference=AF-SLB7-MCON, orderedAt=05/09/2023, orderSettledAt=-, rejectedAt=-, completedAt=-, totalFundsDue=AED 430.19, status=Ordered}, BUSINESS={recipientType=Business, toAmount=GBP 50.00, fromAmount=, recipientName=AUTO INTL GBP BUSINESS NAME, addressLineOne=AUTO INTL GBP BUSINESS ADDR ONE, addressLineTwo=AUTO INTL GBP BUSINESS ADDR TWO, city=AUTO INTL GBP BUSINESS ADDR CITY, province=AUTO INTL GBP BUSINESS PROVINCE, postalCode=01234, country=United Kingdom, countryCode=UK, accountNumber=GB80LOYD30963422111100, bicCode=BARCGB22, bankCode=null, thirdPartyReference=GBP1234TPR, documentNumber=GBPINV1234, purposeOfPayment=Travel, reference=AP-FVEF-GVBP, status=Completed, processingStatus=SCHEDULED, resultStatus=PENDING, scheduledAt=-, submittingAt=-, pendingAt=-, lastUpdatedAt=05/09/2023, completedAt=-, declinedAt=-, declinedBy=-, declinedReason=-, providerStatusCode=-, providerStatusDescription=-, providerAmountPaid=-, providerFeePaid=-, providerTransactionId=-, providerDatePaid=-, providerValueDate=-, providerPaymentValueDate=-}, INDIVIDUAL={recipientType=Individual, toAmount=GBP 20.00, fromAmount=, recipientName=AUTO INTL GBP INDIVIDUAL NAME, addressLineOne=AUTO INTL GBP INDV ADDR ONE, addressLineTwo=AUTO INTL GBP INDV ADDR TWO, city=AUTO INTL GBP INDV ADDR CITY, province=AUTO INTL GBP INDV PROVINCE, postalCode=567890, country=United Kingdom, countryCode=UK, accountNumber=GB35BARC20032684418522, bicCode=BARCGB21, bankCode=null, thirdPartyReference=GBP-TPR-INDV-1010, documentNumber=GBP-INV-INDV-1010, purposeOfPayment=Education, reference=AP-WWVD-7EAZ, status=Completed, processingStatus=SCHEDULED, resultStatus=PENDING, scheduledAt=-, submittingAt=-, pendingAt=-, lastUpdatedAt=05/09/2023, completedAt=-, declinedAt=-, declinedBy=-, declinedReason=-, providerStatusCode=-, providerStatusDescription=-, providerAmountPaid=-, providerFeePaid=-, providerTransactionId=-, providerDatePaid=-, providerValueDate=-, providerPaymentValueDate=-}}
  Then I verify details on the "International Payments" submitted page                                                # anhtester.com.hubpay.corp.stepdefinitions.PaymentsPageStepDefinition.I_verify_details_on_submitted_page(java.lang.String)
I_verify_default_details_on_exchange_page:src/test/resources/testdata/InternationalPayments_Multiple_GBP_60.json
[INFO] 05-09-2023 19:52:27 [LogUtils] - Verify element visible By.xpath: //a[text()='Dashboard']
[INFO] 05-09-2023 19:52:27 [LogUtils] - Clicked on the element By.xpath: //a[text()='Dashboard']
[INFO] 05-09-2023 19:52:29 [LogUtils] - Verify element visible By.xpath: //h1[text()='Dashboard']
  When I navigate to Dashboard page                                                                                   # anhtester.com.hubpay.corp.stepdefinitions.DashboardPageStepDefinition.I_navigate_to_dashboard_page()
[INFO] 05-09-2023 19:52:29 [LogUtils] - Verify element visible By.xpath: //button[text()='Transactions']
[INFO] 05-09-2023 19:52:29 [LogUtils] - Clicked on the element By.xpath: //button[text()='Transactions']
  Then I navigate to Transactions tab page                                                                            # anhtester.com.hubpay.corp.stepdefinitions.DashboardPageStepDefinition.I_navigate_to_transactions_page()
{COMMON={toCurrencyName=British Pound, toCurrencyCode=GBP, fromCurrencyName=UAE Dirham, fromCurrencyCode=AED, toCurrencyWalletBalance=GBP 3,211.15, feePerPayment=AED 52.50, processingTime=Within 1 business day, fromCurrencyWalletBalance=AED 450,529.96, noOfPayments=2, totalReceiveAmount=GBP 70.00, totalAmount=null, totalFees=AED 105.00, totalPayable=AED 430.19, balanceDue=GBP 0.00, expectedPaymentDate=07/09/2023, paymentMethod=SWIFT, provider=CAB, createdAt=Tuesday 5 September 2023, fromCurrencyWalletBalanceAfterPaymentCompleted=null, liveRate=1 GBP = 4.64557 AED, settlementDate=07/09/2023, formatted_settlementDate=null, toCurrencyWalletBalanceAfterSettlementReceived=null, fromCurrencyWalletBalanceAfterSettlementReceived=null, totalSendAmount=AED 325.19, availableFromWalletBalance=AED 430.19, scheduledAt=05/09/2023, toCurrencyWalletBalanceAfterPaymentCompleted=GBP 0.00}, EXCHANGE={toAmount=70.00, fromAmount=AED 325.19, type=International Exchange, createdAt=Tuesday 5 September 2023, reference=AF-SLB7-MCON, orderedAt=05/09/2023, orderSettledAt=-, rejectedAt=-, completedAt=-, totalFundsDue=AED 430.19, status=Ordered}, BUSINESS={recipientType=Business, toAmount=GBP 50.00, fromAmount=, recipientName=AUTO INTL GBP BUSINESS NAME, addressLineOne=AUTO INTL GBP BUSINESS ADDR ONE, addressLineTwo=AUTO INTL GBP BUSINESS ADDR TWO, city=AUTO INTL GBP BUSINESS ADDR CITY, province=AUTO INTL GBP BUSINESS PROVINCE, postalCode=01234, country=United Kingdom, countryCode=UK, accountNumber=GB80LOYD30963422111100, bicCode=BARCGB22, bankCode=null, thirdPartyReference=GBP1234TPR, documentNumber=GBPINV1234, purposeOfPayment=Travel, reference=AP-FVEF-GVBP, status=Completed, processingStatus=SCHEDULED, resultStatus=PENDING, scheduledAt=-, submittingAt=-, pendingAt=-, lastUpdatedAt=05/09/2023, completedAt=-, declinedAt=-, declinedBy=-, declinedReason=-, providerStatusCode=-, providerStatusDescription=-, providerAmountPaid=-, providerFeePaid=-, providerTransactionId=-, providerDatePaid=-, providerValueDate=-, providerPaymentValueDate=-}, INDIVIDUAL={recipientType=Individual, toAmount=GBP 20.00, fromAmount=, recipientName=AUTO INTL GBP INDIVIDUAL NAME, addressLineOne=AUTO INTL GBP INDV ADDR ONE, addressLineTwo=AUTO INTL GBP INDV ADDR TWO, city=AUTO INTL GBP INDV ADDR CITY, province=AUTO INTL GBP INDV PROVINCE, postalCode=567890, country=United Kingdom, countryCode=UK, accountNumber=GB35BARC20032684418522, bicCode=BARCGB21, bankCode=null, thirdPartyReference=GBP-TPR-INDV-1010, documentNumber=GBP-INV-INDV-1010, purposeOfPayment=Education, reference=AP-WWVD-7EAZ, status=Completed, processingStatus=SCHEDULED, resultStatus=PENDING, scheduledAt=-, submittingAt=-, pendingAt=-, lastUpdatedAt=05/09/2023, completedAt=-, declinedAt=-, declinedBy=-, declinedReason=-, providerStatusCode=-, providerStatusDescription=-, providerAmountPaid=-, providerFeePaid=-, providerTransactionId=-, providerDatePaid=-, providerValueDate=-, providerPaymentValueDate=-}}
[INFO] 05-09-2023 19:52:30 [LogUtils] - Verify element visible By.xpath: //td[contains(text(),'GBP')][contains(text(),'70.00')]/following-sibling::td[.='Foreign Exchange']/preceding-sibling::td[contains(.,'05/09/2023')]/parent::tr[1]
[INFO] 05-09-2023 19:52:30 [LogUtils] - Verify element visible By.xpath: //td[contains(text(),'GBP')][contains(text(),'70.00')]/following-sibling::td[.='Foreign Exchange']/preceding-sibling::td[contains(.,'05/09/2023')]/parent::tr[1]
[INFO] 05-09-2023 19:52:31 [LogUtils] - Verify element visible By.xpath: //td[.='AF-ULQW-KTFT']/parent::tr[1]
[INFO] 05-09-2023 19:52:31 [LogUtils] - Verify TRUE: true
[INFO] 05-09-2023 19:52:31 [LogUtils] - Verify TRUE: true
[INFO] 05-09-2023 19:52:31 [LogUtils] - Verify TRUE: true
[INFO] 05-09-2023 19:52:31 [LogUtils] - Verify TRUE: true
[INFO] 05-09-2023 19:52:31 [LogUtils] - Verify element visible By.xpath: //td[.='AF-ULQW-KTFT']/parent::tr[1]
[INFO] 05-09-2023 19:52:31 [LogUtils] - Verify element visible By.xpath: //td[.='AF-ULQW-KTFT']/parent::tr[1]
[INFO] 05-09-2023 19:52:31 [LogUtils] - Clicked on the element By.xpath: //td[.='AF-ULQW-KTFT']/parent::tr[1]
[INFO] 05-09-2023 19:52:32 [LogUtils] - Verify element visible By.xpath: //h1[text()='Exchange receipt']
[INFO] 05-09-2023 19:52:32 [LogUtils] - Verify element visible By.xpath: //h1[text()='Exchange receipt']
[INFO] 05-09-2023 19:52:32 [LogUtils] - Clicked on the element By.xpath: //h1[text()='Exchange receipt']
  Then I verify and open Exchange details view of International payment from the Transactions grid                    # anhtester.com.hubpay.corp.stepdefinitions.DashboardPageStepDefinition.I_verify_and_open_exchange_details_international_payment_from_the_Transactions_grid()
[INFO] 05-09-2023 19:52:32 [LogUtils] - Verify element visible By.xpath: //h1[contains(text(),'receipt')]/following-sibling::*
[INFO] 05-09-2023 19:52:32 [LogUtils] - Verify element visible By.xpath: //h1[contains(text(),'receipt')]/following-sibling::*
[INFO] 05-09-2023 19:52:32 [LogUtils] - Verify element visible By.xpath: //h1[contains(text(),'receipt')]/following-sibling::*
[INFO] 05-09-2023 19:52:32 [LogUtils] - Verify TRUE: true
[INFO] 05-09-2023 19:52:32 [LogUtils] - Verify element visible By.xpath: //h1[contains(text(),'receipt')]/following-sibling::*
[INFO] 05-09-2023 19:52:32 [LogUtils] - Verify TRUE: true
  Then I verify exchange transaction status is "Ordered" on transaction details view                                  # anhtester.com.hubpay.corp.stepdefinitions.DashboardPageStepDefinition.I_verify_transactions_status_on_details_view(java.lang.String)
[INFO] 05-09-2023 19:52:32 [LogUtils] - Verify element visible By.xpath: //h1[text()='Exchange receipt']/parent::h2/following-sibling::p
[INFO] 05-09-2023 19:52:32 [LogUtils] - Verify element visible By.xpath: //h1[text()='Exchange receipt']/parent::h2/following-sibling::p
[INFO] 05-09-2023 19:52:32 [LogUtils] - Verify element visible By.xpath: //h1[text()='Exchange receipt']/parent::h2/following-sibling::p
[INFO] 05-09-2023 19:52:32 [LogUtils] - Verify text of an element [Contains]: true
[INFO] 05-09-2023 19:52:32 [LogUtils] - Verify element visible By.xpath: //h1[text()='Exchange receipt']/parent::h2/following-sibling::p
[INFO] 05-09-2023 19:52:32 [LogUtils] - Verify element visible By.xpath: //h1[text()='Exchange receipt']/parent::h2/following-sibling::p
[INFO] 05-09-2023 19:52:32 [LogUtils] - Verify element visible By.xpath: //span[text()='Settlement due date']/following-sibling::div
[INFO] 05-09-2023 19:52:32 [LogUtils] - Verify element visible By.xpath: //span[text()='Settlement due date']/following-sibling::div
[INFO] 05-09-2023 19:52:32 [LogUtils] - Verify TRUE: true
[INFO] 05-09-2023 19:52:32 [LogUtils] - Verify element visible By.xpath: //span[text()='From']/following-sibling::div
[INFO] 05-09-2023 19:52:32 [LogUtils] - Verify element visible By.xpath: //span[text()='From']/following-sibling::div
[INFO] 05-09-2023 19:52:32 [LogUtils] - Verify TRUE: true
[INFO] 05-09-2023 19:52:32 [LogUtils] - Verify element visible By.xpath: //span[text()='To']/following-sibling::div
[INFO] 05-09-2023 19:52:33 [LogUtils] - Verify element visible By.xpath: //span[text()='To']/following-sibling::div
[INFO] 05-09-2023 19:52:33 [LogUtils] - Verify TRUE: true
[INFO] 05-09-2023 19:52:33 [LogUtils] - Verify element visible By.xpath: //span[text()='Exchange rate']/following-sibling::div
[INFO] 05-09-2023 19:52:33 [LogUtils] - Verify TRUE: true
[INFO] 05-09-2023 19:52:33 [LogUtils] - Verify element visible By.xpath: //span[text()='Transaction reference']/following-sibling::div
[INFO] 05-09-2023 19:52:33 [LogUtils] - Verify element visible By.xpath: //span[text()='Transaction reference']/following-sibling::div
[INFO] 05-09-2023 19:52:33 [LogUtils] - Verify TRUE: true
[INFO] 05-09-2023 19:52:33 [LogUtils] - Verify element visible By.xpath: //span[text()='Total settlement amount (incl. payment fees)']/following-sibling::div
[INFO] 05-09-2023 19:52:33 [LogUtils] - Verify element visible By.xpath: //span[text()='Total settlement amount (incl. payment fees)']/following-sibling::div
[INFO] 05-09-2023 19:52:33 [LogUtils] - Verify TRUE: true
[INFO] 05-09-2023 19:52:33 [LogUtils] - Verify element visible By.xpath: //h2[text()='Related payments']
[INFO] 05-09-2023 19:52:33 [LogUtils] - Verify element visible By.xpath: //span[text()='Total fees (incl. 5% VAT)']/following-sibling::div
[INFO] 05-09-2023 19:52:33 [LogUtils] - Verify element visible By.xpath: //span[text()='Total fees (incl. 5% VAT)']/following-sibling::div
[INFO] 05-09-2023 19:52:33 [LogUtils] - Verify TRUE: true
[INFO] 05-09-2023 19:52:33 [LogUtils] - Verify element visible By.xpath: //span[text()='Total amount']/following-sibling::div
[INFO] 05-09-2023 19:52:33 [LogUtils] - Verify element visible By.xpath: //span[text()='Total amount']/following-sibling::div
[INFO] 05-09-2023 19:52:33 [LogUtils] - Verify TRUE: true
[INFO] 05-09-2023 19:52:33 [LogUtils] - Verify element visible By.xpath: //span[text()='Number of payments']/following-sibling::div
[INFO] 05-09-2023 19:52:33 [LogUtils] - Verify element visible By.xpath: //span[text()='Number of payments']/following-sibling::div
[INFO] 05-09-2023 19:52:33 [LogUtils] - Verify TRUE: true
[INFO] 05-09-2023 19:52:33 [LogUtils] - Verify element visible By.xpath: //button[text()='Download']
  Then I verify details of exchange transaction on transaction details view                                           # anhtester.com.hubpay.corp.stepdefinitions.DashboardPageStepDefinition.I_verify_transactions_status_open_details_view()
[INFO] 05-09-2023 19:52:33 [LogUtils] - Verify element visible By.xpath: //span[text()='Close']/parent::button
[INFO] 05-09-2023 19:52:33 [LogUtils] - Clicked on the element By.xpath: //span[text()='Close']/parent::button
  When I close the transaction details view                                                                           # anhtester.com.hubpay.corp.stepdefinitions.DashboardPageStepDefinition.I_close_the_exchange_transaction_details_view()
{COMMON={toCurrencyName=British Pound, toCurrencyCode=GBP, fromCurrencyName=UAE Dirham, fromCurrencyCode=AED, toCurrencyWalletBalance=GBP 3,211.15, feePerPayment=AED 52.50, processingTime=Within 1 business day, fromCurrencyWalletBalance=AED 450,529.96, noOfPayments=2, totalReceiveAmount=GBP 70.00, totalAmount=null, totalFees=AED 105.00, totalPayable=AED 430.19, balanceDue=GBP 0.00, expectedPaymentDate=07/09/2023, paymentMethod=SWIFT, provider=CAB, createdAt=Tuesday 5 September 2023, fromCurrencyWalletBalanceAfterPaymentCompleted=null, liveRate=1 GBP = 4.64557 AED, settlementDate=07/09/2023, formatted_settlementDate=null, toCurrencyWalletBalanceAfterSettlementReceived=null, fromCurrencyWalletBalanceAfterSettlementReceived=null, totalSendAmount=AED 325.19, availableFromWalletBalance=AED 430.19, scheduledAt=05/09/2023, toCurrencyWalletBalanceAfterPaymentCompleted=GBP 0.00}, EXCHANGE={toAmount=70.00, fromAmount=AED 325.19, type=International Exchange, createdAt=Tuesday 5 September 2023, reference=AF-ULQW-KTFT, orderedAt=05/09/2023, orderSettledAt=-, rejectedAt=-, completedAt=-, totalFundsDue=AED 430.19, status=Ordered}, BUSINESS={recipientType=Business, toAmount=GBP 50.00, fromAmount=, recipientName=AUTO INTL GBP BUSINESS NAME, addressLineOne=AUTO INTL GBP BUSINESS ADDR ONE, addressLineTwo=AUTO INTL GBP BUSINESS ADDR TWO, city=AUTO INTL GBP BUSINESS ADDR CITY, province=AUTO INTL GBP BUSINESS PROVINCE, postalCode=01234, country=United Kingdom, countryCode=UK, accountNumber=GB80LOYD30963422111100, bicCode=BARCGB22, bankCode=null, thirdPartyReference=GBP1234TPR, documentNumber=GBPINV1234, purposeOfPayment=Travel, reference=AP-FVEF-GVBP, status=Completed, processingStatus=SCHEDULED, resultStatus=PENDING, scheduledAt=-, submittingAt=-, pendingAt=-, lastUpdatedAt=05/09/2023, completedAt=-, declinedAt=-, declinedBy=-, declinedReason=-, providerStatusCode=-, providerStatusDescription=-, providerAmountPaid=-, providerFeePaid=-, providerTransactionId=-, providerDatePaid=-, providerValueDate=-, providerPaymentValueDate=-}, INDIVIDUAL={recipientType=Individual, toAmount=GBP 20.00, fromAmount=, recipientName=AUTO INTL GBP INDIVIDUAL NAME, addressLineOne=AUTO INTL GBP INDV ADDR ONE, addressLineTwo=AUTO INTL GBP INDV ADDR TWO, city=AUTO INTL GBP INDV ADDR CITY, province=AUTO INTL GBP INDV PROVINCE, postalCode=567890, country=United Kingdom, countryCode=UK, accountNumber=GB35BARC20032684418522, bicCode=BARCGB21, bankCode=null, thirdPartyReference=GBP-TPR-INDV-1010, documentNumber=GBP-INV-INDV-1010, purposeOfPayment=Education, reference=AP-WWVD-7EAZ, status=Completed, processingStatus=SCHEDULED, resultStatus=PENDING, scheduledAt=-, submittingAt=-, pendingAt=-, lastUpdatedAt=05/09/2023, completedAt=-, declinedAt=-, declinedBy=-, declinedReason=-, providerStatusCode=-, providerStatusDescription=-, providerAmountPaid=-, providerFeePaid=-, providerTransactionId=-, providerDatePaid=-, providerValueDate=-, providerPaymentValueDate=-}}
[INFO] 05-09-2023 19:52:33 [LogUtils] - Verify element visible By.xpath: //input[@id='search']
[INFO] 05-09-2023 19:52:33 [LogUtils] - Verify element visible By.xpath: //input[@id='search']
[INFO] 05-09-2023 19:52:33 [LogUtils] - Clear and Fill AUTO INTL GBP BUSINESS NAME on By.xpath: //input[@id='search']
[INFO] 05-09-2023 19:52:34 [LogUtils] - Verify element visible By.xpath: //td[.='AUTO INTL GBP BUSINESS NAME']/preceding-sibling::td[contains(.,'05/09/2023')]/parent::tr[1]
[INFO] 05-09-2023 19:52:34 [LogUtils] - Verify element visible By.xpath: //td[.='AUTO INTL GBP BUSINESS NAME']/preceding-sibling::td[contains(.,'05/09/2023')]/parent::tr[1]
[INFO] 05-09-2023 19:52:34 [LogUtils] - Verify TRUE: true
[INFO] 05-09-2023 19:52:34 [LogUtils] - Verify TRUE: true
[INFO] 05-09-2023 19:52:34 [LogUtils] - Verify TRUE: false
  Then I search and verify payment for "BUSINESS" in the Transactions grid                                            # anhtester.com.hubpay.corp.stepdefinitions.DashboardPageStepDefinition.I_search_verify_payment_for_in_the_Transactions_grid(java.lang.String)
      java.lang.AssertionError: The condition is FALSE. expected [true] but found [false]
	at org.testng.Assert.fail(Assert.java:111)
	at org.testng.Assert.failNotEquals(Assert.java:1578)
	at org.testng.Assert.assertTrue(Assert.java:57)
	at anhtester.com.keywords.WebUI.verifyTrue(WebUI.java:1033)
	at anhtester.com.hubpay.corp.pages.DashboardPage.searchAndVerifyPaymentInTransactionGrid(DashboardPage.java:219)
	at anhtester.com.hubpay.corp.stepdefinitions.DashboardPageStepDefinition.I_search_verify_payment_for_in_the_Transactions_grid(DashboardPageStepDefinition.java:170)
	at ✽.I search and verify payment for "BUSINESS" in the Transactions grid(file:///Users/kanthreddy/wip/Hubpay_QAAutomation/src/test/resources/features/InternationalPayments/InternationalPaymentFlow_MultipleRecipients_GBP.feature:48)


    Embedding Screenshot Failed [image/png 409896 bytes]

  Then I open transaction details view of payment for "BUSINESS"                                                      # anhtester.com.hubpay.corp.stepdefinitions.DashboardPageStepDefinition.I_verify_payment_status_open_details_view(java.lang.String)
  Then I verify payment status is "Scheduled" on transaction details view                                             # anhtester.com.hubpay.corp.stepdefinitions.DashboardPageStepDefinition.I_verify_paymentstatus_on_details_view(java.lang.String)
  Then I verify details of payment for "BUSINESS" on transaction details view                                         # anhtester.com.hubpay.corp.stepdefinitions.DashboardPageStepDefinition.I_verify_details_payment_details_view(java.lang.String)
  When I close the transaction details view                                                                           # anhtester.com.hubpay.corp.stepdefinitions.DashboardPageStepDefinition.I_close_the_exchange_transaction_details_view()
  Then I search and verify payment for "INDIVIDUAL" in the Transactions grid                                          # anhtester.com.hubpay.corp.stepdefinitions.DashboardPageStepDefinition.I_search_verify_payment_for_in_the_Transactions_grid(java.lang.String)
  Then I open transaction details view of payment for "INDIVIDUAL"                                                    # anhtester.com.hubpay.corp.stepdefinitions.DashboardPageStepDefinition.I_verify_payment_status_open_details_view(java.lang.String)
  Then I verify payment status is "Scheduled" on transaction details view                                             # anhtester.com.hubpay.corp.stepdefinitions.DashboardPageStepDefinition.I_verify_paymentstatus_on_details_view(java.lang.String)
  Then I verify details of payment for "INDIVIDUAL" on transaction details view                                       # anhtester.com.hubpay.corp.stepdefinitions.DashboardPageStepDefinition.I_verify_details_payment_details_view(java.lang.String)
  When I close the transaction details view                                                                           # anhtester.com.hubpay.corp.stepdefinitions.DashboardPageStepDefinition.I_close_the_exchange_transaction_details_view()
  Then I navigate to Wallets tab page                                                                                 # anhtester.com.hubpay.corp.stepdefinitions.DashboardPageStepDefinition.I_navigate_to_wallets_tab_page()
  Then I verify available funds for the "AED" corridor                                                                # anhtester.com.hubpay.corp.stepdefinitions.DashboardPageStepDefinition.I_verify_available_funds_for_corridor(java.lang.String)
  When I'm Sign out from the Corp portal                                                                              # anhtester.com.common.CommonSteps.I_signout_corp_portal()
  Given I'm Logged in to the Ops portal                                                                               # anhtester.com.common.CommonSteps.i_m_logged_in_to_the_admin_portal()
  Then I open customer overview page of "Corporate Customers" registered with "Phone number" "+91 7989730020"         # anhtester.com.hubpay.ops.stepdefinitions.CustomersPageStepDefinition.i_view_the_customer_overview_page_of_registered_with(java.lang.String,java.lang.String,java.lang.String)
  And I verify "Available" balance of "GBP" wallet on the Customer Overview page                                      # anhtester.com.hubpay.ops.stepdefinitions.CustomerOverviewPageStepDefinition.i_verify_wallet_balance_customer_overview_page(java.lang.String,java.lang.String)
  And I verify "Available" balance of "AED" wallet on the Customer Overview page                                      # anhtester.com.hubpay.ops.stepdefinitions.CustomerOverviewPageStepDefinition.i_verify_wallet_balance_customer_overview_page(java.lang.String,java.lang.String)
  When I navigate to "Wallet debits" tab page                                                                         # anhtester.com.hubpay.ops.stepdefinitions.CustomerOverviewPageStepDefinition.inavigateToTabPage(java.lang.String)
  When I open transaction details view of the "Foreign Exchange" transaction having ""                                # anhtester.com.hubpay.ops.stepdefinitions.TransactionsPageStepDefinition.i_open_transaction_detailsview_transaction_having(java.lang.String,java.lang.String)
  Then I verify transaction status is "Ordered" on the transaction details view                                       # anhtester.com.hubpay.ops.stepdefinitions.TransactionsPageStepDefinition.i_verify_transaction_status_transaction_detailsview(java.lang.String)
  Then I verify "Foreign Exchange" details on the transaction details view                                            # anhtester.com.hubpay.ops.stepdefinitions.TransactionsPageStepDefinition.i_verify_transaction_details_on_transaction_detailsview(java.lang.String)
  Then I verify "SETTLEMENT RECEIVED" button "Available" on the transaction details view                              # anhtester.com.hubpay.ops.stepdefinitions.TransactionsPageStepDefinition.i_verify_button_on_transaction_detailsview(java.lang.String,java.lang.String)
  When I click "SETTLEMENT RECEIVED" button on the transaction details view                                           # anhtester.com.hubpay.ops.stepdefinitions.TransactionsPageStepDefinition.i_click_button_on_transaction_detailsview(java.lang.String)
  Then I verify "SETTLE" button "Available" on the transaction details view                                           # anhtester.com.hubpay.ops.stepdefinitions.TransactionsPageStepDefinition.i_verify_button_on_transaction_detailsview(java.lang.String,java.lang.String)
  Then I verify transaction status is "ORDER_SETTLED" on the transaction details view                                 # anhtester.com.hubpay.ops.stepdefinitions.TransactionsPageStepDefinition.i_verify_transaction_status_transaction_detailsview(java.lang.String)
  Then I verify "Foreign Exchange" details on the transaction details view                                            # anhtester.com.hubpay.ops.stepdefinitions.TransactionsPageStepDefinition.i_verify_transaction_details_on_transaction_detailsview(java.lang.String)
  Then I navigate to Customer Overview page from the transaction details view                                         # anhtester.com.hubpay.ops.stepdefinitions.TransactionsPageStepDefinition.i_navigate_customer_overview_from_transaction_detailsview()
  And I verify "Available" balance of "GBP" wallet on the Customer Overview page                                      # anhtester.com.hubpay.ops.stepdefinitions.CustomerOverviewPageStepDefinition.i_verify_wallet_balance_customer_overview_page(java.lang.String,java.lang.String)
  Then I update wallet balance in test data file after submitting Foreign Exchange to CAB                             # anhtester.com.hubpay.ops.stepdefinitions.TransactionsPageStepDefinition.i_update_wallet_balances_in_test_data_file_after_submitting_exchange_to_CAB()
  And I verify "Available" balance of "AED" wallet on the Customer Overview page                                      # anhtester.com.hubpay.ops.stepdefinitions.CustomerOverviewPageStepDefinition.i_verify_wallet_balance_customer_overview_page(java.lang.String,java.lang.String)
  Then I navigated to the "Transactions" page using left navigation                                                   # anhtester.com.hubpay.ops.stepdefinitions.CustomersPageStepDefinition.i_navigated_to_the_page(java.lang.String)
  When I open transaction details view of the "Foreign Exchange" transaction having ""                                # anhtester.com.hubpay.ops.stepdefinitions.TransactionsPageStepDefinition.i_open_transaction_detailsview_transaction_having(java.lang.String,java.lang.String)
  When I click "SETTLE" button on the transaction details view                                                        # anhtester.com.hubpay.ops.stepdefinitions.TransactionsPageStepDefinition.i_click_button_on_transaction_detailsview(java.lang.String)
  Then I verify transaction status is "COMPLETED" on the transaction details view                                     # anhtester.com.hubpay.ops.stepdefinitions.TransactionsPageStepDefinition.i_verify_transaction_status_transaction_detailsview(java.lang.String)
  Then I update wallet balance in test data file after Foreign Exchange processed by CAB                              # anhtester.com.hubpay.ops.stepdefinitions.TransactionsPageStepDefinition.i_update_wallet_balances_in_test_data_file_after_exchange_processed_by_CAB()
  Then I verify "Foreign Exchange" details on the transaction details view                                            # anhtester.com.hubpay.ops.stepdefinitions.TransactionsPageStepDefinition.i_verify_transaction_details_on_transaction_detailsview(java.lang.String)
  Then I navigate to Customer Overview page from the transaction details view                                         # anhtester.com.hubpay.ops.stepdefinitions.TransactionsPageStepDefinition.i_navigate_customer_overview_from_transaction_detailsview()
  And I verify "Available" balance of "AED" wallet on the Customer Overview page                                      # anhtester.com.hubpay.ops.stepdefinitions.CustomerOverviewPageStepDefinition.i_verify_wallet_balance_customer_overview_page(java.lang.String,java.lang.String)
  And I verify "Available" balance of "GBP" wallet on the Customer Overview page                                      # anhtester.com.hubpay.ops.stepdefinitions.CustomerOverviewPageStepDefinition.i_verify_wallet_balance_customer_overview_page(java.lang.String,java.lang.String)
  When I navigate to "Wallet debits" tab page                                                                         # anhtester.com.hubpay.ops.stepdefinitions.CustomerOverviewPageStepDefinition.inavigateToTabPage(java.lang.String)
  Then I verify "payment" details for "BUSINESS" in the "Wallet debits" grid                                          # anhtester.com.hubpay.ops.stepdefinitions.TransactionsPageStepDefinition.i_verify_transaction_details_for_in_the_wallet_debits_grid(java.lang.String,java.lang.String,java.lang.String)
  When I open payment details view for the payment of "BUSINESS" having ""                                            # anhtester.com.hubpay.ops.stepdefinitions.TransactionsPageStepDefinition.i_open_payment_detailsview_for_the_having(java.lang.String,java.lang.String)
  Then I verify payment details for "BUSINESS" on the transaction details view                                        # anhtester.com.hubpay.ops.stepdefinitions.TransactionsPageStepDefinition.i_verify_payment_details_for_on_transaction_detailsview(java.lang.String)
  Then I verify buttons "Available" on the transaction details view                                                   # anhtester.com.hubpay.ops.stepdefinitions.TransactionsPageStepDefinition.i_verify_buttons_not_available_on_transaction_detailsview(java.lang.String,io.cucumber.datatable.DataTable)
    | SUBMIT SINGLE PAYMENT |
    | SUBMIT FULL BATCH     |
    | DOWNLOAD              |
  When I submit "FULL BATCH" payment to CAB for processing                                                            # anhtester.com.hubpay.ops.stepdefinitions.TransactionsPageStepDefinition.i_submit_payment_to_CAB_for_processing(java.lang.String)
  Then I verify "Order has been updated successfully" toast message is displayed                                      # anhtester.com.hubpay.corp.stepdefinitions.PaymentsPageStepDefinition.I_verify_toast_message_is_displayed(java.lang.String)
  When I update data file after "FULL BATCH" recipient "International payments" submitted to CAB                      # anhtester.com.hubpay.ops.stepdefinitions.TransactionsPageStepDefinition.i_update_data_file_after_recipient_submitted_to_CAB(java.lang.String,java.lang.String)
  Then I verify payment details for "BUSINESS" on the transaction details view                                        # anhtester.com.hubpay.ops.stepdefinitions.TransactionsPageStepDefinition.i_verify_payment_details_for_on_transaction_detailsview(java.lang.String)
  Then I verify buttons "Available" on the transaction details view                                                   # anhtester.com.hubpay.ops.stepdefinitions.TransactionsPageStepDefinition.i_verify_buttons_not_available_on_transaction_detailsview(java.lang.String,io.cucumber.datatable.DataTable)
    | Force Refresh Payment Statuses |
    | DOWNLOAD                       |
  Then I verify buttons "Not Available" on the transaction details view                                               # anhtester.com.hubpay.ops.stepdefinitions.TransactionsPageStepDefinition.i_verify_buttons_not_available_on_transaction_detailsview(java.lang.String,io.cucumber.datatable.DataTable)
    | SUBMIT SINGLE PAYMENT |
    | SUBMIT FULL BATCH     |
    | DECLINE               |
  Then I navigate to Customer Overview page from the transaction details view                                         # anhtester.com.hubpay.ops.stepdefinitions.TransactionsPageStepDefinition.i_navigate_customer_overview_from_transaction_detailsview()
  When I update data file after "FULL BATCH" recipient "International payments" processed by CAB                      # anhtester.com.hubpay.ops.stepdefinitions.TransactionsPageStepDefinition.i_update_data_file_after_recipient_processed_by_CAB(java.lang.String,java.lang.String)
  And I verify "Available" balance of "AED" wallet after "BUSINESS" payment "COMPLETED"                               # anhtester.com.hubpay.ops.stepdefinitions.CustomerOverviewPageStepDefinition.i_verify_balance_of_wallet_after_payment(java.lang.String,java.lang.String,java.lang.String,java.lang.String)
  When I navigate to "Wallet debits" tab page                                                                         # anhtester.com.hubpay.ops.stepdefinitions.CustomerOverviewPageStepDefinition.inavigateToTabPage(java.lang.String)
  Then I verify "payment" details for "BUSINESS" in the "Wallet debits" grid                                          # anhtester.com.hubpay.ops.stepdefinitions.TransactionsPageStepDefinition.i_verify_transaction_details_for_in_the_wallet_debits_grid(java.lang.String,java.lang.String,java.lang.String)
  When I open payment details view for the payment of "BUSINESS" having ""                                            # anhtester.com.hubpay.ops.stepdefinitions.TransactionsPageStepDefinition.i_open_payment_detailsview_for_the_having(java.lang.String,java.lang.String)
  Then I verify payment details for "BUSINESS" on the transaction details view                                        # anhtester.com.hubpay.ops.stepdefinitions.TransactionsPageStepDefinition.i_verify_payment_details_for_on_transaction_detailsview(java.lang.String)
  Then I verify buttons "Available" on the transaction details view                                                   # anhtester.com.hubpay.ops.stepdefinitions.TransactionsPageStepDefinition.i_verify_buttons_not_available_on_transaction_detailsview(java.lang.String,io.cucumber.datatable.DataTable)
    | DOWNLOAD |
  Then I verify buttons "Not Available" on the transaction details view                                               # anhtester.com.hubpay.ops.stepdefinitions.TransactionsPageStepDefinition.i_verify_buttons_not_available_on_transaction_detailsview(java.lang.String,io.cucumber.datatable.DataTable)
    | SUBMIT SINGLE PAYMENT          |
    | SUBMIT FULL BATCH              |
    | DECLINE                        |
    | Force Refresh Payment Statuses |
  Then I navigate to Customer Overview page from the transaction details view                                         # anhtester.com.hubpay.ops.stepdefinitions.TransactionsPageStepDefinition.i_navigate_customer_overview_from_transaction_detailsview()
  When I navigate to "Wallet debits" tab page                                                                         # anhtester.com.hubpay.ops.stepdefinitions.CustomerOverviewPageStepDefinition.inavigateToTabPage(java.lang.String)
  Then I verify "payment" details for "INDIVIDUAL" in the "Wallet debits" grid                                        # anhtester.com.hubpay.ops.stepdefinitions.TransactionsPageStepDefinition.i_verify_transaction_details_for_in_the_wallet_debits_grid(java.lang.String,java.lang.String,java.lang.String)
  When I open payment details view for the payment of "INDIVIDUAL" having ""                                          # anhtester.com.hubpay.ops.stepdefinitions.TransactionsPageStepDefinition.i_open_payment_detailsview_for_the_having(java.lang.String,java.lang.String)
  Then I verify payment details for "INDIVIDUAL" on the transaction details view                                      # anhtester.com.hubpay.ops.stepdefinitions.TransactionsPageStepDefinition.i_verify_payment_details_for_on_transaction_detailsview(java.lang.String)
  Then I verify buttons "Available" on the transaction details view                                                   # anhtester.com.hubpay.ops.stepdefinitions.TransactionsPageStepDefinition.i_verify_buttons_not_available_on_transaction_detailsview(java.lang.String,io.cucumber.datatable.DataTable)
    | DOWNLOAD |
  Then I verify buttons "Not Available" on the transaction details view                                               # anhtester.com.hubpay.ops.stepdefinitions.TransactionsPageStepDefinition.i_verify_buttons_not_available_on_transaction_detailsview(java.lang.String,io.cucumber.datatable.DataTable)
    | SUBMIT SINGLE PAYMENT          |
    | SUBMIT FULL BATCH              |
    | DECLINE                        |
    | Force Refresh Payment Statuses |
  Given I'm Logged in to the Corp portal                                                                              # anhtester.com.common.CommonSteps.I_enter_credentials_on_CorpSuite_Login_Page()
  Then I verify Dashboard page is displayed                                                                           # anhtester.com.hubpay.corp.stepdefinitions.DashboardPageStepDefinition.I_verify_dashboard_page_is_displayed()
  Then I navigate to Transactions tab page                                                                            # anhtester.com.hubpay.corp.stepdefinitions.DashboardPageStepDefinition.I_navigate_to_transactions_page()
  Then I verify transaction status "Completed" in table and open transaction details view                             # anhtester.com.hubpay.corp.stepdefinitions.DashboardPageStepDefinition.I_verify_transactions_status_open_details_view(java.lang.String)
  Then I verify exchange transaction status is "Completed" on transaction details view                                # anhtester.com.hubpay.corp.stepdefinitions.DashboardPageStepDefinition.I_verify_transactions_status_on_details_view(java.lang.String)
  Then I verify details of exchange transaction on transaction details view                                           # anhtester.com.hubpay.corp.stepdefinitions.DashboardPageStepDefinition.I_verify_transactions_status_open_details_view()
  When I close the transaction details view                                                                           # anhtester.com.hubpay.corp.stepdefinitions.DashboardPageStepDefinition.I_close_the_exchange_transaction_details_view()
  Then I open transaction details view of payment for "BUSINESS"                                                      # anhtester.com.hubpay.corp.stepdefinitions.DashboardPageStepDefinition.I_verify_payment_status_open_details_view(java.lang.String)
  Then I verify payment status is "Completed" on transaction details view                                             # anhtester.com.hubpay.corp.stepdefinitions.DashboardPageStepDefinition.I_verify_paymentstatus_on_details_view(java.lang.String)
  Then I verify details of payment for "BUSINESS" on transaction details view                                         # anhtester.com.hubpay.corp.stepdefinitions.DashboardPageStepDefinition.I_verify_details_payment_details_view(java.lang.String)
  When I close the transaction details view                                                                           # anhtester.com.hubpay.corp.stepdefinitions.DashboardPageStepDefinition.I_close_the_exchange_transaction_details_view()
  Then I open transaction details view of payment for "INDIVIDUAL"                                                    # anhtester.com.hubpay.corp.stepdefinitions.DashboardPageStepDefinition.I_verify_payment_status_open_details_view(java.lang.String)
  Then I verify payment status is "Completed" on transaction details view                                             # anhtester.com.hubpay.corp.stepdefinitions.DashboardPageStepDefinition.I_verify_paymentstatus_on_details_view(java.lang.String)
  Then I verify details of payment for "INDIVIDUAL" on transaction details view                                       # anhtester.com.hubpay.corp.stepdefinitions.DashboardPageStepDefinition.I_verify_details_payment_details_view(java.lang.String)
  When I close the transaction details view                                                                           # anhtester.com.hubpay.corp.stepdefinitions.DashboardPageStepDefinition.I_close_the_exchange_transaction_details_view()
  Then I navigate to Wallets tab page                                                                                 # anhtester.com.hubpay.corp.stepdefinitions.DashboardPageStepDefinition.I_navigate_to_wallets_tab_page()
  Then I verify available funds for the "AED" corridor                                                                # anhtester.com.hubpay.corp.stepdefinitions.DashboardPageStepDefinition.I_verify_available_funds_for_corridor(java.lang.String)
  Then I verify available funds for the "GBP" corridor                                                                # anhtester.com.hubpay.corp.stepdefinitions.DashboardPageStepDefinition.I_verify_available_funds_for_corridor(java.lang.String)
  When I'm Sign out from the Corp portal                                                                              # anhtester.com.common.CommonSteps.I_signout_corp_portal()
[ERROR] 05-09-2023 19:52:36 [LifecycleNotifier] - Could not invoke listener method
org.openqa.selenium.NoSuchSessionException: Session ID is null. Using WebDriver after calling quit()?
Build info: version: '4.10.0', revision: 'c14d967899'
System info: os.name: 'Mac OS X', os.arch: 'aarch64', os.version: '12.6', java.version: '11.0.16'
Driver info: org.openqa.selenium.chrome.ChromeDriver
Command: [null, screenshot {}]
Capabilities {acceptInsecureCerts: false, browserName: chrome, browserVersion: 116.0.5845.140, chrome: {chromedriverVersion: 116.0.5845.96 (1a3918166880..., userDataDir: /var/folders/bz/l4ntdftn1jd...}, fedcm:accounts: true, goog:chromeOptions: {debuggerAddress: localhost:55990}, networkConnectionEnabled: false, pageLoadStrategy: normal, platformName: mac, proxy: Proxy(), se:cdp: ws://localhost:55990/devtoo..., se:cdpVersion: 116.0.5845.140, setWindowRect: true, strictFileInteractability: false, timeouts: {implicit: 0, pageLoad: 300000, script: 30000}, unhandledPromptBehavior: dismiss and notify, webauthn:extension:credBlob: true, webauthn:extension:largeBlob: true, webauthn:extension:minPinLength: true, webauthn:extension:prf: true, webauthn:virtualAuthenticators: true}
	at org.openqa.selenium.remote.HttpCommandExecutor.execute(HttpCommandExecutor.java:152) ~[selenium-remote-driver-4.10.0.jar:?]
	at org.openqa.selenium.remote.service.DriverCommandExecutor.invokeExecute(DriverCommandExecutor.java:196) ~[selenium-remote-driver-4.10.0.jar:?]
	at org.openqa.selenium.remote.service.DriverCommandExecutor.execute(DriverCommandExecutor.java:171) ~[selenium-remote-driver-4.10.0.jar:?]
	at org.openqa.selenium.remote.RemoteWebDriver.execute(RemoteWebDriver.java:531) ~[selenium-remote-driver-4.10.0.jar:?]
	at org.openqa.selenium.remote.RemoteWebDriver.execute(RemoteWebDriver.java:590) ~[selenium-remote-driver-4.10.0.jar:?]
	at org.openqa.selenium.remote.RemoteWebDriver.execute(RemoteWebDriver.java:594) ~[selenium-remote-driver-4.10.0.jar:?]
	at org.openqa.selenium.remote.RemoteWebDriver.getScreenshotAs(RemoteWebDriver.java:316) ~[selenium-remote-driver-4.10.0.jar:?]
	at jdk.internal.reflect.NativeMethodAccessorImpl.invoke0(Native Method) ~[?:?]
	at jdk.internal.reflect.NativeMethodAccessorImpl.invoke(NativeMethodAccessorImpl.java:62) ~[?:?]
	at jdk.internal.reflect.DelegatingMethodAccessorImpl.invoke(DelegatingMethodAccessorImpl.java:43) ~[?:?]
	at java.lang.reflect.Method.invoke(Method.java:566) ~[?:?]
	at org.openqa.selenium.support.ThreadGuard$WebDriverInvocationHandler.invokeUnderlying(ThreadGuard.java:99) ~[selenium-support-4.10.0.jar:?]
	at org.openqa.selenium.support.ThreadGuard$WebDriverInvocationHandler.invoke(ThreadGuard.java:91) ~[selenium-support-4.10.0.jar:?]
	at com.sun.proxy.$Proxy45.getScreenshotAs(Unknown Source) ~[?:?]
	at anhtester.com.listeners.AllureListener.beforeTestStop(AllureListener.java:43) ~[test-classes/:?]
	at io.qameta.allure.listener.LifecycleNotifier.lambda$runSafely$0(LifecycleNotifier.java:211) ~[allure-java-commons-2.22.1.jar:2.22.1]
	at java.util.ArrayList.forEach(ArrayList.java:1541) ~[?:?]
	at io.qameta.allure.listener.LifecycleNotifier.runSafely(LifecycleNotifier.java:209) ~[allure-java-commons-2.22.1.jar:2.22.1]
	at io.qameta.allure.listener.LifecycleNotifier.beforeTestStop(LifecycleNotifier.java:88) ~[allure-java-commons-2.22.1.jar:2.22.1]
	at io.qameta.allure.AllureLifecycle.stopTestCase(AllureLifecycle.java:420) ~[allure-java-commons-2.22.1.jar:2.22.1]
	at io.qameta.allure.cucumber7jvm.AllureCucumber7Jvm.handleTestCaseFinished(AllureCucumber7Jvm.java:197) ~[allure-cucumber7-jvm-2.22.1.jar:2.22.1]
	at io.cucumber.core.eventbus.AbstractEventPublisher.send(AbstractEventPublisher.java:51) ~[cucumber-core-7.12.1.jar:7.12.1]
	at io.cucumber.core.eventbus.AbstractEventBus.send(AbstractEventBus.java:12) ~[cucumber-core-7.12.1.jar:7.12.1]
	at io.cucumber.core.runtime.SynchronizedEventBus.send(SynchronizedEventBus.java:47) ~[cucumber-core-7.12.1.jar:7.12.1]
	at io.cucumber.core.runtime.ThreadLocalRunnerSupplier$LocalEventBus.send(ThreadLocalRunnerSupplier.java:62) ~[cucumber-core-7.12.1.jar:7.12.1]
	at io.cucumber.core.runner.TestCase.emitTestCaseFinished(TestCase.java:219) ~[cucumber-core-7.12.1.jar:7.12.1]
	at io.cucumber.core.runner.TestCase.run(TestCase.java:98) ~[cucumber-core-7.12.1.jar:7.12.1]
	at io.cucumber.core.runner.Runner.runPickle(Runner.java:75) ~[cucumber-core-7.12.1.jar:7.12.1]
	at io.cucumber.testng.TestNGCucumberRunner.lambda$runScenario$1(TestNGCucumberRunner.java:132) ~[cucumber-testng-7.12.1.jar:7.12.1]
	at io.cucumber.core.runtime.CucumberExecutionContext.lambda$runTestCase$5(CucumberExecutionContext.java:137) ~[cucumber-core-7.12.1.jar:7.12.1]
	at io.cucumber.core.runtime.RethrowingThrowableCollector.executeAndThrow(RethrowingThrowableCollector.java:23) ~[cucumber-core-7.12.1.jar:7.12.1]
	at io.cucumber.core.runtime.CucumberExecutionContext.runTestCase(CucumberExecutionContext.java:137) ~[cucumber-core-7.12.1.jar:7.12.1]
	at io.cucumber.testng.TestNGCucumberRunner.runScenario(TestNGCucumberRunner.java:129) ~[cucumber-testng-7.12.1.jar:7.12.1]
	at io.cucumber.testng.AbstractTestNGCucumberTests.runScenario(AbstractTestNGCucumberTests.java:35) ~[cucumber-testng-7.12.1.jar:7.12.1]
	at jdk.internal.reflect.NativeMethodAccessorImpl.invoke0(Native Method) ~[?:?]
	at jdk.internal.reflect.NativeMethodAccessorImpl.invoke(NativeMethodAccessorImpl.java:62) ~[?:?]
	at jdk.internal.reflect.DelegatingMethodAccessorImpl.invoke(DelegatingMethodAccessorImpl.java:43) ~[?:?]
	at java.lang.reflect.Method.invoke(Method.java:566) ~[?:?]
	at org.testng.internal.invokers.MethodInvocationHelper.invokeMethod(MethodInvocationHelper.java:139) ~[testng-7.8.0.jar:7.8.0]
	at org.testng.internal.invokers.TestInvoker.invokeMethod(TestInvoker.java:664) ~[testng-7.8.0.jar:7.8.0]
	at org.testng.internal.invokers.TestInvoker.invokeTestMethod(TestInvoker.java:227) ~[testng-7.8.0.jar:7.8.0]
	at org.testng.internal.invokers.MethodRunner.runInSequence(MethodRunner.java:50) ~[testng-7.8.0.jar:7.8.0]
	at org.testng.internal.invokers.TestInvoker$MethodInvocationAgent.invoke(TestInvoker.java:957) ~[testng-7.8.0.jar:7.8.0]
	at org.testng.internal.invokers.TestInvoker.invokeTestMethods(TestInvoker.java:200) ~[testng-7.8.0.jar:7.8.0]
	at org.testng.internal.invokers.TestMethodWorker.invokeTestMethods(TestMethodWorker.java:148) ~[testng-7.8.0.jar:7.8.0]
	at org.testng.internal.invokers.TestMethodWorker.run(TestMethodWorker.java:128) ~[testng-7.8.0.jar:7.8.0]
	at java.util.ArrayList.forEach(ArrayList.java:1541) [?:?]
	at org.testng.TestRunner.privateRun(TestRunner.java:848) [testng-7.8.0.jar:7.8.0]
	at org.testng.TestRunner.run(TestRunner.java:621) [testng-7.8.0.jar:7.8.0]
	at org.testng.SuiteRunner.runTest(SuiteRunner.java:443) [testng-7.8.0.jar:7.8.0]
	at org.testng.SuiteRunner.runSequentially(SuiteRunner.java:437) [testng-7.8.0.jar:7.8.0]
	at org.testng.SuiteRunner.privateRun(SuiteRunner.java:397) [testng-7.8.0.jar:7.8.0]
	at org.testng.SuiteRunner.run(SuiteRunner.java:336) [testng-7.8.0.jar:7.8.0]
	at org.testng.SuiteRunnerWorker.runSuite(SuiteRunnerWorker.java:52) [testng-7.8.0.jar:7.8.0]
	at org.testng.SuiteRunnerWorker.run(SuiteRunnerWorker.java:95) [testng-7.8.0.jar:7.8.0]
	at org.testng.TestNG.runSuitesSequentially(TestNG.java:1280) [testng-7.8.0.jar:7.8.0]
	at org.testng.TestNG.runSuitesLocally(TestNG.java:1200) [testng-7.8.0.jar:7.8.0]
	at org.testng.TestNG.runSuites(TestNG.java:1114) [testng-7.8.0.jar:7.8.0]
	at org.testng.TestNG.run(TestNG.java:1082) [testng-7.8.0.jar:7.8.0]
	at org.apache.maven.surefire.testng.TestNGExecutor.run(TestNGExecutor.java:308) [surefire-testng-3.1.2.jar:3.1.2]
	at org.apache.maven.surefire.testng.TestNGXmlTestSuite.execute(TestNGXmlTestSuite.java:71) [surefire-testng-3.1.2.jar:3.1.2]
	at org.apache.maven.surefire.testng.TestNGProvider.invoke(TestNGProvider.java:113) [surefire-testng-3.1.2.jar:3.1.2]
	at org.apache.maven.surefire.booter.ForkedBooter.runSuitesInProcess(ForkedBooter.java:385) [surefire-booter-3.1.2.jar:3.1.2]
	at org.apache.maven.surefire.booter.ForkedBooter.execute(ForkedBooter.java:162) [surefire-booter-3.1.2.jar:3.1.2]
	at org.apache.maven.surefire.booter.ForkedBooter.run(ForkedBooter.java:507) [surefire-booter-3.1.2.jar:3.1.2]
	at org.apache.maven.surefire.booter.ForkedBooter.main(ForkedBooter.java:495) [surefire-booter-3.1.2.jar:3.1.2]
[ERROR] 05-09-2023 19:52:36 [LifecycleNotifier] - Could not invoke listener method
org.openqa.selenium.NoSuchSessionException: Session ID is null. Using WebDriver after calling quit()?
Build info: version: '4.10.0', revision: 'c14d967899'
System info: os.name: 'Mac OS X', os.arch: 'aarch64', os.version: '12.6', java.version: '11.0.16'
Driver info: org.openqa.selenium.chrome.ChromeDriver
Command: [null, screenshot {}]
Capabilities {acceptInsecureCerts: false, browserName: chrome, browserVersion: 116.0.5845.140, chrome: {chromedriverVersion: 116.0.5845.96 (1a3918166880..., userDataDir: /var/folders/bz/l4ntdftn1jd...}, fedcm:accounts: true, goog:chromeOptions: {debuggerAddress: localhost:55990}, networkConnectionEnabled: false, pageLoadStrategy: normal, platformName: mac, proxy: Proxy(), se:cdp: ws://localhost:55990/devtoo..., se:cdpVersion: 116.0.5845.140, setWindowRect: true, strictFileInteractability: false, timeouts: {implicit: 0, pageLoad: 300000, script: 30000}, unhandledPromptBehavior: dismiss and notify, webauthn:extension:credBlob: true, webauthn:extension:largeBlob: true, webauthn:extension:minPinLength: true, webauthn:extension:prf: true, webauthn:virtualAuthenticators: true}
	at org.openqa.selenium.remote.HttpCommandExecutor.execute(HttpCommandExecutor.java:152) ~[selenium-remote-driver-4.10.0.jar:?]
	at org.openqa.selenium.remote.service.DriverCommandExecutor.invokeExecute(DriverCommandExecutor.java:196) ~[selenium-remote-driver-4.10.0.jar:?]
	at org.openqa.selenium.remote.service.DriverCommandExecutor.execute(DriverCommandExecutor.java:171) ~[selenium-remote-driver-4.10.0.jar:?]
	at org.openqa.selenium.remote.RemoteWebDriver.execute(RemoteWebDriver.java:531) ~[selenium-remote-driver-4.10.0.jar:?]
	at org.openqa.selenium.remote.RemoteWebDriver.execute(RemoteWebDriver.java:590) ~[selenium-remote-driver-4.10.0.jar:?]
	at org.openqa.selenium.remote.RemoteWebDriver.execute(RemoteWebDriver.java:594) ~[selenium-remote-driver-4.10.0.jar:?]
	at org.openqa.selenium.remote.RemoteWebDriver.getScreenshotAs(RemoteWebDriver.java:316) ~[selenium-remote-driver-4.10.0.jar:?]
	at jdk.internal.reflect.NativeMethodAccessorImpl.invoke0(Native Method) ~[?:?]
	at jdk.internal.reflect.NativeMethodAccessorImpl.invoke(NativeMethodAccessorImpl.java:62) ~[?:?]
	at jdk.internal.reflect.DelegatingMethodAccessorImpl.invoke(DelegatingMethodAccessorImpl.java:43) ~[?:?]
	at java.lang.reflect.Method.invoke(Method.java:566) ~[?:?]
	at org.openqa.selenium.support.ThreadGuard$WebDriverInvocationHandler.invokeUnderlying(ThreadGuard.java:99) ~[selenium-support-4.10.0.jar:?]
	at org.openqa.selenium.support.ThreadGuard$WebDriverInvocationHandler.invoke(ThreadGuard.java:91) ~[selenium-support-4.10.0.jar:?]
	at com.sun.proxy.$Proxy45.getScreenshotAs(Unknown Source) ~[?:?]
	at anhtester.com.listeners.AllureListener.beforeTestStop(AllureListener.java:43) ~[test-classes/:?]
	at io.qameta.allure.listener.LifecycleNotifier.lambda$runSafely$0(LifecycleNotifier.java:211) ~[allure-java-commons-2.22.1.jar:2.22.1]
	at java.util.ArrayList.forEach(ArrayList.java:1541) ~[?:?]
	at io.qameta.allure.listener.LifecycleNotifier.runSafely(LifecycleNotifier.java:209) ~[allure-java-commons-2.22.1.jar:2.22.1]
	at io.qameta.allure.listener.LifecycleNotifier.beforeTestStop(LifecycleNotifier.java:88) ~[allure-java-commons-2.22.1.jar:2.22.1]
	at io.qameta.allure.AllureLifecycle.stopTestCase(AllureLifecycle.java:420) ~[allure-java-commons-2.22.1.jar:2.22.1]
	at io.qameta.allure.testng.AllureTestNg.stopTestCase(AllureTestNg.java:376) ~[allure-testng-2.22.1.jar:2.22.1]
	at io.qameta.allure.testng.AllureTestNg.onTestFailure(AllureTestNg.java:370) ~[allure-testng-2.22.1.jar:2.22.1]
	at org.testng.internal.TestListenerHelper.runTestListeners(TestListenerHelper.java:108) ~[testng-7.8.0.jar:7.8.0]
	at org.testng.internal.invokers.TestInvoker.runTestResultListener(TestInvoker.java:262) ~[testng-7.8.0.jar:7.8.0]
	at org.testng.internal.invokers.TestInvoker.invokeMethod(TestInvoker.java:751) ~[testng-7.8.0.jar:7.8.0]
	at org.testng.internal.invokers.TestInvoker.invokeTestMethod(TestInvoker.java:227) ~[testng-7.8.0.jar:7.8.0]
	at org.testng.internal.invokers.MethodRunner.runInSequence(MethodRunner.java:50) ~[testng-7.8.0.jar:7.8.0]
	at org.testng.internal.invokers.TestInvoker$MethodInvocationAgent.invoke(TestInvoker.java:957) ~[testng-7.8.0.jar:7.8.0]
	at org.testng.internal.invokers.TestInvoker.invokeTestMethods(TestInvoker.java:200) ~[testng-7.8.0.jar:7.8.0]
	at org.testng.internal.invokers.TestMethodWorker.invokeTestMethods(TestMethodWorker.java:148) ~[testng-7.8.0.jar:7.8.0]
	at org.testng.internal.invokers.TestMethodWorker.run(TestMethodWorker.java:128) ~[testng-7.8.0.jar:7.8.0]
	at java.util.ArrayList.forEach(ArrayList.java:1541) [?:?]
	at org.testng.TestRunner.privateRun(TestRunner.java:848) [testng-7.8.0.jar:7.8.0]
	at org.testng.TestRunner.run(TestRunner.java:621) [testng-7.8.0.jar:7.8.0]
	at org.testng.SuiteRunner.runTest(SuiteRunner.java:443) [testng-7.8.0.jar:7.8.0]
	at org.testng.SuiteRunner.runSequentially(SuiteRunner.java:437) [testng-7.8.0.jar:7.8.0]
	at org.testng.SuiteRunner.privateRun(SuiteRunner.java:397) [testng-7.8.0.jar:7.8.0]
	at org.testng.SuiteRunner.run(SuiteRunner.java:336) [testng-7.8.0.jar:7.8.0]
	at org.testng.SuiteRunnerWorker.runSuite(SuiteRunnerWorker.java:52) [testng-7.8.0.jar:7.8.0]
	at org.testng.SuiteRunnerWorker.run(SuiteRunnerWorker.java:95) [testng-7.8.0.jar:7.8.0]
	at org.testng.TestNG.runSuitesSequentially(TestNG.java:1280) [testng-7.8.0.jar:7.8.0]
	at org.testng.TestNG.runSuitesLocally(TestNG.java:1200) [testng-7.8.0.jar:7.8.0]
	at org.testng.TestNG.runSuites(TestNG.java:1114) [testng-7.8.0.jar:7.8.0]
	at org.testng.TestNG.run(TestNG.java:1082) [testng-7.8.0.jar:7.8.0]
	at org.apache.maven.surefire.testng.TestNGExecutor.run(TestNGExecutor.java:308) [surefire-testng-3.1.2.jar:3.1.2]
	at org.apache.maven.surefire.testng.TestNGXmlTestSuite.execute(TestNGXmlTestSuite.java:71) [surefire-testng-3.1.2.jar:3.1.2]
	at org.apache.maven.surefire.testng.TestNGProvider.invoke(TestNGProvider.java:113) [surefire-testng-3.1.2.jar:3.1.2]
	at org.apache.maven.surefire.booter.ForkedBooter.runSuitesInProcess(ForkedBooter.java:385) [surefire-booter-3.1.2.jar:3.1.2]
	at org.apache.maven.surefire.booter.ForkedBooter.execute(ForkedBooter.java:162) [surefire-booter-3.1.2.jar:3.1.2]
	at org.apache.maven.surefire.booter.ForkedBooter.run(ForkedBooter.java:507) [surefire-booter-3.1.2.jar:3.1.2]
	at org.apache.maven.surefire.booter.ForkedBooter.main(ForkedBooter.java:495) [surefire-booter-3.1.2.jar:3.1.2]
]]></system-out>
    <system-err><![CDATA[Sep 05, 2023 7:51:20 PM org.openqa.selenium.remote.service.DriverService$Builder getLogOutput
INFO: Driver logs no longer sent to console by default; https://www.selenium.dev/documentation/webdriver/drivers/service/#setting-log-output
Sep 05, 2023 7:51:21 PM org.openqa.selenium.devtools.CdpVersionFinder findNearestMatch
WARNING: Unable to find an exact match for CDP version 116, so returning the closest version found: 114
]]></system-err>
  </testcase>
  <testcase name="runScenario[&quot;Verify the end to end flow of International payments with Multiple recipients for NZD corridor&quot;, &quot;End to End International payment flow with Multiple Recipients - NZD&quot;](6)" classname="anhtester.com.runners.OpsTestRunner" time="81.049">
    <failure message="The condition is FALSE. expected [true] but found [false]" type="java.lang.AssertionError"><![CDATA[java.lang.AssertionError: The condition is FALSE. expected [true] but found [false]
	at org.testng.Assert.fail(Assert.java:111)
	at org.testng.Assert.failNotEquals(Assert.java:1578)
	at org.testng.Assert.assertTrue(Assert.java:57)
	at anhtester.com.keywords.WebUI.verifyTrue(WebUI.java:1033)
	at anhtester.com.hubpay.corp.pages.DashboardPage.searchAndVerifyPaymentInTransactionGrid(DashboardPage.java:219)
	at anhtester.com.hubpay.corp.stepdefinitions.DashboardPageStepDefinition.I_search_verify_payment_for_in_the_Transactions_grid(DashboardPageStepDefinition.java:170)
	at ✽.I search and verify payment for "BUSINESS" in the Transactions grid(file:///Users/kanthreddy/wip/Hubpay_QAAutomation/src/test/resources/features/InternationalPayments/InternationalPaymentFlow_MultipleRecipients_NZD.feature:48)
]]></failure>
    <system-out><![CDATA[
@intlmultiplepayments @nzd @multitenor @corp
Scenario Outline: Verify the end to end flow of International payments with Multiple recipients for NZD corridor      # src/test/resources/features/InternationalPayments/InternationalPaymentFlow_MultipleRecipients_NZD.feature:162
[INFO] 05-09-2023 19:52:37 [WebDriverManager] - Using chromedriver 116.0.5845.96 (resolved driver for Chrome 116)
[INFO] 05-09-2023 19:52:37 [WebDriverManager] - Exporting webdriver.chrome.driver as /Users/kanthreddy/.cache/selenium/chromedriver/mac-arm64/116.0.5845.96/chromedriver
[INFO] 05-09-2023 19:52:37 [LogUtils] - Driver in TestContext: ChromeDriver: chrome on mac (643bb5f2ea1a528cfe5a6e7e2ba0ef10)
  Given I setup test data file name for "InternationalPayments_Multiple" "NZD" "60"                                   # anhtester.com.common.CommonSteps.I_create_testdata_file_for(java.lang.String,java.lang.String,java.lang.String)
[INFO] 05-09-2023 19:52:39 [LogUtils] - Open URL: https://corporate-dev.hubpay.ae/auth/signin
[INFO] 05-09-2023 19:52:39 [LogUtils] - Verify element visible By.cssSelector: input[name='username']
[INFO] 05-09-2023 19:52:39 [LogUtils] - Set text sreekanth@hubpay.ae on By.cssSelector: input[name='username']
[INFO] 05-09-2023 19:52:39 [LogUtils] - Verify element visible By.cssSelector: input[name='password']
[INFO] 05-09-2023 19:52:39 [LogUtils] - Set text Passhub@1 on By.cssSelector: input[name='password']
[INFO] 05-09-2023 19:52:39 [LogUtils] - Click on element with JS: By.xpath: //button[text()='Next']
[INFO] 05-09-2023 19:52:42 [LogUtils] - Verify element visible By.xpath: //li[contains(.,'Sign out')]
Login successful
  Given I'm Logged in to the Corp portal                                                                              # anhtester.com.common.CommonSteps.I_enter_credentials_on_CorpSuite_Login_Page()
{COMMON={toCurrencyName=, toCurrencyCode=NZD, fromCurrencyName=UAE Dirham, fromCurrencyCode=AED, toCurrencyWalletBalance=NZD 9615.00, feePerPayment=AED 52.50, processingTime=1-2 business days, fromCurrencyWalletBalance=AED 451393.09, noOfPayments=2, totalReceiveAmount=NZD 70.00, totalAmount=null, totalFees=AED 105.00, totalPayable=AED 258.52, balanceDue=NZD 0.00, expectedPaymentDate=06/09/2023, paymentMethod=SWIFT, provider=CAB, createdAt=Tuesday 5 September 2023, fromCurrencyWalletBalanceAfterPaymentCompleted=null, liveRate=1 NZD = 2.19313 AED, settlementDate=06/09/2023, formatted_settlementDate=null, toCurrencyWalletBalanceAfterSettlementReceived=null, fromCurrencyWalletBalanceAfterSettlementReceived=null, totalSendAmount=AED 153.52, availableFromWalletBalance=AED 258.52, scheduledAt=05/09/2023, toCurrencyWalletBalanceAfterPaymentCompleted=NZD 9615.00}, EXCHANGE={toAmount=70.00, fromAmount=AED 153.52, type=International Exchange, createdAt=Tuesday 5 September 2023, reference=AF-CG6A-541V, orderedAt=05/09/2023, orderSettledAt=05/09/2023, rejectedAt=-, completedAt=05/09/2023, totalFundsDue=AED 258.52, status=Ordered}, BUSINESS={recipientType=Business, toAmount=NZD 50.00, fromAmount=, recipientName=AUTO INTL NZD BUSINESS NAME, addressLineOne=AUTO INTL NZD BUSINESS ADDR ONE, addressLineTwo=AUTO INTL NZD BUSINESS ADDR TWO, city=AUTO INTL NZD BUSINESS ADDR CITY, province=AUTO INTL NZD BUSINESS PROVINCE, postalCode=01234, country=New Zealand, countryCode=NZ, accountNumber=1212341234567123, bicCode=BKNZNZ22, bankCode=null, thirdPartyReference=NZD1234TPR, documentNumber=NZDINV1234, purposeOfPayment=Travel, reference=AP-JLBU-DBQ1, status=Completed, processingStatus=COMPLETED, resultStatus=PAID, scheduledAt=-, submittingAt=05/09/2023, pendingAt=05/09/2023, lastUpdatedAt=05/09/2023, completedAt=05/09/2023, declinedAt=-, declinedBy=-, declinedReason=-, providerStatusCode=200, providerStatusDescription=-, providerAmountPaid=NZD 50.00, providerFeePaid=-, providerTransactionId=-, providerDatePaid=05/09/2023, providerValueDate=-, providerPaymentValueDate=-}, INDIVIDUAL={recipientType=Individual, toAmount=NZD 20.00, fromAmount=, recipientName=AUTO INTL NZD INDIVIDUAL NAME, addressLineOne=AUTO INTL NZD INDV ADDR ONE, addressLineTwo=AUTO INTL NZD INDV ADDR TWO, city=AUTO INTL NZD INDV ADDR CITY, province=AUTO INTL NZD INDV PROVINCE, postalCode=567890, country=New Zealand, countryCode=NZ, accountNumber=1212341234567123, bicCode=BKNZNZ22, bankCode=null, thirdPartyReference=NZD-TPR-INDV-1010, documentNumber=NZD-INV-INDV-1010, purposeOfPayment=Education, reference=AP-NJ4U-I9GI, status=Completed, processingStatus=COMPLETED, resultStatus=PAID, scheduledAt=-, submittingAt=05/09/2023, pendingAt=05/09/2023, lastUpdatedAt=05/09/2023, completedAt=05/09/2023, declinedAt=-, declinedBy=-, declinedReason=-, providerStatusCode=200, providerStatusDescription=-, providerAmountPaid=NZD 20.00, providerFeePaid=-, providerTransactionId=-, providerDatePaid=05/09/2023, providerValueDate=-, providerPaymentValueDate=-}}
[INFO] 05-09-2023 19:52:46 [LogUtils] - Verify element visible By.xpath: //h1[text()='Dashboard']
[INFO] 05-09-2023 19:52:46 [LogUtils] - Verify element visible By.xpath: //h1[text()='Dashboard']
  Then I verify Dashboard page is displayed                                                                           # anhtester.com.hubpay.corp.stepdefinitions.DashboardPageStepDefinition.I_verify_dashboard_page_is_displayed()
I_note_wallet_balance_for_corridor:src/test/resources/testdata/InternationalPayments_Multiple_NZD_60.json
[INFO] 05-09-2023 19:52:48 [LogUtils] - Verify element visible By.xpath: //p[contains(text(),'AED')]
[INFO] 05-09-2023 19:52:48 [LogUtils] - Verify element visible By.xpath: //p[contains(text(),'AED')]
[INFO] 05-09-2023 19:52:48 [LogUtils] - Verify element visible By.xpath: //p[contains(text(),'NZD')]
[INFO] 05-09-2023 19:52:48 [LogUtils] - Verify element visible By.xpath: //p[contains(text(),'NZD')]
  Then I Note the wallet balance of the "AED" and "NZD" on Dashboard page                                             # anhtester.com.hubpay.corp.stepdefinitions.DashboardPageStepDefinition.I_note_wallet_balance_for_corridor(java.lang.String,java.lang.String)
[INFO] 05-09-2023 19:52:48 [LogUtils] - Verify element visible By.xpath: //a[text()='Send international']
[INFO] 05-09-2023 19:52:48 [LogUtils] - Clicked on the element By.xpath: //a[text()='Send international']
[INFO] 05-09-2023 19:52:49 [LogUtils] - Verify element visible By.xpath: //h1[text()='International payment']
  Then I navigate to International Payments page                                                                      # anhtester.com.hubpay.corp.stepdefinitions.DashboardPageStepDefinition.I_navigate_to_international_payments_page()
{COMMON={toCurrencyName=, toCurrencyCode=NZD, fromCurrencyName=UAE Dirham, fromCurrencyCode=AED, toCurrencyWalletBalance=NZD 9,615.00, feePerPayment=AED 52.50, processingTime=1-2 business days, fromCurrencyWalletBalance=AED 450,529.96, noOfPayments=2, totalReceiveAmount=NZD 70.00, totalAmount=null, totalFees=AED 105.00, totalPayable=AED 258.52, balanceDue=NZD 0.00, expectedPaymentDate=06/09/2023, paymentMethod=SWIFT, provider=CAB, createdAt=Tuesday 5 September 2023, fromCurrencyWalletBalanceAfterPaymentCompleted=null, liveRate=1 NZD = 2.19313 AED, settlementDate=06/09/2023, formatted_settlementDate=null, toCurrencyWalletBalanceAfterSettlementReceived=null, fromCurrencyWalletBalanceAfterSettlementReceived=null, totalSendAmount=AED 153.52, availableFromWalletBalance=AED 258.52, scheduledAt=05/09/2023, toCurrencyWalletBalanceAfterPaymentCompleted=NZD 9615.00}, EXCHANGE={toAmount=70.00, fromAmount=AED 153.52, type=International Exchange, createdAt=Tuesday 5 September 2023, reference=AF-CG6A-541V, orderedAt=05/09/2023, orderSettledAt=05/09/2023, rejectedAt=-, completedAt=05/09/2023, totalFundsDue=AED 258.52, status=Ordered}, BUSINESS={recipientType=Business, toAmount=NZD 50.00, fromAmount=, recipientName=AUTO INTL NZD BUSINESS NAME, addressLineOne=AUTO INTL NZD BUSINESS ADDR ONE, addressLineTwo=AUTO INTL NZD BUSINESS ADDR TWO, city=AUTO INTL NZD BUSINESS ADDR CITY, province=AUTO INTL NZD BUSINESS PROVINCE, postalCode=01234, country=New Zealand, countryCode=NZ, accountNumber=1212341234567123, bicCode=BKNZNZ22, bankCode=null, thirdPartyReference=NZD1234TPR, documentNumber=NZDINV1234, purposeOfPayment=Travel, reference=AP-JLBU-DBQ1, status=Completed, processingStatus=COMPLETED, resultStatus=PAID, scheduledAt=-, submittingAt=05/09/2023, pendingAt=05/09/2023, lastUpdatedAt=05/09/2023, completedAt=05/09/2023, declinedAt=-, declinedBy=-, declinedReason=-, providerStatusCode=200, providerStatusDescription=-, providerAmountPaid=NZD 50.00, providerFeePaid=-, providerTransactionId=-, providerDatePaid=05/09/2023, providerValueDate=-, providerPaymentValueDate=-}, INDIVIDUAL={recipientType=Individual, toAmount=NZD 20.00, fromAmount=, recipientName=AUTO INTL NZD INDIVIDUAL NAME, addressLineOne=AUTO INTL NZD INDV ADDR ONE, addressLineTwo=AUTO INTL NZD INDV ADDR TWO, city=AUTO INTL NZD INDV ADDR CITY, province=AUTO INTL NZD INDV PROVINCE, postalCode=567890, country=New Zealand, countryCode=NZ, accountNumber=1212341234567123, bicCode=BKNZNZ22, bankCode=null, thirdPartyReference=NZD-TPR-INDV-1010, documentNumber=NZD-INV-INDV-1010, purposeOfPayment=Education, reference=AP-NJ4U-I9GI, status=Completed, processingStatus=COMPLETED, resultStatus=PAID, scheduledAt=-, submittingAt=05/09/2023, pendingAt=05/09/2023, lastUpdatedAt=05/09/2023, completedAt=05/09/2023, declinedAt=-, declinedBy=-, declinedReason=-, providerStatusCode=200, providerStatusDescription=-, providerAmountPaid=NZD 20.00, providerFeePaid=-, providerTransactionId=-, providerDatePaid=05/09/2023, providerValueDate=-, providerPaymentValueDate=-}}
[INFO] 05-09-2023 19:52:49 [LogUtils] - Verify element visible By.xpath: //h1[text()='Currency']
[INFO] 05-09-2023 19:52:49 [LogUtils] - Verify element visible By.xpath: //p[text()='Select the currency you are sending from and the currency your recipient gets']
[INFO] 05-09-2023 19:52:49 [LogUtils] - Verify element visible By.xpath: //span[text()='Select wallet']/parent::button
  Then I verify default details on International payments page                                                        # anhtester.com.hubpay.corp.stepdefinitions.PaymentsPageStepDefinition.I_verify_defaultdetails_international_payments_page()
[INFO] 05-09-2023 19:53:00 [LogUtils] - Verify element visible By.xpath: //span[text()='Select wallet']/parent::button
[INFO] 05-09-2023 19:53:00 [LogUtils] - Clicked on the element By.xpath: //span[text()='Select wallet']/parent::button
Tag name - div
value - null
innerText -NZD
  When I select "NZD" corridor on International Payments page                                                         # anhtester.com.hubpay.corp.stepdefinitions.PaymentsPageStepDefinition.I_select_corridor_on_international_payments_page(java.lang.String)
{COMMON={toCurrencyName=, toCurrencyCode=NZD, fromCurrencyName=UAE Dirham, fromCurrencyCode=AED, toCurrencyWalletBalance=NZD 9,615.00, feePerPayment=AED 52.50, processingTime=1-2 business days, fromCurrencyWalletBalance=AED 450,529.96, noOfPayments=2, totalReceiveAmount=NZD 70.00, totalAmount=null, totalFees=AED 105.00, totalPayable=AED 258.52, balanceDue=NZD 0.00, expectedPaymentDate=06/09/2023, paymentMethod=SWIFT, provider=CAB, createdAt=Tuesday 5 September 2023, fromCurrencyWalletBalanceAfterPaymentCompleted=null, liveRate=1 NZD = 2.19313 AED, settlementDate=06/09/2023, formatted_settlementDate=null, toCurrencyWalletBalanceAfterSettlementReceived=null, fromCurrencyWalletBalanceAfterSettlementReceived=null, totalSendAmount=AED 153.52, availableFromWalletBalance=AED 258.52, scheduledAt=05/09/2023, toCurrencyWalletBalanceAfterPaymentCompleted=NZD 9615.00}, EXCHANGE={toAmount=70.00, fromAmount=AED 153.52, type=International Exchange, createdAt=Tuesday 5 September 2023, reference=AF-CG6A-541V, orderedAt=05/09/2023, orderSettledAt=05/09/2023, rejectedAt=-, completedAt=05/09/2023, totalFundsDue=AED 258.52, status=Ordered}, BUSINESS={recipientType=Business, toAmount=NZD 50.00, fromAmount=, recipientName=AUTO INTL NZD BUSINESS NAME, addressLineOne=AUTO INTL NZD BUSINESS ADDR ONE, addressLineTwo=AUTO INTL NZD BUSINESS ADDR TWO, city=AUTO INTL NZD BUSINESS ADDR CITY, province=AUTO INTL NZD BUSINESS PROVINCE, postalCode=01234, country=New Zealand, countryCode=NZ, accountNumber=1212341234567123, bicCode=BKNZNZ22, bankCode=null, thirdPartyReference=NZD1234TPR, documentNumber=NZDINV1234, purposeOfPayment=Travel, reference=AP-JLBU-DBQ1, status=Completed, processingStatus=COMPLETED, resultStatus=PAID, scheduledAt=-, submittingAt=05/09/2023, pendingAt=05/09/2023, lastUpdatedAt=05/09/2023, completedAt=05/09/2023, declinedAt=-, declinedBy=-, declinedReason=-, providerStatusCode=200, providerStatusDescription=-, providerAmountPaid=NZD 50.00, providerFeePaid=-, providerTransactionId=-, providerDatePaid=05/09/2023, providerValueDate=-, providerPaymentValueDate=-}, INDIVIDUAL={recipientType=Individual, toAmount=NZD 20.00, fromAmount=, recipientName=AUTO INTL NZD INDIVIDUAL NAME, addressLineOne=AUTO INTL NZD INDV ADDR ONE, addressLineTwo=AUTO INTL NZD INDV ADDR TWO, city=AUTO INTL NZD INDV ADDR CITY, province=AUTO INTL NZD INDV PROVINCE, postalCode=567890, country=New Zealand, countryCode=NZ, accountNumber=1212341234567123, bicCode=BKNZNZ22, bankCode=null, thirdPartyReference=NZD-TPR-INDV-1010, documentNumber=NZD-INV-INDV-1010, purposeOfPayment=Education, reference=AP-NJ4U-I9GI, status=Completed, processingStatus=COMPLETED, resultStatus=PAID, scheduledAt=-, submittingAt=05/09/2023, pendingAt=05/09/2023, lastUpdatedAt=05/09/2023, completedAt=05/09/2023, declinedAt=-, declinedBy=-, declinedReason=-, providerStatusCode=200, providerStatusDescription=-, providerAmountPaid=NZD 20.00, providerFeePaid=-, providerTransactionId=-, providerDatePaid=05/09/2023, providerValueDate=-, providerPaymentValueDate=-}}
[INFO] 05-09-2023 19:53:02 [LogUtils] - Verify element visible By.xpath: //div[contains(text(),'Settlement date')]/preceding-sibling::div//select
  When I select "Next business day" tenor on Exchange page                                                            # anhtester.com.hubpay.corp.stepdefinitions.ExchangePageStepDefinition.I_select_tenor_for_currency_on_exchange_page(java.lang.String)
[INFO] 05-09-2023 19:53:03 [LogUtils] - Verify element visible By.xpath: //div[text()='Live rate']/preceding-sibling::div//div
[INFO] 05-09-2023 19:53:03 [LogUtils] - Verify element visible By.xpath: //div[text()='Live rate']/preceding-sibling::div//div
[INFO] 05-09-2023 19:53:03 [LogUtils] - Verify element visible By.xpath: //div[text()='Live rate']/preceding-sibling::div//div
[INFO] 05-09-2023 19:53:03 [LogUtils] - Verify element visible By.xpath: //div[text()='Live rate']/preceding-sibling::div//div
[INFO] 05-09-2023 19:53:03 [LogUtils] - Verify element visible By.xpath: //div[text()='Live rate']/preceding-sibling::div//div
[INFO] 05-09-2023 19:53:03 [LogUtils] - Verify text of an element [Contains]: true
[INFO] 05-09-2023 19:53:03 [LogUtils] - Verify element visible By.xpath: //div[text()='Live rate']/preceding-sibling::div//div
[INFO] 05-09-2023 19:53:03 [LogUtils] - Verify element visible By.xpath: //div[text()='Live rate']/preceding-sibling::div//div
  Then I verify Live rate is displayed for "NZD" corridor                                                             # anhtester.com.hubpay.corp.stepdefinitions.ExchangePageStepDefinition.I_verify_live_rate_is_displayed_exchange_page(java.lang.String)
[INFO] 05-09-2023 19:53:03 [LogUtils] - Verify element visible By.xpath: //div[text()='Processing time']/preceding-sibling::div
[INFO] 05-09-2023 19:53:03 [LogUtils] - Verify element visible By.xpath: //div[text()='Processing time']/preceding-sibling::div
[INFO] 05-09-2023 19:53:03 [LogUtils] - Verify element visible By.xpath: //div[text()='Processing time']/preceding-sibling::div
[INFO] 05-09-2023 19:53:03 [LogUtils] - Verify text of an element [Equals]: true
[INFO] 05-09-2023 19:53:03 [LogUtils] - Verify element visible By.xpath: //div[text()='Processing time']/preceding-sibling::div
[INFO] 05-09-2023 19:53:03 [LogUtils] - Verify element visible By.xpath: //div[text()='Processing time']/preceding-sibling::div
[INFO] 05-09-2023 19:53:03 [LogUtils] - Verify element visible By.xpath: //div[text()='Processing time']/preceding-sibling::div
[INFO] 05-09-2023 19:53:03 [LogUtils] - Verify element visible By.xpath: //div[text()='Processing time']/preceding-sibling::div
[INFO] 05-09-2023 19:53:03 [LogUtils] - Verify element visible By.xpath: //div[text()='Processing time']/preceding-sibling::div
[INFO] 05-09-2023 19:53:03 [LogUtils] - Verify element visible By.xpath: //div[text()='Processing time']/preceding-sibling::div
[INFO] 05-09-2023 19:53:03 [LogUtils] - Verify element visible By.xpath: //div[text()='Live rate']/preceding-sibling::div//div
[INFO] 05-09-2023 19:53:04 [LogUtils] - Verify element visible By.xpath: //div[text()='Live rate']/preceding-sibling::div//div
[INFO] 05-09-2023 19:53:04 [LogUtils] - Verify element visible By.xpath: //div[contains(text(),'Settlement date')]/span
[INFO] 05-09-2023 19:53:04 [LogUtils] - Verify element visible By.xpath: //div[contains(text(),'Settlement date')]/span
  Then I verify "1-2 business days" for the "NZD" Payments                                                            # anhtester.com.hubpay.corp.stepdefinitions.PaymentsPageStepDefinition.I_verify_processingtime_for_the_payments(java.lang.String,java.lang.String)
[INFO] 05-09-2023 19:53:04 [LogUtils] - Click on element with JS: By.xpath: //button[contains(.,'Next')][contains(@class,'text-primary-foreground')]
[INFO] 05-09-2023 19:53:05 [LogUtils] - Verify element visible By.xpath: //h1[text()='Add the recipients & the amounts you wish to send']
  When I click "Next" button on "Payments" page                                                                       # anhtester.com.hubpay.corp.stepdefinitions.ExchangePageStepDefinition.I_click_button_on_exchange_page(java.lang.String,java.lang.String)
[INFO] 05-09-2023 19:53:05 [LogUtils] - Verify element visible By.xpath: //button[contains(.,'Add individual or business')][contains(@class,'ring-offset-background bg-violet')]
[INFO] 05-09-2023 19:53:05 [LogUtils] - Verify element visible By.xpath: //button[contains(.,'Add individual or business')][contains(@class,'ring-offset-background bg-violet')]
[INFO] 05-09-2023 19:53:05 [LogUtils] - Clicked on the element By.xpath: //button[contains(.,'Add individual or business')][contains(@class,'ring-offset-background bg-violet')]
  When I click "Add individual or business" button on "Payments" page                                                 # anhtester.com.hubpay.corp.stepdefinitions.ExchangePageStepDefinition.I_click_button_on_exchange_page(java.lang.String,java.lang.String)
[INFO] 05-09-2023 19:53:05 [LogUtils] - Verify element visible By.xpath: //div[.='Add new recipient']/parent::div[@role='dialog']
[INFO] 05-09-2023 19:53:05 [LogUtils] - Verify element visible By.xpath: //div[.='Add new recipient']/parent::div[@role='dialog']
  Then I verify Add a new recipient form is displayed                                                                 # anhtester.com.hubpay.corp.stepdefinitions.PaymentsPageStepDefinition.I_verify_add_new_recipient_form_displayed()
[INFO] 05-09-2023 19:53:05 [LogUtils] - Verify element visible By.xpath: //button[text()='Business'][@type='button']
[INFO] 05-09-2023 19:53:05 [LogUtils] - Clicked on the element By.xpath: //button[text()='Business'][@type='button']
[INFO] 05-09-2023 19:53:05 [LogUtils] - Verify element visible By.xpath: //button[text()='Business'][@type='button']
  When I choose "BUSINESS" on Add a new recipient form                                                                # anhtester.com.hubpay.corp.stepdefinitions.PaymentsPageStepDefinition.I_choose_on_Add_new_recipient_form(java.lang.String)
{COMMON={toCurrencyName=, toCurrencyCode=NZD, fromCurrencyName=UAE Dirham, fromCurrencyCode=AED, toCurrencyWalletBalance=NZD 9,615.00, feePerPayment=AED 52.50, processingTime=1-2 business days, fromCurrencyWalletBalance=AED 450,529.96, noOfPayments=2, totalReceiveAmount=NZD 70.00, totalAmount=null, totalFees=AED 105.00, totalPayable=AED 258.52, balanceDue=NZD 0.00, expectedPaymentDate=06/09/2023, paymentMethod=SWIFT, provider=CAB, createdAt=Tuesday 5 September 2023, fromCurrencyWalletBalanceAfterPaymentCompleted=null, liveRate=1 NZD = 2.19222 AED, settlementDate=06/09/2023, formatted_settlementDate=null, toCurrencyWalletBalanceAfterSettlementReceived=null, fromCurrencyWalletBalanceAfterSettlementReceived=null, totalSendAmount=AED 153.52, availableFromWalletBalance=AED 258.52, scheduledAt=05/09/2023, toCurrencyWalletBalanceAfterPaymentCompleted=NZD 9615.00}, EXCHANGE={toAmount=70.00, fromAmount=AED 153.52, type=International Exchange, createdAt=Tuesday 5 September 2023, reference=AF-CG6A-541V, orderedAt=05/09/2023, orderSettledAt=05/09/2023, rejectedAt=-, completedAt=05/09/2023, totalFundsDue=AED 258.52, status=Ordered}, BUSINESS={recipientType=Business, toAmount=NZD 50.00, fromAmount=, recipientName=AUTO INTL NZD BUSINESS NAME, addressLineOne=AUTO INTL NZD BUSINESS ADDR ONE, addressLineTwo=AUTO INTL NZD BUSINESS ADDR TWO, city=AUTO INTL NZD BUSINESS ADDR CITY, province=AUTO INTL NZD BUSINESS PROVINCE, postalCode=01234, country=New Zealand, countryCode=NZ, accountNumber=1212341234567123, bicCode=BKNZNZ22, bankCode=null, thirdPartyReference=NZD1234TPR, documentNumber=NZDINV1234, purposeOfPayment=Travel, reference=AP-JLBU-DBQ1, status=Completed, processingStatus=COMPLETED, resultStatus=PAID, scheduledAt=-, submittingAt=05/09/2023, pendingAt=05/09/2023, lastUpdatedAt=05/09/2023, completedAt=05/09/2023, declinedAt=-, declinedBy=-, declinedReason=-, providerStatusCode=200, providerStatusDescription=-, providerAmountPaid=NZD 50.00, providerFeePaid=-, providerTransactionId=-, providerDatePaid=05/09/2023, providerValueDate=-, providerPaymentValueDate=-}, INDIVIDUAL={recipientType=Individual, toAmount=NZD 20.00, fromAmount=, recipientName=AUTO INTL NZD INDIVIDUAL NAME, addressLineOne=AUTO INTL NZD INDV ADDR ONE, addressLineTwo=AUTO INTL NZD INDV ADDR TWO, city=AUTO INTL NZD INDV ADDR CITY, province=AUTO INTL NZD INDV PROVINCE, postalCode=567890, country=New Zealand, countryCode=NZ, accountNumber=1212341234567123, bicCode=BKNZNZ22, bankCode=null, thirdPartyReference=NZD-TPR-INDV-1010, documentNumber=NZD-INV-INDV-1010, purposeOfPayment=Education, reference=AP-NJ4U-I9GI, status=Completed, processingStatus=COMPLETED, resultStatus=PAID, scheduledAt=-, submittingAt=05/09/2023, pendingAt=05/09/2023, lastUpdatedAt=05/09/2023, completedAt=05/09/2023, declinedAt=-, declinedBy=-, declinedReason=-, providerStatusCode=200, providerStatusDescription=-, providerAmountPaid=NZD 20.00, providerFeePaid=-, providerTransactionId=-, providerDatePaid=05/09/2023, providerValueDate=-, providerPaymentValueDate=-}}
[INFO] 05-09-2023 19:53:05 [LogUtils] - Verify element visible By.xpath: //label[text()='Enter payment amount']/preceding-sibling::input
[INFO] 05-09-2023 19:53:05 [LogUtils] - Set text 50.00 on By.xpath: //label[text()='Enter payment amount']/preceding-sibling::input
[INFO] 05-09-2023 19:53:05 [LogUtils] - Verify element visible By.xpath: //label[text()='Full Registered business name']/preceding-sibling::input
[INFO] 05-09-2023 19:53:05 [LogUtils] - Set text AUTO INTL NZD BUSINESS NAME on By.xpath: //label[text()='Full Registered business name']/preceding-sibling::input
[INFO] 05-09-2023 19:53:05 [LogUtils] - Verify element visible By.xpath: //label[text()='First line of address']/preceding-sibling::input
[INFO] 05-09-2023 19:53:05 [LogUtils] - Set text AUTO INTL NZD BUSINESS ADDR ONE on By.xpath: //label[text()='First line of address']/preceding-sibling::input
[INFO] 05-09-2023 19:53:05 [LogUtils] - Verify element visible By.xpath: //label[text()='Second line of address']/preceding-sibling::input
[INFO] 05-09-2023 19:53:05 [LogUtils] - Set text AUTO INTL NZD BUSINESS ADDR TWO on By.xpath: //label[text()='Second line of address']/preceding-sibling::input
[INFO] 05-09-2023 19:53:05 [LogUtils] - Verify element visible By.xpath: //button[text()='Country']
[INFO] 05-09-2023 19:53:06 [LogUtils] - Clicked on the element By.xpath: //button[text()='Country']
[INFO] 05-09-2023 19:53:06 [LogUtils] - Verify element visible By.xpath: //button[text()='Country']/following-sibling::div//input
[INFO] 05-09-2023 19:53:06 [LogUtils] - Set text New Zealand on By.xpath: //button[text()='Country']/following-sibling::div//input
[INFO] 05-09-2023 19:53:06 [LogUtils] - Verify element visible By.xpath: //span[text()='New Zealand']
[INFO] 05-09-2023 19:53:06 [LogUtils] - Clicked on the element By.xpath: //span[text()='New Zealand']
[INFO] 05-09-2023 19:53:06 [LogUtils] - Verify element visible By.xpath: //label[text()='Province']/preceding-sibling::input
[INFO] 05-09-2023 19:53:06 [LogUtils] - Set text AUTO INTL NZD BUSINESS PROVINCE on By.xpath: //label[text()='Province']/preceding-sibling::input
[INFO] 05-09-2023 19:53:06 [LogUtils] - Verify element visible By.xpath: //label[text()='City']/preceding-sibling::input
[INFO] 05-09-2023 19:53:06 [LogUtils] - Set text AUTO INTL NZD BUSINESS ADDR CITY on By.xpath: //label[text()='City']/preceding-sibling::input
[INFO] 05-09-2023 19:53:06 [LogUtils] - Verify element visible By.xpath: //label[text()='Postal/Zip code']/preceding-sibling::input
[INFO] 05-09-2023 19:53:06 [LogUtils] - Set text 01234 on By.xpath: //label[text()='Postal/Zip code']/preceding-sibling::input
[INFO] 05-09-2023 19:53:06 [LogUtils] - Verify element visible By.xpath: //label[text()='SWIFT/BIC code']/preceding-sibling::input
[INFO] 05-09-2023 19:53:06 [LogUtils] - Set text BKNZNZ22 on By.xpath: //label[text()='SWIFT/BIC code']/preceding-sibling::input
[INFO] 05-09-2023 19:53:06 [LogUtils] - Verify element visible By.xpath: //label[text()='Invoice/Document ID']/preceding-sibling::input
[INFO] 05-09-2023 19:53:06 [LogUtils] - Set text NZDINV1234 on By.xpath: //label[text()='Invoice/Document ID']/preceding-sibling::input
[INFO] 05-09-2023 19:53:06 [LogUtils] - Verify element visible By.xpath: //label[text()='Third party reference']/preceding-sibling::input
[INFO] 05-09-2023 19:53:06 [LogUtils] - Set text NZD1234TPR on By.xpath: //label[text()='Third party reference']/preceding-sibling::input
[INFO] 05-09-2023 19:53:06 [LogUtils] - Verify element visible By.xpath: //button[text()='Purpose of payment']
[INFO] 05-09-2023 19:53:06 [LogUtils] - Clicked on the element By.xpath: //button[text()='Purpose of payment']
[INFO] 05-09-2023 19:53:07 [LogUtils] - Verify element visible By.xpath: //button[text()='Purpose of payment']/following-sibling::div//input
[INFO] 05-09-2023 19:53:07 [LogUtils] - Set text Travel on By.xpath: //button[text()='Purpose of payment']/following-sibling::div//input
[INFO] 05-09-2023 19:53:07 [LogUtils] - Verify element visible By.xpath: //span[text()='Travel']
[INFO] 05-09-2023 19:53:07 [LogUtils] - Clicked on the element By.xpath: //span[text()='Travel']
[INFO] 05-09-2023 19:53:07 [LogUtils] - Verify element visible By.xpath: //label[text()='Account number']/preceding-sibling::input
[INFO] 05-09-2023 19:53:07 [LogUtils] - Set text 1212341234567123 on By.xpath: //label[text()='Account number']/preceding-sibling::input
  When I enter "BUSINESS" details for "BUSINESS" recipient on Add a new recipient form                                # anhtester.com.hubpay.corp.stepdefinitions.PaymentsPageStepDefinition.I_enter_details_for_recipent_on_Add_new_recipient_form(java.lang.String,java.lang.String)
[INFO] 05-09-2023 19:53:07 [LogUtils] - Scroll to element By.xpath: //button[text()='Next']
[INFO] 05-09-2023 19:53:07 [LogUtils] - Click on element with JS: By.xpath: //button[text()='Next']
[INFO] 05-09-2023 19:53:07 [LogUtils] - Verify element visible By.xpath: //h1[text()='Add the recipients & the amounts you wish to send']
  When I save recipient details entered on Add a new recipient form                                                   # anhtester.com.hubpay.corp.stepdefinitions.PaymentsPageStepDefinition.I_save_recipient_details_entered_Add_new_recipient_form()
[INFO] 05-09-2023 19:53:08 [LogUtils] - Verify element visible By.xpath: //*[text()='Recipient added']
[INFO] 05-09-2023 19:53:08 [LogUtils] - Verify element visible By.xpath: //*[text()='Recipient added']
  Then I verify "Recipient added" toast message is displayed                                                          # anhtester.com.hubpay.corp.stepdefinitions.PaymentsPageStepDefinition.I_verify_toast_message_is_displayed(java.lang.String)
[INFO] 05-09-2023 19:53:15 [LogUtils] - Verify element visible By.xpath: //table//tr[@class='border-b']
[INFO] 05-09-2023 19:53:15 [LogUtils] - Verify TRUE: true
[INFO] 05-09-2023 19:53:15 [LogUtils] - Verify TRUE: true
[INFO] 05-09-2023 19:53:15 [LogUtils] - Verify TRUE: true
[INFO] 05-09-2023 19:53:15 [LogUtils] - Verify TRUE: true
  Then I verify "BUSINESS" details in row "1" in Recipients grid on Payments & Recipients step                        # anhtester.com.hubpay.corp.stepdefinitions.PaymentsPageStepDefinition.I_verify_details_in_row_in_recipientsgrid_on_paymentsrecipients_step(java.lang.String,java.lang.String)
[INFO] 05-09-2023 19:53:15 [LogUtils] - Verify element visible By.xpath: //button[contains(.,'Add individual or business')][contains(@class,'ring-offset-background bg-violet')]
[INFO] 05-09-2023 19:53:15 [LogUtils] - Verify element visible By.xpath: //button[contains(.,'Add individual or business')][contains(@class,'ring-offset-background bg-violet')]
[INFO] 05-09-2023 19:53:15 [LogUtils] - Clicked on the element By.xpath: //button[contains(.,'Add individual or business')][contains(@class,'ring-offset-background bg-violet')]
  When I click "Add individual or business" button on "Payments" page                                                 # anhtester.com.hubpay.corp.stepdefinitions.ExchangePageStepDefinition.I_click_button_on_exchange_page(java.lang.String,java.lang.String)
[INFO] 05-09-2023 19:53:15 [LogUtils] - Verify element visible By.xpath: //button[text()='Individual'][@type='button']
[INFO] 05-09-2023 19:53:15 [LogUtils] - Clicked on the element By.xpath: //button[text()='Individual'][@type='button']
[INFO] 05-09-2023 19:53:15 [LogUtils] - Verify element visible By.xpath: //button[text()='Individual'][@type='button']
  When I choose "INDIVIDUAL" on Add a new recipient form                                                              # anhtester.com.hubpay.corp.stepdefinitions.PaymentsPageStepDefinition.I_choose_on_Add_new_recipient_form(java.lang.String)
{COMMON={toCurrencyName=, toCurrencyCode=NZD, fromCurrencyName=UAE Dirham, fromCurrencyCode=AED, toCurrencyWalletBalance=NZD 9,615.00, feePerPayment=AED 52.50, processingTime=1-2 business days, fromCurrencyWalletBalance=AED 450,529.96, noOfPayments=2, totalReceiveAmount=NZD 70.00, totalAmount=null, totalFees=AED 105.00, totalPayable=AED 258.52, balanceDue=NZD 0.00, expectedPaymentDate=06/09/2023, paymentMethod=SWIFT, provider=CAB, createdAt=Tuesday 5 September 2023, fromCurrencyWalletBalanceAfterPaymentCompleted=null, liveRate=1 NZD = 2.19222 AED, settlementDate=06/09/2023, formatted_settlementDate=null, toCurrencyWalletBalanceAfterSettlementReceived=null, fromCurrencyWalletBalanceAfterSettlementReceived=null, totalSendAmount=AED 153.52, availableFromWalletBalance=AED 258.52, scheduledAt=05/09/2023, toCurrencyWalletBalanceAfterPaymentCompleted=NZD 9615.00}, EXCHANGE={toAmount=70.00, fromAmount=AED 153.52, type=International Exchange, createdAt=Tuesday 5 September 2023, reference=AF-CG6A-541V, orderedAt=05/09/2023, orderSettledAt=05/09/2023, rejectedAt=-, completedAt=05/09/2023, totalFundsDue=AED 258.52, status=Ordered}, BUSINESS={recipientType=Business, toAmount=NZD 50.00, fromAmount=, recipientName=AUTO INTL NZD BUSINESS NAME, addressLineOne=AUTO INTL NZD BUSINESS ADDR ONE, addressLineTwo=AUTO INTL NZD BUSINESS ADDR TWO, city=AUTO INTL NZD BUSINESS ADDR CITY, province=AUTO INTL NZD BUSINESS PROVINCE, postalCode=01234, country=New Zealand, countryCode=NZ, accountNumber=1212341234567123, bicCode=BKNZNZ22, bankCode=null, thirdPartyReference=NZD1234TPR, documentNumber=NZDINV1234, purposeOfPayment=Travel, reference=AP-JLBU-DBQ1, status=Completed, processingStatus=COMPLETED, resultStatus=PAID, scheduledAt=-, submittingAt=05/09/2023, pendingAt=05/09/2023, lastUpdatedAt=05/09/2023, completedAt=05/09/2023, declinedAt=-, declinedBy=-, declinedReason=-, providerStatusCode=200, providerStatusDescription=-, providerAmountPaid=NZD 50.00, providerFeePaid=-, providerTransactionId=-, providerDatePaid=05/09/2023, providerValueDate=-, providerPaymentValueDate=-}, INDIVIDUAL={recipientType=Individual, toAmount=NZD 20.00, fromAmount=, recipientName=AUTO INTL NZD INDIVIDUAL NAME, addressLineOne=AUTO INTL NZD INDV ADDR ONE, addressLineTwo=AUTO INTL NZD INDV ADDR TWO, city=AUTO INTL NZD INDV ADDR CITY, province=AUTO INTL NZD INDV PROVINCE, postalCode=567890, country=New Zealand, countryCode=NZ, accountNumber=1212341234567123, bicCode=BKNZNZ22, bankCode=null, thirdPartyReference=NZD-TPR-INDV-1010, documentNumber=NZD-INV-INDV-1010, purposeOfPayment=Education, reference=AP-NJ4U-I9GI, status=Completed, processingStatus=COMPLETED, resultStatus=PAID, scheduledAt=-, submittingAt=05/09/2023, pendingAt=05/09/2023, lastUpdatedAt=05/09/2023, completedAt=05/09/2023, declinedAt=-, declinedBy=-, declinedReason=-, providerStatusCode=200, providerStatusDescription=-, providerAmountPaid=NZD 20.00, providerFeePaid=-, providerTransactionId=-, providerDatePaid=05/09/2023, providerValueDate=-, providerPaymentValueDate=-}}
[INFO] 05-09-2023 19:53:15 [LogUtils] - Verify element visible By.xpath: //label[text()='Enter payment amount']/preceding-sibling::input
[INFO] 05-09-2023 19:53:15 [LogUtils] - Set text 20.00 on By.xpath: //label[text()='Enter payment amount']/preceding-sibling::input
[INFO] 05-09-2023 19:53:15 [LogUtils] - Verify element visible By.xpath: //label[text()='Full legal name']/preceding-sibling::input
[INFO] 05-09-2023 19:53:15 [LogUtils] - Set text AUTO INTL NZD INDIVIDUAL NAME on By.xpath: //label[text()='Full legal name']/preceding-sibling::input
[INFO] 05-09-2023 19:53:15 [LogUtils] - Verify element visible By.xpath: //label[text()='First line of address']/preceding-sibling::input
[INFO] 05-09-2023 19:53:15 [LogUtils] - Set text AUTO INTL NZD INDV ADDR ONE on By.xpath: //label[text()='First line of address']/preceding-sibling::input
[INFO] 05-09-2023 19:53:15 [LogUtils] - Verify element visible By.xpath: //label[text()='Second line of address']/preceding-sibling::input
[INFO] 05-09-2023 19:53:15 [LogUtils] - Set text AUTO INTL NZD INDV ADDR TWO on By.xpath: //label[text()='Second line of address']/preceding-sibling::input
[INFO] 05-09-2023 19:53:15 [LogUtils] - Verify element visible By.xpath: //button[text()='Country']
[INFO] 05-09-2023 19:53:15 [LogUtils] - Clicked on the element By.xpath: //button[text()='Country']
[INFO] 05-09-2023 19:53:15 [LogUtils] - Verify element visible By.xpath: //button[text()='Country']/following-sibling::div//input
[INFO] 05-09-2023 19:53:15 [LogUtils] - Set text New Zealand on By.xpath: //button[text()='Country']/following-sibling::div//input
[INFO] 05-09-2023 19:53:15 [LogUtils] - Verify element visible By.xpath: //span[text()='New Zealand']
[INFO] 05-09-2023 19:53:15 [LogUtils] - Clicked on the element By.xpath: //span[text()='New Zealand']
[INFO] 05-09-2023 19:53:15 [LogUtils] - Verify element visible By.xpath: //label[text()='Province']/preceding-sibling::input
[INFO] 05-09-2023 19:53:16 [LogUtils] - Set text AUTO INTL NZD INDV PROVINCE on By.xpath: //label[text()='Province']/preceding-sibling::input
[INFO] 05-09-2023 19:53:16 [LogUtils] - Verify element visible By.xpath: //label[text()='City']/preceding-sibling::input
[INFO] 05-09-2023 19:53:16 [LogUtils] - Set text AUTO INTL NZD INDV ADDR CITY on By.xpath: //label[text()='City']/preceding-sibling::input
[INFO] 05-09-2023 19:53:16 [LogUtils] - Verify element visible By.xpath: //label[text()='Postal/Zip code']/preceding-sibling::input
[INFO] 05-09-2023 19:53:16 [LogUtils] - Set text 567890 on By.xpath: //label[text()='Postal/Zip code']/preceding-sibling::input
[INFO] 05-09-2023 19:53:16 [LogUtils] - Verify element visible By.xpath: //label[text()='SWIFT/BIC code']/preceding-sibling::input
[INFO] 05-09-2023 19:53:16 [LogUtils] - Set text BKNZNZ22 on By.xpath: //label[text()='SWIFT/BIC code']/preceding-sibling::input
[INFO] 05-09-2023 19:53:16 [LogUtils] - Verify element visible By.xpath: //label[text()='Invoice/Document ID']/preceding-sibling::input
[INFO] 05-09-2023 19:53:16 [LogUtils] - Set text NZD-INV-INDV-1010 on By.xpath: //label[text()='Invoice/Document ID']/preceding-sibling::input
[INFO] 05-09-2023 19:53:16 [LogUtils] - Verify element visible By.xpath: //label[text()='Third party reference']/preceding-sibling::input
[INFO] 05-09-2023 19:53:16 [LogUtils] - Set text NZD-TPR-INDV-1010 on By.xpath: //label[text()='Third party reference']/preceding-sibling::input
[INFO] 05-09-2023 19:53:16 [LogUtils] - Verify element visible By.xpath: //button[text()='Purpose of payment']
[INFO] 05-09-2023 19:53:16 [LogUtils] - Clicked on the element By.xpath: //button[text()='Purpose of payment']
[INFO] 05-09-2023 19:53:17 [LogUtils] - Verify element visible By.xpath: //button[text()='Purpose of payment']/following-sibling::div//input
[INFO] 05-09-2023 19:53:17 [LogUtils] - Set text Education on By.xpath: //button[text()='Purpose of payment']/following-sibling::div//input
[INFO] 05-09-2023 19:53:17 [LogUtils] - Verify element visible By.xpath: //span[text()='Education']
[INFO] 05-09-2023 19:53:17 [LogUtils] - Clicked on the element By.xpath: //span[text()='Education']
[INFO] 05-09-2023 19:53:17 [LogUtils] - Verify element visible By.xpath: //label[text()='Account number']/preceding-sibling::input
[INFO] 05-09-2023 19:53:17 [LogUtils] - Set text 1212341234567123 on By.xpath: //label[text()='Account number']/preceding-sibling::input
  When I enter "INDIVIDUAL" details for "INDIVIDUAL" recipient on Add a new recipient form                            # anhtester.com.hubpay.corp.stepdefinitions.PaymentsPageStepDefinition.I_enter_details_for_recipent_on_Add_new_recipient_form(java.lang.String,java.lang.String)
[INFO] 05-09-2023 19:53:17 [LogUtils] - Scroll to element By.xpath: //button[text()='Next']
[INFO] 05-09-2023 19:53:17 [LogUtils] - Click on element with JS: By.xpath: //button[text()='Next']
[INFO] 05-09-2023 19:53:17 [LogUtils] - Verify element visible By.xpath: //h1[text()='Add the recipients & the amounts you wish to send']
  When I save recipient details entered on Add a new recipient form                                                   # anhtester.com.hubpay.corp.stepdefinitions.PaymentsPageStepDefinition.I_save_recipient_details_entered_Add_new_recipient_form()
[INFO] 05-09-2023 19:53:19 [LogUtils] - Verify element visible By.xpath: //*[text()='Recipient added']
[INFO] 05-09-2023 19:53:19 [LogUtils] - Verify element visible By.xpath: //*[text()='Recipient added']
  Then I verify "Recipient added" toast message is displayed                                                          # anhtester.com.hubpay.corp.stepdefinitions.PaymentsPageStepDefinition.I_verify_toast_message_is_displayed(java.lang.String)
[INFO] 05-09-2023 19:53:24 [LogUtils] - Verify element visible By.xpath: //table//tr[@class='border-b']
[INFO] 05-09-2023 19:53:24 [LogUtils] - Verify TRUE: true
[INFO] 05-09-2023 19:53:24 [LogUtils] - Verify TRUE: true
[INFO] 05-09-2023 19:53:24 [LogUtils] - Verify TRUE: true
[INFO] 05-09-2023 19:53:24 [LogUtils] - Verify TRUE: true
  Then I verify "INDIVIDUAL" details in row "2" in Recipients grid on Payments & Recipients step                      # anhtester.com.hubpay.corp.stepdefinitions.PaymentsPageStepDefinition.I_verify_details_in_row_in_recipientsgrid_on_paymentsrecipients_step(java.lang.String,java.lang.String)
{COMMON={toCurrencyName=, toCurrencyCode=NZD, fromCurrencyName=UAE Dirham, fromCurrencyCode=AED, toCurrencyWalletBalance=NZD 9,615.00, feePerPayment=AED 52.50, processingTime=1-2 business days, fromCurrencyWalletBalance=AED 450,529.96, noOfPayments=2, totalReceiveAmount=NZD 70.00, totalAmount=null, totalFees=AED 105.00, totalPayable=AED 258.52, balanceDue=NZD 0.00, expectedPaymentDate=06/09/2023, paymentMethod=SWIFT, provider=CAB, createdAt=Tuesday 5 September 2023, fromCurrencyWalletBalanceAfterPaymentCompleted=null, liveRate=1 NZD = 2.19222 AED, settlementDate=06/09/2023, formatted_settlementDate=null, toCurrencyWalletBalanceAfterSettlementReceived=null, fromCurrencyWalletBalanceAfterSettlementReceived=null, totalSendAmount=AED 153.52, availableFromWalletBalance=AED 258.52, scheduledAt=05/09/2023, toCurrencyWalletBalanceAfterPaymentCompleted=NZD 9615.00}, EXCHANGE={toAmount=70.00, fromAmount=AED 153.52, type=International Exchange, createdAt=Tuesday 5 September 2023, reference=AF-CG6A-541V, orderedAt=05/09/2023, orderSettledAt=05/09/2023, rejectedAt=-, completedAt=05/09/2023, totalFundsDue=AED 258.52, status=Ordered}, BUSINESS={recipientType=Business, toAmount=NZD 50.00, fromAmount=, recipientName=AUTO INTL NZD BUSINESS NAME, addressLineOne=AUTO INTL NZD BUSINESS ADDR ONE, addressLineTwo=AUTO INTL NZD BUSINESS ADDR TWO, city=AUTO INTL NZD BUSINESS ADDR CITY, province=AUTO INTL NZD BUSINESS PROVINCE, postalCode=01234, country=New Zealand, countryCode=NZ, accountNumber=1212341234567123, bicCode=BKNZNZ22, bankCode=null, thirdPartyReference=NZD1234TPR, documentNumber=NZDINV1234, purposeOfPayment=Travel, reference=AP-JLBU-DBQ1, status=Completed, processingStatus=COMPLETED, resultStatus=PAID, scheduledAt=-, submittingAt=05/09/2023, pendingAt=05/09/2023, lastUpdatedAt=05/09/2023, completedAt=05/09/2023, declinedAt=-, declinedBy=-, declinedReason=-, providerStatusCode=200, providerStatusDescription=-, providerAmountPaid=NZD 50.00, providerFeePaid=-, providerTransactionId=-, providerDatePaid=05/09/2023, providerValueDate=-, providerPaymentValueDate=-}, INDIVIDUAL={recipientType=Individual, toAmount=NZD 20.00, fromAmount=, recipientName=AUTO INTL NZD INDIVIDUAL NAME, addressLineOne=AUTO INTL NZD INDV ADDR ONE, addressLineTwo=AUTO INTL NZD INDV ADDR TWO, city=AUTO INTL NZD INDV ADDR CITY, province=AUTO INTL NZD INDV PROVINCE, postalCode=567890, country=New Zealand, countryCode=NZ, accountNumber=1212341234567123, bicCode=BKNZNZ22, bankCode=null, thirdPartyReference=NZD-TPR-INDV-1010, documentNumber=NZD-INV-INDV-1010, purposeOfPayment=Education, reference=AP-NJ4U-I9GI, status=Completed, processingStatus=COMPLETED, resultStatus=PAID, scheduledAt=-, submittingAt=05/09/2023, pendingAt=05/09/2023, lastUpdatedAt=05/09/2023, completedAt=05/09/2023, declinedAt=-, declinedBy=-, declinedReason=-, providerStatusCode=200, providerStatusDescription=-, providerAmountPaid=NZD 20.00, providerFeePaid=-, providerTransactionId=-, providerDatePaid=05/09/2023, providerValueDate=-, providerPaymentValueDate=-}}
Before calculate:{COMMON={toCurrencyName=, toCurrencyCode=NZD, fromCurrencyName=UAE Dirham, fromCurrencyCode=AED, toCurrencyWalletBalance=NZD 9,615.00, feePerPayment=AED 52.50, processingTime=1-2 business days, fromCurrencyWalletBalance=AED 450,529.96, noOfPayments=2, totalReceiveAmount=NZD 70.00, totalAmount=null, totalFees=AED 105.00, totalPayable=AED 258.52, balanceDue=NZD 0.00, expectedPaymentDate=06/09/2023, paymentMethod=SWIFT, provider=CAB, createdAt=Tuesday 5 September 2023, fromCurrencyWalletBalanceAfterPaymentCompleted=null, liveRate=1 NZD = 2.19222 AED, settlementDate=06/09/2023, formatted_settlementDate=null, toCurrencyWalletBalanceAfterSettlementReceived=null, fromCurrencyWalletBalanceAfterSettlementReceived=null, totalSendAmount=AED 153.52, availableFromWalletBalance=AED 258.52, scheduledAt=05/09/2023, toCurrencyWalletBalanceAfterPaymentCompleted=NZD 9615.00}, EXCHANGE={toAmount=70.00, fromAmount=AED 153.52, type=International Exchange, createdAt=Tuesday 5 September 2023, reference=AF-CG6A-541V, orderedAt=05/09/2023, orderSettledAt=05/09/2023, rejectedAt=-, completedAt=05/09/2023, totalFundsDue=AED 258.52, status=Ordered}, BUSINESS={recipientType=Business, toAmount=NZD 50.00, fromAmount=, recipientName=AUTO INTL NZD BUSINESS NAME, addressLineOne=AUTO INTL NZD BUSINESS ADDR ONE, addressLineTwo=AUTO INTL NZD BUSINESS ADDR TWO, city=AUTO INTL NZD BUSINESS ADDR CITY, province=AUTO INTL NZD BUSINESS PROVINCE, postalCode=01234, country=New Zealand, countryCode=NZ, accountNumber=1212341234567123, bicCode=BKNZNZ22, bankCode=null, thirdPartyReference=NZD1234TPR, documentNumber=NZDINV1234, purposeOfPayment=Travel, reference=AP-JLBU-DBQ1, status=Completed, processingStatus=COMPLETED, resultStatus=PAID, scheduledAt=-, submittingAt=05/09/2023, pendingAt=05/09/2023, lastUpdatedAt=05/09/2023, completedAt=05/09/2023, declinedAt=-, declinedBy=-, declinedReason=-, providerStatusCode=200, providerStatusDescription=-, providerAmountPaid=NZD 50.00, providerFeePaid=-, providerTransactionId=-, providerDatePaid=05/09/2023, providerValueDate=-, providerPaymentValueDate=-}, INDIVIDUAL={recipientType=Individual, toAmount=NZD 20.00, fromAmount=, recipientName=AUTO INTL NZD INDIVIDUAL NAME, addressLineOne=AUTO INTL NZD INDV ADDR ONE, addressLineTwo=AUTO INTL NZD INDV ADDR TWO, city=AUTO INTL NZD INDV ADDR CITY, province=AUTO INTL NZD INDV PROVINCE, postalCode=567890, country=New Zealand, countryCode=NZ, accountNumber=1212341234567123, bicCode=BKNZNZ22, bankCode=null, thirdPartyReference=NZD-TPR-INDV-1010, documentNumber=NZD-INV-INDV-1010, purposeOfPayment=Education, reference=AP-NJ4U-I9GI, status=Completed, processingStatus=COMPLETED, resultStatus=PAID, scheduledAt=-, submittingAt=05/09/2023, pendingAt=05/09/2023, lastUpdatedAt=05/09/2023, completedAt=05/09/2023, declinedAt=-, declinedBy=-, declinedReason=-, providerStatusCode=200, providerStatusDescription=-, providerAmountPaid=NZD 20.00, providerFeePaid=-, providerTransactionId=-, providerDatePaid=05/09/2023, providerValueDate=-, providerPaymentValueDate=-}}
No of Payments:2
[INFO] 05-09-2023 19:53:24 [LogUtils] - Verify element visible By.xpath: //div[contains(text(),'Rate:')]/following-sibling::div
[INFO] 05-09-2023 19:53:24 [LogUtils] - Verify element visible By.xpath: //div[contains(text(),'Rate:')]/following-sibling::div
[INFO] 05-09-2023 19:53:24 [LogUtils] - Verify element visible By.xpath: //div[contains(text(),' Rate:')]/following-sibling::div
[INFO] 05-09-2023 19:53:24 [LogUtils] - Verify element visible By.xpath: //div[contains(text(),' Rate:')]/following-sibling::div
After calculate:{COMMON={toCurrencyName=, toCurrencyCode=NZD, fromCurrencyName=UAE Dirham, fromCurrencyCode=AED, toCurrencyWalletBalance=NZD 9,615.00, feePerPayment=AED 52.50, processingTime=1-2 business days, fromCurrencyWalletBalance=AED 450,529.96, noOfPayments=2, totalReceiveAmount=NZD 70.00, totalAmount=null, totalFees=AED 105.00, totalPayable=AED 258.46, balanceDue=NZD 0.00, expectedPaymentDate=06/09/2023, paymentMethod=SWIFT, provider=CAB, createdAt=Tuesday 5 September 2023, fromCurrencyWalletBalanceAfterPaymentCompleted=null, liveRate=1 NZD = 2.19232 AED, settlementDate=06/09/2023, formatted_settlementDate=null, toCurrencyWalletBalanceAfterSettlementReceived=null, fromCurrencyWalletBalanceAfterSettlementReceived=null, totalSendAmount=AED 153.46, availableFromWalletBalance=AED 258.46, scheduledAt=05/09/2023, toCurrencyWalletBalanceAfterPaymentCompleted=NZD 9615.00}, EXCHANGE={toAmount=70.00, fromAmount=AED 153.52, type=International Exchange, createdAt=Tuesday 5 September 2023, reference=AF-CG6A-541V, orderedAt=05/09/2023, orderSettledAt=05/09/2023, rejectedAt=-, completedAt=05/09/2023, totalFundsDue=AED 258.52, status=Ordered}, BUSINESS={recipientType=Business, toAmount=NZD 50.00, fromAmount=, recipientName=AUTO INTL NZD BUSINESS NAME, addressLineOne=AUTO INTL NZD BUSINESS ADDR ONE, addressLineTwo=AUTO INTL NZD BUSINESS ADDR TWO, city=AUTO INTL NZD BUSINESS ADDR CITY, province=AUTO INTL NZD BUSINESS PROVINCE, postalCode=01234, country=New Zealand, countryCode=NZ, accountNumber=1212341234567123, bicCode=BKNZNZ22, bankCode=null, thirdPartyReference=NZD1234TPR, documentNumber=NZDINV1234, purposeOfPayment=Travel, reference=AP-JLBU-DBQ1, status=Completed, processingStatus=COMPLETED, resultStatus=PAID, scheduledAt=-, submittingAt=05/09/2023, pendingAt=05/09/2023, lastUpdatedAt=05/09/2023, completedAt=05/09/2023, declinedAt=-, declinedBy=-, declinedReason=-, providerStatusCode=200, providerStatusDescription=-, providerAmountPaid=NZD 50.00, providerFeePaid=-, providerTransactionId=-, providerDatePaid=05/09/2023, providerValueDate=-, providerPaymentValueDate=-}, INDIVIDUAL={recipientType=Individual, toAmount=NZD 20.00, fromAmount=, recipientName=AUTO INTL NZD INDIVIDUAL NAME, addressLineOne=AUTO INTL NZD INDV ADDR ONE, addressLineTwo=AUTO INTL NZD INDV ADDR TWO, city=AUTO INTL NZD INDV ADDR CITY, province=AUTO INTL NZD INDV PROVINCE, postalCode=567890, country=New Zealand, countryCode=NZ, accountNumber=1212341234567123, bicCode=BKNZNZ22, bankCode=null, thirdPartyReference=NZD-TPR-INDV-1010, documentNumber=NZD-INV-INDV-1010, purposeOfPayment=Education, reference=AP-NJ4U-I9GI, status=Completed, processingStatus=COMPLETED, resultStatus=PAID, scheduledAt=-, submittingAt=05/09/2023, pendingAt=05/09/2023, lastUpdatedAt=05/09/2023, completedAt=05/09/2023, declinedAt=-, declinedBy=-, declinedReason=-, providerStatusCode=200, providerStatusDescription=-, providerAmountPaid=NZD 20.00, providerFeePaid=-, providerTransactionId=-, providerDatePaid=05/09/2023, providerValueDate=-, providerPaymentValueDate=-}}
  Then I calculate the payment details for the recipients added for "International payments"                          # anhtester.com.hubpay.corp.stepdefinitions.PaymentsPageStepDefinition.I_calculate_the_paymentdetails_for_the_recipients_added(java.lang.String)
[INFO] 05-09-2023 19:53:25 [LogUtils] - Verify element visible By.xpath: //div[contains(@class,'flex-col') and contains(@class,'items-start')]/span[@class='truncate']
[INFO] 05-09-2023 19:53:25 [LogUtils] - Verify element visible By.xpath: //div[contains(@class,'flex-col') and contains(@class,'items-start')]/span[@class='truncate']
[INFO] 05-09-2023 19:53:25 [LogUtils] - Verify element visible By.xpath: //div[contains(@class,'flex-col') and contains(@class,'items-start')]/span[@class='truncate']
[INFO] 05-09-2023 19:53:25 [LogUtils] - Verify element visible By.xpath: //div[contains(@class,'flex-col') and contains(@class,'items-start')]/span[2]
[INFO] 05-09-2023 19:53:25 [LogUtils] - Verify element visible By.xpath: //div[contains(@class,'flex-col') and contains(@class,'items-start')]/span[2]
[INFO] 05-09-2023 19:53:25 [LogUtils] - Verify element visible By.xpath: //div[contains(@class,'flex-col') and contains(@class,'items-start')]/span[2]
[INFO] 05-09-2023 19:53:25 [LogUtils] - Verify element visible By.xpath: //span[text()='Balance']/following-sibling::span
[INFO] 05-09-2023 19:53:25 [LogUtils] - Verify element visible By.xpath: //span[text()='Balance']/following-sibling::span
[INFO] 05-09-2023 19:53:25 [LogUtils] - Verify element visible By.xpath: //span[text()='Balance']/following-sibling::span
[INFO] 05-09-2023 19:53:25 [LogUtils] - Verify element visible By.xpath: //div[text()='Total payments:']/following-sibling::div
[INFO] 05-09-2023 19:53:25 [LogUtils] - Verify element visible By.xpath: //div[text()='Total payments:']/following-sibling::div
[INFO] 05-09-2023 19:53:25 [LogUtils] - Verify element visible By.xpath: //div[text()='Total payments:']/following-sibling::div
[INFO] 05-09-2023 19:53:25 [LogUtils] - Verify element visible By.xpath: //div[text()='Total payments:']/following-sibling::div
[INFO] 05-09-2023 19:53:25 [LogUtils] - Verify element visible By.xpath: //div[contains(text(),'Rate:')]/following-sibling::div
[INFO] 05-09-2023 19:53:25 [LogUtils] - Verify element visible By.xpath: //div[contains(text(),'Rate:')]/following-sibling::div
[INFO] 05-09-2023 19:53:25 [LogUtils] - Verify element visible By.xpath: //div[contains(text(),'Rate:')]/following-sibling::div
[INFO] 05-09-2023 19:53:25 [LogUtils] - Verify element visible By.xpath: //div[text()='Receivable amount (buy):']/following-sibling::div
[INFO] 05-09-2023 19:53:26 [LogUtils] - Verify element visible By.xpath: //div[text()='Receivable amount (buy):']/following-sibling::div
[INFO] 05-09-2023 19:53:26 [LogUtils] - Verify element visible By.xpath: //div[text()='Receivable amount (buy):']/following-sibling::div
[INFO] 05-09-2023 19:53:26 [LogUtils] - Verify element visible By.xpath: //div[contains(text(),'Payment fees (Incl. 5% VAT):')]/following-sibling::div
[INFO] 05-09-2023 19:53:26 [LogUtils] - Verify element visible By.xpath: //div[contains(text(),'Payment fees (Incl. 5% VAT):')]/following-sibling::div
[INFO] 05-09-2023 19:53:26 [LogUtils] - Verify element visible By.xpath: //div[contains(text(),'Payment fees (Incl. 5% VAT):')]/following-sibling::div
[INFO] 05-09-2023 19:53:26 [LogUtils] - Verify element visible By.xpath: //div[contains(text(),'Send amount (sell):')]/following-sibling::div
[INFO] 05-09-2023 19:53:26 [LogUtils] - Verify element visible By.xpath: //div[contains(text(),'Send amount (sell):')]/following-sibling::div
[INFO] 05-09-2023 19:53:26 [LogUtils] - Verify element visible By.xpath: //div[contains(text(),'Send amount (sell):')]/following-sibling::div
[INFO] 05-09-2023 19:53:26 [LogUtils] - Verify element visible By.xpath: //div[text()='Total payable:']/following-sibling::div
[INFO] 05-09-2023 19:53:26 [LogUtils] - Verify element visible By.xpath: //div[text()='Total payable:']/following-sibling::div
[INFO] 05-09-2023 19:53:26 [LogUtils] - Verify element visible By.xpath: //div[text()='Total payable:']/following-sibling::div
  Then I verify payment details under checkout section in Payments & Recipients step on "International Payments" page # anhtester.com.hubpay.corp.stepdefinitions.PaymentsPageStepDefinition.I_verify_paymentdetails_under_checkout_payments_recipients_step(java.lang.String)
[INFO] 05-09-2023 19:53:26 [LogUtils] - Verify element visible By.xpath: //button[contains(.,'Checkout')][contains(@class,'text-primary-foreground')]
[INFO] 05-09-2023 19:53:26 [LogUtils] - Verify element visible By.xpath: //button[contains(.,'Checkout')][contains(@class,'text-primary-foreground')]
[INFO] 05-09-2023 19:53:26 [LogUtils] - Clicked on the element By.xpath: //button[contains(.,'Checkout')][contains(@class,'text-primary-foreground')]
  When I click "Checkout" button on "Payments" page                                                                   # anhtester.com.hubpay.corp.stepdefinitions.ExchangePageStepDefinition.I_click_button_on_exchange_page(java.lang.String,java.lang.String)
{COMMON={toCurrencyName=, toCurrencyCode=NZD, fromCurrencyName=UAE Dirham, fromCurrencyCode=AED, toCurrencyWalletBalance=NZD 9,615.00, feePerPayment=AED 52.50, processingTime=1-2 business days, fromCurrencyWalletBalance=AED 450,529.96, noOfPayments=2, totalReceiveAmount=NZD 70.00, totalAmount=null, totalFees=AED 105.00, totalPayable=AED 258.46, balanceDue=NZD 0.00, expectedPaymentDate=06/09/2023, paymentMethod=SWIFT, provider=CAB, createdAt=Tuesday 5 September 2023, fromCurrencyWalletBalanceAfterPaymentCompleted=null, liveRate=1 NZD = 2.19232 AED, settlementDate=06/09/2023, formatted_settlementDate=null, toCurrencyWalletBalanceAfterSettlementReceived=null, fromCurrencyWalletBalanceAfterSettlementReceived=null, totalSendAmount=AED 153.46, availableFromWalletBalance=AED 258.46, scheduledAt=05/09/2023, toCurrencyWalletBalanceAfterPaymentCompleted=NZD 9615.00}, EXCHANGE={toAmount=70.00, fromAmount=AED 153.52, type=International Exchange, createdAt=Tuesday 5 September 2023, reference=AF-CG6A-541V, orderedAt=05/09/2023, orderSettledAt=05/09/2023, rejectedAt=-, completedAt=05/09/2023, totalFundsDue=AED 258.52, status=Ordered}, BUSINESS={recipientType=Business, toAmount=NZD 50.00, fromAmount=, recipientName=AUTO INTL NZD BUSINESS NAME, addressLineOne=AUTO INTL NZD BUSINESS ADDR ONE, addressLineTwo=AUTO INTL NZD BUSINESS ADDR TWO, city=AUTO INTL NZD BUSINESS ADDR CITY, province=AUTO INTL NZD BUSINESS PROVINCE, postalCode=01234, country=New Zealand, countryCode=NZ, accountNumber=1212341234567123, bicCode=BKNZNZ22, bankCode=null, thirdPartyReference=NZD1234TPR, documentNumber=NZDINV1234, purposeOfPayment=Travel, reference=AP-JLBU-DBQ1, status=Completed, processingStatus=COMPLETED, resultStatus=PAID, scheduledAt=-, submittingAt=05/09/2023, pendingAt=05/09/2023, lastUpdatedAt=05/09/2023, completedAt=05/09/2023, declinedAt=-, declinedBy=-, declinedReason=-, providerStatusCode=200, providerStatusDescription=-, providerAmountPaid=NZD 50.00, providerFeePaid=-, providerTransactionId=-, providerDatePaid=05/09/2023, providerValueDate=-, providerPaymentValueDate=-}, INDIVIDUAL={recipientType=Individual, toAmount=NZD 20.00, fromAmount=, recipientName=AUTO INTL NZD INDIVIDUAL NAME, addressLineOne=AUTO INTL NZD INDV ADDR ONE, addressLineTwo=AUTO INTL NZD INDV ADDR TWO, city=AUTO INTL NZD INDV ADDR CITY, province=AUTO INTL NZD INDV PROVINCE, postalCode=567890, country=New Zealand, countryCode=NZ, accountNumber=1212341234567123, bicCode=BKNZNZ22, bankCode=null, thirdPartyReference=NZD-TPR-INDV-1010, documentNumber=NZD-INV-INDV-1010, purposeOfPayment=Education, reference=AP-NJ4U-I9GI, status=Completed, processingStatus=COMPLETED, resultStatus=PAID, scheduledAt=-, submittingAt=05/09/2023, pendingAt=05/09/2023, lastUpdatedAt=05/09/2023, completedAt=05/09/2023, declinedAt=-, declinedBy=-, declinedReason=-, providerStatusCode=200, providerStatusDescription=-, providerAmountPaid=NZD 20.00, providerFeePaid=-, providerTransactionId=-, providerDatePaid=05/09/2023, providerValueDate=-, providerPaymentValueDate=-}}
[INFO] 05-09-2023 19:53:26 [LogUtils] - Verify element visible By.xpath: //*[@data-icon='arrowRight']/following-sibling::span//div[contains(@class,'items-start')]
[INFO] 05-09-2023 19:53:26 [LogUtils] - Verify element visible By.xpath: //*[@data-icon='arrowRight']/following-sibling::span//div[contains(@class,'items-start')]
[INFO] 05-09-2023 19:53:26 [LogUtils] - Verify TRUE: true
[INFO] 05-09-2023 19:53:26 [LogUtils] - Verify element visible By.xpath: //*[@data-icon='arrowRight']/preceding-sibling::span//div[contains(@class,'items-start')]
[INFO] 05-09-2023 19:53:26 [LogUtils] - Verify element visible By.xpath: //*[@data-icon='arrowRight']/preceding-sibling::span//div[contains(@class,'items-start')]
[INFO] 05-09-2023 19:53:26 [LogUtils] - Verify TRUE: true
[INFO] 05-09-2023 19:53:26 [LogUtils] - Verify element visible By.xpath: //div[contains(.,'Processing time')][@class='flex items-center']/preceding-sibling::div
[INFO] 05-09-2023 19:53:26 [LogUtils] - Verify element visible By.xpath: //div[contains(.,'Processing time')][@class='flex items-center']/preceding-sibling::div
[INFO] 05-09-2023 19:53:26 [LogUtils] - Verify element visible By.xpath: //div[contains(.,'Processing time')][@class='flex items-center']/preceding-sibling::div
[INFO] 05-09-2023 19:53:26 [LogUtils] - Verify text of an element [Equals]: true
[INFO] 05-09-2023 19:53:26 [LogUtils] - Verify element visible By.xpath: //div[contains(.,'Processing time')][@class='flex items-center']/preceding-sibling::div
[INFO] 05-09-2023 19:53:26 [LogUtils] - Verify element visible By.xpath: //div[contains(.,'Processing time')][@class='flex items-center']/preceding-sibling::div
[INFO] 05-09-2023 19:53:26 [LogUtils] - Verify element visible By.xpath: //div[contains(.,'Processing time')][@class='flex items-center']/preceding-sibling::div
[INFO] 05-09-2023 19:53:26 [LogUtils] - Verify element visible By.xpath: //div[contains(.,'Processing time')][@class='flex items-center']/preceding-sibling::div
[INFO] 05-09-2023 19:53:26 [LogUtils] - Verify element visible By.xpath: //div[contains(.,'Processing time')][@class='flex items-center']/preceding-sibling::div
[INFO] 05-09-2023 19:53:26 [LogUtils] - Verify element visible By.xpath: //div[contains(.,'Processing time')][@class='flex items-center']/preceding-sibling::div
[INFO] 05-09-2023 19:53:26 [LogUtils] - Verify element visible By.xpath: //div[.='Balance due date']/preceding-sibling::div
[INFO] 05-09-2023 19:53:26 [LogUtils] - Verify element visible By.xpath: //div[.='Balance due date']/preceding-sibling::div
[INFO] 05-09-2023 19:53:27 [LogUtils] - Verify element visible By.xpath: //div[.='Balance due date']/preceding-sibling::div
[INFO] 05-09-2023 19:53:27 [LogUtils] - Verify text of an element [Equals]: true
[INFO] 05-09-2023 19:53:27 [LogUtils] - Verify element visible By.xpath: //div[.='Balance due date']/preceding-sibling::div
[INFO] 05-09-2023 19:53:27 [LogUtils] - Verify element visible By.xpath: //div[.='Balance due date']/preceding-sibling::div
[INFO] 05-09-2023 19:53:27 [LogUtils] - Verify element visible By.xpath: //div[.='Balance due date']/preceding-sibling::div
[INFO] 05-09-2023 19:53:27 [LogUtils] - Verify element visible By.xpath: //div[.='Balance due date']/preceding-sibling::div
[INFO] 05-09-2023 19:53:27 [LogUtils] - Verify element visible By.xpath: //div[.='Balance due date']/preceding-sibling::div
[INFO] 05-09-2023 19:53:27 [LogUtils] - Verify element visible By.xpath: //div[.='Balance due date']/preceding-sibling::div
[INFO] 05-09-2023 19:53:27 [LogUtils] - Verify element visible By.xpath: //button[@id='confirm']/following-sibling::label
[INFO] 05-09-2023 19:53:27 [LogUtils] - Verify element visible By.xpath: //button[@id='confirm']/following-sibling::label
[INFO] 05-09-2023 19:53:27 [LogUtils] - Verify element visible By.xpath: //button[@id='confirm']/following-sibling::label
[INFO] 05-09-2023 19:53:27 [LogUtils] - Verify text of an element [Contains]: true
[INFO] 05-09-2023 19:53:27 [LogUtils] - Verify element visible By.xpath: //button[@id='confirm']/following-sibling::label
[INFO] 05-09-2023 19:53:27 [LogUtils] - Verify element visible By.xpath: //button[@id='confirm']/following-sibling::label
[INFO] 05-09-2023 19:53:27 [LogUtils] - Verify element visible By.xpath: //button[@id='confirm']/following-sibling::label
[INFO] 05-09-2023 19:53:27 [LogUtils] - Verify element visible By.xpath: //button[@id='confirm']/following-sibling::label
[INFO] 05-09-2023 19:53:27 [LogUtils] - Verify element visible By.xpath: //button[@id='confirm']/following-sibling::label
[INFO] 05-09-2023 19:53:27 [LogUtils] - Verify text of an element [Contains]: true
[INFO] 05-09-2023 19:53:27 [LogUtils] - Verify element visible By.xpath: //button[@id='confirm']/following-sibling::label
[INFO] 05-09-2023 19:53:27 [LogUtils] - Verify element visible By.xpath: //button[@id='confirm']/following-sibling::label
[INFO] 05-09-2023 19:53:38 [LogUtils] - Verify element visible By.xpath: //button[contains(@class,'bg-primary text-primary-foreground')][text()='Refresh rate']
[INFO] 05-09-2023 19:53:38 [LogUtils] - Verify element visible By.xpath: //button[contains(@class,'bg-primary text-primary-foreground')][text()='Refresh rate']
[INFO] 05-09-2023 19:53:38 [LogUtils] - Clicked on the element By.xpath: //button[contains(@class,'bg-primary text-primary-foreground')][text()='Refresh rate']
[INFO] 05-09-2023 19:53:39 [LogUtils] - Verify element visible By.xpath: //div[contains(text(),'Rate:')]/following-sibling::div
[INFO] 05-09-2023 19:53:39 [LogUtils] - Verify element visible By.xpath: //div[contains(text(),'Rate:')]/following-sibling::div
[INFO] 05-09-2023 19:53:39 [LogUtils] - Verify element visible By.xpath: //div[contains(text(),' Rate:')]/following-sibling::div
[INFO] 05-09-2023 19:53:39 [LogUtils] - Verify element visible By.xpath: //div[contains(text(),' Rate:')]/following-sibling::div
[INFO] 05-09-2023 19:53:40 [LogUtils] - Verify element visible By.xpath: //div[contains(text(),'Rate:')]/following-sibling::div
[INFO] 05-09-2023 19:53:40 [LogUtils] - Verify element visible By.xpath: //div[contains(text(),'Rate:')]/following-sibling::div
[INFO] 05-09-2023 19:53:40 [LogUtils] - Verify element visible By.xpath: //div[contains(text(),'Rate:')]/following-sibling::div
[INFO] 05-09-2023 19:53:40 [LogUtils] - Verify element visible By.xpath: //div[text()='Receivable amount (buy):']/following-sibling::div
[INFO] 05-09-2023 19:53:40 [LogUtils] - Verify element visible By.xpath: //div[text()='Receivable amount (buy):']/following-sibling::div
[INFO] 05-09-2023 19:53:40 [LogUtils] - Verify element visible By.xpath: //div[text()='Receivable amount (buy):']/following-sibling::div
[INFO] 05-09-2023 19:53:40 [LogUtils] - Verify element visible By.xpath: //div[contains(text(),'Payment fees (Incl. 5% VAT):')]/following-sibling::div
[INFO] 05-09-2023 19:53:40 [LogUtils] - Verify element visible By.xpath: //div[contains(text(),'Payment fees (Incl. 5% VAT):')]/following-sibling::div
[INFO] 05-09-2023 19:53:40 [LogUtils] - Verify element visible By.xpath: //div[contains(text(),'Payment fees (Incl. 5% VAT):')]/following-sibling::div
[INFO] 05-09-2023 19:53:41 [LogUtils] - Verify element visible By.xpath: //div[contains(text(),'Send amount (sell):')]/following-sibling::div
[INFO] 05-09-2023 19:53:41 [LogUtils] - Verify element visible By.xpath: //div[contains(text(),'Send amount (sell):')]/following-sibling::div
[INFO] 05-09-2023 19:53:41 [LogUtils] - Verify element visible By.xpath: //div[contains(text(),'Send amount (sell):')]/following-sibling::div
[INFO] 05-09-2023 19:53:41 [LogUtils] - Verify element visible By.xpath: //div[text()='Total payable:']/following-sibling::div
[INFO] 05-09-2023 19:53:41 [LogUtils] - Verify element visible By.xpath: //div[text()='Total payable:']/following-sibling::div
[INFO] 05-09-2023 19:53:41 [LogUtils] - Verify element visible By.xpath: //div[text()='Total payable:']/following-sibling::div
[INFO] 05-09-2023 19:53:41 [LogUtils] - Verify element visible By.xpath: //div[text()='Available from Wallet balance:']/following-sibling::div
[INFO] 05-09-2023 19:53:41 [LogUtils] - Verify element visible By.xpath: //div[text()='Available from Wallet balance:']/following-sibling::div
[INFO] 05-09-2023 19:53:41 [LogUtils] - Verify element visible By.xpath: //div[text()='Available from Wallet balance:']/following-sibling::div
[INFO] 05-09-2023 19:53:41 [LogUtils] - Verify element visible By.xpath: //div[text()='Balance due:']/following-sibling::div
[INFO] 05-09-2023 19:53:41 [LogUtils] - Verify element visible By.xpath: //div[text()='Balance due:']/following-sibling::div
[INFO] 05-09-2023 19:53:41 [LogUtils] - Verify element visible By.xpath: //div[text()='Balance due:']/following-sibling::div
  Then I refresh rate and verify payment details in Review & confirm step for "International payments"                # anhtester.com.hubpay.corp.stepdefinitions.PaymentsPageStepDefinition.I_refresh_rate_and_verify_paymentdetails_in_review_confirm_payments_page(java.lang.String)
[INFO] 05-09-2023 19:53:41 [LogUtils] - Verify element visible By.xpath: //button[@id='confirm']
[INFO] 05-09-2023 19:53:41 [LogUtils] - Clicked on the element By.xpath: //button[@id='confirm']
  When I "check" consent checkbox on "International payments" page                                                    # anhtester.com.hubpay.corp.stepdefinitions.ExchangePageStepDefinition.I_consent_checkbox_exchange_page(java.lang.String,java.lang.String)
[INFO] 05-09-2023 19:53:41 [LogUtils] - Verify element visible By.xpath: //button[contains(.,'Confirm Payment')][contains(@class,'text-primary-foreground')]
[INFO] 05-09-2023 19:53:41 [LogUtils] - Verify element visible By.xpath: //button[contains(.,'Confirm Payment')][contains(@class,'text-primary-foreground')]
[INFO] 05-09-2023 19:53:41 [LogUtils] - Clicked on the element By.xpath: //button[contains(.,'Confirm Payment')][contains(@class,'text-primary-foreground')]
  When I click "Confirm Payment" button on "International Payments" page                                              # anhtester.com.hubpay.corp.stepdefinitions.ExchangePageStepDefinition.I_click_button_on_exchange_page(java.lang.String,java.lang.String)
{COMMON={toCurrencyName=, toCurrencyCode=NZD, fromCurrencyName=UAE Dirham, fromCurrencyCode=AED, toCurrencyWalletBalance=NZD 9,615.00, feePerPayment=AED 52.50, processingTime=1-2 business days, fromCurrencyWalletBalance=AED 450,529.96, noOfPayments=2, totalReceiveAmount=NZD 70.00, totalAmount=null, totalFees=AED 105.00, totalPayable=AED 258.48, balanceDue=NZD 0.00, expectedPaymentDate=06/09/2023, paymentMethod=SWIFT, provider=CAB, createdAt=Tuesday 5 September 2023, fromCurrencyWalletBalanceAfterPaymentCompleted=null, liveRate=1 NZD = 2.19252 AED, settlementDate=06/09/2023, formatted_settlementDate=null, toCurrencyWalletBalanceAfterSettlementReceived=null, fromCurrencyWalletBalanceAfterSettlementReceived=null, totalSendAmount=AED 153.48, availableFromWalletBalance=AED 258.48, scheduledAt=05/09/2023, toCurrencyWalletBalanceAfterPaymentCompleted=NZD 9615.00}, EXCHANGE={toAmount=70.00, fromAmount=AED 153.52, type=International Exchange, createdAt=Tuesday 5 September 2023, reference=AF-CG6A-541V, orderedAt=05/09/2023, orderSettledAt=05/09/2023, rejectedAt=-, completedAt=05/09/2023, totalFundsDue=AED 258.52, status=Ordered}, BUSINESS={recipientType=Business, toAmount=NZD 50.00, fromAmount=, recipientName=AUTO INTL NZD BUSINESS NAME, addressLineOne=AUTO INTL NZD BUSINESS ADDR ONE, addressLineTwo=AUTO INTL NZD BUSINESS ADDR TWO, city=AUTO INTL NZD BUSINESS ADDR CITY, province=AUTO INTL NZD BUSINESS PROVINCE, postalCode=01234, country=New Zealand, countryCode=NZ, accountNumber=1212341234567123, bicCode=BKNZNZ22, bankCode=null, thirdPartyReference=NZD1234TPR, documentNumber=NZDINV1234, purposeOfPayment=Travel, reference=AP-JLBU-DBQ1, status=Completed, processingStatus=COMPLETED, resultStatus=PAID, scheduledAt=-, submittingAt=05/09/2023, pendingAt=05/09/2023, lastUpdatedAt=05/09/2023, completedAt=05/09/2023, declinedAt=-, declinedBy=-, declinedReason=-, providerStatusCode=200, providerStatusDescription=-, providerAmountPaid=NZD 50.00, providerFeePaid=-, providerTransactionId=-, providerDatePaid=05/09/2023, providerValueDate=-, providerPaymentValueDate=-}, INDIVIDUAL={recipientType=Individual, toAmount=NZD 20.00, fromAmount=, recipientName=AUTO INTL NZD INDIVIDUAL NAME, addressLineOne=AUTO INTL NZD INDV ADDR ONE, addressLineTwo=AUTO INTL NZD INDV ADDR TWO, city=AUTO INTL NZD INDV ADDR CITY, province=AUTO INTL NZD INDV PROVINCE, postalCode=567890, country=New Zealand, countryCode=NZ, accountNumber=1212341234567123, bicCode=BKNZNZ22, bankCode=null, thirdPartyReference=NZD-TPR-INDV-1010, documentNumber=NZD-INV-INDV-1010, purposeOfPayment=Education, reference=AP-NJ4U-I9GI, status=Completed, processingStatus=COMPLETED, resultStatus=PAID, scheduledAt=-, submittingAt=05/09/2023, pendingAt=05/09/2023, lastUpdatedAt=05/09/2023, completedAt=05/09/2023, declinedAt=-, declinedBy=-, declinedReason=-, providerStatusCode=200, providerStatusDescription=-, providerAmountPaid=NZD 20.00, providerFeePaid=-, providerTransactionId=-, providerDatePaid=05/09/2023, providerValueDate=-, providerPaymentValueDate=-}}
[INFO] 05-09-2023 19:53:47 [LogUtils] - Verify element visible By.xpath: //p[text()='Total amount (incl. fee)']/following-sibling::p
[INFO] 05-09-2023 19:53:47 [LogUtils] - Verify element visible By.xpath: //p[text()='Total amount (incl. fee)']/following-sibling::p
[INFO] 05-09-2023 19:53:47 [LogUtils] - Verify element visible By.xpath: //p[text()='Total amount (incl. fee)']/following-sibling::p
[INFO] 05-09-2023 19:53:48 [LogUtils] - Verify element visible By.xpath: //p[text()='Settlement due date']/following-sibling::p
[INFO] 05-09-2023 19:53:48 [LogUtils] - Verify element visible By.xpath: //p[text()='Settlement due date']/following-sibling::p
[INFO] 05-09-2023 19:53:48 [LogUtils] - Verify element visible By.xpath: //p[text()='Settlement due date']/following-sibling::p
[INFO] 05-09-2023 19:53:48 [LogUtils] - Verify element visible By.xpath: //p[text()='Settlement due date']/following-sibling::p
[INFO] 05-09-2023 19:53:48 [LogUtils] - Verify element visible By.xpath: //p[text()='Settlement due date']/following-sibling::p
[INFO] 05-09-2023 19:53:48 [LogUtils] - Verify element visible By.xpath: //p[text()='Settlement due date']/following-sibling::p
[INFO] 05-09-2023 19:53:48 [LogUtils] - Verify element visible By.xpath: //p[contains(text(),'Expected payment')][contains(text(),'date')]/following-sibling::p
[INFO] 05-09-2023 19:53:48 [LogUtils] - Verify element visible By.xpath: //p[contains(text(),'Expected payment')][contains(text(),'date')]/following-sibling::p
After submission and write to file:{COMMON={toCurrencyName=, toCurrencyCode=NZD, fromCurrencyName=UAE Dirham, fromCurrencyCode=AED, toCurrencyWalletBalance=NZD 9,615.00, feePerPayment=AED 52.50, processingTime=1-2 business days, fromCurrencyWalletBalance=AED 450,529.96, noOfPayments=2, totalReceiveAmount=NZD 70.00, totalAmount=null, totalFees=AED 105.00, totalPayable=AED 258.48, balanceDue=NZD 0.00, expectedPaymentDate=06/09/2023, paymentMethod=SWIFT, provider=CAB, createdAt=Tuesday 5 September 2023, fromCurrencyWalletBalanceAfterPaymentCompleted=null, liveRate=1 NZD = 2.19252 AED, settlementDate=06/09/2023, formatted_settlementDate=null, toCurrencyWalletBalanceAfterSettlementReceived=null, fromCurrencyWalletBalanceAfterSettlementReceived=null, totalSendAmount=AED 153.48, availableFromWalletBalance=AED 258.48, scheduledAt=05/09/2023, toCurrencyWalletBalanceAfterPaymentCompleted=NZD 9615.00}, EXCHANGE={toAmount=70.00, fromAmount=AED 153.52, type=International Exchange, createdAt=Tuesday 5 September 2023, reference=AF-CG6A-541V, orderedAt=05/09/2023, orderSettledAt=05/09/2023, rejectedAt=-, completedAt=05/09/2023, totalFundsDue=AED 258.52, status=Ordered}, BUSINESS={recipientType=Business, toAmount=NZD 50.00, fromAmount=, recipientName=AUTO INTL NZD BUSINESS NAME, addressLineOne=AUTO INTL NZD BUSINESS ADDR ONE, addressLineTwo=AUTO INTL NZD BUSINESS ADDR TWO, city=AUTO INTL NZD BUSINESS ADDR CITY, province=AUTO INTL NZD BUSINESS PROVINCE, postalCode=01234, country=New Zealand, countryCode=NZ, accountNumber=1212341234567123, bicCode=BKNZNZ22, bankCode=null, thirdPartyReference=NZD1234TPR, documentNumber=NZDINV1234, purposeOfPayment=Travel, reference=AP-JLBU-DBQ1, status=Completed, processingStatus=COMPLETED, resultStatus=PAID, scheduledAt=-, submittingAt=05/09/2023, pendingAt=05/09/2023, lastUpdatedAt=05/09/2023, completedAt=05/09/2023, declinedAt=-, declinedBy=-, declinedReason=-, providerStatusCode=200, providerStatusDescription=-, providerAmountPaid=NZD 50.00, providerFeePaid=-, providerTransactionId=-, providerDatePaid=05/09/2023, providerValueDate=-, providerPaymentValueDate=-}, INDIVIDUAL={recipientType=Individual, toAmount=NZD 20.00, fromAmount=, recipientName=AUTO INTL NZD INDIVIDUAL NAME, addressLineOne=AUTO INTL NZD INDV ADDR ONE, addressLineTwo=AUTO INTL NZD INDV ADDR TWO, city=AUTO INTL NZD INDV ADDR CITY, province=AUTO INTL NZD INDV PROVINCE, postalCode=567890, country=New Zealand, countryCode=NZ, accountNumber=1212341234567123, bicCode=BKNZNZ22, bankCode=null, thirdPartyReference=NZD-TPR-INDV-1010, documentNumber=NZD-INV-INDV-1010, purposeOfPayment=Education, reference=AP-NJ4U-I9GI, status=Completed, processingStatus=COMPLETED, resultStatus=PAID, scheduledAt=-, submittingAt=05/09/2023, pendingAt=05/09/2023, lastUpdatedAt=05/09/2023, completedAt=05/09/2023, declinedAt=-, declinedBy=-, declinedReason=-, providerStatusCode=200, providerStatusDescription=-, providerAmountPaid=NZD 20.00, providerFeePaid=-, providerTransactionId=-, providerDatePaid=05/09/2023, providerValueDate=-, providerPaymentValueDate=-}}
After submission and write to file:{COMMON={toCurrencyName=, toCurrencyCode=NZD, fromCurrencyName=UAE Dirham, fromCurrencyCode=AED, toCurrencyWalletBalance=NZD 9,615.00, feePerPayment=AED 52.50, processingTime=1-2 business days, fromCurrencyWalletBalance=AED 450,529.96, noOfPayments=2, totalReceiveAmount=NZD 70.00, totalAmount=null, totalFees=AED 105.00, totalPayable=AED 258.48, balanceDue=NZD 0.00, expectedPaymentDate=06/09/2023, paymentMethod=SWIFT, provider=CAB, createdAt=Tuesday 5 September 2023, fromCurrencyWalletBalanceAfterPaymentCompleted=null, liveRate=1 NZD = 2.19252 AED, settlementDate=06/09/2023, formatted_settlementDate=null, toCurrencyWalletBalanceAfterSettlementReceived=null, fromCurrencyWalletBalanceAfterSettlementReceived=null, totalSendAmount=AED 153.48, availableFromWalletBalance=AED 258.48, scheduledAt=05/09/2023, toCurrencyWalletBalanceAfterPaymentCompleted=NZD 9615.00}, EXCHANGE={toAmount=70.00, fromAmount=AED 153.48, type=International Exchange, createdAt=Tuesday 5 September 2023, reference=AF-CG6A-541V, orderedAt=05/09/2023, orderSettledAt=-, rejectedAt=-, completedAt=-, totalFundsDue=AED 258.48, status=Ordered}, BUSINESS={recipientType=Business, toAmount=NZD 50.00, fromAmount=, recipientName=AUTO INTL NZD BUSINESS NAME, addressLineOne=AUTO INTL NZD BUSINESS ADDR ONE, addressLineTwo=AUTO INTL NZD BUSINESS ADDR TWO, city=AUTO INTL NZD BUSINESS ADDR CITY, province=AUTO INTL NZD BUSINESS PROVINCE, postalCode=01234, country=New Zealand, countryCode=NZ, accountNumber=1212341234567123, bicCode=BKNZNZ22, bankCode=null, thirdPartyReference=NZD1234TPR, documentNumber=NZDINV1234, purposeOfPayment=Travel, reference=AP-JLBU-DBQ1, status=Completed, processingStatus=COMPLETED, resultStatus=PAID, scheduledAt=-, submittingAt=05/09/2023, pendingAt=05/09/2023, lastUpdatedAt=05/09/2023, completedAt=05/09/2023, declinedAt=-, declinedBy=-, declinedReason=-, providerStatusCode=200, providerStatusDescription=-, providerAmountPaid=NZD 50.00, providerFeePaid=-, providerTransactionId=-, providerDatePaid=05/09/2023, providerValueDate=-, providerPaymentValueDate=-}, INDIVIDUAL={recipientType=Individual, toAmount=NZD 20.00, fromAmount=, recipientName=AUTO INTL NZD INDIVIDUAL NAME, addressLineOne=AUTO INTL NZD INDV ADDR ONE, addressLineTwo=AUTO INTL NZD INDV ADDR TWO, city=AUTO INTL NZD INDV ADDR CITY, province=AUTO INTL NZD INDV PROVINCE, postalCode=567890, country=New Zealand, countryCode=NZ, accountNumber=1212341234567123, bicCode=BKNZNZ22, bankCode=null, thirdPartyReference=NZD-TPR-INDV-1010, documentNumber=NZD-INV-INDV-1010, purposeOfPayment=Education, reference=AP-NJ4U-I9GI, status=Completed, processingStatus=COMPLETED, resultStatus=PAID, scheduledAt=-, submittingAt=05/09/2023, pendingAt=05/09/2023, lastUpdatedAt=05/09/2023, completedAt=05/09/2023, declinedAt=-, declinedBy=-, declinedReason=-, providerStatusCode=200, providerStatusDescription=-, providerAmountPaid=NZD 20.00, providerFeePaid=-, providerTransactionId=-, providerDatePaid=05/09/2023, providerValueDate=-, providerPaymentValueDate=-}}
After submission and write to file:{COMMON={toCurrencyName=, toCurrencyCode=NZD, fromCurrencyName=UAE Dirham, fromCurrencyCode=AED, toCurrencyWalletBalance=NZD 9,615.00, feePerPayment=AED 52.50, processingTime=1-2 business days, fromCurrencyWalletBalance=AED 450,529.96, noOfPayments=2, totalReceiveAmount=NZD 70.00, totalAmount=null, totalFees=AED 105.00, totalPayable=AED 258.48, balanceDue=NZD 0.00, expectedPaymentDate=06/09/2023, paymentMethod=SWIFT, provider=CAB, createdAt=Tuesday 5 September 2023, fromCurrencyWalletBalanceAfterPaymentCompleted=null, liveRate=1 NZD = 2.19252 AED, settlementDate=06/09/2023, formatted_settlementDate=null, toCurrencyWalletBalanceAfterSettlementReceived=null, fromCurrencyWalletBalanceAfterSettlementReceived=null, totalSendAmount=AED 153.48, availableFromWalletBalance=AED 258.48, scheduledAt=05/09/2023, toCurrencyWalletBalanceAfterPaymentCompleted=NZD 9615.00}, EXCHANGE={toAmount=70.00, fromAmount=AED 153.48, type=International Exchange, createdAt=Tuesday 5 September 2023, reference=AF-CG6A-541V, orderedAt=05/09/2023, orderSettledAt=-, rejectedAt=-, completedAt=-, totalFundsDue=AED 258.48, status=Ordered}, BUSINESS={recipientType=Business, toAmount=NZD 50.00, fromAmount=, recipientName=AUTO INTL NZD BUSINESS NAME, addressLineOne=AUTO INTL NZD BUSINESS ADDR ONE, addressLineTwo=AUTO INTL NZD BUSINESS ADDR TWO, city=AUTO INTL NZD BUSINESS ADDR CITY, province=AUTO INTL NZD BUSINESS PROVINCE, postalCode=01234, country=New Zealand, countryCode=NZ, accountNumber=1212341234567123, bicCode=BKNZNZ22, bankCode=null, thirdPartyReference=NZD1234TPR, documentNumber=NZDINV1234, purposeOfPayment=Travel, reference=AP-JLBU-DBQ1, status=Completed, processingStatus=SCHEDULED, resultStatus=PENDING, scheduledAt=-, submittingAt=-, pendingAt=-, lastUpdatedAt=05/09/2023, completedAt=-, declinedAt=-, declinedBy=-, declinedReason=-, providerStatusCode=-, providerStatusDescription=-, providerAmountPaid=-, providerFeePaid=-, providerTransactionId=-, providerDatePaid=-, providerValueDate=-, providerPaymentValueDate=-}, INDIVIDUAL={recipientType=Individual, toAmount=NZD 20.00, fromAmount=, recipientName=AUTO INTL NZD INDIVIDUAL NAME, addressLineOne=AUTO INTL NZD INDV ADDR ONE, addressLineTwo=AUTO INTL NZD INDV ADDR TWO, city=AUTO INTL NZD INDV ADDR CITY, province=AUTO INTL NZD INDV PROVINCE, postalCode=567890, country=New Zealand, countryCode=NZ, accountNumber=1212341234567123, bicCode=BKNZNZ22, bankCode=null, thirdPartyReference=NZD-TPR-INDV-1010, documentNumber=NZD-INV-INDV-1010, purposeOfPayment=Education, reference=AP-NJ4U-I9GI, status=Completed, processingStatus=COMPLETED, resultStatus=PAID, scheduledAt=-, submittingAt=05/09/2023, pendingAt=05/09/2023, lastUpdatedAt=05/09/2023, completedAt=05/09/2023, declinedAt=-, declinedBy=-, declinedReason=-, providerStatusCode=200, providerStatusDescription=-, providerAmountPaid=NZD 20.00, providerFeePaid=-, providerTransactionId=-, providerDatePaid=05/09/2023, providerValueDate=-, providerPaymentValueDate=-}}
After submission and write to file:{COMMON={toCurrencyName=, toCurrencyCode=NZD, fromCurrencyName=UAE Dirham, fromCurrencyCode=AED, toCurrencyWalletBalance=NZD 9,615.00, feePerPayment=AED 52.50, processingTime=1-2 business days, fromCurrencyWalletBalance=AED 450,529.96, noOfPayments=2, totalReceiveAmount=NZD 70.00, totalAmount=null, totalFees=AED 105.00, totalPayable=AED 258.48, balanceDue=NZD 0.00, expectedPaymentDate=06/09/2023, paymentMethod=SWIFT, provider=CAB, createdAt=Tuesday 5 September 2023, fromCurrencyWalletBalanceAfterPaymentCompleted=null, liveRate=1 NZD = 2.19252 AED, settlementDate=06/09/2023, formatted_settlementDate=null, toCurrencyWalletBalanceAfterSettlementReceived=null, fromCurrencyWalletBalanceAfterSettlementReceived=null, totalSendAmount=AED 153.48, availableFromWalletBalance=AED 258.48, scheduledAt=05/09/2023, toCurrencyWalletBalanceAfterPaymentCompleted=NZD 9615.00}, EXCHANGE={toAmount=70.00, fromAmount=AED 153.48, type=International Exchange, createdAt=Tuesday 5 September 2023, reference=AF-CG6A-541V, orderedAt=05/09/2023, orderSettledAt=-, rejectedAt=-, completedAt=-, totalFundsDue=AED 258.48, status=Ordered}, BUSINESS={recipientType=Business, toAmount=NZD 50.00, fromAmount=, recipientName=AUTO INTL NZD BUSINESS NAME, addressLineOne=AUTO INTL NZD BUSINESS ADDR ONE, addressLineTwo=AUTO INTL NZD BUSINESS ADDR TWO, city=AUTO INTL NZD BUSINESS ADDR CITY, province=AUTO INTL NZD BUSINESS PROVINCE, postalCode=01234, country=New Zealand, countryCode=NZ, accountNumber=1212341234567123, bicCode=BKNZNZ22, bankCode=null, thirdPartyReference=NZD1234TPR, documentNumber=NZDINV1234, purposeOfPayment=Travel, reference=AP-JLBU-DBQ1, status=Completed, processingStatus=SCHEDULED, resultStatus=PENDING, scheduledAt=-, submittingAt=-, pendingAt=-, lastUpdatedAt=05/09/2023, completedAt=-, declinedAt=-, declinedBy=-, declinedReason=-, providerStatusCode=-, providerStatusDescription=-, providerAmountPaid=-, providerFeePaid=-, providerTransactionId=-, providerDatePaid=-, providerValueDate=-, providerPaymentValueDate=-}, INDIVIDUAL={recipientType=Individual, toAmount=NZD 20.00, fromAmount=, recipientName=AUTO INTL NZD INDIVIDUAL NAME, addressLineOne=AUTO INTL NZD INDV ADDR ONE, addressLineTwo=AUTO INTL NZD INDV ADDR TWO, city=AUTO INTL NZD INDV ADDR CITY, province=AUTO INTL NZD INDV PROVINCE, postalCode=567890, country=New Zealand, countryCode=NZ, accountNumber=1212341234567123, bicCode=BKNZNZ22, bankCode=null, thirdPartyReference=NZD-TPR-INDV-1010, documentNumber=NZD-INV-INDV-1010, purposeOfPayment=Education, reference=AP-NJ4U-I9GI, status=Completed, processingStatus=SCHEDULED, resultStatus=PENDING, scheduledAt=-, submittingAt=-, pendingAt=-, lastUpdatedAt=05/09/2023, completedAt=-, declinedAt=-, declinedBy=-, declinedReason=-, providerStatusCode=-, providerStatusDescription=-, providerAmountPaid=-, providerFeePaid=-, providerTransactionId=-, providerDatePaid=-, providerValueDate=-, providerPaymentValueDate=-}}
  Then I verify details on the "International Payments" submitted page                                                # anhtester.com.hubpay.corp.stepdefinitions.PaymentsPageStepDefinition.I_verify_details_on_submitted_page(java.lang.String)
I_verify_default_details_on_exchange_page:src/test/resources/testdata/InternationalPayments_Multiple_NZD_60.json
[INFO] 05-09-2023 19:53:48 [LogUtils] - Verify element visible By.xpath: //a[text()='Dashboard']
[INFO] 05-09-2023 19:53:48 [LogUtils] - Clicked on the element By.xpath: //a[text()='Dashboard']
[INFO] 05-09-2023 19:53:49 [LogUtils] - Verify element visible By.xpath: //h1[text()='Dashboard']
  When I navigate to Dashboard page                                                                                   # anhtester.com.hubpay.corp.stepdefinitions.DashboardPageStepDefinition.I_navigate_to_dashboard_page()
[INFO] 05-09-2023 19:53:49 [LogUtils] - Verify element visible By.xpath: //button[text()='Transactions']
[INFO] 05-09-2023 19:53:49 [LogUtils] - Clicked on the element By.xpath: //button[text()='Transactions']
  Then I navigate to Transactions tab page                                                                            # anhtester.com.hubpay.corp.stepdefinitions.DashboardPageStepDefinition.I_navigate_to_transactions_page()
{COMMON={toCurrencyName=, toCurrencyCode=NZD, fromCurrencyName=UAE Dirham, fromCurrencyCode=AED, toCurrencyWalletBalance=NZD 9,615.00, feePerPayment=AED 52.50, processingTime=1-2 business days, fromCurrencyWalletBalance=AED 450,529.96, noOfPayments=2, totalReceiveAmount=NZD 70.00, totalAmount=null, totalFees=AED 105.00, totalPayable=AED 258.48, balanceDue=NZD 0.00, expectedPaymentDate=06/09/2023, paymentMethod=SWIFT, provider=CAB, createdAt=Tuesday 5 September 2023, fromCurrencyWalletBalanceAfterPaymentCompleted=null, liveRate=1 NZD = 2.19252 AED, settlementDate=06/09/2023, formatted_settlementDate=null, toCurrencyWalletBalanceAfterSettlementReceived=null, fromCurrencyWalletBalanceAfterSettlementReceived=null, totalSendAmount=AED 153.48, availableFromWalletBalance=AED 258.48, scheduledAt=05/09/2023, toCurrencyWalletBalanceAfterPaymentCompleted=NZD 9615.00}, EXCHANGE={toAmount=70.00, fromAmount=AED 153.48, type=International Exchange, createdAt=Tuesday 5 September 2023, reference=AF-CG6A-541V, orderedAt=05/09/2023, orderSettledAt=-, rejectedAt=-, completedAt=-, totalFundsDue=AED 258.48, status=Ordered}, BUSINESS={recipientType=Business, toAmount=NZD 50.00, fromAmount=, recipientName=AUTO INTL NZD BUSINESS NAME, addressLineOne=AUTO INTL NZD BUSINESS ADDR ONE, addressLineTwo=AUTO INTL NZD BUSINESS ADDR TWO, city=AUTO INTL NZD BUSINESS ADDR CITY, province=AUTO INTL NZD BUSINESS PROVINCE, postalCode=01234, country=New Zealand, countryCode=NZ, accountNumber=1212341234567123, bicCode=BKNZNZ22, bankCode=null, thirdPartyReference=NZD1234TPR, documentNumber=NZDINV1234, purposeOfPayment=Travel, reference=AP-JLBU-DBQ1, status=Completed, processingStatus=SCHEDULED, resultStatus=PENDING, scheduledAt=-, submittingAt=-, pendingAt=-, lastUpdatedAt=05/09/2023, completedAt=-, declinedAt=-, declinedBy=-, declinedReason=-, providerStatusCode=-, providerStatusDescription=-, providerAmountPaid=-, providerFeePaid=-, providerTransactionId=-, providerDatePaid=-, providerValueDate=-, providerPaymentValueDate=-}, INDIVIDUAL={recipientType=Individual, toAmount=NZD 20.00, fromAmount=, recipientName=AUTO INTL NZD INDIVIDUAL NAME, addressLineOne=AUTO INTL NZD INDV ADDR ONE, addressLineTwo=AUTO INTL NZD INDV ADDR TWO, city=AUTO INTL NZD INDV ADDR CITY, province=AUTO INTL NZD INDV PROVINCE, postalCode=567890, country=New Zealand, countryCode=NZ, accountNumber=1212341234567123, bicCode=BKNZNZ22, bankCode=null, thirdPartyReference=NZD-TPR-INDV-1010, documentNumber=NZD-INV-INDV-1010, purposeOfPayment=Education, reference=AP-NJ4U-I9GI, status=Completed, processingStatus=SCHEDULED, resultStatus=PENDING, scheduledAt=-, submittingAt=-, pendingAt=-, lastUpdatedAt=05/09/2023, completedAt=-, declinedAt=-, declinedBy=-, declinedReason=-, providerStatusCode=-, providerStatusDescription=-, providerAmountPaid=-, providerFeePaid=-, providerTransactionId=-, providerDatePaid=-, providerValueDate=-, providerPaymentValueDate=-}}
[INFO] 05-09-2023 19:53:50 [LogUtils] - Verify element visible By.xpath: //td[contains(text(),'NZD')][contains(text(),'70.00')]/following-sibling::td[.='Foreign Exchange']/preceding-sibling::td[contains(.,'05/09/2023')]/parent::tr[1]
[INFO] 05-09-2023 19:53:50 [LogUtils] - Verify element visible By.xpath: //td[contains(text(),'NZD')][contains(text(),'70.00')]/following-sibling::td[.='Foreign Exchange']/preceding-sibling::td[contains(.,'05/09/2023')]/parent::tr[1]
[INFO] 05-09-2023 19:53:50 [LogUtils] - Verify element visible By.xpath: //td[.='AF-LAJP-ACFQ']/parent::tr[1]
[INFO] 05-09-2023 19:53:50 [LogUtils] - Verify TRUE: true
[INFO] 05-09-2023 19:53:50 [LogUtils] - Verify TRUE: true
[INFO] 05-09-2023 19:53:50 [LogUtils] - Verify TRUE: true
[INFO] 05-09-2023 19:53:50 [LogUtils] - Verify TRUE: true
[INFO] 05-09-2023 19:53:50 [LogUtils] - Verify element visible By.xpath: //td[.='AF-LAJP-ACFQ']/parent::tr[1]
[INFO] 05-09-2023 19:53:51 [LogUtils] - Verify element visible By.xpath: //td[.='AF-LAJP-ACFQ']/parent::tr[1]
[INFO] 05-09-2023 19:53:51 [LogUtils] - Clicked on the element By.xpath: //td[.='AF-LAJP-ACFQ']/parent::tr[1]
[INFO] 05-09-2023 19:53:53 [LogUtils] - Verify element visible By.xpath: //h1[text()='Exchange receipt']
[INFO] 05-09-2023 19:53:53 [LogUtils] - Verify element visible By.xpath: //h1[text()='Exchange receipt']
[INFO] 05-09-2023 19:53:53 [LogUtils] - Clicked on the element By.xpath: //h1[text()='Exchange receipt']
  Then I verify and open Exchange details view of International payment from the Transactions grid                    # anhtester.com.hubpay.corp.stepdefinitions.DashboardPageStepDefinition.I_verify_and_open_exchange_details_international_payment_from_the_Transactions_grid()
[INFO] 05-09-2023 19:53:53 [LogUtils] - Verify element visible By.xpath: //h1[contains(text(),'receipt')]/following-sibling::*
[INFO] 05-09-2023 19:53:53 [LogUtils] - Verify element visible By.xpath: //h1[contains(text(),'receipt')]/following-sibling::*
[INFO] 05-09-2023 19:53:53 [LogUtils] - Verify element visible By.xpath: //h1[contains(text(),'receipt')]/following-sibling::*
[INFO] 05-09-2023 19:53:53 [LogUtils] - Verify TRUE: true
[INFO] 05-09-2023 19:53:53 [LogUtils] - Verify element visible By.xpath: //h1[contains(text(),'receipt')]/following-sibling::*
[INFO] 05-09-2023 19:53:53 [LogUtils] - Verify TRUE: true
  Then I verify exchange transaction status is "Ordered" on transaction details view                                  # anhtester.com.hubpay.corp.stepdefinitions.DashboardPageStepDefinition.I_verify_transactions_status_on_details_view(java.lang.String)
[INFO] 05-09-2023 19:53:53 [LogUtils] - Verify element visible By.xpath: //h1[text()='Exchange receipt']/parent::h2/following-sibling::p
[INFO] 05-09-2023 19:53:53 [LogUtils] - Verify element visible By.xpath: //h1[text()='Exchange receipt']/parent::h2/following-sibling::p
[INFO] 05-09-2023 19:53:53 [LogUtils] - Verify element visible By.xpath: //h1[text()='Exchange receipt']/parent::h2/following-sibling::p
[INFO] 05-09-2023 19:53:53 [LogUtils] - Verify text of an element [Contains]: true
[INFO] 05-09-2023 19:53:53 [LogUtils] - Verify element visible By.xpath: //h1[text()='Exchange receipt']/parent::h2/following-sibling::p
[INFO] 05-09-2023 19:53:53 [LogUtils] - Verify element visible By.xpath: //h1[text()='Exchange receipt']/parent::h2/following-sibling::p
[INFO] 05-09-2023 19:53:53 [LogUtils] - Verify element visible By.xpath: //span[text()='Settlement due date']/following-sibling::div
[INFO] 05-09-2023 19:53:53 [LogUtils] - Verify element visible By.xpath: //span[text()='Settlement due date']/following-sibling::div
[INFO] 05-09-2023 19:53:53 [LogUtils] - Verify TRUE: true
[INFO] 05-09-2023 19:53:53 [LogUtils] - Verify element visible By.xpath: //span[text()='From']/following-sibling::div
[INFO] 05-09-2023 19:53:54 [LogUtils] - Verify element visible By.xpath: //span[text()='From']/following-sibling::div
[INFO] 05-09-2023 19:53:54 [LogUtils] - Verify TRUE: true
[INFO] 05-09-2023 19:53:54 [LogUtils] - Verify element visible By.xpath: //span[text()='To']/following-sibling::div
[INFO] 05-09-2023 19:53:54 [LogUtils] - Verify element visible By.xpath: //span[text()='To']/following-sibling::div
[INFO] 05-09-2023 19:53:54 [LogUtils] - Verify TRUE: true
[INFO] 05-09-2023 19:53:54 [LogUtils] - Verify element visible By.xpath: //span[text()='Exchange rate']/following-sibling::div
[INFO] 05-09-2023 19:53:54 [LogUtils] - Verify TRUE: true
[INFO] 05-09-2023 19:53:54 [LogUtils] - Verify element visible By.xpath: //span[text()='Transaction reference']/following-sibling::div
[INFO] 05-09-2023 19:53:54 [LogUtils] - Verify element visible By.xpath: //span[text()='Transaction reference']/following-sibling::div
[INFO] 05-09-2023 19:53:54 [LogUtils] - Verify TRUE: true
[INFO] 05-09-2023 19:53:54 [LogUtils] - Verify element visible By.xpath: //span[text()='Total settlement amount (incl. payment fees)']/following-sibling::div
[INFO] 05-09-2023 19:53:54 [LogUtils] - Verify element visible By.xpath: //span[text()='Total settlement amount (incl. payment fees)']/following-sibling::div
[INFO] 05-09-2023 19:53:54 [LogUtils] - Verify TRUE: true
[INFO] 05-09-2023 19:53:54 [LogUtils] - Verify element visible By.xpath: //h2[text()='Related payments']
[INFO] 05-09-2023 19:53:54 [LogUtils] - Verify element visible By.xpath: //span[text()='Total fees (incl. 5% VAT)']/following-sibling::div
[INFO] 05-09-2023 19:53:54 [LogUtils] - Verify element visible By.xpath: //span[text()='Total fees (incl. 5% VAT)']/following-sibling::div
[INFO] 05-09-2023 19:53:54 [LogUtils] - Verify TRUE: true
[INFO] 05-09-2023 19:53:54 [LogUtils] - Verify element visible By.xpath: //span[text()='Total amount']/following-sibling::div
[INFO] 05-09-2023 19:53:54 [LogUtils] - Verify element visible By.xpath: //span[text()='Total amount']/following-sibling::div
[INFO] 05-09-2023 19:53:54 [LogUtils] - Verify TRUE: true
[INFO] 05-09-2023 19:53:54 [LogUtils] - Verify element visible By.xpath: //span[text()='Number of payments']/following-sibling::div
[INFO] 05-09-2023 19:53:54 [LogUtils] - Verify element visible By.xpath: //span[text()='Number of payments']/following-sibling::div
[INFO] 05-09-2023 19:53:54 [LogUtils] - Verify TRUE: true
[INFO] 05-09-2023 19:53:54 [LogUtils] - Verify element visible By.xpath: //button[text()='Download']
  Then I verify details of exchange transaction on transaction details view                                           # anhtester.com.hubpay.corp.stepdefinitions.DashboardPageStepDefinition.I_verify_transactions_status_open_details_view()
[INFO] 05-09-2023 19:53:54 [LogUtils] - Verify element visible By.xpath: //span[text()='Close']/parent::button
[INFO] 05-09-2023 19:53:54 [LogUtils] - Clicked on the element By.xpath: //span[text()='Close']/parent::button
  When I close the transaction details view                                                                           # anhtester.com.hubpay.corp.stepdefinitions.DashboardPageStepDefinition.I_close_the_exchange_transaction_details_view()
{COMMON={toCurrencyName=, toCurrencyCode=NZD, fromCurrencyName=UAE Dirham, fromCurrencyCode=AED, toCurrencyWalletBalance=NZD 9,615.00, feePerPayment=AED 52.50, processingTime=1-2 business days, fromCurrencyWalletBalance=AED 450,529.96, noOfPayments=2, totalReceiveAmount=NZD 70.00, totalAmount=null, totalFees=AED 105.00, totalPayable=AED 258.48, balanceDue=NZD 0.00, expectedPaymentDate=06/09/2023, paymentMethod=SWIFT, provider=CAB, createdAt=Tuesday 5 September 2023, fromCurrencyWalletBalanceAfterPaymentCompleted=null, liveRate=1 NZD = 2.19252 AED, settlementDate=06/09/2023, formatted_settlementDate=null, toCurrencyWalletBalanceAfterSettlementReceived=null, fromCurrencyWalletBalanceAfterSettlementReceived=null, totalSendAmount=AED 153.48, availableFromWalletBalance=AED 258.48, scheduledAt=05/09/2023, toCurrencyWalletBalanceAfterPaymentCompleted=NZD 9615.00}, EXCHANGE={toAmount=70.00, fromAmount=AED 153.48, type=International Exchange, createdAt=Tuesday 5 September 2023, reference=AF-LAJP-ACFQ, orderedAt=05/09/2023, orderSettledAt=-, rejectedAt=-, completedAt=-, totalFundsDue=AED 258.48, status=Ordered}, BUSINESS={recipientType=Business, toAmount=NZD 50.00, fromAmount=, recipientName=AUTO INTL NZD BUSINESS NAME, addressLineOne=AUTO INTL NZD BUSINESS ADDR ONE, addressLineTwo=AUTO INTL NZD BUSINESS ADDR TWO, city=AUTO INTL NZD BUSINESS ADDR CITY, province=AUTO INTL NZD BUSINESS PROVINCE, postalCode=01234, country=New Zealand, countryCode=NZ, accountNumber=1212341234567123, bicCode=BKNZNZ22, bankCode=null, thirdPartyReference=NZD1234TPR, documentNumber=NZDINV1234, purposeOfPayment=Travel, reference=AP-JLBU-DBQ1, status=Completed, processingStatus=SCHEDULED, resultStatus=PENDING, scheduledAt=-, submittingAt=-, pendingAt=-, lastUpdatedAt=05/09/2023, completedAt=-, declinedAt=-, declinedBy=-, declinedReason=-, providerStatusCode=-, providerStatusDescription=-, providerAmountPaid=-, providerFeePaid=-, providerTransactionId=-, providerDatePaid=-, providerValueDate=-, providerPaymentValueDate=-}, INDIVIDUAL={recipientType=Individual, toAmount=NZD 20.00, fromAmount=, recipientName=AUTO INTL NZD INDIVIDUAL NAME, addressLineOne=AUTO INTL NZD INDV ADDR ONE, addressLineTwo=AUTO INTL NZD INDV ADDR TWO, city=AUTO INTL NZD INDV ADDR CITY, province=AUTO INTL NZD INDV PROVINCE, postalCode=567890, country=New Zealand, countryCode=NZ, accountNumber=1212341234567123, bicCode=BKNZNZ22, bankCode=null, thirdPartyReference=NZD-TPR-INDV-1010, documentNumber=NZD-INV-INDV-1010, purposeOfPayment=Education, reference=AP-NJ4U-I9GI, status=Completed, processingStatus=SCHEDULED, resultStatus=PENDING, scheduledAt=-, submittingAt=-, pendingAt=-, lastUpdatedAt=05/09/2023, completedAt=-, declinedAt=-, declinedBy=-, declinedReason=-, providerStatusCode=-, providerStatusDescription=-, providerAmountPaid=-, providerFeePaid=-, providerTransactionId=-, providerDatePaid=-, providerValueDate=-, providerPaymentValueDate=-}}
[INFO] 05-09-2023 19:53:54 [LogUtils] - Verify element visible By.xpath: //input[@id='search']
[INFO] 05-09-2023 19:53:54 [LogUtils] - Verify element visible By.xpath: //input[@id='search']
[INFO] 05-09-2023 19:53:54 [LogUtils] - Clear and Fill AUTO INTL NZD BUSINESS NAME on By.xpath: //input[@id='search']
[INFO] 05-09-2023 19:53:55 [LogUtils] - Verify element visible By.xpath: //td[.='AUTO INTL NZD BUSINESS NAME']/preceding-sibling::td[contains(.,'05/09/2023')]/parent::tr[1]
[INFO] 05-09-2023 19:53:55 [LogUtils] - Verify element visible By.xpath: //td[.='AUTO INTL NZD BUSINESS NAME']/preceding-sibling::td[contains(.,'05/09/2023')]/parent::tr[1]
[INFO] 05-09-2023 19:53:55 [LogUtils] - Verify TRUE: true
[INFO] 05-09-2023 19:53:55 [LogUtils] - Verify TRUE: true
[INFO] 05-09-2023 19:53:55 [LogUtils] - Verify TRUE: false
  Then I search and verify payment for "BUSINESS" in the Transactions grid                                            # anhtester.com.hubpay.corp.stepdefinitions.DashboardPageStepDefinition.I_search_verify_payment_for_in_the_Transactions_grid(java.lang.String)
      java.lang.AssertionError: The condition is FALSE. expected [true] but found [false]
	at org.testng.Assert.fail(Assert.java:111)
	at org.testng.Assert.failNotEquals(Assert.java:1578)
	at org.testng.Assert.assertTrue(Assert.java:57)
	at anhtester.com.keywords.WebUI.verifyTrue(WebUI.java:1033)
	at anhtester.com.hubpay.corp.pages.DashboardPage.searchAndVerifyPaymentInTransactionGrid(DashboardPage.java:219)
	at anhtester.com.hubpay.corp.stepdefinitions.DashboardPageStepDefinition.I_search_verify_payment_for_in_the_Transactions_grid(DashboardPageStepDefinition.java:170)
	at ✽.I search and verify payment for "BUSINESS" in the Transactions grid(file:///Users/kanthreddy/wip/Hubpay_QAAutomation/src/test/resources/features/InternationalPayments/InternationalPaymentFlow_MultipleRecipients_NZD.feature:48)


    Embedding Screenshot Failed [image/png 221762 bytes]

  Then I open transaction details view of payment for "BUSINESS"                                                      # anhtester.com.hubpay.corp.stepdefinitions.DashboardPageStepDefinition.I_verify_payment_status_open_details_view(java.lang.String)
  Then I verify payment status is "Scheduled" on transaction details view                                             # anhtester.com.hubpay.corp.stepdefinitions.DashboardPageStepDefinition.I_verify_paymentstatus_on_details_view(java.lang.String)
  Then I verify details of payment for "BUSINESS" on transaction details view                                         # anhtester.com.hubpay.corp.stepdefinitions.DashboardPageStepDefinition.I_verify_details_payment_details_view(java.lang.String)
  When I close the transaction details view                                                                           # anhtester.com.hubpay.corp.stepdefinitions.DashboardPageStepDefinition.I_close_the_exchange_transaction_details_view()
  Then I search and verify payment for "INDIVIDUAL" in the Transactions grid                                          # anhtester.com.hubpay.corp.stepdefinitions.DashboardPageStepDefinition.I_search_verify_payment_for_in_the_Transactions_grid(java.lang.String)
  Then I open transaction details view of payment for "INDIVIDUAL"                                                    # anhtester.com.hubpay.corp.stepdefinitions.DashboardPageStepDefinition.I_verify_payment_status_open_details_view(java.lang.String)
  Then I verify payment status is "Scheduled" on transaction details view                                             # anhtester.com.hubpay.corp.stepdefinitions.DashboardPageStepDefinition.I_verify_paymentstatus_on_details_view(java.lang.String)
  Then I verify details of payment for "INDIVIDUAL" on transaction details view                                       # anhtester.com.hubpay.corp.stepdefinitions.DashboardPageStepDefinition.I_verify_details_payment_details_view(java.lang.String)
  When I close the transaction details view                                                                           # anhtester.com.hubpay.corp.stepdefinitions.DashboardPageStepDefinition.I_close_the_exchange_transaction_details_view()
  Then I navigate to Wallets tab page                                                                                 # anhtester.com.hubpay.corp.stepdefinitions.DashboardPageStepDefinition.I_navigate_to_wallets_tab_page()
  Then I verify available funds for the "AED" corridor                                                                # anhtester.com.hubpay.corp.stepdefinitions.DashboardPageStepDefinition.I_verify_available_funds_for_corridor(java.lang.String)
  When I'm Sign out from the Corp portal                                                                              # anhtester.com.common.CommonSteps.I_signout_corp_portal()
  Given I'm Logged in to the Ops portal                                                                               # anhtester.com.common.CommonSteps.i_m_logged_in_to_the_admin_portal()
  Then I open customer overview page of "Corporate Customers" registered with "Phone number" "+91 7989730020"         # anhtester.com.hubpay.ops.stepdefinitions.CustomersPageStepDefinition.i_view_the_customer_overview_page_of_registered_with(java.lang.String,java.lang.String,java.lang.String)
  And I verify "Available" balance of "NZD" wallet on the Customer Overview page                                      # anhtester.com.hubpay.ops.stepdefinitions.CustomerOverviewPageStepDefinition.i_verify_wallet_balance_customer_overview_page(java.lang.String,java.lang.String)
  And I verify "Available" balance of "AED" wallet on the Customer Overview page                                      # anhtester.com.hubpay.ops.stepdefinitions.CustomerOverviewPageStepDefinition.i_verify_wallet_balance_customer_overview_page(java.lang.String,java.lang.String)
  When I navigate to "Wallet debits" tab page                                                                         # anhtester.com.hubpay.ops.stepdefinitions.CustomerOverviewPageStepDefinition.inavigateToTabPage(java.lang.String)
  When I open transaction details view of the "Foreign Exchange" transaction having ""                                # anhtester.com.hubpay.ops.stepdefinitions.TransactionsPageStepDefinition.i_open_transaction_detailsview_transaction_having(java.lang.String,java.lang.String)
  Then I verify transaction status is "Ordered" on the transaction details view                                       # anhtester.com.hubpay.ops.stepdefinitions.TransactionsPageStepDefinition.i_verify_transaction_status_transaction_detailsview(java.lang.String)
  Then I verify "Foreign Exchange" details on the transaction details view                                            # anhtester.com.hubpay.ops.stepdefinitions.TransactionsPageStepDefinition.i_verify_transaction_details_on_transaction_detailsview(java.lang.String)
  Then I verify "SETTLEMENT RECEIVED" button "Available" on the transaction details view                              # anhtester.com.hubpay.ops.stepdefinitions.TransactionsPageStepDefinition.i_verify_button_on_transaction_detailsview(java.lang.String,java.lang.String)
  When I click "SETTLEMENT RECEIVED" button on the transaction details view                                           # anhtester.com.hubpay.ops.stepdefinitions.TransactionsPageStepDefinition.i_click_button_on_transaction_detailsview(java.lang.String)
  Then I verify "SETTLE" button "Available" on the transaction details view                                           # anhtester.com.hubpay.ops.stepdefinitions.TransactionsPageStepDefinition.i_verify_button_on_transaction_detailsview(java.lang.String,java.lang.String)
  Then I verify transaction status is "ORDER_SETTLED" on the transaction details view                                 # anhtester.com.hubpay.ops.stepdefinitions.TransactionsPageStepDefinition.i_verify_transaction_status_transaction_detailsview(java.lang.String)
  Then I verify "Foreign Exchange" details on the transaction details view                                            # anhtester.com.hubpay.ops.stepdefinitions.TransactionsPageStepDefinition.i_verify_transaction_details_on_transaction_detailsview(java.lang.String)
  Then I navigate to Customer Overview page from the transaction details view                                         # anhtester.com.hubpay.ops.stepdefinitions.TransactionsPageStepDefinition.i_navigate_customer_overview_from_transaction_detailsview()
  And I verify "Available" balance of "NZD" wallet on the Customer Overview page                                      # anhtester.com.hubpay.ops.stepdefinitions.CustomerOverviewPageStepDefinition.i_verify_wallet_balance_customer_overview_page(java.lang.String,java.lang.String)
  Then I update wallet balance in test data file after submitting Foreign Exchange to CAB                             # anhtester.com.hubpay.ops.stepdefinitions.TransactionsPageStepDefinition.i_update_wallet_balances_in_test_data_file_after_submitting_exchange_to_CAB()
  And I verify "Available" balance of "AED" wallet on the Customer Overview page                                      # anhtester.com.hubpay.ops.stepdefinitions.CustomerOverviewPageStepDefinition.i_verify_wallet_balance_customer_overview_page(java.lang.String,java.lang.String)
  Then I navigated to the "Transactions" page using left navigation                                                   # anhtester.com.hubpay.ops.stepdefinitions.CustomersPageStepDefinition.i_navigated_to_the_page(java.lang.String)
  When I open transaction details view of the "Foreign Exchange" transaction having ""                                # anhtester.com.hubpay.ops.stepdefinitions.TransactionsPageStepDefinition.i_open_transaction_detailsview_transaction_having(java.lang.String,java.lang.String)
  When I click "SETTLE" button on the transaction details view                                                        # anhtester.com.hubpay.ops.stepdefinitions.TransactionsPageStepDefinition.i_click_button_on_transaction_detailsview(java.lang.String)
  Then I verify transaction status is "COMPLETED" on the transaction details view                                     # anhtester.com.hubpay.ops.stepdefinitions.TransactionsPageStepDefinition.i_verify_transaction_status_transaction_detailsview(java.lang.String)
  Then I update wallet balance in test data file after Foreign Exchange processed by CAB                              # anhtester.com.hubpay.ops.stepdefinitions.TransactionsPageStepDefinition.i_update_wallet_balances_in_test_data_file_after_exchange_processed_by_CAB()
  Then I verify "Foreign Exchange" details on the transaction details view                                            # anhtester.com.hubpay.ops.stepdefinitions.TransactionsPageStepDefinition.i_verify_transaction_details_on_transaction_detailsview(java.lang.String)
  Then I navigate to Customer Overview page from the transaction details view                                         # anhtester.com.hubpay.ops.stepdefinitions.TransactionsPageStepDefinition.i_navigate_customer_overview_from_transaction_detailsview()
  And I verify "Available" balance of "AED" wallet on the Customer Overview page                                      # anhtester.com.hubpay.ops.stepdefinitions.CustomerOverviewPageStepDefinition.i_verify_wallet_balance_customer_overview_page(java.lang.String,java.lang.String)
  And I verify "Available" balance of "NZD" wallet on the Customer Overview page                                      # anhtester.com.hubpay.ops.stepdefinitions.CustomerOverviewPageStepDefinition.i_verify_wallet_balance_customer_overview_page(java.lang.String,java.lang.String)
  When I navigate to "Wallet debits" tab page                                                                         # anhtester.com.hubpay.ops.stepdefinitions.CustomerOverviewPageStepDefinition.inavigateToTabPage(java.lang.String)
  Then I verify "payment" details for "BUSINESS" in the "Wallet debits" grid                                          # anhtester.com.hubpay.ops.stepdefinitions.TransactionsPageStepDefinition.i_verify_transaction_details_for_in_the_wallet_debits_grid(java.lang.String,java.lang.String,java.lang.String)
  When I open payment details view for the payment of "BUSINESS" having ""                                            # anhtester.com.hubpay.ops.stepdefinitions.TransactionsPageStepDefinition.i_open_payment_detailsview_for_the_having(java.lang.String,java.lang.String)
  Then I verify payment details for "BUSINESS" on the transaction details view                                        # anhtester.com.hubpay.ops.stepdefinitions.TransactionsPageStepDefinition.i_verify_payment_details_for_on_transaction_detailsview(java.lang.String)
  Then I verify buttons "Available" on the transaction details view                                                   # anhtester.com.hubpay.ops.stepdefinitions.TransactionsPageStepDefinition.i_verify_buttons_not_available_on_transaction_detailsview(java.lang.String,io.cucumber.datatable.DataTable)
    | SUBMIT SINGLE PAYMENT |
    | SUBMIT FULL BATCH     |
    | DOWNLOAD              |
  When I submit "FULL BATCH" payment to CAB for processing                                                            # anhtester.com.hubpay.ops.stepdefinitions.TransactionsPageStepDefinition.i_submit_payment_to_CAB_for_processing(java.lang.String)
  Then I verify "Order has been updated successfully" toast message is displayed                                      # anhtester.com.hubpay.corp.stepdefinitions.PaymentsPageStepDefinition.I_verify_toast_message_is_displayed(java.lang.String)
  When I update data file after "FULL BATCH" recipient "International payments" submitted to CAB                      # anhtester.com.hubpay.ops.stepdefinitions.TransactionsPageStepDefinition.i_update_data_file_after_recipient_submitted_to_CAB(java.lang.String,java.lang.String)
  Then I verify payment details for "BUSINESS" on the transaction details view                                        # anhtester.com.hubpay.ops.stepdefinitions.TransactionsPageStepDefinition.i_verify_payment_details_for_on_transaction_detailsview(java.lang.String)
  Then I verify buttons "Available" on the transaction details view                                                   # anhtester.com.hubpay.ops.stepdefinitions.TransactionsPageStepDefinition.i_verify_buttons_not_available_on_transaction_detailsview(java.lang.String,io.cucumber.datatable.DataTable)
    | Force Refresh Payment Statuses |
    | DOWNLOAD                       |
  Then I verify buttons "Not Available" on the transaction details view                                               # anhtester.com.hubpay.ops.stepdefinitions.TransactionsPageStepDefinition.i_verify_buttons_not_available_on_transaction_detailsview(java.lang.String,io.cucumber.datatable.DataTable)
    | SUBMIT SINGLE PAYMENT |
    | SUBMIT FULL BATCH     |
    | DECLINE               |
  Then I navigate to Customer Overview page from the transaction details view                                         # anhtester.com.hubpay.ops.stepdefinitions.TransactionsPageStepDefinition.i_navigate_customer_overview_from_transaction_detailsview()
  When I update data file after "FULL BATCH" recipient "International payments" processed by CAB                      # anhtester.com.hubpay.ops.stepdefinitions.TransactionsPageStepDefinition.i_update_data_file_after_recipient_processed_by_CAB(java.lang.String,java.lang.String)
  And I verify "Available" balance of "AED" wallet after "BUSINESS" payment "COMPLETED"                               # anhtester.com.hubpay.ops.stepdefinitions.CustomerOverviewPageStepDefinition.i_verify_balance_of_wallet_after_payment(java.lang.String,java.lang.String,java.lang.String,java.lang.String)
  When I navigate to "Wallet debits" tab page                                                                         # anhtester.com.hubpay.ops.stepdefinitions.CustomerOverviewPageStepDefinition.inavigateToTabPage(java.lang.String)
  Then I verify "payment" details for "BUSINESS" in the "Wallet debits" grid                                          # anhtester.com.hubpay.ops.stepdefinitions.TransactionsPageStepDefinition.i_verify_transaction_details_for_in_the_wallet_debits_grid(java.lang.String,java.lang.String,java.lang.String)
  When I open payment details view for the payment of "BUSINESS" having ""                                            # anhtester.com.hubpay.ops.stepdefinitions.TransactionsPageStepDefinition.i_open_payment_detailsview_for_the_having(java.lang.String,java.lang.String)
  Then I verify payment details for "BUSINESS" on the transaction details view                                        # anhtester.com.hubpay.ops.stepdefinitions.TransactionsPageStepDefinition.i_verify_payment_details_for_on_transaction_detailsview(java.lang.String)
  Then I verify buttons "Available" on the transaction details view                                                   # anhtester.com.hubpay.ops.stepdefinitions.TransactionsPageStepDefinition.i_verify_buttons_not_available_on_transaction_detailsview(java.lang.String,io.cucumber.datatable.DataTable)
    | DOWNLOAD |
  Then I verify buttons "Not Available" on the transaction details view                                               # anhtester.com.hubpay.ops.stepdefinitions.TransactionsPageStepDefinition.i_verify_buttons_not_available_on_transaction_detailsview(java.lang.String,io.cucumber.datatable.DataTable)
    | SUBMIT SINGLE PAYMENT          |
    | SUBMIT FULL BATCH              |
    | DECLINE                        |
    | Force Refresh Payment Statuses |
  Then I navigate to Customer Overview page from the transaction details view                                         # anhtester.com.hubpay.ops.stepdefinitions.TransactionsPageStepDefinition.i_navigate_customer_overview_from_transaction_detailsview()
  When I navigate to "Wallet debits" tab page                                                                         # anhtester.com.hubpay.ops.stepdefinitions.CustomerOverviewPageStepDefinition.inavigateToTabPage(java.lang.String)
  Then I verify "payment" details for "INDIVIDUAL" in the "Wallet debits" grid                                        # anhtester.com.hubpay.ops.stepdefinitions.TransactionsPageStepDefinition.i_verify_transaction_details_for_in_the_wallet_debits_grid(java.lang.String,java.lang.String,java.lang.String)
  When I open payment details view for the payment of "INDIVIDUAL" having ""                                          # anhtester.com.hubpay.ops.stepdefinitions.TransactionsPageStepDefinition.i_open_payment_detailsview_for_the_having(java.lang.String,java.lang.String)
  Then I verify payment details for "INDIVIDUAL" on the transaction details view                                      # anhtester.com.hubpay.ops.stepdefinitions.TransactionsPageStepDefinition.i_verify_payment_details_for_on_transaction_detailsview(java.lang.String)
  Then I verify buttons "Available" on the transaction details view                                                   # anhtester.com.hubpay.ops.stepdefinitions.TransactionsPageStepDefinition.i_verify_buttons_not_available_on_transaction_detailsview(java.lang.String,io.cucumber.datatable.DataTable)
    | DOWNLOAD |
  Then I verify buttons "Not Available" on the transaction details view                                               # anhtester.com.hubpay.ops.stepdefinitions.TransactionsPageStepDefinition.i_verify_buttons_not_available_on_transaction_detailsview(java.lang.String,io.cucumber.datatable.DataTable)
    | SUBMIT SINGLE PAYMENT          |
    | SUBMIT FULL BATCH              |
    | DECLINE                        |
    | Force Refresh Payment Statuses |
  Given I'm Logged in to the Corp portal                                                                              # anhtester.com.common.CommonSteps.I_enter_credentials_on_CorpSuite_Login_Page()
  Then I verify Dashboard page is displayed                                                                           # anhtester.com.hubpay.corp.stepdefinitions.DashboardPageStepDefinition.I_verify_dashboard_page_is_displayed()
  Then I navigate to Transactions tab page                                                                            # anhtester.com.hubpay.corp.stepdefinitions.DashboardPageStepDefinition.I_navigate_to_transactions_page()
  Then I verify transaction status "Completed" in table and open transaction details view                             # anhtester.com.hubpay.corp.stepdefinitions.DashboardPageStepDefinition.I_verify_transactions_status_open_details_view(java.lang.String)
  Then I verify exchange transaction status is "Completed" on transaction details view                                # anhtester.com.hubpay.corp.stepdefinitions.DashboardPageStepDefinition.I_verify_transactions_status_on_details_view(java.lang.String)
  Then I verify details of exchange transaction on transaction details view                                           # anhtester.com.hubpay.corp.stepdefinitions.DashboardPageStepDefinition.I_verify_transactions_status_open_details_view()
  When I close the transaction details view                                                                           # anhtester.com.hubpay.corp.stepdefinitions.DashboardPageStepDefinition.I_close_the_exchange_transaction_details_view()
  Then I open transaction details view of payment for "BUSINESS"                                                      # anhtester.com.hubpay.corp.stepdefinitions.DashboardPageStepDefinition.I_verify_payment_status_open_details_view(java.lang.String)
  Then I verify payment status is "Completed" on transaction details view                                             # anhtester.com.hubpay.corp.stepdefinitions.DashboardPageStepDefinition.I_verify_paymentstatus_on_details_view(java.lang.String)
  Then I verify details of payment for "BUSINESS" on transaction details view                                         # anhtester.com.hubpay.corp.stepdefinitions.DashboardPageStepDefinition.I_verify_details_payment_details_view(java.lang.String)
  When I close the transaction details view                                                                           # anhtester.com.hubpay.corp.stepdefinitions.DashboardPageStepDefinition.I_close_the_exchange_transaction_details_view()
  Then I open transaction details view of payment for "INDIVIDUAL"                                                    # anhtester.com.hubpay.corp.stepdefinitions.DashboardPageStepDefinition.I_verify_payment_status_open_details_view(java.lang.String)
  Then I verify payment status is "Completed" on transaction details view                                             # anhtester.com.hubpay.corp.stepdefinitions.DashboardPageStepDefinition.I_verify_paymentstatus_on_details_view(java.lang.String)
  Then I verify details of payment for "INDIVIDUAL" on transaction details view                                       # anhtester.com.hubpay.corp.stepdefinitions.DashboardPageStepDefinition.I_verify_details_payment_details_view(java.lang.String)
  When I close the transaction details view                                                                           # anhtester.com.hubpay.corp.stepdefinitions.DashboardPageStepDefinition.I_close_the_exchange_transaction_details_view()
  Then I navigate to Wallets tab page                                                                                 # anhtester.com.hubpay.corp.stepdefinitions.DashboardPageStepDefinition.I_navigate_to_wallets_tab_page()
  Then I verify available funds for the "AED" corridor                                                                # anhtester.com.hubpay.corp.stepdefinitions.DashboardPageStepDefinition.I_verify_available_funds_for_corridor(java.lang.String)
  Then I verify available funds for the "NZD" corridor                                                                # anhtester.com.hubpay.corp.stepdefinitions.DashboardPageStepDefinition.I_verify_available_funds_for_corridor(java.lang.String)
  When I'm Sign out from the Corp portal                                                                              # anhtester.com.common.CommonSteps.I_signout_corp_portal()
[ERROR] 05-09-2023 19:53:57 [LifecycleNotifier] - Could not invoke listener method
org.openqa.selenium.NoSuchSessionException: Session ID is null. Using WebDriver after calling quit()?
Build info: version: '4.10.0', revision: 'c14d967899'
System info: os.name: 'Mac OS X', os.arch: 'aarch64', os.version: '12.6', java.version: '11.0.16'
Driver info: org.openqa.selenium.chrome.ChromeDriver
Command: [null, screenshot {}]
Capabilities {acceptInsecureCerts: false, browserName: chrome, browserVersion: 116.0.5845.140, chrome: {chromedriverVersion: 116.0.5845.96 (1a3918166880..., userDataDir: /var/folders/bz/l4ntdftn1jd...}, fedcm:accounts: true, goog:chromeOptions: {debuggerAddress: localhost:56406}, networkConnectionEnabled: false, pageLoadStrategy: normal, platformName: mac, proxy: Proxy(), se:cdp: ws://localhost:56406/devtoo..., se:cdpVersion: 116.0.5845.140, setWindowRect: true, strictFileInteractability: false, timeouts: {implicit: 0, pageLoad: 300000, script: 30000}, unhandledPromptBehavior: dismiss and notify, webauthn:extension:credBlob: true, webauthn:extension:largeBlob: true, webauthn:extension:minPinLength: true, webauthn:extension:prf: true, webauthn:virtualAuthenticators: true}
	at org.openqa.selenium.remote.HttpCommandExecutor.execute(HttpCommandExecutor.java:152) ~[selenium-remote-driver-4.10.0.jar:?]
	at org.openqa.selenium.remote.service.DriverCommandExecutor.invokeExecute(DriverCommandExecutor.java:196) ~[selenium-remote-driver-4.10.0.jar:?]
	at org.openqa.selenium.remote.service.DriverCommandExecutor.execute(DriverCommandExecutor.java:171) ~[selenium-remote-driver-4.10.0.jar:?]
	at org.openqa.selenium.remote.RemoteWebDriver.execute(RemoteWebDriver.java:531) ~[selenium-remote-driver-4.10.0.jar:?]
	at org.openqa.selenium.remote.RemoteWebDriver.execute(RemoteWebDriver.java:590) ~[selenium-remote-driver-4.10.0.jar:?]
	at org.openqa.selenium.remote.RemoteWebDriver.execute(RemoteWebDriver.java:594) ~[selenium-remote-driver-4.10.0.jar:?]
	at org.openqa.selenium.remote.RemoteWebDriver.getScreenshotAs(RemoteWebDriver.java:316) ~[selenium-remote-driver-4.10.0.jar:?]
	at jdk.internal.reflect.NativeMethodAccessorImpl.invoke0(Native Method) ~[?:?]
	at jdk.internal.reflect.NativeMethodAccessorImpl.invoke(NativeMethodAccessorImpl.java:62) ~[?:?]
	at jdk.internal.reflect.DelegatingMethodAccessorImpl.invoke(DelegatingMethodAccessorImpl.java:43) ~[?:?]
	at java.lang.reflect.Method.invoke(Method.java:566) ~[?:?]
	at org.openqa.selenium.support.ThreadGuard$WebDriverInvocationHandler.invokeUnderlying(ThreadGuard.java:99) ~[selenium-support-4.10.0.jar:?]
	at org.openqa.selenium.support.ThreadGuard$WebDriverInvocationHandler.invoke(ThreadGuard.java:91) ~[selenium-support-4.10.0.jar:?]
	at com.sun.proxy.$Proxy45.getScreenshotAs(Unknown Source) ~[?:?]
	at anhtester.com.listeners.AllureListener.beforeTestStop(AllureListener.java:43) ~[test-classes/:?]
	at io.qameta.allure.listener.LifecycleNotifier.lambda$runSafely$0(LifecycleNotifier.java:211) ~[allure-java-commons-2.22.1.jar:2.22.1]
	at java.util.ArrayList.forEach(ArrayList.java:1541) ~[?:?]
	at io.qameta.allure.listener.LifecycleNotifier.runSafely(LifecycleNotifier.java:209) ~[allure-java-commons-2.22.1.jar:2.22.1]
	at io.qameta.allure.listener.LifecycleNotifier.beforeTestStop(LifecycleNotifier.java:88) ~[allure-java-commons-2.22.1.jar:2.22.1]
	at io.qameta.allure.AllureLifecycle.stopTestCase(AllureLifecycle.java:420) ~[allure-java-commons-2.22.1.jar:2.22.1]
	at io.qameta.allure.cucumber7jvm.AllureCucumber7Jvm.handleTestCaseFinished(AllureCucumber7Jvm.java:197) ~[allure-cucumber7-jvm-2.22.1.jar:2.22.1]
	at io.cucumber.core.eventbus.AbstractEventPublisher.send(AbstractEventPublisher.java:51) ~[cucumber-core-7.12.1.jar:7.12.1]
	at io.cucumber.core.eventbus.AbstractEventBus.send(AbstractEventBus.java:12) ~[cucumber-core-7.12.1.jar:7.12.1]
	at io.cucumber.core.runtime.SynchronizedEventBus.send(SynchronizedEventBus.java:47) ~[cucumber-core-7.12.1.jar:7.12.1]
	at io.cucumber.core.runtime.ThreadLocalRunnerSupplier$LocalEventBus.send(ThreadLocalRunnerSupplier.java:62) ~[cucumber-core-7.12.1.jar:7.12.1]
	at io.cucumber.core.runner.TestCase.emitTestCaseFinished(TestCase.java:219) ~[cucumber-core-7.12.1.jar:7.12.1]
	at io.cucumber.core.runner.TestCase.run(TestCase.java:98) ~[cucumber-core-7.12.1.jar:7.12.1]
	at io.cucumber.core.runner.Runner.runPickle(Runner.java:75) ~[cucumber-core-7.12.1.jar:7.12.1]
	at io.cucumber.testng.TestNGCucumberRunner.lambda$runScenario$1(TestNGCucumberRunner.java:132) ~[cucumber-testng-7.12.1.jar:7.12.1]
	at io.cucumber.core.runtime.CucumberExecutionContext.lambda$runTestCase$5(CucumberExecutionContext.java:137) ~[cucumber-core-7.12.1.jar:7.12.1]
	at io.cucumber.core.runtime.RethrowingThrowableCollector.executeAndThrow(RethrowingThrowableCollector.java:23) ~[cucumber-core-7.12.1.jar:7.12.1]
	at io.cucumber.core.runtime.CucumberExecutionContext.runTestCase(CucumberExecutionContext.java:137) ~[cucumber-core-7.12.1.jar:7.12.1]
	at io.cucumber.testng.TestNGCucumberRunner.runScenario(TestNGCucumberRunner.java:129) ~[cucumber-testng-7.12.1.jar:7.12.1]
	at io.cucumber.testng.AbstractTestNGCucumberTests.runScenario(AbstractTestNGCucumberTests.java:35) ~[cucumber-testng-7.12.1.jar:7.12.1]
	at jdk.internal.reflect.NativeMethodAccessorImpl.invoke0(Native Method) ~[?:?]
	at jdk.internal.reflect.NativeMethodAccessorImpl.invoke(NativeMethodAccessorImpl.java:62) ~[?:?]
	at jdk.internal.reflect.DelegatingMethodAccessorImpl.invoke(DelegatingMethodAccessorImpl.java:43) ~[?:?]
	at java.lang.reflect.Method.invoke(Method.java:566) ~[?:?]
	at org.testng.internal.invokers.MethodInvocationHelper.invokeMethod(MethodInvocationHelper.java:139) ~[testng-7.8.0.jar:7.8.0]
	at org.testng.internal.invokers.TestInvoker.invokeMethod(TestInvoker.java:664) ~[testng-7.8.0.jar:7.8.0]
	at org.testng.internal.invokers.TestInvoker.invokeTestMethod(TestInvoker.java:227) ~[testng-7.8.0.jar:7.8.0]
	at org.testng.internal.invokers.MethodRunner.runInSequence(MethodRunner.java:50) ~[testng-7.8.0.jar:7.8.0]
	at org.testng.internal.invokers.TestInvoker$MethodInvocationAgent.invoke(TestInvoker.java:957) ~[testng-7.8.0.jar:7.8.0]
	at org.testng.internal.invokers.TestInvoker.invokeTestMethods(TestInvoker.java:200) ~[testng-7.8.0.jar:7.8.0]
	at org.testng.internal.invokers.TestMethodWorker.invokeTestMethods(TestMethodWorker.java:148) ~[testng-7.8.0.jar:7.8.0]
	at org.testng.internal.invokers.TestMethodWorker.run(TestMethodWorker.java:128) ~[testng-7.8.0.jar:7.8.0]
	at java.util.ArrayList.forEach(ArrayList.java:1541) [?:?]
	at org.testng.TestRunner.privateRun(TestRunner.java:848) [testng-7.8.0.jar:7.8.0]
	at org.testng.TestRunner.run(TestRunner.java:621) [testng-7.8.0.jar:7.8.0]
	at org.testng.SuiteRunner.runTest(SuiteRunner.java:443) [testng-7.8.0.jar:7.8.0]
	at org.testng.SuiteRunner.runSequentially(SuiteRunner.java:437) [testng-7.8.0.jar:7.8.0]
	at org.testng.SuiteRunner.privateRun(SuiteRunner.java:397) [testng-7.8.0.jar:7.8.0]
	at org.testng.SuiteRunner.run(SuiteRunner.java:336) [testng-7.8.0.jar:7.8.0]
	at org.testng.SuiteRunnerWorker.runSuite(SuiteRunnerWorker.java:52) [testng-7.8.0.jar:7.8.0]
	at org.testng.SuiteRunnerWorker.run(SuiteRunnerWorker.java:95) [testng-7.8.0.jar:7.8.0]
	at org.testng.TestNG.runSuitesSequentially(TestNG.java:1280) [testng-7.8.0.jar:7.8.0]
	at org.testng.TestNG.runSuitesLocally(TestNG.java:1200) [testng-7.8.0.jar:7.8.0]
	at org.testng.TestNG.runSuites(TestNG.java:1114) [testng-7.8.0.jar:7.8.0]
	at org.testng.TestNG.run(TestNG.java:1082) [testng-7.8.0.jar:7.8.0]
	at org.apache.maven.surefire.testng.TestNGExecutor.run(TestNGExecutor.java:308) [surefire-testng-3.1.2.jar:3.1.2]
	at org.apache.maven.surefire.testng.TestNGXmlTestSuite.execute(TestNGXmlTestSuite.java:71) [surefire-testng-3.1.2.jar:3.1.2]
	at org.apache.maven.surefire.testng.TestNGProvider.invoke(TestNGProvider.java:113) [surefire-testng-3.1.2.jar:3.1.2]
	at org.apache.maven.surefire.booter.ForkedBooter.runSuitesInProcess(ForkedBooter.java:385) [surefire-booter-3.1.2.jar:3.1.2]
	at org.apache.maven.surefire.booter.ForkedBooter.execute(ForkedBooter.java:162) [surefire-booter-3.1.2.jar:3.1.2]
	at org.apache.maven.surefire.booter.ForkedBooter.run(ForkedBooter.java:507) [surefire-booter-3.1.2.jar:3.1.2]
	at org.apache.maven.surefire.booter.ForkedBooter.main(ForkedBooter.java:495) [surefire-booter-3.1.2.jar:3.1.2]
[ERROR] 05-09-2023 19:53:57 [LifecycleNotifier] - Could not invoke listener method
org.openqa.selenium.NoSuchSessionException: Session ID is null. Using WebDriver after calling quit()?
Build info: version: '4.10.0', revision: 'c14d967899'
System info: os.name: 'Mac OS X', os.arch: 'aarch64', os.version: '12.6', java.version: '11.0.16'
Driver info: org.openqa.selenium.chrome.ChromeDriver
Command: [null, screenshot {}]
Capabilities {acceptInsecureCerts: false, browserName: chrome, browserVersion: 116.0.5845.140, chrome: {chromedriverVersion: 116.0.5845.96 (1a3918166880..., userDataDir: /var/folders/bz/l4ntdftn1jd...}, fedcm:accounts: true, goog:chromeOptions: {debuggerAddress: localhost:56406}, networkConnectionEnabled: false, pageLoadStrategy: normal, platformName: mac, proxy: Proxy(), se:cdp: ws://localhost:56406/devtoo..., se:cdpVersion: 116.0.5845.140, setWindowRect: true, strictFileInteractability: false, timeouts: {implicit: 0, pageLoad: 300000, script: 30000}, unhandledPromptBehavior: dismiss and notify, webauthn:extension:credBlob: true, webauthn:extension:largeBlob: true, webauthn:extension:minPinLength: true, webauthn:extension:prf: true, webauthn:virtualAuthenticators: true}
	at org.openqa.selenium.remote.HttpCommandExecutor.execute(HttpCommandExecutor.java:152) ~[selenium-remote-driver-4.10.0.jar:?]
	at org.openqa.selenium.remote.service.DriverCommandExecutor.invokeExecute(DriverCommandExecutor.java:196) ~[selenium-remote-driver-4.10.0.jar:?]
	at org.openqa.selenium.remote.service.DriverCommandExecutor.execute(DriverCommandExecutor.java:171) ~[selenium-remote-driver-4.10.0.jar:?]
	at org.openqa.selenium.remote.RemoteWebDriver.execute(RemoteWebDriver.java:531) ~[selenium-remote-driver-4.10.0.jar:?]
	at org.openqa.selenium.remote.RemoteWebDriver.execute(RemoteWebDriver.java:590) ~[selenium-remote-driver-4.10.0.jar:?]
	at org.openqa.selenium.remote.RemoteWebDriver.execute(RemoteWebDriver.java:594) ~[selenium-remote-driver-4.10.0.jar:?]
	at org.openqa.selenium.remote.RemoteWebDriver.getScreenshotAs(RemoteWebDriver.java:316) ~[selenium-remote-driver-4.10.0.jar:?]
	at jdk.internal.reflect.NativeMethodAccessorImpl.invoke0(Native Method) ~[?:?]
	at jdk.internal.reflect.NativeMethodAccessorImpl.invoke(NativeMethodAccessorImpl.java:62) ~[?:?]
	at jdk.internal.reflect.DelegatingMethodAccessorImpl.invoke(DelegatingMethodAccessorImpl.java:43) ~[?:?]
	at java.lang.reflect.Method.invoke(Method.java:566) ~[?:?]
	at org.openqa.selenium.support.ThreadGuard$WebDriverInvocationHandler.invokeUnderlying(ThreadGuard.java:99) ~[selenium-support-4.10.0.jar:?]
	at org.openqa.selenium.support.ThreadGuard$WebDriverInvocationHandler.invoke(ThreadGuard.java:91) ~[selenium-support-4.10.0.jar:?]
	at com.sun.proxy.$Proxy45.getScreenshotAs(Unknown Source) ~[?:?]
	at anhtester.com.listeners.AllureListener.beforeTestStop(AllureListener.java:43) ~[test-classes/:?]
	at io.qameta.allure.listener.LifecycleNotifier.lambda$runSafely$0(LifecycleNotifier.java:211) ~[allure-java-commons-2.22.1.jar:2.22.1]
	at java.util.ArrayList.forEach(ArrayList.java:1541) ~[?:?]
	at io.qameta.allure.listener.LifecycleNotifier.runSafely(LifecycleNotifier.java:209) ~[allure-java-commons-2.22.1.jar:2.22.1]
	at io.qameta.allure.listener.LifecycleNotifier.beforeTestStop(LifecycleNotifier.java:88) ~[allure-java-commons-2.22.1.jar:2.22.1]
	at io.qameta.allure.AllureLifecycle.stopTestCase(AllureLifecycle.java:420) ~[allure-java-commons-2.22.1.jar:2.22.1]
	at io.qameta.allure.testng.AllureTestNg.stopTestCase(AllureTestNg.java:376) ~[allure-testng-2.22.1.jar:2.22.1]
	at io.qameta.allure.testng.AllureTestNg.onTestFailure(AllureTestNg.java:370) ~[allure-testng-2.22.1.jar:2.22.1]
	at org.testng.internal.TestListenerHelper.runTestListeners(TestListenerHelper.java:108) ~[testng-7.8.0.jar:7.8.0]
	at org.testng.internal.invokers.TestInvoker.runTestResultListener(TestInvoker.java:262) ~[testng-7.8.0.jar:7.8.0]
	at org.testng.internal.invokers.TestInvoker.invokeMethod(TestInvoker.java:751) ~[testng-7.8.0.jar:7.8.0]
	at org.testng.internal.invokers.TestInvoker.invokeTestMethod(TestInvoker.java:227) ~[testng-7.8.0.jar:7.8.0]
	at org.testng.internal.invokers.MethodRunner.runInSequence(MethodRunner.java:50) ~[testng-7.8.0.jar:7.8.0]
	at org.testng.internal.invokers.TestInvoker$MethodInvocationAgent.invoke(TestInvoker.java:957) ~[testng-7.8.0.jar:7.8.0]
	at org.testng.internal.invokers.TestInvoker.invokeTestMethods(TestInvoker.java:200) ~[testng-7.8.0.jar:7.8.0]
	at org.testng.internal.invokers.TestMethodWorker.invokeTestMethods(TestMethodWorker.java:148) ~[testng-7.8.0.jar:7.8.0]
	at org.testng.internal.invokers.TestMethodWorker.run(TestMethodWorker.java:128) ~[testng-7.8.0.jar:7.8.0]
	at java.util.ArrayList.forEach(ArrayList.java:1541) [?:?]
	at org.testng.TestRunner.privateRun(TestRunner.java:848) [testng-7.8.0.jar:7.8.0]
	at org.testng.TestRunner.run(TestRunner.java:621) [testng-7.8.0.jar:7.8.0]
	at org.testng.SuiteRunner.runTest(SuiteRunner.java:443) [testng-7.8.0.jar:7.8.0]
	at org.testng.SuiteRunner.runSequentially(SuiteRunner.java:437) [testng-7.8.0.jar:7.8.0]
	at org.testng.SuiteRunner.privateRun(SuiteRunner.java:397) [testng-7.8.0.jar:7.8.0]
	at org.testng.SuiteRunner.run(SuiteRunner.java:336) [testng-7.8.0.jar:7.8.0]
	at org.testng.SuiteRunnerWorker.runSuite(SuiteRunnerWorker.java:52) [testng-7.8.0.jar:7.8.0]
	at org.testng.SuiteRunnerWorker.run(SuiteRunnerWorker.java:95) [testng-7.8.0.jar:7.8.0]
	at org.testng.TestNG.runSuitesSequentially(TestNG.java:1280) [testng-7.8.0.jar:7.8.0]
	at org.testng.TestNG.runSuitesLocally(TestNG.java:1200) [testng-7.8.0.jar:7.8.0]
	at org.testng.TestNG.runSuites(TestNG.java:1114) [testng-7.8.0.jar:7.8.0]
	at org.testng.TestNG.run(TestNG.java:1082) [testng-7.8.0.jar:7.8.0]
	at org.apache.maven.surefire.testng.TestNGExecutor.run(TestNGExecutor.java:308) [surefire-testng-3.1.2.jar:3.1.2]
	at org.apache.maven.surefire.testng.TestNGXmlTestSuite.execute(TestNGXmlTestSuite.java:71) [surefire-testng-3.1.2.jar:3.1.2]
	at org.apache.maven.surefire.testng.TestNGProvider.invoke(TestNGProvider.java:113) [surefire-testng-3.1.2.jar:3.1.2]
	at org.apache.maven.surefire.booter.ForkedBooter.runSuitesInProcess(ForkedBooter.java:385) [surefire-booter-3.1.2.jar:3.1.2]
	at org.apache.maven.surefire.booter.ForkedBooter.execute(ForkedBooter.java:162) [surefire-booter-3.1.2.jar:3.1.2]
	at org.apache.maven.surefire.booter.ForkedBooter.run(ForkedBooter.java:507) [surefire-booter-3.1.2.jar:3.1.2]
	at org.apache.maven.surefire.booter.ForkedBooter.main(ForkedBooter.java:495) [surefire-booter-3.1.2.jar:3.1.2]
]]></system-out>
    <system-err><![CDATA[Sep 05, 2023 7:52:37 PM org.openqa.selenium.remote.service.DriverService$Builder getLogOutput
INFO: Driver logs no longer sent to console by default; https://www.selenium.dev/documentation/webdriver/drivers/service/#setting-log-output
Sep 05, 2023 7:52:37 PM org.openqa.selenium.devtools.CdpVersionFinder findNearestMatch
WARNING: Unable to find an exact match for CDP version 116, so returning the closest version found: 114
]]></system-err>
  </testcase>
  <testcase name="runScenario[&quot;Verify the end to end flow of International payments with Multiple recipients for SGD corridor&quot;, &quot;End to End International payment flow with Multiple Recipients - SGD&quot;](7)" classname="anhtester.com.runners.OpsTestRunner" time="26.013">
    <failure message="You may not select a disabled option" type="java.lang.UnsupportedOperationException"><![CDATA[java.lang.UnsupportedOperationException: You may not select a disabled option
	at org.openqa.selenium.support.ui.Select.assertOptionIsEnabled(Select.java:321)
	at org.openqa.selenium.support.ui.Select.setSelected(Select.java:313)
	at org.openqa.selenium.support.ui.Select.selectByVisibleText(Select.java:119)
	at anhtester.com.keywords.WebUI.selectOptionByText(WebUI.java:734)
	at anhtester.com.hubpay.corp.pages.ExchangePage.selectTenorDateOnExchange(ExchangePage.java:485)
	at anhtester.com.hubpay.corp.stepdefinitions.ExchangePageStepDefinition.I_select_tenor_for_currency_on_exchange_page(ExchangePageStepDefinition.java:86)
	at ✽.I select "Next business day" tenor on Exchange page(file:///Users/kanthreddy/wip/Hubpay_QAAutomation/src/test/resources/features/InternationalPayments/InternationalPaymentFlow_MultipleRecipients_SGD.feature:17)
]]></failure>
    <system-out><![CDATA[
@intlmultiplepayments @sgd @multitenor @corp
Scenario Outline: Verify the end to end flow of International payments with Multiple recipients for SGD corridor      # src/test/resources/features/InternationalPayments/InternationalPaymentFlow_MultipleRecipients_SGD.feature:162
[INFO] 05-09-2023 19:53:58 [WebDriverManager] - Using chromedriver 116.0.5845.96 (resolved driver for Chrome 116)
[INFO] 05-09-2023 19:53:58 [WebDriverManager] - Exporting webdriver.chrome.driver as /Users/kanthreddy/.cache/selenium/chromedriver/mac-arm64/116.0.5845.96/chromedriver
[INFO] 05-09-2023 19:53:59 [LogUtils] - Driver in TestContext: ChromeDriver: chrome on mac (a3f154e08996d492e41eefca1e07dcdc)
  Given I setup test data file name for "InternationalPayments_Multiple" "SGD" "60"                                   # anhtester.com.common.CommonSteps.I_create_testdata_file_for(java.lang.String,java.lang.String,java.lang.String)
[INFO] 05-09-2023 19:54:00 [LogUtils] - Open URL: https://corporate-dev.hubpay.ae/auth/signin
[INFO] 05-09-2023 19:54:00 [LogUtils] - Verify element visible By.cssSelector: input[name='username']
[INFO] 05-09-2023 19:54:00 [LogUtils] - Set text sreekanth@hubpay.ae on By.cssSelector: input[name='username']
[INFO] 05-09-2023 19:54:00 [LogUtils] - Verify element visible By.cssSelector: input[name='password']
[INFO] 05-09-2023 19:54:00 [LogUtils] - Set text Passhub@1 on By.cssSelector: input[name='password']
[INFO] 05-09-2023 19:54:01 [LogUtils] - Click on element with JS: By.xpath: //button[text()='Next']
[INFO] 05-09-2023 19:54:03 [LogUtils] - Verify element visible By.xpath: //li[contains(.,'Sign out')]
Login successful
  Given I'm Logged in to the Corp portal                                                                              # anhtester.com.common.CommonSteps.I_enter_credentials_on_CorpSuite_Login_Page()
{COMMON={toCurrencyName=, toCurrencyCode=SGD, fromCurrencyName=UAE Dirham, fromCurrencyCode=AED, toCurrencyWalletBalance=SGD 9355.25, feePerPayment=AED 52.50, processingTime=1-2 business days, fromCurrencyWalletBalance=AED 451096.18, noOfPayments=2, totalReceiveAmount=SGD 70.00, totalAmount=null, totalFees=AED 105.00, totalPayable=AED 296.91, balanceDue=SGD 0.00, expectedPaymentDate=06/09/2023, paymentMethod=SWIFT, provider=CAB, createdAt=Tuesday 5 September 2023, fromCurrencyWalletBalanceAfterPaymentCompleted=null, liveRate=1 SGD = 2.74159 AED, settlementDate=06/09/2023, formatted_settlementDate=null, toCurrencyWalletBalanceAfterSettlementReceived=null, fromCurrencyWalletBalanceAfterSettlementReceived=null, totalSendAmount=AED 191.91, availableFromWalletBalance=AED 296.91, scheduledAt=05/09/2023, toCurrencyWalletBalanceAfterPaymentCompleted=SGD 9355.25}, EXCHANGE={toAmount=70.00, fromAmount=AED 191.91, type=International Exchange, createdAt=Tuesday 5 September 2023, reference=AF-I9NH-PFM3, orderedAt=05/09/2023, orderSettledAt=05/09/2023, rejectedAt=-, completedAt=05/09/2023, totalFundsDue=AED 296.91, status=Ordered}, BUSINESS={recipientType=Business, toAmount=SGD 50.00, fromAmount=, recipientName=AUTO INTL SGD BUSINESS NAME, addressLineOne=AUTO INTL SGD BUSINESS ADDR ONE, addressLineTwo=AUTO INTL SGD BUSINESS ADDR TWO, city=AUTO INTL SGD BUSINESS ADDR CITY, province=AUTO INTL SGD BUSINESS PROVINCE, postalCode=01234, country=Singapore, countryCode=SG, accountNumber=5041920123, bicCode=DBSSSGSGXXX, bankCode=7171001, thirdPartyReference=SGD1234TPR, documentNumber=SGDINV1234, purposeOfPayment=Travel, reference=AP-28DM-NM6S, status=Completed, processingStatus=COMPLETED, resultStatus=PAID, scheduledAt=-, submittingAt=05/09/2023, pendingAt=05/09/2023, lastUpdatedAt=05/09/2023, completedAt=05/09/2023, declinedAt=-, declinedBy=-, declinedReason=-, providerStatusCode=200, providerStatusDescription=-, providerAmountPaid=SGD 50.00, providerFeePaid=-, providerTransactionId=-, providerDatePaid=05/09/2023, providerValueDate=-, providerPaymentValueDate=-}, INDIVIDUAL={recipientType=Individual, toAmount=SGD 20.00, fromAmount=, recipientName=AUTO INTL SGD INDIVIDUAL NAME, addressLineOne=AUTO INTL SGD INDV ADDR ONE, addressLineTwo=AUTO INTL SGD INDV ADDR TWO, city=AUTO INTL SGD INDV ADDR CITY, province=AUTO INTL SGD INDV PROVINCE, postalCode=567890, country=Singapore, countryCode=SG, accountNumber=5041920123, bicCode=DBSSSGSGXXX, bankCode=7171001, thirdPartyReference=SGD-TPR-INDV-1010, documentNumber=SGD-INV-INDV-1010, purposeOfPayment=Education, reference=AP-KP95-KVW7, status=Completed, processingStatus=COMPLETED, resultStatus=PAID, scheduledAt=-, submittingAt=05/09/2023, pendingAt=05/09/2023, lastUpdatedAt=05/09/2023, completedAt=05/09/2023, declinedAt=-, declinedBy=-, declinedReason=-, providerStatusCode=200, providerStatusDescription=-, providerAmountPaid=SGD 20.00, providerFeePaid=-, providerTransactionId=-, providerDatePaid=05/09/2023, providerValueDate=-, providerPaymentValueDate=-}}
[INFO] 05-09-2023 19:54:07 [LogUtils] - Verify element visible By.xpath: //h1[text()='Dashboard']
[INFO] 05-09-2023 19:54:07 [LogUtils] - Verify element visible By.xpath: //h1[text()='Dashboard']
  Then I verify Dashboard page is displayed                                                                           # anhtester.com.hubpay.corp.stepdefinitions.DashboardPageStepDefinition.I_verify_dashboard_page_is_displayed()
I_note_wallet_balance_for_corridor:src/test/resources/testdata/InternationalPayments_Multiple_SGD_60.json
[INFO] 05-09-2023 19:54:08 [LogUtils] - Verify element visible By.xpath: //p[contains(text(),'AED')]
[INFO] 05-09-2023 19:54:08 [LogUtils] - Verify element visible By.xpath: //p[contains(text(),'AED')]
[INFO] 05-09-2023 19:54:08 [LogUtils] - Verify element visible By.xpath: //p[contains(text(),'SGD')]
[INFO] 05-09-2023 19:54:08 [LogUtils] - Verify element visible By.xpath: //p[contains(text(),'SGD')]
  Then I Note the wallet balance of the "AED" and "SGD" on Dashboard page                                             # anhtester.com.hubpay.corp.stepdefinitions.DashboardPageStepDefinition.I_note_wallet_balance_for_corridor(java.lang.String,java.lang.String)
[INFO] 05-09-2023 19:54:09 [LogUtils] - Verify element visible By.xpath: //a[text()='Send international']
[INFO] 05-09-2023 19:54:09 [LogUtils] - Clicked on the element By.xpath: //a[text()='Send international']
[INFO] 05-09-2023 19:54:10 [LogUtils] - Verify element visible By.xpath: //h1[text()='International payment']
  Then I navigate to International Payments page                                                                      # anhtester.com.hubpay.corp.stepdefinitions.DashboardPageStepDefinition.I_navigate_to_international_payments_page()
{COMMON={toCurrencyName=, toCurrencyCode=SGD, fromCurrencyName=UAE Dirham, fromCurrencyCode=AED, toCurrencyWalletBalance=SGD 9,355.25, feePerPayment=AED 52.50, processingTime=1-2 business days, fromCurrencyWalletBalance=AED 450,529.96, noOfPayments=2, totalReceiveAmount=SGD 70.00, totalAmount=null, totalFees=AED 105.00, totalPayable=AED 296.91, balanceDue=SGD 0.00, expectedPaymentDate=06/09/2023, paymentMethod=SWIFT, provider=CAB, createdAt=Tuesday 5 September 2023, fromCurrencyWalletBalanceAfterPaymentCompleted=null, liveRate=1 SGD = 2.74159 AED, settlementDate=06/09/2023, formatted_settlementDate=null, toCurrencyWalletBalanceAfterSettlementReceived=null, fromCurrencyWalletBalanceAfterSettlementReceived=null, totalSendAmount=AED 191.91, availableFromWalletBalance=AED 296.91, scheduledAt=05/09/2023, toCurrencyWalletBalanceAfterPaymentCompleted=SGD 9355.25}, EXCHANGE={toAmount=70.00, fromAmount=AED 191.91, type=International Exchange, createdAt=Tuesday 5 September 2023, reference=AF-I9NH-PFM3, orderedAt=05/09/2023, orderSettledAt=05/09/2023, rejectedAt=-, completedAt=05/09/2023, totalFundsDue=AED 296.91, status=Ordered}, BUSINESS={recipientType=Business, toAmount=SGD 50.00, fromAmount=, recipientName=AUTO INTL SGD BUSINESS NAME, addressLineOne=AUTO INTL SGD BUSINESS ADDR ONE, addressLineTwo=AUTO INTL SGD BUSINESS ADDR TWO, city=AUTO INTL SGD BUSINESS ADDR CITY, province=AUTO INTL SGD BUSINESS PROVINCE, postalCode=01234, country=Singapore, countryCode=SG, accountNumber=5041920123, bicCode=DBSSSGSGXXX, bankCode=7171001, thirdPartyReference=SGD1234TPR, documentNumber=SGDINV1234, purposeOfPayment=Travel, reference=AP-28DM-NM6S, status=Completed, processingStatus=COMPLETED, resultStatus=PAID, scheduledAt=-, submittingAt=05/09/2023, pendingAt=05/09/2023, lastUpdatedAt=05/09/2023, completedAt=05/09/2023, declinedAt=-, declinedBy=-, declinedReason=-, providerStatusCode=200, providerStatusDescription=-, providerAmountPaid=SGD 50.00, providerFeePaid=-, providerTransactionId=-, providerDatePaid=05/09/2023, providerValueDate=-, providerPaymentValueDate=-}, INDIVIDUAL={recipientType=Individual, toAmount=SGD 20.00, fromAmount=, recipientName=AUTO INTL SGD INDIVIDUAL NAME, addressLineOne=AUTO INTL SGD INDV ADDR ONE, addressLineTwo=AUTO INTL SGD INDV ADDR TWO, city=AUTO INTL SGD INDV ADDR CITY, province=AUTO INTL SGD INDV PROVINCE, postalCode=567890, country=Singapore, countryCode=SG, accountNumber=5041920123, bicCode=DBSSSGSGXXX, bankCode=7171001, thirdPartyReference=SGD-TPR-INDV-1010, documentNumber=SGD-INV-INDV-1010, purposeOfPayment=Education, reference=AP-KP95-KVW7, status=Completed, processingStatus=COMPLETED, resultStatus=PAID, scheduledAt=-, submittingAt=05/09/2023, pendingAt=05/09/2023, lastUpdatedAt=05/09/2023, completedAt=05/09/2023, declinedAt=-, declinedBy=-, declinedReason=-, providerStatusCode=200, providerStatusDescription=-, providerAmountPaid=SGD 20.00, providerFeePaid=-, providerTransactionId=-, providerDatePaid=05/09/2023, providerValueDate=-, providerPaymentValueDate=-}}
[INFO] 05-09-2023 19:54:10 [LogUtils] - Verify element visible By.xpath: //h1[text()='Currency']
[INFO] 05-09-2023 19:54:10 [LogUtils] - Verify element visible By.xpath: //p[text()='Select the currency you are sending from and the currency your recipient gets']
[INFO] 05-09-2023 19:54:10 [LogUtils] - Verify element visible By.xpath: //span[text()='Select wallet']/parent::button
  Then I verify default details on International payments page                                                        # anhtester.com.hubpay.corp.stepdefinitions.PaymentsPageStepDefinition.I_verify_defaultdetails_international_payments_page()
[INFO] 05-09-2023 19:54:20 [LogUtils] - Verify element visible By.xpath: //span[text()='Select wallet']/parent::button
[INFO] 05-09-2023 19:54:20 [LogUtils] - Clicked on the element By.xpath: //span[text()='Select wallet']/parent::button
Tag name - div
value - null
innerText -SGD
  When I select "SGD" corridor on International Payments page                                                         # anhtester.com.hubpay.corp.stepdefinitions.PaymentsPageStepDefinition.I_select_corridor_on_international_payments_page(java.lang.String)
{COMMON={toCurrencyName=, toCurrencyCode=SGD, fromCurrencyName=UAE Dirham, fromCurrencyCode=AED, toCurrencyWalletBalance=SGD 9,355.25, feePerPayment=AED 52.50, processingTime=1-2 business days, fromCurrencyWalletBalance=AED 450,529.96, noOfPayments=2, totalReceiveAmount=SGD 70.00, totalAmount=null, totalFees=AED 105.00, totalPayable=AED 296.91, balanceDue=SGD 0.00, expectedPaymentDate=06/09/2023, paymentMethod=SWIFT, provider=CAB, createdAt=Tuesday 5 September 2023, fromCurrencyWalletBalanceAfterPaymentCompleted=null, liveRate=1 SGD = 2.74159 AED, settlementDate=06/09/2023, formatted_settlementDate=null, toCurrencyWalletBalanceAfterSettlementReceived=null, fromCurrencyWalletBalanceAfterSettlementReceived=null, totalSendAmount=AED 191.91, availableFromWalletBalance=AED 296.91, scheduledAt=05/09/2023, toCurrencyWalletBalanceAfterPaymentCompleted=SGD 9355.25}, EXCHANGE={toAmount=70.00, fromAmount=AED 191.91, type=International Exchange, createdAt=Tuesday 5 September 2023, reference=AF-I9NH-PFM3, orderedAt=05/09/2023, orderSettledAt=05/09/2023, rejectedAt=-, completedAt=05/09/2023, totalFundsDue=AED 296.91, status=Ordered}, BUSINESS={recipientType=Business, toAmount=SGD 50.00, fromAmount=, recipientName=AUTO INTL SGD BUSINESS NAME, addressLineOne=AUTO INTL SGD BUSINESS ADDR ONE, addressLineTwo=AUTO INTL SGD BUSINESS ADDR TWO, city=AUTO INTL SGD BUSINESS ADDR CITY, province=AUTO INTL SGD BUSINESS PROVINCE, postalCode=01234, country=Singapore, countryCode=SG, accountNumber=5041920123, bicCode=DBSSSGSGXXX, bankCode=7171001, thirdPartyReference=SGD1234TPR, documentNumber=SGDINV1234, purposeOfPayment=Travel, reference=AP-28DM-NM6S, status=Completed, processingStatus=COMPLETED, resultStatus=PAID, scheduledAt=-, submittingAt=05/09/2023, pendingAt=05/09/2023, lastUpdatedAt=05/09/2023, completedAt=05/09/2023, declinedAt=-, declinedBy=-, declinedReason=-, providerStatusCode=200, providerStatusDescription=-, providerAmountPaid=SGD 50.00, providerFeePaid=-, providerTransactionId=-, providerDatePaid=05/09/2023, providerValueDate=-, providerPaymentValueDate=-}, INDIVIDUAL={recipientType=Individual, toAmount=SGD 20.00, fromAmount=, recipientName=AUTO INTL SGD INDIVIDUAL NAME, addressLineOne=AUTO INTL SGD INDV ADDR ONE, addressLineTwo=AUTO INTL SGD INDV ADDR TWO, city=AUTO INTL SGD INDV ADDR CITY, province=AUTO INTL SGD INDV PROVINCE, postalCode=567890, country=Singapore, countryCode=SG, accountNumber=5041920123, bicCode=DBSSSGSGXXX, bankCode=7171001, thirdPartyReference=SGD-TPR-INDV-1010, documentNumber=SGD-INV-INDV-1010, purposeOfPayment=Education, reference=AP-KP95-KVW7, status=Completed, processingStatus=COMPLETED, resultStatus=PAID, scheduledAt=-, submittingAt=05/09/2023, pendingAt=05/09/2023, lastUpdatedAt=05/09/2023, completedAt=05/09/2023, declinedAt=-, declinedBy=-, declinedReason=-, providerStatusCode=200, providerStatusDescription=-, providerAmountPaid=SGD 20.00, providerFeePaid=-, providerTransactionId=-, providerDatePaid=05/09/2023, providerValueDate=-, providerPaymentValueDate=-}}
[INFO] 05-09-2023 19:54:21 [LogUtils] - Verify element visible By.xpath: //div[contains(text(),'Settlement date')]/preceding-sibling::div//select
  When I select "Next business day" tenor on Exchange page                                                            # anhtester.com.hubpay.corp.stepdefinitions.ExchangePageStepDefinition.I_select_tenor_for_currency_on_exchange_page(java.lang.String)
      java.lang.UnsupportedOperationException: You may not select a disabled option
	at org.openqa.selenium.support.ui.Select.assertOptionIsEnabled(Select.java:321)
	at org.openqa.selenium.support.ui.Select.setSelected(Select.java:313)
	at org.openqa.selenium.support.ui.Select.selectByVisibleText(Select.java:119)
	at anhtester.com.keywords.WebUI.selectOptionByText(WebUI.java:734)
	at anhtester.com.hubpay.corp.pages.ExchangePage.selectTenorDateOnExchange(ExchangePage.java:485)
	at anhtester.com.hubpay.corp.stepdefinitions.ExchangePageStepDefinition.I_select_tenor_for_currency_on_exchange_page(ExchangePageStepDefinition.java:86)
	at ✽.I select "Next business day" tenor on Exchange page(file:///Users/kanthreddy/wip/Hubpay_QAAutomation/src/test/resources/features/InternationalPayments/InternationalPaymentFlow_MultipleRecipients_SGD.feature:17)


    Embedding Screenshot Failed [image/png 200986 bytes]

  Then I verify Live rate is displayed for "SGD" corridor                                                             # anhtester.com.hubpay.corp.stepdefinitions.ExchangePageStepDefinition.I_verify_live_rate_is_displayed_exchange_page(java.lang.String)
  Then I verify "1-2 business days" for the "SGD" Payments                                                            # anhtester.com.hubpay.corp.stepdefinitions.PaymentsPageStepDefinition.I_verify_processingtime_for_the_payments(java.lang.String,java.lang.String)
  When I click "Next" button on "Payments" page                                                                       # anhtester.com.hubpay.corp.stepdefinitions.ExchangePageStepDefinition.I_click_button_on_exchange_page(java.lang.String,java.lang.String)
  When I click "Add individual or business" button on "Payments" page                                                 # anhtester.com.hubpay.corp.stepdefinitions.ExchangePageStepDefinition.I_click_button_on_exchange_page(java.lang.String,java.lang.String)
  Then I verify Add a new recipient form is displayed                                                                 # anhtester.com.hubpay.corp.stepdefinitions.PaymentsPageStepDefinition.I_verify_add_new_recipient_form_displayed()
  When I choose "BUSINESS" on Add a new recipient form                                                                # anhtester.com.hubpay.corp.stepdefinitions.PaymentsPageStepDefinition.I_choose_on_Add_new_recipient_form(java.lang.String)
  When I enter "BUSINESS" details for "BUSINESS" recipient on Add a new recipient form                                # anhtester.com.hubpay.corp.stepdefinitions.PaymentsPageStepDefinition.I_enter_details_for_recipent_on_Add_new_recipient_form(java.lang.String,java.lang.String)
  When I save recipient details entered on Add a new recipient form                                                   # anhtester.com.hubpay.corp.stepdefinitions.PaymentsPageStepDefinition.I_save_recipient_details_entered_Add_new_recipient_form()
  Then I verify "Recipient added" toast message is displayed                                                          # anhtester.com.hubpay.corp.stepdefinitions.PaymentsPageStepDefinition.I_verify_toast_message_is_displayed(java.lang.String)
  Then I verify "BUSINESS" details in row "1" in Recipients grid on Payments & Recipients step                        # anhtester.com.hubpay.corp.stepdefinitions.PaymentsPageStepDefinition.I_verify_details_in_row_in_recipientsgrid_on_paymentsrecipients_step(java.lang.String,java.lang.String)
  When I click "Add individual or business" button on "Payments" page                                                 # anhtester.com.hubpay.corp.stepdefinitions.ExchangePageStepDefinition.I_click_button_on_exchange_page(java.lang.String,java.lang.String)
  When I choose "INDIVIDUAL" on Add a new recipient form                                                              # anhtester.com.hubpay.corp.stepdefinitions.PaymentsPageStepDefinition.I_choose_on_Add_new_recipient_form(java.lang.String)
  When I enter "INDIVIDUAL" details for "INDIVIDUAL" recipient on Add a new recipient form                            # anhtester.com.hubpay.corp.stepdefinitions.PaymentsPageStepDefinition.I_enter_details_for_recipent_on_Add_new_recipient_form(java.lang.String,java.lang.String)
  When I save recipient details entered on Add a new recipient form                                                   # anhtester.com.hubpay.corp.stepdefinitions.PaymentsPageStepDefinition.I_save_recipient_details_entered_Add_new_recipient_form()
  Then I verify "Recipient added" toast message is displayed                                                          # anhtester.com.hubpay.corp.stepdefinitions.PaymentsPageStepDefinition.I_verify_toast_message_is_displayed(java.lang.String)
  Then I verify "INDIVIDUAL" details in row "2" in Recipients grid on Payments & Recipients step                      # anhtester.com.hubpay.corp.stepdefinitions.PaymentsPageStepDefinition.I_verify_details_in_row_in_recipientsgrid_on_paymentsrecipients_step(java.lang.String,java.lang.String)
  Then I calculate the payment details for the recipients added for "International payments"                          # anhtester.com.hubpay.corp.stepdefinitions.PaymentsPageStepDefinition.I_calculate_the_paymentdetails_for_the_recipients_added(java.lang.String)
  Then I verify payment details under checkout section in Payments & Recipients step on "International Payments" page # anhtester.com.hubpay.corp.stepdefinitions.PaymentsPageStepDefinition.I_verify_paymentdetails_under_checkout_payments_recipients_step(java.lang.String)
  When I click "Checkout" button on "Payments" page                                                                   # anhtester.com.hubpay.corp.stepdefinitions.ExchangePageStepDefinition.I_click_button_on_exchange_page(java.lang.String,java.lang.String)
  Then I refresh rate and verify payment details in Review & confirm step for "International payments"                # anhtester.com.hubpay.corp.stepdefinitions.PaymentsPageStepDefinition.I_refresh_rate_and_verify_paymentdetails_in_review_confirm_payments_page(java.lang.String)
  When I "check" consent checkbox on "International payments" page                                                    # anhtester.com.hubpay.corp.stepdefinitions.ExchangePageStepDefinition.I_consent_checkbox_exchange_page(java.lang.String,java.lang.String)
  When I click "Confirm Payment" button on "International Payments" page                                              # anhtester.com.hubpay.corp.stepdefinitions.ExchangePageStepDefinition.I_click_button_on_exchange_page(java.lang.String,java.lang.String)
  Then I verify details on the "International Payments" submitted page                                                # anhtester.com.hubpay.corp.stepdefinitions.PaymentsPageStepDefinition.I_verify_details_on_submitted_page(java.lang.String)
  When I navigate to Dashboard page                                                                                   # anhtester.com.hubpay.corp.stepdefinitions.DashboardPageStepDefinition.I_navigate_to_dashboard_page()
  Then I navigate to Transactions tab page                                                                            # anhtester.com.hubpay.corp.stepdefinitions.DashboardPageStepDefinition.I_navigate_to_transactions_page()
  Then I verify and open Exchange details view of International payment from the Transactions grid                    # anhtester.com.hubpay.corp.stepdefinitions.DashboardPageStepDefinition.I_verify_and_open_exchange_details_international_payment_from_the_Transactions_grid()
  Then I verify exchange transaction status is "Ordered" on transaction details view                                  # anhtester.com.hubpay.corp.stepdefinitions.DashboardPageStepDefinition.I_verify_transactions_status_on_details_view(java.lang.String)
  Then I verify details of exchange transaction on transaction details view                                           # anhtester.com.hubpay.corp.stepdefinitions.DashboardPageStepDefinition.I_verify_transactions_status_open_details_view()
  When I close the transaction details view                                                                           # anhtester.com.hubpay.corp.stepdefinitions.DashboardPageStepDefinition.I_close_the_exchange_transaction_details_view()
  Then I search and verify payment for "BUSINESS" in the Transactions grid                                            # anhtester.com.hubpay.corp.stepdefinitions.DashboardPageStepDefinition.I_search_verify_payment_for_in_the_Transactions_grid(java.lang.String)
  Then I open transaction details view of payment for "BUSINESS"                                                      # anhtester.com.hubpay.corp.stepdefinitions.DashboardPageStepDefinition.I_verify_payment_status_open_details_view(java.lang.String)
  Then I verify payment status is "Scheduled" on transaction details view                                             # anhtester.com.hubpay.corp.stepdefinitions.DashboardPageStepDefinition.I_verify_paymentstatus_on_details_view(java.lang.String)
  Then I verify details of payment for "BUSINESS" on transaction details view                                         # anhtester.com.hubpay.corp.stepdefinitions.DashboardPageStepDefinition.I_verify_details_payment_details_view(java.lang.String)
  When I close the transaction details view                                                                           # anhtester.com.hubpay.corp.stepdefinitions.DashboardPageStepDefinition.I_close_the_exchange_transaction_details_view()
  Then I search and verify payment for "INDIVIDUAL" in the Transactions grid                                          # anhtester.com.hubpay.corp.stepdefinitions.DashboardPageStepDefinition.I_search_verify_payment_for_in_the_Transactions_grid(java.lang.String)
  Then I open transaction details view of payment for "INDIVIDUAL"                                                    # anhtester.com.hubpay.corp.stepdefinitions.DashboardPageStepDefinition.I_verify_payment_status_open_details_view(java.lang.String)
  Then I verify payment status is "Scheduled" on transaction details view                                             # anhtester.com.hubpay.corp.stepdefinitions.DashboardPageStepDefinition.I_verify_paymentstatus_on_details_view(java.lang.String)
  Then I verify details of payment for "INDIVIDUAL" on transaction details view                                       # anhtester.com.hubpay.corp.stepdefinitions.DashboardPageStepDefinition.I_verify_details_payment_details_view(java.lang.String)
  When I close the transaction details view                                                                           # anhtester.com.hubpay.corp.stepdefinitions.DashboardPageStepDefinition.I_close_the_exchange_transaction_details_view()
  Then I navigate to Wallets tab page                                                                                 # anhtester.com.hubpay.corp.stepdefinitions.DashboardPageStepDefinition.I_navigate_to_wallets_tab_page()
  Then I verify available funds for the "AED" corridor                                                                # anhtester.com.hubpay.corp.stepdefinitions.DashboardPageStepDefinition.I_verify_available_funds_for_corridor(java.lang.String)
  When I'm Sign out from the Corp portal                                                                              # anhtester.com.common.CommonSteps.I_signout_corp_portal()
  Given I'm Logged in to the Ops portal                                                                               # anhtester.com.common.CommonSteps.i_m_logged_in_to_the_admin_portal()
  Then I open customer overview page of "Corporate Customers" registered with "Phone number" "+91 7989730020"         # anhtester.com.hubpay.ops.stepdefinitions.CustomersPageStepDefinition.i_view_the_customer_overview_page_of_registered_with(java.lang.String,java.lang.String,java.lang.String)
  And I verify "Available" balance of "SGD" wallet on the Customer Overview page                                      # anhtester.com.hubpay.ops.stepdefinitions.CustomerOverviewPageStepDefinition.i_verify_wallet_balance_customer_overview_page(java.lang.String,java.lang.String)
  And I verify "Available" balance of "AED" wallet on the Customer Overview page                                      # anhtester.com.hubpay.ops.stepdefinitions.CustomerOverviewPageStepDefinition.i_verify_wallet_balance_customer_overview_page(java.lang.String,java.lang.String)
  When I navigate to "Wallet debits" tab page                                                                         # anhtester.com.hubpay.ops.stepdefinitions.CustomerOverviewPageStepDefinition.inavigateToTabPage(java.lang.String)
  When I open transaction details view of the "Foreign Exchange" transaction having ""                                # anhtester.com.hubpay.ops.stepdefinitions.TransactionsPageStepDefinition.i_open_transaction_detailsview_transaction_having(java.lang.String,java.lang.String)
  Then I verify transaction status is "Ordered" on the transaction details view                                       # anhtester.com.hubpay.ops.stepdefinitions.TransactionsPageStepDefinition.i_verify_transaction_status_transaction_detailsview(java.lang.String)
  Then I verify "Foreign Exchange" details on the transaction details view                                            # anhtester.com.hubpay.ops.stepdefinitions.TransactionsPageStepDefinition.i_verify_transaction_details_on_transaction_detailsview(java.lang.String)
  Then I verify "SETTLEMENT RECEIVED" button "Available" on the transaction details view                              # anhtester.com.hubpay.ops.stepdefinitions.TransactionsPageStepDefinition.i_verify_button_on_transaction_detailsview(java.lang.String,java.lang.String)
  When I click "SETTLEMENT RECEIVED" button on the transaction details view                                           # anhtester.com.hubpay.ops.stepdefinitions.TransactionsPageStepDefinition.i_click_button_on_transaction_detailsview(java.lang.String)
  Then I verify "SETTLE" button "Available" on the transaction details view                                           # anhtester.com.hubpay.ops.stepdefinitions.TransactionsPageStepDefinition.i_verify_button_on_transaction_detailsview(java.lang.String,java.lang.String)
  Then I verify transaction status is "ORDER_SETTLED" on the transaction details view                                 # anhtester.com.hubpay.ops.stepdefinitions.TransactionsPageStepDefinition.i_verify_transaction_status_transaction_detailsview(java.lang.String)
  Then I verify "Foreign Exchange" details on the transaction details view                                            # anhtester.com.hubpay.ops.stepdefinitions.TransactionsPageStepDefinition.i_verify_transaction_details_on_transaction_detailsview(java.lang.String)
  Then I navigate to Customer Overview page from the transaction details view                                         # anhtester.com.hubpay.ops.stepdefinitions.TransactionsPageStepDefinition.i_navigate_customer_overview_from_transaction_detailsview()
  And I verify "Available" balance of "SGD" wallet on the Customer Overview page                                      # anhtester.com.hubpay.ops.stepdefinitions.CustomerOverviewPageStepDefinition.i_verify_wallet_balance_customer_overview_page(java.lang.String,java.lang.String)
  Then I update wallet balance in test data file after submitting Foreign Exchange to CAB                             # anhtester.com.hubpay.ops.stepdefinitions.TransactionsPageStepDefinition.i_update_wallet_balances_in_test_data_file_after_submitting_exchange_to_CAB()
  And I verify "Available" balance of "AED" wallet on the Customer Overview page                                      # anhtester.com.hubpay.ops.stepdefinitions.CustomerOverviewPageStepDefinition.i_verify_wallet_balance_customer_overview_page(java.lang.String,java.lang.String)
  Then I navigated to the "Transactions" page using left navigation                                                   # anhtester.com.hubpay.ops.stepdefinitions.CustomersPageStepDefinition.i_navigated_to_the_page(java.lang.String)
  When I open transaction details view of the "Foreign Exchange" transaction having ""                                # anhtester.com.hubpay.ops.stepdefinitions.TransactionsPageStepDefinition.i_open_transaction_detailsview_transaction_having(java.lang.String,java.lang.String)
  When I click "SETTLE" button on the transaction details view                                                        # anhtester.com.hubpay.ops.stepdefinitions.TransactionsPageStepDefinition.i_click_button_on_transaction_detailsview(java.lang.String)
  Then I verify transaction status is "COMPLETED" on the transaction details view                                     # anhtester.com.hubpay.ops.stepdefinitions.TransactionsPageStepDefinition.i_verify_transaction_status_transaction_detailsview(java.lang.String)
  Then I update wallet balance in test data file after Foreign Exchange processed by CAB                              # anhtester.com.hubpay.ops.stepdefinitions.TransactionsPageStepDefinition.i_update_wallet_balances_in_test_data_file_after_exchange_processed_by_CAB()
  Then I verify "Foreign Exchange" details on the transaction details view                                            # anhtester.com.hubpay.ops.stepdefinitions.TransactionsPageStepDefinition.i_verify_transaction_details_on_transaction_detailsview(java.lang.String)
  Then I navigate to Customer Overview page from the transaction details view                                         # anhtester.com.hubpay.ops.stepdefinitions.TransactionsPageStepDefinition.i_navigate_customer_overview_from_transaction_detailsview()
  And I verify "Available" balance of "AED" wallet on the Customer Overview page                                      # anhtester.com.hubpay.ops.stepdefinitions.CustomerOverviewPageStepDefinition.i_verify_wallet_balance_customer_overview_page(java.lang.String,java.lang.String)
  And I verify "Available" balance of "SGD" wallet on the Customer Overview page                                      # anhtester.com.hubpay.ops.stepdefinitions.CustomerOverviewPageStepDefinition.i_verify_wallet_balance_customer_overview_page(java.lang.String,java.lang.String)
  When I navigate to "Wallet debits" tab page                                                                         # anhtester.com.hubpay.ops.stepdefinitions.CustomerOverviewPageStepDefinition.inavigateToTabPage(java.lang.String)
  Then I verify "payment" details for "BUSINESS" in the "Wallet debits" grid                                          # anhtester.com.hubpay.ops.stepdefinitions.TransactionsPageStepDefinition.i_verify_transaction_details_for_in_the_wallet_debits_grid(java.lang.String,java.lang.String,java.lang.String)
  When I open payment details view for the payment of "BUSINESS" having ""                                            # anhtester.com.hubpay.ops.stepdefinitions.TransactionsPageStepDefinition.i_open_payment_detailsview_for_the_having(java.lang.String,java.lang.String)
  Then I verify payment details for "BUSINESS" on the transaction details view                                        # anhtester.com.hubpay.ops.stepdefinitions.TransactionsPageStepDefinition.i_verify_payment_details_for_on_transaction_detailsview(java.lang.String)
  Then I verify buttons "Available" on the transaction details view                                                   # anhtester.com.hubpay.ops.stepdefinitions.TransactionsPageStepDefinition.i_verify_buttons_not_available_on_transaction_detailsview(java.lang.String,io.cucumber.datatable.DataTable)
    | SUBMIT SINGLE PAYMENT |
    | SUBMIT FULL BATCH     |
    | DOWNLOAD              |
  When I submit "FULL BATCH" payment to CAB for processing                                                            # anhtester.com.hubpay.ops.stepdefinitions.TransactionsPageStepDefinition.i_submit_payment_to_CAB_for_processing(java.lang.String)
  Then I verify "Order has been updated successfully" toast message is displayed                                      # anhtester.com.hubpay.corp.stepdefinitions.PaymentsPageStepDefinition.I_verify_toast_message_is_displayed(java.lang.String)
  When I update data file after "FULL BATCH" recipient "International payments" submitted to CAB                      # anhtester.com.hubpay.ops.stepdefinitions.TransactionsPageStepDefinition.i_update_data_file_after_recipient_submitted_to_CAB(java.lang.String,java.lang.String)
  Then I verify payment details for "BUSINESS" on the transaction details view                                        # anhtester.com.hubpay.ops.stepdefinitions.TransactionsPageStepDefinition.i_verify_payment_details_for_on_transaction_detailsview(java.lang.String)
  Then I verify buttons "Available" on the transaction details view                                                   # anhtester.com.hubpay.ops.stepdefinitions.TransactionsPageStepDefinition.i_verify_buttons_not_available_on_transaction_detailsview(java.lang.String,io.cucumber.datatable.DataTable)
    | Force Refresh Payment Statuses |
    | DOWNLOAD                       |
  Then I verify buttons "Not Available" on the transaction details view                                               # anhtester.com.hubpay.ops.stepdefinitions.TransactionsPageStepDefinition.i_verify_buttons_not_available_on_transaction_detailsview(java.lang.String,io.cucumber.datatable.DataTable)
    | SUBMIT SINGLE PAYMENT |
    | SUBMIT FULL BATCH     |
    | DECLINE               |
  Then I navigate to Customer Overview page from the transaction details view                                         # anhtester.com.hubpay.ops.stepdefinitions.TransactionsPageStepDefinition.i_navigate_customer_overview_from_transaction_detailsview()
  When I update data file after "FULL BATCH" recipient "International payments" processed by CAB                      # anhtester.com.hubpay.ops.stepdefinitions.TransactionsPageStepDefinition.i_update_data_file_after_recipient_processed_by_CAB(java.lang.String,java.lang.String)
  And I verify "Available" balance of "AED" wallet after "BUSINESS" payment "COMPLETED"                               # anhtester.com.hubpay.ops.stepdefinitions.CustomerOverviewPageStepDefinition.i_verify_balance_of_wallet_after_payment(java.lang.String,java.lang.String,java.lang.String,java.lang.String)
  When I navigate to "Wallet debits" tab page                                                                         # anhtester.com.hubpay.ops.stepdefinitions.CustomerOverviewPageStepDefinition.inavigateToTabPage(java.lang.String)
  Then I verify "payment" details for "BUSINESS" in the "Wallet debits" grid                                          # anhtester.com.hubpay.ops.stepdefinitions.TransactionsPageStepDefinition.i_verify_transaction_details_for_in_the_wallet_debits_grid(java.lang.String,java.lang.String,java.lang.String)
  When I open payment details view for the payment of "BUSINESS" having ""                                            # anhtester.com.hubpay.ops.stepdefinitions.TransactionsPageStepDefinition.i_open_payment_detailsview_for_the_having(java.lang.String,java.lang.String)
  Then I verify payment details for "BUSINESS" on the transaction details view                                        # anhtester.com.hubpay.ops.stepdefinitions.TransactionsPageStepDefinition.i_verify_payment_details_for_on_transaction_detailsview(java.lang.String)
  Then I verify buttons "Available" on the transaction details view                                                   # anhtester.com.hubpay.ops.stepdefinitions.TransactionsPageStepDefinition.i_verify_buttons_not_available_on_transaction_detailsview(java.lang.String,io.cucumber.datatable.DataTable)
    | DOWNLOAD |
  Then I verify buttons "Not Available" on the transaction details view                                               # anhtester.com.hubpay.ops.stepdefinitions.TransactionsPageStepDefinition.i_verify_buttons_not_available_on_transaction_detailsview(java.lang.String,io.cucumber.datatable.DataTable)
    | SUBMIT SINGLE PAYMENT          |
    | SUBMIT FULL BATCH              |
    | DECLINE                        |
    | Force Refresh Payment Statuses |
  Then I navigate to Customer Overview page from the transaction details view                                         # anhtester.com.hubpay.ops.stepdefinitions.TransactionsPageStepDefinition.i_navigate_customer_overview_from_transaction_detailsview()
  When I navigate to "Wallet debits" tab page                                                                         # anhtester.com.hubpay.ops.stepdefinitions.CustomerOverviewPageStepDefinition.inavigateToTabPage(java.lang.String)
  Then I verify "payment" details for "INDIVIDUAL" in the "Wallet debits" grid                                        # anhtester.com.hubpay.ops.stepdefinitions.TransactionsPageStepDefinition.i_verify_transaction_details_for_in_the_wallet_debits_grid(java.lang.String,java.lang.String,java.lang.String)
  When I open payment details view for the payment of "INDIVIDUAL" having ""                                          # anhtester.com.hubpay.ops.stepdefinitions.TransactionsPageStepDefinition.i_open_payment_detailsview_for_the_having(java.lang.String,java.lang.String)
  Then I verify payment details for "INDIVIDUAL" on the transaction details view                                      # anhtester.com.hubpay.ops.stepdefinitions.TransactionsPageStepDefinition.i_verify_payment_details_for_on_transaction_detailsview(java.lang.String)
  Then I verify buttons "Available" on the transaction details view                                                   # anhtester.com.hubpay.ops.stepdefinitions.TransactionsPageStepDefinition.i_verify_buttons_not_available_on_transaction_detailsview(java.lang.String,io.cucumber.datatable.DataTable)
    | DOWNLOAD |
  Then I verify buttons "Not Available" on the transaction details view                                               # anhtester.com.hubpay.ops.stepdefinitions.TransactionsPageStepDefinition.i_verify_buttons_not_available_on_transaction_detailsview(java.lang.String,io.cucumber.datatable.DataTable)
    | SUBMIT SINGLE PAYMENT          |
    | SUBMIT FULL BATCH              |
    | DECLINE                        |
    | Force Refresh Payment Statuses |
  Given I'm Logged in to the Corp portal                                                                              # anhtester.com.common.CommonSteps.I_enter_credentials_on_CorpSuite_Login_Page()
  Then I verify Dashboard page is displayed                                                                           # anhtester.com.hubpay.corp.stepdefinitions.DashboardPageStepDefinition.I_verify_dashboard_page_is_displayed()
  Then I navigate to Transactions tab page                                                                            # anhtester.com.hubpay.corp.stepdefinitions.DashboardPageStepDefinition.I_navigate_to_transactions_page()
  Then I verify transaction status "Completed" in table and open transaction details view                             # anhtester.com.hubpay.corp.stepdefinitions.DashboardPageStepDefinition.I_verify_transactions_status_open_details_view(java.lang.String)
  Then I verify exchange transaction status is "Completed" on transaction details view                                # anhtester.com.hubpay.corp.stepdefinitions.DashboardPageStepDefinition.I_verify_transactions_status_on_details_view(java.lang.String)
  Then I verify details of exchange transaction on transaction details view                                           # anhtester.com.hubpay.corp.stepdefinitions.DashboardPageStepDefinition.I_verify_transactions_status_open_details_view()
  When I close the transaction details view                                                                           # anhtester.com.hubpay.corp.stepdefinitions.DashboardPageStepDefinition.I_close_the_exchange_transaction_details_view()
  Then I open transaction details view of payment for "BUSINESS"                                                      # anhtester.com.hubpay.corp.stepdefinitions.DashboardPageStepDefinition.I_verify_payment_status_open_details_view(java.lang.String)
  Then I verify payment status is "Completed" on transaction details view                                             # anhtester.com.hubpay.corp.stepdefinitions.DashboardPageStepDefinition.I_verify_paymentstatus_on_details_view(java.lang.String)
  Then I verify details of payment for "BUSINESS" on transaction details view                                         # anhtester.com.hubpay.corp.stepdefinitions.DashboardPageStepDefinition.I_verify_details_payment_details_view(java.lang.String)
  When I close the transaction details view                                                                           # anhtester.com.hubpay.corp.stepdefinitions.DashboardPageStepDefinition.I_close_the_exchange_transaction_details_view()
  Then I open transaction details view of payment for "INDIVIDUAL"                                                    # anhtester.com.hubpay.corp.stepdefinitions.DashboardPageStepDefinition.I_verify_payment_status_open_details_view(java.lang.String)
  Then I verify payment status is "Completed" on transaction details view                                             # anhtester.com.hubpay.corp.stepdefinitions.DashboardPageStepDefinition.I_verify_paymentstatus_on_details_view(java.lang.String)
  Then I verify details of payment for "INDIVIDUAL" on transaction details view                                       # anhtester.com.hubpay.corp.stepdefinitions.DashboardPageStepDefinition.I_verify_details_payment_details_view(java.lang.String)
  When I close the transaction details view                                                                           # anhtester.com.hubpay.corp.stepdefinitions.DashboardPageStepDefinition.I_close_the_exchange_transaction_details_view()
  Then I navigate to Wallets tab page                                                                                 # anhtester.com.hubpay.corp.stepdefinitions.DashboardPageStepDefinition.I_navigate_to_wallets_tab_page()
  Then I verify available funds for the "AED" corridor                                                                # anhtester.com.hubpay.corp.stepdefinitions.DashboardPageStepDefinition.I_verify_available_funds_for_corridor(java.lang.String)
  Then I verify available funds for the "SGD" corridor                                                                # anhtester.com.hubpay.corp.stepdefinitions.DashboardPageStepDefinition.I_verify_available_funds_for_corridor(java.lang.String)
  When I'm Sign out from the Corp portal                                                                              # anhtester.com.common.CommonSteps.I_signout_corp_portal()
[ERROR] 05-09-2023 19:54:23 [LifecycleNotifier] - Could not invoke listener method
org.openqa.selenium.NoSuchSessionException: Session ID is null. Using WebDriver after calling quit()?
Build info: version: '4.10.0', revision: 'c14d967899'
System info: os.name: 'Mac OS X', os.arch: 'aarch64', os.version: '12.6', java.version: '11.0.16'
Driver info: org.openqa.selenium.chrome.ChromeDriver
Command: [null, screenshot {}]
Capabilities {acceptInsecureCerts: false, browserName: chrome, browserVersion: 116.0.5845.140, chrome: {chromedriverVersion: 116.0.5845.96 (1a3918166880..., userDataDir: /var/folders/bz/l4ntdftn1jd...}, fedcm:accounts: true, goog:chromeOptions: {debuggerAddress: localhost:56830}, networkConnectionEnabled: false, pageLoadStrategy: normal, platformName: mac, proxy: Proxy(), se:cdp: ws://localhost:56830/devtoo..., se:cdpVersion: 116.0.5845.140, setWindowRect: true, strictFileInteractability: false, timeouts: {implicit: 0, pageLoad: 300000, script: 30000}, unhandledPromptBehavior: dismiss and notify, webauthn:extension:credBlob: true, webauthn:extension:largeBlob: true, webauthn:extension:minPinLength: true, webauthn:extension:prf: true, webauthn:virtualAuthenticators: true}
	at org.openqa.selenium.remote.HttpCommandExecutor.execute(HttpCommandExecutor.java:152) ~[selenium-remote-driver-4.10.0.jar:?]
	at org.openqa.selenium.remote.service.DriverCommandExecutor.invokeExecute(DriverCommandExecutor.java:196) ~[selenium-remote-driver-4.10.0.jar:?]
	at org.openqa.selenium.remote.service.DriverCommandExecutor.execute(DriverCommandExecutor.java:171) ~[selenium-remote-driver-4.10.0.jar:?]
	at org.openqa.selenium.remote.RemoteWebDriver.execute(RemoteWebDriver.java:531) ~[selenium-remote-driver-4.10.0.jar:?]
	at org.openqa.selenium.remote.RemoteWebDriver.execute(RemoteWebDriver.java:590) ~[selenium-remote-driver-4.10.0.jar:?]
	at org.openqa.selenium.remote.RemoteWebDriver.execute(RemoteWebDriver.java:594) ~[selenium-remote-driver-4.10.0.jar:?]
	at org.openqa.selenium.remote.RemoteWebDriver.getScreenshotAs(RemoteWebDriver.java:316) ~[selenium-remote-driver-4.10.0.jar:?]
	at jdk.internal.reflect.GeneratedMethodAccessor165.invoke(Unknown Source) ~[?:?]
	at jdk.internal.reflect.DelegatingMethodAccessorImpl.invoke(DelegatingMethodAccessorImpl.java:43) ~[?:?]
	at java.lang.reflect.Method.invoke(Method.java:566) ~[?:?]
	at org.openqa.selenium.support.ThreadGuard$WebDriverInvocationHandler.invokeUnderlying(ThreadGuard.java:99) ~[selenium-support-4.10.0.jar:?]
	at org.openqa.selenium.support.ThreadGuard$WebDriverInvocationHandler.invoke(ThreadGuard.java:91) ~[selenium-support-4.10.0.jar:?]
	at com.sun.proxy.$Proxy45.getScreenshotAs(Unknown Source) ~[?:?]
	at anhtester.com.listeners.AllureListener.beforeTestStop(AllureListener.java:43) ~[test-classes/:?]
	at io.qameta.allure.listener.LifecycleNotifier.lambda$runSafely$0(LifecycleNotifier.java:211) ~[allure-java-commons-2.22.1.jar:2.22.1]
	at java.util.ArrayList.forEach(ArrayList.java:1541) ~[?:?]
	at io.qameta.allure.listener.LifecycleNotifier.runSafely(LifecycleNotifier.java:209) ~[allure-java-commons-2.22.1.jar:2.22.1]
	at io.qameta.allure.listener.LifecycleNotifier.beforeTestStop(LifecycleNotifier.java:88) ~[allure-java-commons-2.22.1.jar:2.22.1]
	at io.qameta.allure.AllureLifecycle.stopTestCase(AllureLifecycle.java:420) ~[allure-java-commons-2.22.1.jar:2.22.1]
	at io.qameta.allure.cucumber7jvm.AllureCucumber7Jvm.handleTestCaseFinished(AllureCucumber7Jvm.java:197) ~[allure-cucumber7-jvm-2.22.1.jar:2.22.1]
	at io.cucumber.core.eventbus.AbstractEventPublisher.send(AbstractEventPublisher.java:51) ~[cucumber-core-7.12.1.jar:7.12.1]
	at io.cucumber.core.eventbus.AbstractEventBus.send(AbstractEventBus.java:12) ~[cucumber-core-7.12.1.jar:7.12.1]
	at io.cucumber.core.runtime.SynchronizedEventBus.send(SynchronizedEventBus.java:47) ~[cucumber-core-7.12.1.jar:7.12.1]
	at io.cucumber.core.runtime.ThreadLocalRunnerSupplier$LocalEventBus.send(ThreadLocalRunnerSupplier.java:62) ~[cucumber-core-7.12.1.jar:7.12.1]
	at io.cucumber.core.runner.TestCase.emitTestCaseFinished(TestCase.java:219) ~[cucumber-core-7.12.1.jar:7.12.1]
	at io.cucumber.core.runner.TestCase.run(TestCase.java:98) ~[cucumber-core-7.12.1.jar:7.12.1]
	at io.cucumber.core.runner.Runner.runPickle(Runner.java:75) ~[cucumber-core-7.12.1.jar:7.12.1]
	at io.cucumber.testng.TestNGCucumberRunner.lambda$runScenario$1(TestNGCucumberRunner.java:132) ~[cucumber-testng-7.12.1.jar:7.12.1]
	at io.cucumber.core.runtime.CucumberExecutionContext.lambda$runTestCase$5(CucumberExecutionContext.java:137) ~[cucumber-core-7.12.1.jar:7.12.1]
	at io.cucumber.core.runtime.RethrowingThrowableCollector.executeAndThrow(RethrowingThrowableCollector.java:23) ~[cucumber-core-7.12.1.jar:7.12.1]
	at io.cucumber.core.runtime.CucumberExecutionContext.runTestCase(CucumberExecutionContext.java:137) ~[cucumber-core-7.12.1.jar:7.12.1]
	at io.cucumber.testng.TestNGCucumberRunner.runScenario(TestNGCucumberRunner.java:129) ~[cucumber-testng-7.12.1.jar:7.12.1]
	at io.cucumber.testng.AbstractTestNGCucumberTests.runScenario(AbstractTestNGCucumberTests.java:35) ~[cucumber-testng-7.12.1.jar:7.12.1]
	at jdk.internal.reflect.NativeMethodAccessorImpl.invoke0(Native Method) ~[?:?]
	at jdk.internal.reflect.NativeMethodAccessorImpl.invoke(NativeMethodAccessorImpl.java:62) ~[?:?]
	at jdk.internal.reflect.DelegatingMethodAccessorImpl.invoke(DelegatingMethodAccessorImpl.java:43) ~[?:?]
	at java.lang.reflect.Method.invoke(Method.java:566) ~[?:?]
	at org.testng.internal.invokers.MethodInvocationHelper.invokeMethod(MethodInvocationHelper.java:139) ~[testng-7.8.0.jar:7.8.0]
	at org.testng.internal.invokers.TestInvoker.invokeMethod(TestInvoker.java:664) ~[testng-7.8.0.jar:7.8.0]
	at org.testng.internal.invokers.TestInvoker.invokeTestMethod(TestInvoker.java:227) ~[testng-7.8.0.jar:7.8.0]
	at org.testng.internal.invokers.MethodRunner.runInSequence(MethodRunner.java:50) ~[testng-7.8.0.jar:7.8.0]
	at org.testng.internal.invokers.TestInvoker$MethodInvocationAgent.invoke(TestInvoker.java:957) ~[testng-7.8.0.jar:7.8.0]
	at org.testng.internal.invokers.TestInvoker.invokeTestMethods(TestInvoker.java:200) ~[testng-7.8.0.jar:7.8.0]
	at org.testng.internal.invokers.TestMethodWorker.invokeTestMethods(TestMethodWorker.java:148) ~[testng-7.8.0.jar:7.8.0]
	at org.testng.internal.invokers.TestMethodWorker.run(TestMethodWorker.java:128) ~[testng-7.8.0.jar:7.8.0]
	at java.util.ArrayList.forEach(ArrayList.java:1541) [?:?]
	at org.testng.TestRunner.privateRun(TestRunner.java:848) [testng-7.8.0.jar:7.8.0]
	at org.testng.TestRunner.run(TestRunner.java:621) [testng-7.8.0.jar:7.8.0]
	at org.testng.SuiteRunner.runTest(SuiteRunner.java:443) [testng-7.8.0.jar:7.8.0]
	at org.testng.SuiteRunner.runSequentially(SuiteRunner.java:437) [testng-7.8.0.jar:7.8.0]
	at org.testng.SuiteRunner.privateRun(SuiteRunner.java:397) [testng-7.8.0.jar:7.8.0]
	at org.testng.SuiteRunner.run(SuiteRunner.java:336) [testng-7.8.0.jar:7.8.0]
	at org.testng.SuiteRunnerWorker.runSuite(SuiteRunnerWorker.java:52) [testng-7.8.0.jar:7.8.0]
	at org.testng.SuiteRunnerWorker.run(SuiteRunnerWorker.java:95) [testng-7.8.0.jar:7.8.0]
	at org.testng.TestNG.runSuitesSequentially(TestNG.java:1280) [testng-7.8.0.jar:7.8.0]
	at org.testng.TestNG.runSuitesLocally(TestNG.java:1200) [testng-7.8.0.jar:7.8.0]
	at org.testng.TestNG.runSuites(TestNG.java:1114) [testng-7.8.0.jar:7.8.0]
	at org.testng.TestNG.run(TestNG.java:1082) [testng-7.8.0.jar:7.8.0]
	at org.apache.maven.surefire.testng.TestNGExecutor.run(TestNGExecutor.java:308) [surefire-testng-3.1.2.jar:3.1.2]
	at org.apache.maven.surefire.testng.TestNGXmlTestSuite.execute(TestNGXmlTestSuite.java:71) [surefire-testng-3.1.2.jar:3.1.2]
	at org.apache.maven.surefire.testng.TestNGProvider.invoke(TestNGProvider.java:113) [surefire-testng-3.1.2.jar:3.1.2]
	at org.apache.maven.surefire.booter.ForkedBooter.runSuitesInProcess(ForkedBooter.java:385) [surefire-booter-3.1.2.jar:3.1.2]
	at org.apache.maven.surefire.booter.ForkedBooter.execute(ForkedBooter.java:162) [surefire-booter-3.1.2.jar:3.1.2]
	at org.apache.maven.surefire.booter.ForkedBooter.run(ForkedBooter.java:507) [surefire-booter-3.1.2.jar:3.1.2]
	at org.apache.maven.surefire.booter.ForkedBooter.main(ForkedBooter.java:495) [surefire-booter-3.1.2.jar:3.1.2]
[ERROR] 05-09-2023 19:54:23 [LifecycleNotifier] - Could not invoke listener method
org.openqa.selenium.NoSuchSessionException: Session ID is null. Using WebDriver after calling quit()?
Build info: version: '4.10.0', revision: 'c14d967899'
System info: os.name: 'Mac OS X', os.arch: 'aarch64', os.version: '12.6', java.version: '11.0.16'
Driver info: org.openqa.selenium.chrome.ChromeDriver
Command: [null, screenshot {}]
Capabilities {acceptInsecureCerts: false, browserName: chrome, browserVersion: 116.0.5845.140, chrome: {chromedriverVersion: 116.0.5845.96 (1a3918166880..., userDataDir: /var/folders/bz/l4ntdftn1jd...}, fedcm:accounts: true, goog:chromeOptions: {debuggerAddress: localhost:56830}, networkConnectionEnabled: false, pageLoadStrategy: normal, platformName: mac, proxy: Proxy(), se:cdp: ws://localhost:56830/devtoo..., se:cdpVersion: 116.0.5845.140, setWindowRect: true, strictFileInteractability: false, timeouts: {implicit: 0, pageLoad: 300000, script: 30000}, unhandledPromptBehavior: dismiss and notify, webauthn:extension:credBlob: true, webauthn:extension:largeBlob: true, webauthn:extension:minPinLength: true, webauthn:extension:prf: true, webauthn:virtualAuthenticators: true}
	at org.openqa.selenium.remote.HttpCommandExecutor.execute(HttpCommandExecutor.java:152) ~[selenium-remote-driver-4.10.0.jar:?]
	at org.openqa.selenium.remote.service.DriverCommandExecutor.invokeExecute(DriverCommandExecutor.java:196) ~[selenium-remote-driver-4.10.0.jar:?]
	at org.openqa.selenium.remote.service.DriverCommandExecutor.execute(DriverCommandExecutor.java:171) ~[selenium-remote-driver-4.10.0.jar:?]
	at org.openqa.selenium.remote.RemoteWebDriver.execute(RemoteWebDriver.java:531) ~[selenium-remote-driver-4.10.0.jar:?]
	at org.openqa.selenium.remote.RemoteWebDriver.execute(RemoteWebDriver.java:590) ~[selenium-remote-driver-4.10.0.jar:?]
	at org.openqa.selenium.remote.RemoteWebDriver.execute(RemoteWebDriver.java:594) ~[selenium-remote-driver-4.10.0.jar:?]
	at org.openqa.selenium.remote.RemoteWebDriver.getScreenshotAs(RemoteWebDriver.java:316) ~[selenium-remote-driver-4.10.0.jar:?]
	at jdk.internal.reflect.GeneratedMethodAccessor165.invoke(Unknown Source) ~[?:?]
	at jdk.internal.reflect.DelegatingMethodAccessorImpl.invoke(DelegatingMethodAccessorImpl.java:43) ~[?:?]
	at java.lang.reflect.Method.invoke(Method.java:566) ~[?:?]
	at org.openqa.selenium.support.ThreadGuard$WebDriverInvocationHandler.invokeUnderlying(ThreadGuard.java:99) ~[selenium-support-4.10.0.jar:?]
	at org.openqa.selenium.support.ThreadGuard$WebDriverInvocationHandler.invoke(ThreadGuard.java:91) ~[selenium-support-4.10.0.jar:?]
	at com.sun.proxy.$Proxy45.getScreenshotAs(Unknown Source) ~[?:?]
	at anhtester.com.listeners.AllureListener.beforeTestStop(AllureListener.java:43) ~[test-classes/:?]
	at io.qameta.allure.listener.LifecycleNotifier.lambda$runSafely$0(LifecycleNotifier.java:211) ~[allure-java-commons-2.22.1.jar:2.22.1]
	at java.util.ArrayList.forEach(ArrayList.java:1541) ~[?:?]
	at io.qameta.allure.listener.LifecycleNotifier.runSafely(LifecycleNotifier.java:209) ~[allure-java-commons-2.22.1.jar:2.22.1]
	at io.qameta.allure.listener.LifecycleNotifier.beforeTestStop(LifecycleNotifier.java:88) ~[allure-java-commons-2.22.1.jar:2.22.1]
	at io.qameta.allure.AllureLifecycle.stopTestCase(AllureLifecycle.java:420) ~[allure-java-commons-2.22.1.jar:2.22.1]
	at io.qameta.allure.testng.AllureTestNg.stopTestCase(AllureTestNg.java:376) ~[allure-testng-2.22.1.jar:2.22.1]
	at io.qameta.allure.testng.AllureTestNg.onTestFailure(AllureTestNg.java:370) ~[allure-testng-2.22.1.jar:2.22.1]
	at org.testng.internal.TestListenerHelper.runTestListeners(TestListenerHelper.java:108) ~[testng-7.8.0.jar:7.8.0]
	at org.testng.internal.invokers.TestInvoker.runTestResultListener(TestInvoker.java:262) ~[testng-7.8.0.jar:7.8.0]
	at org.testng.internal.invokers.TestInvoker.invokeMethod(TestInvoker.java:751) ~[testng-7.8.0.jar:7.8.0]
	at org.testng.internal.invokers.TestInvoker.invokeTestMethod(TestInvoker.java:227) ~[testng-7.8.0.jar:7.8.0]
	at org.testng.internal.invokers.MethodRunner.runInSequence(MethodRunner.java:50) ~[testng-7.8.0.jar:7.8.0]
	at org.testng.internal.invokers.TestInvoker$MethodInvocationAgent.invoke(TestInvoker.java:957) ~[testng-7.8.0.jar:7.8.0]
	at org.testng.internal.invokers.TestInvoker.invokeTestMethods(TestInvoker.java:200) ~[testng-7.8.0.jar:7.8.0]
	at org.testng.internal.invokers.TestMethodWorker.invokeTestMethods(TestMethodWorker.java:148) ~[testng-7.8.0.jar:7.8.0]
	at org.testng.internal.invokers.TestMethodWorker.run(TestMethodWorker.java:128) ~[testng-7.8.0.jar:7.8.0]
	at java.util.ArrayList.forEach(ArrayList.java:1541) [?:?]
	at org.testng.TestRunner.privateRun(TestRunner.java:848) [testng-7.8.0.jar:7.8.0]
	at org.testng.TestRunner.run(TestRunner.java:621) [testng-7.8.0.jar:7.8.0]
	at org.testng.SuiteRunner.runTest(SuiteRunner.java:443) [testng-7.8.0.jar:7.8.0]
	at org.testng.SuiteRunner.runSequentially(SuiteRunner.java:437) [testng-7.8.0.jar:7.8.0]
	at org.testng.SuiteRunner.privateRun(SuiteRunner.java:397) [testng-7.8.0.jar:7.8.0]
	at org.testng.SuiteRunner.run(SuiteRunner.java:336) [testng-7.8.0.jar:7.8.0]
	at org.testng.SuiteRunnerWorker.runSuite(SuiteRunnerWorker.java:52) [testng-7.8.0.jar:7.8.0]
	at org.testng.SuiteRunnerWorker.run(SuiteRunnerWorker.java:95) [testng-7.8.0.jar:7.8.0]
	at org.testng.TestNG.runSuitesSequentially(TestNG.java:1280) [testng-7.8.0.jar:7.8.0]
	at org.testng.TestNG.runSuitesLocally(TestNG.java:1200) [testng-7.8.0.jar:7.8.0]
	at org.testng.TestNG.runSuites(TestNG.java:1114) [testng-7.8.0.jar:7.8.0]
	at org.testng.TestNG.run(TestNG.java:1082) [testng-7.8.0.jar:7.8.0]
	at org.apache.maven.surefire.testng.TestNGExecutor.run(TestNGExecutor.java:308) [surefire-testng-3.1.2.jar:3.1.2]
	at org.apache.maven.surefire.testng.TestNGXmlTestSuite.execute(TestNGXmlTestSuite.java:71) [surefire-testng-3.1.2.jar:3.1.2]
	at org.apache.maven.surefire.testng.TestNGProvider.invoke(TestNGProvider.java:113) [surefire-testng-3.1.2.jar:3.1.2]
	at org.apache.maven.surefire.booter.ForkedBooter.runSuitesInProcess(ForkedBooter.java:385) [surefire-booter-3.1.2.jar:3.1.2]
	at org.apache.maven.surefire.booter.ForkedBooter.execute(ForkedBooter.java:162) [surefire-booter-3.1.2.jar:3.1.2]
	at org.apache.maven.surefire.booter.ForkedBooter.run(ForkedBooter.java:507) [surefire-booter-3.1.2.jar:3.1.2]
	at org.apache.maven.surefire.booter.ForkedBooter.main(ForkedBooter.java:495) [surefire-booter-3.1.2.jar:3.1.2]
]]></system-out>
    <system-err><![CDATA[Sep 05, 2023 7:53:58 PM org.openqa.selenium.remote.service.DriverService$Builder getLogOutput
INFO: Driver logs no longer sent to console by default; https://www.selenium.dev/documentation/webdriver/drivers/service/#setting-log-output
Sep 05, 2023 7:53:59 PM org.openqa.selenium.devtools.CdpVersionFinder findNearestMatch
WARNING: Unable to find an exact match for CDP version 116, so returning the closest version found: 114
]]></system-err>
  </testcase>
</testsuite>